{"start":true,"freeze":"v91","chall":"p_w38_ex_pairhi_wide","live":{"id":"v9.1-probe-p_w38_ex_pairhi_wide","stamped":"2026-07-14T10:00:00Z","label":"Grandmaster v9.1-probe p_w38_ex_pairhi_wide"},"freezeBuild":{"id":"v9.1","stamped":"2026-07-13T02:50:38Z","label":"Grandmaster v9.1 (ladder freeze)"},"games":25,"seed0":20260715,"protocol":"fair-hidden-gm-BR-both-equal","opts":{"difficulty":"grandmaster","useSearch":true,"perfectInfo":false,"hiddenInfo":true,"timeMs":200,"iterations":60,"maxSims":120,"brTrials":20,"bestResponse":true,"exactExploit":false,"exploit":true,"softSamples":0,"maxBranch":12,"mode":"auto","strongSelf":false}}
{"g":0,"seed":20260715,"liveWin":true,"liveSeat":0,"steps":18,"ms":425,"liveWins":1,"games":1,"wr":1}
{"g":1,"seed":20260715,"liveWin":true,"liveSeat":1,"steps":17,"ms":321,"liveWins":2,"games":2,"wr":1}
{"g":2,"seed":20270688,"liveWin":false,"liveSeat":0,"steps":22,"ms":462,"liveWins":2,"games":3,"wr":0.6666666666666666}
{"g":3,"seed":20270688,"liveWin":false,"liveSeat":1,"steps":21,"ms":406,"liveWins":2,"games":4,"wr":0.5}
{"g":4,"seed":20280661,"liveWin":false,"liveSeat":0,"steps":18,"ms":132,"liveWins":2,"games":5,"wr":0.4}
{"g":5,"seed":20280661,"liveWin":false,"liveSeat":1,"steps":21,"ms":199,"liveWins":2,"games":6,"wr":0.3333333333333333}
{"g":6,"seed":20290634,"liveWin":true,"liveSeat":0,"steps":17,"ms":292,"liveWins":3,"games":7,"wr":0.42857142857142855}
{"g":7,"seed":20290634,"liveWin":false,"liveSeat":1,"steps":17,"ms":295,"liveWins":3,"games":8,"wr":0.375}
{"g":8,"seed":20300607,"liveWin":false,"liveSeat":0,"steps":17,"ms":286,"liveWins":3,"games":9,"wr":0.3333333333333333}
{"g":9,"seed":20300607,"liveWin":true,"liveSeat":1,"steps":17,"ms":191,"liveWins":4,"games":10,"wr":0.4}
{"g":10,"seed":20310580,"liveWin":true,"liveSeat":0,"steps":17,"ms":253,"liveWins":5,"games":11,"wr":0.45454545454545453}
{"g":11,"seed":20310580,"liveWin":false,"liveSeat":1,"steps":17,"ms":337,"liveWins":5,"games":12,"wr":0.4166666666666667}
{"g":12,"seed":20320553,"liveWin":false,"liveSeat":0,"steps":12,"ms":58,"liveWins":5,"games":13,"wr":0.38461538461538464}
{"g":13,"seed":20320553,"liveWin":true,"liveSeat":1,"steps":20,"ms":179,"liveWins":6,"games":14,"wr":0.42857142857142855}
{"g":14,"seed":20330526,"liveWin":false,"liveSeat":0,"steps":23,"ms":153,"liveWins":6,"games":15,"wr":0.4}
{"g":15,"seed":20330526,"liveWin":true,"liveSeat":1,"steps":23,"ms":157,"liveWins":7,"games":16,"wr":0.4375}
{"g":16,"seed":20340499,"liveWin":true,"liveSeat":0,"steps":18,"ms":304,"liveWins":8,"games":17,"wr":0.47058823529411764}
{"g":17,"seed":20340499,"liveWin":false,"liveSeat":1,"steps":20,"ms":170,"liveWins":8,"games":18,"wr":0.4444444444444444}
{"g":18,"seed":20350472,"liveWin":true,"liveSeat":0,"steps":29,"ms":215,"liveWins":9,"games":19,"wr":0.47368421052631576}
{"g":19,"seed":20350472,"liveWin":false,"liveSeat":1,"steps":29,"ms":219,"liveWins":9,"games":20,"wr":0.45}
{"g":20,"seed":20360445,"liveWin":false,"liveSeat":0,"steps":16,"ms":235,"liveWins":9,"games":21,"wr":0.42857142857142855}
{"g":21,"seed":20360445,"liveWin":false,"liveSeat":1,"steps":13,"ms":120,"liveWins":9,"games":22,"wr":0.4090909090909091}
{"g":22,"seed":20370418,"liveWin":false,"liveSeat":0,"steps":16,"ms":348,"liveWins":9,"games":23,"wr":0.391304347826087}
{"g":23,"seed":20370418,"liveWin":true,"liveSeat":1,"steps":14,"ms":257,"liveWins":10,"games":24,"wr":0.4166666666666667}
{"g":24,"seed":20380391,"liveWin":true,"liveSeat":0,"steps":20,"ms":72,"liveWins":11,"games":25,"wr":0.44}
{"g":25,"seed":20380391,"liveWin":false,"liveSeat":1,"steps":18,"ms":35,"liveWins":11,"games":26,"wr":0.4230769230769231}
{"g":26,"seed":20390364,"liveWin":true,"liveSeat":0,"steps":20,"ms":117,"liveWins":12,"games":27,"wr":0.4444444444444444}
{"g":27,"seed":20390364,"liveWin":false,"liveSeat":1,"steps":20,"ms":92,"liveWins":12,"games":28,"wr":0.42857142857142855}
{"g":28,"seed":20400337,"liveWin":true,"liveSeat":0,"steps":10,"ms":239,"liveWins":13,"games":29,"wr":0.4482758620689655}
{"g":29,"seed":20400337,"liveWin":false,"liveSeat":1,"steps":14,"ms":111,"liveWins":13,"games":30,"wr":0.43333333333333335}
{"g":30,"seed":20410310,"liveWin":false,"liveSeat":0,"steps":24,"ms":111,"liveWins":13,"games":31,"wr":0.41935483870967744}
{"g":31,"seed":20410310,"liveWin":true,"liveSeat":1,"steps":26,"ms":117,"liveWins":14,"games":32,"wr":0.4375}
{"g":32,"seed":20420283,"liveWin":true,"liveSeat":0,"steps":17,"ms":210,"liveWins":15,"games":33,"wr":0.45454545454545453}
{"g":33,"seed":20420283,"liveWin":false,"liveSeat":1,"steps":15,"ms":120,"liveWins":15,"games":34,"wr":0.4411764705882353}
{"g":34,"seed":20430256,"liveWin":false,"liveSeat":0,"steps":20,"ms":254,"liveWins":15,"games":35,"wr":0.42857142857142855}
{"g":35,"seed":20430256,"liveWin":true,"liveSeat":1,"steps":22,"ms":202,"liveWins":16,"games":36,"wr":0.4444444444444444}
{"g":36,"seed":20440229,"liveWin":true,"liveSeat":0,"steps":17,"ms":212,"liveWins":17,"games":37,"wr":0.4594594594594595}
{"g":37,"seed":20440229,"liveWin":true,"liveSeat":1,"steps":24,"ms":232,"liveWins":18,"games":38,"wr":0.47368421052631576}
{"g":38,"seed":20450202,"liveWin":true,"liveSeat":0,"steps":20,"ms":353,"liveWins":19,"games":39,"wr":0.48717948717948717}
{"g":39,"seed":20450202,"liveWin":false,"liveSeat":1,"steps":14,"ms":55,"liveWins":19,"games":40,"wr":0.475}
{"g":40,"seed":20460175,"liveWin":false,"liveSeat":0,"steps":15,"ms":224,"liveWins":19,"games":41,"wr":0.4634146341463415}
{"g":41,"seed":20460175,"liveWin":true,"liveSeat":1,"steps":13,"ms":359,"liveWins":20,"games":42,"wr":0.47619047619047616}
{"g":42,"seed":20470148,"liveWin":false,"liveSeat":0,"steps":21,"ms":738,"liveWins":20,"games":43,"wr":0.46511627906976744}
{"g":43,"seed":20470148,"liveWin":true,"liveSeat":1,"steps":21,"ms":110,"liveWins":21,"games":44,"wr":0.4772727272727273}
{"g":44,"seed":20480121,"liveWin":true,"liveSeat":0,"steps":17,"ms":489,"liveWins":22,"games":45,"wr":0.4888888888888889}
{"g":45,"seed":20480121,"liveWin":true,"liveSeat":1,"steps":20,"ms":745,"liveWins":23,"games":46,"wr":0.5}
{"g":46,"seed":20490094,"liveWin":true,"liveSeat":0,"steps":21,"ms":87,"liveWins":24,"games":47,"wr":0.5106382978723404}
{"g":47,"seed":20490094,"liveWin":false,"liveSeat":1,"steps":21,"ms":76,"liveWins":24,"games":48,"wr":0.5}
{"g":48,"seed":20500067,"liveWin":true,"liveSeat":0,"steps":13,"ms":162,"liveWins":25,"games":49,"wr":0.5102040816326531}
{"g":49,"seed":20500067,"liveWin":false,"liveSeat":1,"steps":13,"ms":107,"liveWins":25,"games":50,"wr":0.5}
=== FINAL ===
{
  "protocol": "fair-hidden-gm-BR-both-equal",
  "infoModel": "hidden",
  "perfectInfo": false,
  "hiddenInfo": true,
  "brBoth": true,
  "equalBudget": true,
  "games": 50,
  "liveWins": 25,
  "freezeWins": 25,
  "liveWinRate": 0.5,
  "seed0": 20260715,
  "ms": 11661,
  "live": {
    "id": "v9.1-probe-p_w38_ex_pairhi_wide",
    "stamped": "2026-07-14T10:00:00Z",
    "label": "Grandmaster v9.1-probe p_w38_ex_pairhi_wide"
  },
  "freeze": {
    "id": "v9.1",
    "stamped": "2026-07-13T02:50:38Z",
    "label": "Grandmaster v9.1 (ladder freeze)"
  },
  "freezeTag": "v91",
  "challTag": "p_w38_ex_pairhi_wide",
  "opts": {
    "difficulty": "grandmaster",
    "useSearch": true,
    "perfectInfo": false,
    "hiddenInfo": true,
    "timeMs": 200,
    "iterations": 60,
    "maxSims": 120,
    "brTrials": 20,
    "bestResponse": true,
    "exactExploit": false,
    "exploit": true,
    "softSamples": 0,
    "maxBranch": 12,
    "mode": "auto",
    "strongSelf": false
  },
  "perGame": [
    {
      "seed": 20260715,
      "liveWin": true,
      "liveSeat": 0,
      "steps": 18,
      "ms": 425
    },
    {
      "seed": 20260715,
      "liveWin": true,
      "liveSeat": 1,
      "steps": 17,
      "ms": 321
    },
    {
      "seed": 20270688,
      "liveWin": false,
      "liveSeat": 0,
      "steps": 22,
      "ms": 462
    },
    {
      "seed": 20270688,
      "liveWin": false,
      "liveSeat": 1,
      "steps": 21,
      "ms": 406
    },
    {
      "seed": 20280661,
      "liveWin": false,
      "liveSeat": 0,
      "steps": 18,
      "ms": 132
    },
    {
      "seed": 20280661,
      "liveWin": false,
      "liveSeat": 1,
      "steps": 21,
      "ms": 199
    },
    {
      "seed": 20290634,
      "liveWin": true,
      "liveSeat": 0,
      "steps": 17,
      "ms": 292
    },
    {
      "seed": 20290634,
      "liveWin": false,
      "liveSeat": 1,
      "steps": 17,
      "ms": 295
    },
    {
      "seed": 20300607,
      "liveWin": false,
      "liveSeat": 0,
      "steps": 17,
      "ms": 286
    },
    {
      "seed": 20300607,
      "liveWin": true,
      "liveSeat": 1,
      "steps": 17,
      "ms": 191
    },
    {
      "seed": 20310580,
      "liveWin": true,
      "liveSeat": 0,
      "steps": 17,
      "ms": 253
    },
    {
      "seed": 20310580,
      "liveWin": false,
      "liveSeat": 1,
      "steps": 17,
      "ms": 337
    },
    {
      "seed": 20320553,
      "liveWin": false,
      "liveSeat": 0,
      "steps": 12,
      "ms": 58
    },
    {
      "seed": 20320553,
      "liveWin": true,
      "liveSeat": 1,
      "steps": 20,
      "ms": 179
    },
    {
      "seed": 20330526,
      "liveWin": false,
      "liveSeat": 0,
      "steps": 23,
      "ms": 153
    },
    {
      "seed": 20330526,
      "liveWin": true,
      "liveSeat": 1,
      "steps": 23,
      "ms": 157
    },
    {
      "seed": 20340499,
      "liveWin": true,
      "liveSeat": 0,
      "steps": 18,
      "ms": 304
    },
    {
      "seed": 20340499,
      "liveWin": false,
      "liveSeat": 1,
      "steps": 20,
      "ms": 170
    },
    {
      "seed": 20350472,
      "liveWin": true,
      "liveSeat": 0,
      "steps": 29,
      "ms": 215
    },
    {
      "seed": 20350472,
      "liveWin": false,
      "liveSeat": 1,
      "steps": 29,
      "ms": 219
    },
    {
      "seed": 20360445,
      "liveWin": false,
      "liveSeat": 0,
      "steps": 16,
      "ms": 235
    },
    {
      "seed": 20360445,
      "liveWin": false,
      "liveSeat": 1,
      "steps": 13,
      "ms": 120
    },
    {
      "seed": 20370418,
      "liveWin": false,
      "liveSeat": 0,
      "steps": 16,
      "ms": 348
    },
    {
      "seed": 20370418,
      "liveWin": true,
      "liveSeat": 1,
      "steps": 14,
      "ms": 257
    },
    {
      "seed": 20380391,
      "liveWin": true,
      "liveSeat": 0,
      "steps": 20,
      "ms": 72
    },
    {
      "seed": 20380391,
      "liveWin": false,
      "liveSeat": 1,
      "steps": 18,
      "ms": 35
    },
    {
      "seed": 20390364,
      "liveWin": true,
      "liveSeat": 0,
      "steps": 20,
      "ms": 117
    },
    {
      "seed": 20390364,
      "liveWin": false,
      "liveSeat": 1,
      "steps": 20,
      "ms": 92
    },
    {
      "seed": 20400337,
      "liveWin": true,
      "liveSeat": 0,
      "steps": 10,
      "ms": 239
    },
    {
      "seed": 20400337,
      "liveWin": false,
      "liveSeat": 1,
      "steps": 14,
      "ms": 111
    },
    {
      "seed": 20410310,
      "liveWin": false,
      "liveSeat": 0,
      "steps": 24,
      "ms": 111
    },
    {
      "seed": 20410310,
      "liveWin": true,
      "liveSeat": 1,
      "steps": 26,
      "ms": 117
    },
    {
      "seed": 20420283,
      "liveWin": true,
      "liveSeat": 0,
      "steps": 17,
      "ms": 210
    },
    {
      "seed": 20420283,
      "liveWin": false,
      "liveSeat": 1,
      "steps": 15,
      "ms": 120
    },
    {
      "seed": 20430256,
      "liveWin": false,
      "liveSeat": 0,
      "steps": 20,
      "ms": 254
    },
    {
      "seed": 20430256,
      "liveWin": true,
      "liveSeat": 1,
      "steps": 22,
      "ms": 202
    },
    {
      "seed": 20440229,
      "liveWin": true,
      "liveSeat": 0,
      "steps": 17,
      "ms": 212
    },
    {
      "seed": 20440229,
      "liveWin": true,
      "liveSeat": 1,
      "steps": 24,
      "ms": 232
    },
    {
      "seed": 20450202,
      "liveWin": true,
      "liveSeat": 0,
      "steps": 20,
      "ms": 353
    },
    {
      "seed": 20450202,
      "liveWin": false,
      "liveSeat": 1,
      "steps": 14,
      "ms": 55
    },
    {
      "seed": 20460175,
      "liveWin": false,
      "liveSeat": 0,
      "steps": 15,
      "ms": 224
    },
    {
      "seed": 20460175,
      "liveWin": true,
      "liveSeat": 1,
      "steps": 13,
      "ms": 359
    },
    {
      "seed": 20470148,
      "liveWin": false,
      "liveSeat": 0,
      "steps": 21,
      "ms": 738
    },
    {
      "seed": 20470148,
      "liveWin": true,
      "liveSeat": 1,
      "steps": 21,
      "ms": 110
    },
    {
      "seed": 20480121,
      "liveWin": true,
      "liveSeat": 0,
      "steps": 17,
      "ms": 489
    },
    {
      "seed": 20480121,
      "liveWin": true,
      "liveSeat": 1,
      "steps": 20,
      "ms": 745
    },
    {
      "seed": 20490094,
      "liveWin": true,
      "liveSeat": 0,
      "steps": 21,
      "ms": 87
    },
    {
      "seed": 20490094,
      "liveWin": false,
      "liveSeat": 1,
      "steps": 21,
      "ms": 76
    },
    {
      "seed": 20500067,
      "liveWin": true,
      "liveSeat": 0,
      "steps": 13,
      "ms": 162
    },
    {
      "seed": 20500067,
      "liveWin": false,
      "liveSeat": 1,
      "steps": 13,
      "ms": 107
    }
  ],
  "lossSeeds": [
    20270688,
    20270688,
    20280661,
    20280661,
    20290634,
    20300607,
    20310580,
    20320553,
    20330526,
    20340499,
    20350472,
    20360445,
    20360445,
    20370418,
    20380391,
    20390364,
    20400337,
    20410310,
    20420283,
    20430256,
    20450202,
    20460175,
    20470148,
    20490094,
    20500067
  ],
  "target": 0.7,
  "passed": false
}
wrote /Users/johnhoang/Developer/Grok/tieng-len/evolve/devval-ch-t20-w38-pairhi_wide.json
