{"start":true,"freeze":"v91","chall":"p_w33_ex_flvolfix","live":{"id":"v9.1-probe-p_w33_ex_flvolfix","stamped":"2026-07-14T08:00:00Z","label":"Grandmaster v9.1-probe p_w33_ex_flvolfix"},"freezeBuild":{"id":"v9.1","stamped":"2026-07-13T02:50:38Z","label":"Grandmaster v9.1 (ladder freeze)"},"games":25,"seed0":20260715,"protocol":"fair-hidden-gm-BR-both-equal","opts":{"difficulty":"grandmaster","useSearch":true,"perfectInfo":false,"hiddenInfo":true,"timeMs":200,"iterations":60,"maxSims":120,"brTrials":20,"bestResponse":true,"exactExploit":false,"exploit":true,"softSamples":0,"maxBranch":12,"mode":"auto","strongSelf":false}}
{"g":0,"seed":20260715,"liveWin":true,"liveSeat":0,"steps":18,"ms":431,"liveWins":1,"games":1,"wr":1}
{"g":1,"seed":20260715,"liveWin":true,"liveSeat":1,"steps":17,"ms":311,"liveWins":2,"games":2,"wr":1}
{"g":2,"seed":20270688,"liveWin":false,"liveSeat":0,"steps":22,"ms":476,"liveWins":2,"games":3,"wr":0.6666666666666666}
{"g":3,"seed":20270688,"liveWin":false,"liveSeat":1,"steps":21,"ms":427,"liveWins":2,"games":4,"wr":0.5}
{"g":4,"seed":20280661,"liveWin":true,"liveSeat":0,"steps":21,"ms":165,"liveWins":3,"games":5,"wr":0.6}
{"g":5,"seed":20280661,"liveWin":false,"liveSeat":1,"steps":21,"ms":195,"liveWins":3,"games":6,"wr":0.5}
{"g":6,"seed":20290634,"liveWin":true,"liveSeat":0,"steps":17,"ms":283,"liveWins":4,"games":7,"wr":0.5714285714285714}
{"g":7,"seed":20290634,"liveWin":false,"liveSeat":1,"steps":17,"ms":350,"liveWins":4,"games":8,"wr":0.5}
{"g":8,"seed":20300607,"liveWin":false,"liveSeat":0,"steps":17,"ms":279,"liveWins":4,"games":9,"wr":0.4444444444444444}
{"g":9,"seed":20300607,"liveWin":true,"liveSeat":1,"steps":17,"ms":187,"liveWins":5,"games":10,"wr":0.5}
{"g":10,"seed":20310580,"liveWin":true,"liveSeat":0,"steps":17,"ms":323,"liveWins":6,"games":11,"wr":0.5454545454545454}
{"g":11,"seed":20310580,"liveWin":false,"liveSeat":1,"steps":17,"ms":329,"liveWins":6,"games":12,"wr":0.5}
{"g":12,"seed":20320553,"liveWin":false,"liveSeat":0,"steps":12,"ms":58,"liveWins":6,"games":13,"wr":0.46153846153846156}
{"g":13,"seed":20320553,"liveWin":true,"liveSeat":1,"steps":20,"ms":162,"liveWins":7,"games":14,"wr":0.5}
{"g":14,"seed":20330526,"liveWin":false,"liveSeat":0,"steps":21,"ms":139,"liveWins":7,"games":15,"wr":0.4666666666666667}
{"g":15,"seed":20330526,"liveWin":true,"liveSeat":1,"steps":23,"ms":148,"liveWins":8,"games":16,"wr":0.5}
{"g":16,"seed":20340499,"liveWin":true,"liveSeat":0,"steps":18,"ms":290,"liveWins":9,"games":17,"wr":0.5294117647058824}
{"g":17,"seed":20340499,"liveWin":false,"liveSeat":1,"steps":20,"ms":165,"liveWins":9,"games":18,"wr":0.5}
{"g":18,"seed":20350472,"liveWin":true,"liveSeat":0,"steps":29,"ms":212,"liveWins":10,"games":19,"wr":0.5263157894736842}
{"g":19,"seed":20350472,"liveWin":false,"liveSeat":1,"steps":29,"ms":214,"liveWins":10,"games":20,"wr":0.5}
{"g":20,"seed":20360445,"liveWin":false,"liveSeat":0,"steps":16,"ms":226,"liveWins":10,"games":21,"wr":0.47619047619047616}
{"g":21,"seed":20360445,"liveWin":true,"liveSeat":1,"steps":16,"ms":221,"liveWins":11,"games":22,"wr":0.5}
{"g":22,"seed":20370418,"liveWin":false,"liveSeat":0,"steps":16,"ms":347,"liveWins":11,"games":23,"wr":0.4782608695652174}
{"g":23,"seed":20370418,"liveWin":true,"liveSeat":1,"steps":14,"ms":249,"liveWins":12,"games":24,"wr":0.5}
{"g":24,"seed":20380391,"liveWin":true,"liveSeat":0,"steps":24,"ms":119,"liveWins":13,"games":25,"wr":0.52}
{"g":25,"seed":20380391,"liveWin":false,"liveSeat":1,"steps":18,"ms":37,"liveWins":13,"games":26,"wr":0.5}
{"g":26,"seed":20390364,"liveWin":true,"liveSeat":0,"steps":20,"ms":108,"liveWins":14,"games":27,"wr":0.5185185185185185}
{"g":27,"seed":20390364,"liveWin":false,"liveSeat":1,"steps":20,"ms":89,"liveWins":14,"games":28,"wr":0.5}
{"g":28,"seed":20400337,"liveWin":true,"liveSeat":0,"steps":10,"ms":228,"liveWins":15,"games":29,"wr":0.5172413793103449}
{"g":29,"seed":20400337,"liveWin":false,"liveSeat":1,"steps":14,"ms":107,"liveWins":15,"games":30,"wr":0.5}
{"g":30,"seed":20410310,"liveWin":false,"liveSeat":0,"steps":24,"ms":108,"liveWins":15,"games":31,"wr":0.4838709677419355}
{"g":31,"seed":20410310,"liveWin":true,"liveSeat":1,"steps":24,"ms":131,"liveWins":16,"games":32,"wr":0.5}
{"g":32,"seed":20420283,"liveWin":true,"liveSeat":0,"steps":17,"ms":206,"liveWins":17,"games":33,"wr":0.5151515151515151}
{"g":33,"seed":20420283,"liveWin":false,"liveSeat":1,"steps":15,"ms":116,"liveWins":17,"games":34,"wr":0.5}
{"g":34,"seed":20430256,"liveWin":false,"liveSeat":0,"steps":20,"ms":261,"liveWins":17,"games":35,"wr":0.4857142857142857}
{"g":35,"seed":20430256,"liveWin":true,"liveSeat":1,"steps":22,"ms":265,"liveWins":18,"games":36,"wr":0.5}
{"g":36,"seed":20440229,"liveWin":true,"liveSeat":0,"steps":17,"ms":153,"liveWins":19,"games":37,"wr":0.5135135135135135}
{"g":37,"seed":20440229,"liveWin":true,"liveSeat":1,"steps":24,"ms":226,"liveWins":20,"games":38,"wr":0.5263157894736842}
{"g":38,"seed":20450202,"liveWin":true,"liveSeat":0,"steps":16,"ms":314,"liveWins":21,"games":39,"wr":0.5384615384615384}
{"g":39,"seed":20450202,"liveWin":false,"liveSeat":1,"steps":14,"ms":55,"liveWins":21,"games":40,"wr":0.525}
{"g":40,"seed":20460175,"liveWin":false,"liveSeat":0,"steps":15,"ms":217,"liveWins":21,"games":41,"wr":0.5121951219512195}
{"g":41,"seed":20460175,"liveWin":true,"liveSeat":1,"steps":13,"ms":352,"liveWins":22,"games":42,"wr":0.5238095238095238}
{"g":42,"seed":20470148,"liveWin":false,"liveSeat":0,"steps":21,"ms":727,"liveWins":22,"games":43,"wr":0.5116279069767442}
{"g":43,"seed":20470148,"liveWin":true,"liveSeat":1,"steps":21,"ms":109,"liveWins":23,"games":44,"wr":0.5227272727272727}
{"g":44,"seed":20480121,"liveWin":true,"liveSeat":0,"steps":17,"ms":490,"liveWins":24,"games":45,"wr":0.5333333333333333}
{"g":45,"seed":20480121,"liveWin":true,"liveSeat":1,"steps":20,"ms":722,"liveWins":25,"games":46,"wr":0.5434782608695652}
{"g":46,"seed":20490094,"liveWin":true,"liveSeat":0,"steps":21,"ms":85,"liveWins":26,"games":47,"wr":0.5531914893617021}
{"g":47,"seed":20490094,"liveWin":false,"liveSeat":1,"steps":21,"ms":75,"liveWins":26,"games":48,"wr":0.5416666666666666}
{"g":48,"seed":20500067,"liveWin":true,"liveSeat":0,"steps":13,"ms":156,"liveWins":27,"games":49,"wr":0.5510204081632653}
{"g":49,"seed":20500067,"liveWin":false,"liveSeat":1,"steps":13,"ms":153,"liveWins":27,"games":50,"wr":0.54}
=== FINAL ===
{
  "protocol": "fair-hidden-gm-BR-both-equal",
  "infoModel": "hidden",
  "perfectInfo": false,
  "hiddenInfo": true,
  "brBoth": true,
  "equalBudget": true,
  "games": 50,
  "liveWins": 27,
  "freezeWins": 23,
  "liveWinRate": 0.54,
  "seed0": 20260715,
  "ms": 11817,
  "live": {
    "id": "v9.1-probe-p_w33_ex_flvolfix",
    "stamped": "2026-07-14T08:00:00Z",
    "label": "Grandmaster v9.1-probe p_w33_ex_flvolfix"
  },
  "freeze": {
    "id": "v9.1",
    "stamped": "2026-07-13T02:50:38Z",
    "label": "Grandmaster v9.1 (ladder freeze)"
  },
  "freezeTag": "v91",
  "challTag": "p_w33_ex_flvolfix",
  "opts": {
    "difficulty": "grandmaster",
    "useSearch": true,
    "perfectInfo": false,
    "hiddenInfo": true,
    "timeMs": 200,
    "iterations": 60,
    "maxSims": 120,
    "brTrials": 20,
    "bestResponse": true,
    "exactExploit": false,
    "exploit": true,
    "softSamples": 0,
    "maxBranch": 12,
    "mode": "auto",
    "strongSelf": false
  },
  "perGame": [
    {
      "seed": 20260715,
      "liveWin": true,
      "liveSeat": 0,
      "steps": 18,
      "ms": 431
    },
    {
      "seed": 20260715,
      "liveWin": true,
      "liveSeat": 1,
      "steps": 17,
      "ms": 311
    },
    {
      "seed": 20270688,
      "liveWin": false,
      "liveSeat": 0,
      "steps": 22,
      "ms": 476
    },
    {
      "seed": 20270688,
      "liveWin": false,
      "liveSeat": 1,
      "steps": 21,
      "ms": 427
    },
    {
      "seed": 20280661,
      "liveWin": true,
      "liveSeat": 0,
      "steps": 21,
      "ms": 165
    },
    {
      "seed": 20280661,
      "liveWin": false,
      "liveSeat": 1,
      "steps": 21,
      "ms": 195
    },
    {
      "seed": 20290634,
      "liveWin": true,
      "liveSeat": 0,
      "steps": 17,
      "ms": 283
    },
    {
      "seed": 20290634,
      "liveWin": false,
      "liveSeat": 1,
      "steps": 17,
      "ms": 350
    },
    {
      "seed": 20300607,
      "liveWin": false,
      "liveSeat": 0,
      "steps": 17,
      "ms": 279
    },
    {
      "seed": 20300607,
      "liveWin": true,
      "liveSeat": 1,
      "steps": 17,
      "ms": 187
    },
    {
      "seed": 20310580,
      "liveWin": true,
      "liveSeat": 0,
      "steps": 17,
      "ms": 323
    },
    {
      "seed": 20310580,
      "liveWin": false,
      "liveSeat": 1,
      "steps": 17,
      "ms": 329
    },
    {
      "seed": 20320553,
      "liveWin": false,
      "liveSeat": 0,
      "steps": 12,
      "ms": 58
    },
    {
      "seed": 20320553,
      "liveWin": true,
      "liveSeat": 1,
      "steps": 20,
      "ms": 162
    },
    {
      "seed": 20330526,
      "liveWin": false,
      "liveSeat": 0,
      "steps": 21,
      "ms": 139
    },
    {
      "seed": 20330526,
      "liveWin": true,
      "liveSeat": 1,
      "steps": 23,
      "ms": 148
    },
    {
      "seed": 20340499,
      "liveWin": true,
      "liveSeat": 0,
      "steps": 18,
      "ms": 290
    },
    {
      "seed": 20340499,
      "liveWin": false,
      "liveSeat": 1,
      "steps": 20,
      "ms": 165
    },
    {
      "seed": 20350472,
      "liveWin": true,
      "liveSeat": 0,
      "steps": 29,
      "ms": 212
    },
    {
      "seed": 20350472,
      "liveWin": false,
      "liveSeat": 1,
      "steps": 29,
      "ms": 214
    },
    {
      "seed": 20360445,
      "liveWin": false,
      "liveSeat": 0,
      "steps": 16,
      "ms": 226
    },
    {
      "seed": 20360445,
      "liveWin": true,
      "liveSeat": 1,
      "steps": 16,
      "ms": 221
    },
    {
      "seed": 20370418,
      "liveWin": false,
      "liveSeat": 0,
      "steps": 16,
      "ms": 347
    },
    {
      "seed": 20370418,
      "liveWin": true,
      "liveSeat": 1,
      "steps": 14,
      "ms": 249
    },
    {
      "seed": 20380391,
      "liveWin": true,
      "liveSeat": 0,
      "steps": 24,
      "ms": 119
    },
    {
      "seed": 20380391,
      "liveWin": false,
      "liveSeat": 1,
      "steps": 18,
      "ms": 37
    },
    {
      "seed": 20390364,
      "liveWin": true,
      "liveSeat": 0,
      "steps": 20,
      "ms": 108
    },
    {
      "seed": 20390364,
      "liveWin": false,
      "liveSeat": 1,
      "steps": 20,
      "ms": 89
    },
    {
      "seed": 20400337,
      "liveWin": true,
      "liveSeat": 0,
      "steps": 10,
      "ms": 228
    },
    {
      "seed": 20400337,
      "liveWin": false,
      "liveSeat": 1,
      "steps": 14,
      "ms": 107
    },
    {
      "seed": 20410310,
      "liveWin": false,
      "liveSeat": 0,
      "steps": 24,
      "ms": 108
    },
    {
      "seed": 20410310,
      "liveWin": true,
      "liveSeat": 1,
      "steps": 24,
      "ms": 131
    },
    {
      "seed": 20420283,
      "liveWin": true,
      "liveSeat": 0,
      "steps": 17,
      "ms": 206
    },
    {
      "seed": 20420283,
      "liveWin": false,
      "liveSeat": 1,
      "steps": 15,
      "ms": 116
    },
    {
      "seed": 20430256,
      "liveWin": false,
      "liveSeat": 0,
      "steps": 20,
      "ms": 261
    },
    {
      "seed": 20430256,
      "liveWin": true,
      "liveSeat": 1,
      "steps": 22,
      "ms": 265
    },
    {
      "seed": 20440229,
      "liveWin": true,
      "liveSeat": 0,
      "steps": 17,
      "ms": 153
    },
    {
      "seed": 20440229,
      "liveWin": true,
      "liveSeat": 1,
      "steps": 24,
      "ms": 226
    },
    {
      "seed": 20450202,
      "liveWin": true,
      "liveSeat": 0,
      "steps": 16,
      "ms": 314
    },
    {
      "seed": 20450202,
      "liveWin": false,
      "liveSeat": 1,
      "steps": 14,
      "ms": 55
    },
    {
      "seed": 20460175,
      "liveWin": false,
      "liveSeat": 0,
      "steps": 15,
      "ms": 217
    },
    {
      "seed": 20460175,
      "liveWin": true,
      "liveSeat": 1,
      "steps": 13,
      "ms": 352
    },
    {
      "seed": 20470148,
      "liveWin": false,
      "liveSeat": 0,
      "steps": 21,
      "ms": 727
    },
    {
      "seed": 20470148,
      "liveWin": true,
      "liveSeat": 1,
      "steps": 21,
      "ms": 109
    },
    {
      "seed": 20480121,
      "liveWin": true,
      "liveSeat": 0,
      "steps": 17,
      "ms": 490
    },
    {
      "seed": 20480121,
      "liveWin": true,
      "liveSeat": 1,
      "steps": 20,
      "ms": 722
    },
    {
      "seed": 20490094,
      "liveWin": true,
      "liveSeat": 0,
      "steps": 21,
      "ms": 85
    },
    {
      "seed": 20490094,
      "liveWin": false,
      "liveSeat": 1,
      "steps": 21,
      "ms": 75
    },
    {
      "seed": 20500067,
      "liveWin": true,
      "liveSeat": 0,
      "steps": 13,
      "ms": 156
    },
    {
      "seed": 20500067,
      "liveWin": false,
      "liveSeat": 1,
      "steps": 13,
      "ms": 153
    }
  ],
  "lossSeeds": [
    20270688,
    20270688,
    20280661,
    20290634,
    20300607,
    20310580,
    20320553,
    20330526,
    20340499,
    20350472,
    20360445,
    20370418,
    20380391,
    20390364,
    20400337,
    20410310,
    20420283,
    20430256,
    20450202,
    20460175,
    20470148,
    20490094,
    20500067
  ],
  "target": 0.7,
  "passed": false
}
wrote /Users/johnhoang/Developer/Grok/tieng-len/evolve/devval-ch-t20-w33-flvolfix.json
