{"start":true,"freeze":"v91","chall":"custom","live":{"id":"v9.2-probe","stamped":"2026-07-14T02:46:00Z","label":"Grandmaster v9.2-probe (GOLD_SURGICAL combat structure)"},"freezeBuild":{"id":"v9.1","stamped":"2026-07-13T02:50:38Z","label":"Grandmaster v9.1 (ladder freeze)"},"games":50,"seed0":20260711,"protocol":"fair-hidden-gm-BR-both-equal","opts":{"difficulty":"grandmaster","useSearch":true,"perfectInfo":false,"hiddenInfo":true,"timeMs":120,"iterations":60,"maxSims":120,"brTrials":12,"bestResponse":true,"exactExploit":false,"exploit":false,"softSamples":0,"maxBranch":12,"mode":"auto","strongSelf":false}}
{"g":0,"seed":20260711,"liveWin":false,"steps":18,"ms":361,"liveWins":0,"games":1,"wr":0}
{"g":1,"seed":20270684,"liveWin":false,"steps":22,"ms":416,"liveWins":0,"games":2,"wr":0}
{"g":2,"seed":20280657,"liveWin":false,"steps":20,"ms":235,"liveWins":0,"games":3,"wr":0}
{"g":3,"seed":20290630,"liveWin":true,"steps":17,"ms":130,"liveWins":1,"games":4,"wr":0.25}
{"g":4,"seed":20300603,"liveWin":true,"steps":18,"ms":390,"liveWins":2,"games":5,"wr":0.4}
{"g":5,"seed":20310576,"liveWin":false,"steps":14,"ms":168,"liveWins":2,"games":6,"wr":0.3333333333333333}
{"g":6,"seed":20320549,"liveWin":true,"steps":11,"ms":129,"liveWins":3,"games":7,"wr":0.42857142857142855}
{"g":7,"seed":20330522,"liveWin":false,"steps":14,"ms":342,"liveWins":3,"games":8,"wr":0.375}
{"g":8,"seed":20340495,"liveWin":true,"steps":20,"ms":207,"liveWins":4,"games":9,"wr":0.4444444444444444}
{"g":9,"seed":20350468,"liveWin":false,"steps":22,"ms":235,"liveWins":4,"games":10,"wr":0.4}
{"g":10,"seed":20360441,"liveWin":false,"steps":18,"ms":341,"liveWins":4,"games":11,"wr":0.36363636363636365}
{"g":11,"seed":20370414,"liveWin":true,"steps":20,"ms":168,"liveWins":5,"games":12,"wr":0.4166666666666667}
{"g":12,"seed":20380387,"liveWin":true,"steps":16,"ms":371,"liveWins":6,"games":13,"wr":0.46153846153846156}
{"g":13,"seed":20390360,"liveWin":false,"steps":12,"ms":357,"liveWins":6,"games":14,"wr":0.42857142857142855}
{"g":14,"seed":20400333,"liveWin":false,"steps":15,"ms":271,"liveWins":6,"games":15,"wr":0.4}
{"g":15,"seed":20410306,"liveWin":false,"steps":11,"ms":395,"liveWins":6,"games":16,"wr":0.375}
{"g":16,"seed":20420279,"liveWin":true,"steps":20,"ms":340,"liveWins":7,"games":17,"wr":0.4117647058823529}
{"g":17,"seed":20430252,"liveWin":false,"steps":16,"ms":202,"liveWins":7,"games":18,"wr":0.3888888888888889}
{"g":18,"seed":20440225,"liveWin":false,"steps":17,"ms":372,"liveWins":7,"games":19,"wr":0.3684210526315789}
{"g":19,"seed":20450198,"liveWin":true,"steps":14,"ms":161,"liveWins":8,"games":20,"wr":0.4}
{"g":20,"seed":20460171,"liveWin":true,"steps":19,"ms":81,"liveWins":9,"games":21,"wr":0.42857142857142855}
{"g":21,"seed":20470144,"liveWin":false,"steps":21,"ms":425,"liveWins":9,"games":22,"wr":0.4090909090909091}
{"g":22,"seed":20480117,"liveWin":true,"steps":21,"ms":304,"liveWins":10,"games":23,"wr":0.43478260869565216}
{"g":23,"seed":20490090,"liveWin":false,"steps":15,"ms":257,"liveWins":10,"games":24,"wr":0.4166666666666667}
{"g":24,"seed":20500063,"liveWin":false,"steps":17,"ms":239,"liveWins":10,"games":25,"wr":0.4}
{"g":25,"seed":20510036,"liveWin":false,"steps":17,"ms":216,"liveWins":10,"games":26,"wr":0.38461538461538464}
{"g":26,"seed":20520009,"liveWin":true,"steps":20,"ms":199,"liveWins":11,"games":27,"wr":0.4074074074074074}
{"g":27,"seed":20529982,"liveWin":true,"steps":16,"ms":229,"liveWins":12,"games":28,"wr":0.42857142857142855}
{"g":28,"seed":20539955,"liveWin":false,"steps":14,"ms":60,"liveWins":12,"games":29,"wr":0.41379310344827586}
{"g":29,"seed":20549928,"liveWin":false,"steps":12,"ms":134,"liveWins":12,"games":30,"wr":0.4}
{"g":30,"seed":20559901,"liveWin":true,"steps":23,"ms":94,"liveWins":13,"games":31,"wr":0.41935483870967744}
{"g":31,"seed":20569874,"liveWin":true,"steps":13,"ms":191,"liveWins":14,"games":32,"wr":0.4375}
{"g":32,"seed":20579847,"liveWin":true,"steps":26,"ms":441,"liveWins":15,"games":33,"wr":0.45454545454545453}
{"g":33,"seed":20589820,"liveWin":false,"steps":18,"ms":168,"liveWins":15,"games":34,"wr":0.4411764705882353}
{"g":34,"seed":20599793,"liveWin":false,"steps":20,"ms":181,"liveWins":15,"games":35,"wr":0.42857142857142855}
{"g":35,"seed":20609766,"liveWin":false,"steps":25,"ms":308,"liveWins":15,"games":36,"wr":0.4166666666666667}
{"g":36,"seed":20619739,"liveWin":false,"steps":19,"ms":65,"liveWins":15,"games":37,"wr":0.40540540540540543}
{"g":37,"seed":20629712,"liveWin":false,"steps":19,"ms":344,"liveWins":15,"games":38,"wr":0.39473684210526316}
{"g":38,"seed":20639685,"liveWin":true,"steps":18,"ms":268,"liveWins":16,"games":39,"wr":0.41025641025641024}
{"g":39,"seed":20649658,"liveWin":true,"steps":19,"ms":241,"liveWins":17,"games":40,"wr":0.425}
{"g":40,"seed":20659631,"liveWin":false,"steps":20,"ms":142,"liveWins":17,"games":41,"wr":0.4146341463414634}
{"g":41,"seed":20669604,"liveWin":false,"steps":12,"ms":149,"liveWins":17,"games":42,"wr":0.40476190476190477}
{"g":42,"seed":20679577,"liveWin":true,"steps":18,"ms":63,"liveWins":18,"games":43,"wr":0.4186046511627907}
{"g":43,"seed":20689550,"liveWin":false,"steps":10,"ms":183,"liveWins":18,"games":44,"wr":0.4090909090909091}
{"g":44,"seed":20699523,"liveWin":true,"steps":12,"ms":158,"liveWins":19,"games":45,"wr":0.4222222222222222}
{"g":45,"seed":20709496,"liveWin":false,"steps":12,"ms":78,"liveWins":19,"games":46,"wr":0.41304347826086957}
{"g":46,"seed":20719469,"liveWin":true,"steps":25,"ms":238,"liveWins":20,"games":47,"wr":0.425531914893617}
{"g":47,"seed":20729442,"liveWin":false,"steps":14,"ms":60,"liveWins":20,"games":48,"wr":0.4166666666666667}
{"g":48,"seed":20739415,"liveWin":false,"steps":22,"ms":133,"liveWins":20,"games":49,"wr":0.40816326530612246}
{"g":49,"seed":20749388,"liveWin":false,"steps":19,"ms":174,"liveWins":20,"games":50,"wr":0.4}
=== FINAL ===
{
  "protocol": "fair-hidden-gm-BR-both-equal",
  "infoModel": "hidden",
  "perfectInfo": false,
  "hiddenInfo": true,
  "brBoth": true,
  "equalBudget": true,
  "games": 50,
  "liveWins": 20,
  "freezeWins": 30,
  "liveWinRate": 0.4,
  "seed0": 20260711,
  "ms": 11437,
  "live": {
    "id": "v9.2-probe",
    "stamped": "2026-07-14T02:46:00Z",
    "label": "Grandmaster v9.2-probe (GOLD_SURGICAL combat structure)"
  },
  "freeze": {
    "id": "v9.1",
    "stamped": "2026-07-13T02:50:38Z",
    "label": "Grandmaster v9.1 (ladder freeze)"
  },
  "freezeTag": "v91",
  "challTag": "custom",
  "opts": {
    "difficulty": "grandmaster",
    "useSearch": true,
    "perfectInfo": false,
    "hiddenInfo": true,
    "timeMs": 120,
    "iterations": 60,
    "maxSims": 120,
    "brTrials": 12,
    "bestResponse": true,
    "exactExploit": false,
    "exploit": false,
    "softSamples": 0,
    "maxBranch": 12,
    "mode": "auto",
    "strongSelf": false
  },
  "perGame": [
    {
      "seed": 20260711,
      "liveWin": false,
      "liveSeat": 1,
      "steps": 18,
      "ms": 361
    },
    {
      "seed": 20270684,
      "liveWin": false,
      "liveSeat": 0,
      "steps": 22,
      "ms": 416
    },
    {
      "seed": 20280657,
      "liveWin": false,
      "liveSeat": 1,
      "steps": 20,
      "ms": 235
    },
    {
      "seed": 20290630,
      "liveWin": true,
      "liveSeat": 0,
      "steps": 17,
      "ms": 130
    },
    {
      "seed": 20300603,
      "liveWin": true,
      "liveSeat": 1,
      "steps": 18,
      "ms": 390
    },
    {
      "seed": 20310576,
      "liveWin": false,
      "liveSeat": 0,
      "steps": 14,
      "ms": 168
    },
    {
      "seed": 20320549,
      "liveWin": true,
      "liveSeat": 1,
      "steps": 11,
      "ms": 129
    },
    {
      "seed": 20330522,
      "liveWin": false,
      "liveSeat": 0,
      "steps": 14,
      "ms": 342
    },
    {
      "seed": 20340495,
      "liveWin": true,
      "liveSeat": 1,
      "steps": 20,
      "ms": 207
    },
    {
      "seed": 20350468,
      "liveWin": false,
      "liveSeat": 0,
      "steps": 22,
      "ms": 235
    },
    {
      "seed": 20360441,
      "liveWin": false,
      "liveSeat": 1,
      "steps": 18,
      "ms": 341
    },
    {
      "seed": 20370414,
      "liveWin": true,
      "liveSeat": 0,
      "steps": 20,
      "ms": 168
    },
    {
      "seed": 20380387,
      "liveWin": true,
      "liveSeat": 1,
      "steps": 16,
      "ms": 371
    },
    {
      "seed": 20390360,
      "liveWin": false,
      "liveSeat": 0,
      "steps": 12,
      "ms": 357
    },
    {
      "seed": 20400333,
      "liveWin": false,
      "liveSeat": 1,
      "steps": 15,
      "ms": 271
    },
    {
      "seed": 20410306,
      "liveWin": false,
      "liveSeat": 0,
      "steps": 11,
      "ms": 395
    },
    {
      "seed": 20420279,
      "liveWin": true,
      "liveSeat": 1,
      "steps": 20,
      "ms": 340
    },
    {
      "seed": 20430252,
      "liveWin": false,
      "liveSeat": 0,
      "steps": 16,
      "ms": 202
    },
    {
      "seed": 20440225,
      "liveWin": false,
      "liveSeat": 1,
      "steps": 17,
      "ms": 372
    },
    {
      "seed": 20450198,
      "liveWin": true,
      "liveSeat": 0,
      "steps": 14,
      "ms": 161
    },
    {
      "seed": 20460171,
      "liveWin": true,
      "liveSeat": 1,
      "steps": 19,
      "ms": 81
    },
    {
      "seed": 20470144,
      "liveWin": false,
      "liveSeat": 0,
      "steps": 21,
      "ms": 425
    },
    {
      "seed": 20480117,
      "liveWin": true,
      "liveSeat": 1,
      "steps": 21,
      "ms": 304
    },
    {
      "seed": 20490090,
      "liveWin": false,
      "liveSeat": 0,
      "steps": 15,
      "ms": 257
    },
    {
      "seed": 20500063,
      "liveWin": false,
      "liveSeat": 1,
      "steps": 17,
      "ms": 239
    },
    {
      "seed": 20510036,
      "liveWin": false,
      "liveSeat": 0,
      "steps": 17,
      "ms": 216
    },
    {
      "seed": 20520009,
      "liveWin": true,
      "liveSeat": 1,
      "steps": 20,
      "ms": 199
    },
    {
      "seed": 20529982,
      "liveWin": true,
      "liveSeat": 0,
      "steps": 16,
      "ms": 229
    },
    {
      "seed": 20539955,
      "liveWin": false,
      "liveSeat": 1,
      "steps": 14,
      "ms": 60
    },
    {
      "seed": 20549928,
      "liveWin": false,
      "liveSeat": 0,
      "steps": 12,
      "ms": 134
    },
    {
      "seed": 20559901,
      "liveWin": true,
      "liveSeat": 1,
      "steps": 23,
      "ms": 94
    },
    {
      "seed": 20569874,
      "liveWin": true,
      "liveSeat": 0,
      "steps": 13,
      "ms": 191
    },
    {
      "seed": 20579847,
      "liveWin": true,
      "liveSeat": 1,
      "steps": 26,
      "ms": 441
    },
    {
      "seed": 20589820,
      "liveWin": false,
      "liveSeat": 0,
      "steps": 18,
      "ms": 168
    },
    {
      "seed": 20599793,
      "liveWin": false,
      "liveSeat": 1,
      "steps": 20,
      "ms": 181
    },
    {
      "seed": 20609766,
      "liveWin": false,
      "liveSeat": 0,
      "steps": 25,
      "ms": 308
    },
    {
      "seed": 20619739,
      "liveWin": false,
      "liveSeat": 1,
      "steps": 19,
      "ms": 65
    },
    {
      "seed": 20629712,
      "liveWin": false,
      "liveSeat": 0,
      "steps": 19,
      "ms": 344
    },
    {
      "seed": 20639685,
      "liveWin": true,
      "liveSeat": 1,
      "steps": 18,
      "ms": 268
    },
    {
      "seed": 20649658,
      "liveWin": true,
      "liveSeat": 0,
      "steps": 19,
      "ms": 241
    },
    {
      "seed": 20659631,
      "liveWin": false,
      "liveSeat": 1,
      "steps": 20,
      "ms": 142
    },
    {
      "seed": 20669604,
      "liveWin": false,
      "liveSeat": 0,
      "steps": 12,
      "ms": 149
    },
    {
      "seed": 20679577,
      "liveWin": true,
      "liveSeat": 1,
      "steps": 18,
      "ms": 63
    },
    {
      "seed": 20689550,
      "liveWin": false,
      "liveSeat": 0,
      "steps": 10,
      "ms": 183
    },
    {
      "seed": 20699523,
      "liveWin": true,
      "liveSeat": 1,
      "steps": 12,
      "ms": 158
    },
    {
      "seed": 20709496,
      "liveWin": false,
      "liveSeat": 0,
      "steps": 12,
      "ms": 78
    },
    {
      "seed": 20719469,
      "liveWin": true,
      "liveSeat": 1,
      "steps": 25,
      "ms": 238
    },
    {
      "seed": 20729442,
      "liveWin": false,
      "liveSeat": 0,
      "steps": 14,
      "ms": 60
    },
    {
      "seed": 20739415,
      "liveWin": false,
      "liveSeat": 1,
      "steps": 22,
      "ms": 133
    },
    {
      "seed": 20749388,
      "liveWin": false,
      "liveSeat": 0,
      "steps": 19,
      "ms": 174
    }
  ],
  "lossSeeds": [
    20260711,
    20270684,
    20280657,
    20310576,
    20330522,
    20350468,
    20360441,
    20390360,
    20400333,
    20410306,
    20430252,
    20440225,
    20470144,
    20490090,
    20500063,
    20510036,
    20539955,
    20549928,
    20589820,
    20599793,
    20609766,
    20619739,
    20629712,
    20659631,
    20669604,
    20689550,
    20709496,
    20729442,
    20739415,
    20749388
  ],
  "target": 0.7,
  "passed": false
}
wrote /Users/johnhoang/Developer/Grok/tieng-len/evolve/gold-surgical-vs-v91-fair-n50.json
