=== live vs freeze v94 games=1 target=0 ===
live build { id: 'v9.4',
  stamped: '2026-07-14T01:40:33Z',
  label: 'Grandmaster v9.4 (ladder freeze)' }
freeze build { id: 'v9.4',
  stamped: '2026-07-14T01:40:33Z',
  label: 'Grandmaster v9.4 (ladder freeze)' }
live opts { difficulty: 'grandmaster',
  timeMs: 120,
  iterations: 60,
  maxSims: 120,
  brTrials: 24,
  bestResponse: true,
  useSearch: true,
  perfectInfo: false,
  hiddenInfo: true,
  maxBranch: 20,
  dualSelf: false,
  exactExploit: false,
  mode: 'auto',
  combatRoot: false,
  flRoot: false,
  softSamples: 4,
  exploit: true }
freeze opts { difficulty: 'grandmaster',
  useSearch: true,
  perfectInfo: false,
  hiddenInfo: true,
  timeMs: 80,
  iterations: 40,
  maxSims: 80,
  bestResponse: false,
  maxBranch: 16,
  mode: 'auto',
  combatRoot: false,
  flRoot: false,
  dualSelf: false,
  exactExploit: false,
  softSamples: 0,
  exploit: false }
opponentFreeze policies/v94-ai.js + search
protocol { freezeDifficulty: 'grandmaster',
  liveDifficulty: 'grandmaster',
  infoModel: 'HIDDEN (ship)',
  livePerfect: false,
  freezePerfect: false,
  liveHidden: true,
  freezeHidden: true,
  brModel: 'freeze-grandmaster-low-budget-40ms-20it',
  equalBudget: false,
  identityBaseline: null,
  minDeltaWins: null }
