{"start":true,"freeze":"v91","chall":"v91","live":{"id":"v9.1","stamped":"2026-07-13T02:50:38Z","label":"Grandmaster v9.1 (ladder freeze)"},"freezeBuild":{"id":"v9.1","stamped":"2026-07-13T02:50:38Z","label":"Grandmaster v9.1 (ladder freeze)"},"games":50,"seed0":20260711,"protocol":"fair-hidden-gm-BR-both-equal","opts":{"difficulty":"grandmaster","useSearch":true,"perfectInfo":false,"hiddenInfo":true,"timeMs":150,"iterations":60,"maxSims":120,"brTrials":16,"bestResponse":true,"exactExploit":false,"exploit":false,"softSamples":0,"maxBranch":12,"mode":"auto","strongSelf":false}}
{"g":0,"seed":20260711,"liveWin":false,"steps":20,"ms":449,"liveWins":0,"games":1,"wr":0}
{"g":1,"seed":20270684,"liveWin":false,"steps":22,"ms":491,"liveWins":0,"games":2,"wr":0}
{"g":2,"seed":20280657,"liveWin":false,"steps":20,"ms":330,"liveWins":0,"games":3,"wr":0}
{"g":3,"seed":20290630,"liveWin":false,"steps":20,"ms":160,"liveWins":0,"games":4,"wr":0}
{"g":4,"seed":20300603,"liveWin":true,"steps":18,"ms":482,"liveWins":1,"games":5,"wr":0.2}
{"g":5,"seed":20310576,"liveWin":false,"steps":14,"ms":208,"liveWins":1,"games":6,"wr":0.16666666666666666}
{"g":6,"seed":20320549,"liveWin":true,"steps":11,"ms":155,"liveWins":2,"games":7,"wr":0.2857142857142857}
{"g":7,"seed":20330522,"liveWin":false,"steps":14,"ms":433,"liveWins":2,"games":8,"wr":0.25}
{"g":8,"seed":20340495,"liveWin":true,"steps":20,"ms":263,"liveWins":3,"games":9,"wr":0.3333333333333333}
{"g":9,"seed":20350468,"liveWin":false,"steps":22,"ms":303,"liveWins":3,"games":10,"wr":0.3}
{"g":10,"seed":20360441,"liveWin":false,"steps":18,"ms":432,"liveWins":3,"games":11,"wr":0.2727272727272727}
{"g":11,"seed":20370414,"liveWin":true,"steps":20,"ms":211,"liveWins":4,"games":12,"wr":0.3333333333333333}
{"g":12,"seed":20380387,"liveWin":true,"steps":16,"ms":415,"liveWins":5,"games":13,"wr":0.38461538461538464}
{"g":13,"seed":20390360,"liveWin":false,"steps":12,"ms":461,"liveWins":5,"games":14,"wr":0.35714285714285715}
{"g":14,"seed":20400333,"liveWin":false,"steps":15,"ms":356,"liveWins":5,"games":15,"wr":0.3333333333333333}
{"g":15,"seed":20410306,"liveWin":false,"steps":11,"ms":192,"liveWins":5,"games":16,"wr":0.3125}
{"g":16,"seed":20420279,"liveWin":true,"steps":20,"ms":434,"liveWins":6,"games":17,"wr":0.35294117647058826}
{"g":17,"seed":20430252,"liveWin":false,"steps":16,"ms":266,"liveWins":6,"games":18,"wr":0.3333333333333333}
{"g":18,"seed":20440225,"liveWin":false,"steps":17,"ms":452,"liveWins":6,"games":19,"wr":0.3157894736842105}
{"g":19,"seed":20450198,"liveWin":true,"steps":14,"ms":188,"liveWins":7,"games":20,"wr":0.35}
{"g":20,"seed":20460171,"liveWin":true,"steps":19,"ms":100,"liveWins":8,"games":21,"wr":0.38095238095238093}
{"g":21,"seed":20470144,"liveWin":true,"steps":24,"ms":530,"liveWins":9,"games":22,"wr":0.4090909090909091}
{"g":22,"seed":20480117,"liveWin":true,"steps":21,"ms":396,"liveWins":10,"games":23,"wr":0.43478260869565216}
{"g":23,"seed":20490090,"liveWin":false,"steps":15,"ms":332,"liveWins":10,"games":24,"wr":0.4166666666666667}
{"g":24,"seed":20500063,"liveWin":false,"steps":17,"ms":316,"liveWins":10,"games":25,"wr":0.4}
{"g":25,"seed":20510036,"liveWin":false,"steps":17,"ms":238,"liveWins":10,"games":26,"wr":0.38461538461538464}
{"g":26,"seed":20520009,"liveWin":true,"steps":20,"ms":257,"liveWins":11,"games":27,"wr":0.4074074074074074}
{"g":27,"seed":20529982,"liveWin":true,"steps":16,"ms":307,"liveWins":12,"games":28,"wr":0.42857142857142855}
{"g":28,"seed":20539955,"liveWin":false,"steps":14,"ms":73,"liveWins":12,"games":29,"wr":0.41379310344827586}
{"g":29,"seed":20549928,"liveWin":false,"steps":12,"ms":188,"liveWins":12,"games":30,"wr":0.4}
{"g":30,"seed":20559901,"liveWin":true,"steps":23,"ms":113,"liveWins":13,"games":31,"wr":0.41935483870967744}
{"g":31,"seed":20569874,"liveWin":true,"steps":13,"ms":254,"liveWins":14,"games":32,"wr":0.4375}
{"g":32,"seed":20579847,"liveWin":false,"steps":21,"ms":675,"liveWins":14,"games":33,"wr":0.42424242424242425}
{"g":33,"seed":20589820,"liveWin":false,"steps":18,"ms":218,"liveWins":14,"games":34,"wr":0.4117647058823529}
{"g":34,"seed":20599793,"liveWin":false,"steps":20,"ms":215,"liveWins":14,"games":35,"wr":0.4}
{"g":35,"seed":20609766,"liveWin":false,"steps":25,"ms":397,"liveWins":14,"games":36,"wr":0.3888888888888889}
{"g":36,"seed":20619739,"liveWin":false,"steps":19,"ms":84,"liveWins":14,"games":37,"wr":0.3783783783783784}
{"g":37,"seed":20629712,"liveWin":false,"steps":19,"ms":414,"liveWins":14,"games":38,"wr":0.3684210526315789}
{"g":38,"seed":20639685,"liveWin":true,"steps":18,"ms":374,"liveWins":15,"games":39,"wr":0.38461538461538464}
{"g":39,"seed":20649658,"liveWin":true,"steps":25,"ms":332,"liveWins":16,"games":40,"wr":0.4}
{"g":40,"seed":20659631,"liveWin":false,"steps":20,"ms":198,"liveWins":16,"games":41,"wr":0.3902439024390244}
{"g":41,"seed":20669604,"liveWin":false,"steps":12,"ms":201,"liveWins":16,"games":42,"wr":0.38095238095238093}
{"g":42,"seed":20679577,"liveWin":true,"steps":18,"ms":85,"liveWins":17,"games":43,"wr":0.3953488372093023}
{"g":43,"seed":20689550,"liveWin":false,"steps":10,"ms":255,"liveWins":17,"games":44,"wr":0.38636363636363635}
{"g":44,"seed":20699523,"liveWin":true,"steps":12,"ms":193,"liveWins":18,"games":45,"wr":0.4}
{"g":45,"seed":20709496,"liveWin":false,"steps":12,"ms":107,"liveWins":18,"games":46,"wr":0.391304347826087}
{"g":46,"seed":20719469,"liveWin":true,"steps":25,"ms":323,"liveWins":19,"games":47,"wr":0.40425531914893614}
{"g":47,"seed":20729442,"liveWin":false,"steps":14,"ms":85,"liveWins":19,"games":48,"wr":0.3958333333333333}
{"g":48,"seed":20739415,"liveWin":false,"steps":22,"ms":170,"liveWins":19,"games":49,"wr":0.3877551020408163}
{"g":49,"seed":20749388,"liveWin":false,"steps":19,"ms":182,"liveWins":19,"games":50,"wr":0.38}
=== FINAL ===
{
  "protocol": "fair-hidden-gm-BR-both-equal",
  "infoModel": "hidden",
  "perfectInfo": false,
  "hiddenInfo": true,
  "brBoth": true,
  "equalBudget": true,
  "games": 50,
  "liveWins": 19,
  "freezeWins": 31,
  "liveWinRate": 0.38,
  "seed0": 20260711,
  "ms": 14310,
  "live": {
    "id": "v9.1",
    "stamped": "2026-07-13T02:50:38Z",
    "label": "Grandmaster v9.1 (ladder freeze)"
  },
  "freeze": {
    "id": "v9.1",
    "stamped": "2026-07-13T02:50:38Z",
    "label": "Grandmaster v9.1 (ladder freeze)"
  },
  "freezeTag": "v91",
  "challTag": "v91",
  "opts": {
    "difficulty": "grandmaster",
    "useSearch": true,
    "perfectInfo": false,
    "hiddenInfo": true,
    "timeMs": 150,
    "iterations": 60,
    "maxSims": 120,
    "brTrials": 16,
    "bestResponse": true,
    "exactExploit": false,
    "exploit": false,
    "softSamples": 0,
    "maxBranch": 12,
    "mode": "auto",
    "strongSelf": false
  },
  "perGame": [
    {
      "seed": 20260711,
      "liveWin": false,
      "liveSeat": 1,
      "steps": 20,
      "ms": 449
    },
    {
      "seed": 20270684,
      "liveWin": false,
      "liveSeat": 0,
      "steps": 22,
      "ms": 491
    },
    {
      "seed": 20280657,
      "liveWin": false,
      "liveSeat": 1,
      "steps": 20,
      "ms": 330
    },
    {
      "seed": 20290630,
      "liveWin": false,
      "liveSeat": 0,
      "steps": 20,
      "ms": 160
    },
    {
      "seed": 20300603,
      "liveWin": true,
      "liveSeat": 1,
      "steps": 18,
      "ms": 482
    },
    {
      "seed": 20310576,
      "liveWin": false,
      "liveSeat": 0,
      "steps": 14,
      "ms": 208
    },
    {
      "seed": 20320549,
      "liveWin": true,
      "liveSeat": 1,
      "steps": 11,
      "ms": 155
    },
    {
      "seed": 20330522,
      "liveWin": false,
      "liveSeat": 0,
      "steps": 14,
      "ms": 433
    },
    {
      "seed": 20340495,
      "liveWin": true,
      "liveSeat": 1,
      "steps": 20,
      "ms": 263
    },
    {
      "seed": 20350468,
      "liveWin": false,
      "liveSeat": 0,
      "steps": 22,
      "ms": 303
    },
    {
      "seed": 20360441,
      "liveWin": false,
      "liveSeat": 1,
      "steps": 18,
      "ms": 432
    },
    {
      "seed": 20370414,
      "liveWin": true,
      "liveSeat": 0,
      "steps": 20,
      "ms": 211
    },
    {
      "seed": 20380387,
      "liveWin": true,
      "liveSeat": 1,
      "steps": 16,
      "ms": 415
    },
    {
      "seed": 20390360,
      "liveWin": false,
      "liveSeat": 0,
      "steps": 12,
      "ms": 461
    },
    {
      "seed": 20400333,
      "liveWin": false,
      "liveSeat": 1,
      "steps": 15,
      "ms": 356
    },
    {
      "seed": 20410306,
      "liveWin": false,
      "liveSeat": 0,
      "steps": 11,
      "ms": 192
    },
    {
      "seed": 20420279,
      "liveWin": true,
      "liveSeat": 1,
      "steps": 20,
      "ms": 434
    },
    {
      "seed": 20430252,
      "liveWin": false,
      "liveSeat": 0,
      "steps": 16,
      "ms": 266
    },
    {
      "seed": 20440225,
      "liveWin": false,
      "liveSeat": 1,
      "steps": 17,
      "ms": 452
    },
    {
      "seed": 20450198,
      "liveWin": true,
      "liveSeat": 0,
      "steps": 14,
      "ms": 188
    },
    {
      "seed": 20460171,
      "liveWin": true,
      "liveSeat": 1,
      "steps": 19,
      "ms": 100
    },
    {
      "seed": 20470144,
      "liveWin": true,
      "liveSeat": 0,
      "steps": 24,
      "ms": 530
    },
    {
      "seed": 20480117,
      "liveWin": true,
      "liveSeat": 1,
      "steps": 21,
      "ms": 396
    },
    {
      "seed": 20490090,
      "liveWin": false,
      "liveSeat": 0,
      "steps": 15,
      "ms": 332
    },
    {
      "seed": 20500063,
      "liveWin": false,
      "liveSeat": 1,
      "steps": 17,
      "ms": 316
    },
    {
      "seed": 20510036,
      "liveWin": false,
      "liveSeat": 0,
      "steps": 17,
      "ms": 238
    },
    {
      "seed": 20520009,
      "liveWin": true,
      "liveSeat": 1,
      "steps": 20,
      "ms": 257
    },
    {
      "seed": 20529982,
      "liveWin": true,
      "liveSeat": 0,
      "steps": 16,
      "ms": 307
    },
    {
      "seed": 20539955,
      "liveWin": false,
      "liveSeat": 1,
      "steps": 14,
      "ms": 73
    },
    {
      "seed": 20549928,
      "liveWin": false,
      "liveSeat": 0,
      "steps": 12,
      "ms": 188
    },
    {
      "seed": 20559901,
      "liveWin": true,
      "liveSeat": 1,
      "steps": 23,
      "ms": 113
    },
    {
      "seed": 20569874,
      "liveWin": true,
      "liveSeat": 0,
      "steps": 13,
      "ms": 254
    },
    {
      "seed": 20579847,
      "liveWin": false,
      "liveSeat": 1,
      "steps": 21,
      "ms": 675
    },
    {
      "seed": 20589820,
      "liveWin": false,
      "liveSeat": 0,
      "steps": 18,
      "ms": 218
    },
    {
      "seed": 20599793,
      "liveWin": false,
      "liveSeat": 1,
      "steps": 20,
      "ms": 215
    },
    {
      "seed": 20609766,
      "liveWin": false,
      "liveSeat": 0,
      "steps": 25,
      "ms": 397
    },
    {
      "seed": 20619739,
      "liveWin": false,
      "liveSeat": 1,
      "steps": 19,
      "ms": 84
    },
    {
      "seed": 20629712,
      "liveWin": false,
      "liveSeat": 0,
      "steps": 19,
      "ms": 414
    },
    {
      "seed": 20639685,
      "liveWin": true,
      "liveSeat": 1,
      "steps": 18,
      "ms": 374
    },
    {
      "seed": 20649658,
      "liveWin": true,
      "liveSeat": 0,
      "steps": 25,
      "ms": 332
    },
    {
      "seed": 20659631,
      "liveWin": false,
      "liveSeat": 1,
      "steps": 20,
      "ms": 198
    },
    {
      "seed": 20669604,
      "liveWin": false,
      "liveSeat": 0,
      "steps": 12,
      "ms": 201
    },
    {
      "seed": 20679577,
      "liveWin": true,
      "liveSeat": 1,
      "steps": 18,
      "ms": 85
    },
    {
      "seed": 20689550,
      "liveWin": false,
      "liveSeat": 0,
      "steps": 10,
      "ms": 255
    },
    {
      "seed": 20699523,
      "liveWin": true,
      "liveSeat": 1,
      "steps": 12,
      "ms": 193
    },
    {
      "seed": 20709496,
      "liveWin": false,
      "liveSeat": 0,
      "steps": 12,
      "ms": 107
    },
    {
      "seed": 20719469,
      "liveWin": true,
      "liveSeat": 1,
      "steps": 25,
      "ms": 323
    },
    {
      "seed": 20729442,
      "liveWin": false,
      "liveSeat": 0,
      "steps": 14,
      "ms": 85
    },
    {
      "seed": 20739415,
      "liveWin": false,
      "liveSeat": 1,
      "steps": 22,
      "ms": 170
    },
    {
      "seed": 20749388,
      "liveWin": false,
      "liveSeat": 0,
      "steps": 19,
      "ms": 182
    }
  ],
  "lossSeeds": [
    20260711,
    20270684,
    20280657,
    20290630,
    20310576,
    20330522,
    20350468,
    20360441,
    20390360,
    20400333,
    20410306,
    20430252,
    20440225,
    20490090,
    20500063,
    20510036,
    20539955,
    20549928,
    20579847,
    20589820,
    20599793,
    20609766,
    20619739,
    20629712,
    20659631,
    20669604,
    20689550,
    20709496,
    20729442,
    20739415,
    20749388
  ],
  "target": 0.7,
  "passed": false
}
wrote /Users/johnhoang/Developer/Grok/tieng-len/evolve/identity-v91-fair-n50-rebal.json
