{"start":true,"freeze":"v91","chall":"v91","live":{"id":"v9.1","stamped":"2026-07-13T02:50:38Z","label":"Grandmaster v9.1 (ladder freeze)"},"freezeBuild":{"id":"v9.1","stamped":"2026-07-13T02:50:38Z","label":"Grandmaster v9.1 (ladder freeze)"},"games":25,"seed0":20260713,"protocol":"fair-hidden-gm-BR-both-equal","opts":{"difficulty":"grandmaster","useSearch":true,"perfectInfo":false,"hiddenInfo":true,"timeMs":150,"iterations":60,"maxSims":120,"brTrials":12,"bestResponse":true,"exactExploit":false,"exploit":true,"softSamples":4,"maxBranch":12,"mode":"auto","strongSelf":false}}
{"g":0,"seed":20260713,"liveWin":true,"liveSeat":0,"steps":17,"ms":276,"liveWins":1,"games":1,"wr":1}
{"g":1,"seed":20260713,"liveWin":false,"liveSeat":1,"steps":17,"ms":196,"liveWins":1,"games":2,"wr":0.5}
{"g":2,"seed":20270686,"liveWin":false,"liveSeat":0,"steps":19,"ms":442,"liveWins":1,"games":3,"wr":0.3333333333333333}
{"g":3,"seed":20270686,"liveWin":true,"liveSeat":1,"steps":19,"ms":426,"liveWins":2,"games":4,"wr":0.5}
{"g":4,"seed":20280659,"liveWin":false,"liveSeat":0,"steps":22,"ms":585,"liveWins":2,"games":5,"wr":0.4}
{"g":5,"seed":20280659,"liveWin":true,"liveSeat":1,"steps":22,"ms":567,"liveWins":3,"games":6,"wr":0.5}
{"g":6,"seed":20290632,"liveWin":false,"liveSeat":0,"steps":20,"ms":238,"liveWins":3,"games":7,"wr":0.42857142857142855}
{"g":7,"seed":20290632,"liveWin":true,"liveSeat":1,"steps":20,"ms":236,"liveWins":4,"games":8,"wr":0.5}
{"g":8,"seed":20300605,"liveWin":true,"liveSeat":0,"steps":22,"ms":217,"liveWins":5,"games":9,"wr":0.5555555555555556}
{"g":9,"seed":20300605,"liveWin":false,"liveSeat":1,"steps":22,"ms":213,"liveWins":5,"games":10,"wr":0.5}
{"g":10,"seed":20310578,"liveWin":false,"liveSeat":0,"steps":18,"ms":93,"liveWins":5,"games":11,"wr":0.45454545454545453}
{"g":11,"seed":20310578,"liveWin":true,"liveSeat":1,"steps":18,"ms":86,"liveWins":6,"games":12,"wr":0.5}
{"g":12,"seed":20320551,"liveWin":true,"liveSeat":0,"steps":20,"ms":139,"liveWins":7,"games":13,"wr":0.5384615384615384}
{"g":13,"seed":20320551,"liveWin":false,"liveSeat":1,"steps":20,"ms":132,"liveWins":7,"games":14,"wr":0.5}
{"g":14,"seed":20330524,"liveWin":false,"liveSeat":0,"steps":19,"ms":219,"liveWins":7,"games":15,"wr":0.4666666666666667}
{"g":15,"seed":20330524,"liveWin":true,"liveSeat":1,"steps":19,"ms":215,"liveWins":8,"games":16,"wr":0.5}
{"g":16,"seed":20340497,"liveWin":false,"liveSeat":0,"steps":21,"ms":682,"liveWins":8,"games":17,"wr":0.47058823529411764}
{"g":17,"seed":20340497,"liveWin":true,"liveSeat":1,"steps":21,"ms":672,"liveWins":9,"games":18,"wr":0.5}
{"g":18,"seed":20350470,"liveWin":true,"liveSeat":0,"steps":17,"ms":307,"liveWins":10,"games":19,"wr":0.5263157894736842}
{"g":19,"seed":20350470,"liveWin":false,"liveSeat":1,"steps":17,"ms":305,"liveWins":10,"games":20,"wr":0.5}
{"g":20,"seed":20360443,"liveWin":true,"liveSeat":0,"steps":22,"ms":155,"liveWins":11,"games":21,"wr":0.5238095238095238}
{"g":21,"seed":20360443,"liveWin":false,"liveSeat":1,"steps":22,"ms":151,"liveWins":11,"games":22,"wr":0.5}
{"g":22,"seed":20370416,"liveWin":true,"liveSeat":0,"steps":19,"ms":111,"liveWins":12,"games":23,"wr":0.5217391304347826}
{"g":23,"seed":20370416,"liveWin":false,"liveSeat":1,"steps":19,"ms":106,"liveWins":12,"games":24,"wr":0.5}
{"g":24,"seed":20380389,"liveWin":true,"liveSeat":0,"steps":14,"ms":82,"liveWins":13,"games":25,"wr":0.52}
{"g":25,"seed":20380389,"liveWin":false,"liveSeat":1,"steps":14,"ms":86,"liveWins":13,"games":26,"wr":0.5}
{"g":26,"seed":20390362,"liveWin":false,"liveSeat":0,"steps":16,"ms":170,"liveWins":13,"games":27,"wr":0.48148148148148145}
{"g":27,"seed":20390362,"liveWin":true,"liveSeat":1,"steps":16,"ms":170,"liveWins":14,"games":28,"wr":0.5}
{"g":28,"seed":20400335,"liveWin":false,"liveSeat":0,"steps":24,"ms":371,"liveWins":14,"games":29,"wr":0.4827586206896552}
{"g":29,"seed":20400335,"liveWin":true,"liveSeat":1,"steps":24,"ms":148,"liveWins":15,"games":30,"wr":0.5}
{"g":30,"seed":20410308,"liveWin":true,"liveSeat":0,"steps":19,"ms":115,"liveWins":16,"games":31,"wr":0.5161290322580645}
{"g":31,"seed":20410308,"liveWin":false,"liveSeat":1,"steps":19,"ms":118,"liveWins":16,"games":32,"wr":0.5}
{"g":32,"seed":20420281,"liveWin":true,"liveSeat":0,"steps":23,"ms":135,"liveWins":17,"games":33,"wr":0.5151515151515151}
{"g":33,"seed":20420281,"liveWin":false,"liveSeat":1,"steps":23,"ms":122,"liveWins":17,"games":34,"wr":0.5}
{"g":34,"seed":20430254,"liveWin":true,"liveSeat":0,"steps":14,"ms":178,"liveWins":18,"games":35,"wr":0.5142857142857142}
{"g":35,"seed":20430254,"liveWin":false,"liveSeat":1,"steps":14,"ms":182,"liveWins":18,"games":36,"wr":0.5}
{"g":36,"seed":20440227,"liveWin":false,"liveSeat":0,"steps":14,"ms":114,"liveWins":18,"games":37,"wr":0.4864864864864865}
{"g":37,"seed":20440227,"liveWin":true,"liveSeat":1,"steps":14,"ms":114,"liveWins":19,"games":38,"wr":0.5}
{"g":38,"seed":20450200,"liveWin":false,"liveSeat":0,"steps":13,"ms":125,"liveWins":19,"games":39,"wr":0.48717948717948717}
{"g":39,"seed":20450200,"liveWin":true,"liveSeat":1,"steps":13,"ms":125,"liveWins":20,"games":40,"wr":0.5}
{"g":40,"seed":20460173,"liveWin":true,"liveSeat":0,"steps":22,"ms":217,"liveWins":21,"games":41,"wr":0.5121951219512195}
{"g":41,"seed":20460173,"liveWin":false,"liveSeat":1,"steps":22,"ms":217,"liveWins":21,"games":42,"wr":0.5}
{"g":42,"seed":20470146,"liveWin":true,"liveSeat":0,"steps":25,"ms":158,"liveWins":22,"games":43,"wr":0.5116279069767442}
{"g":43,"seed":20470146,"liveWin":false,"liveSeat":1,"steps":25,"ms":159,"liveWins":22,"games":44,"wr":0.5}
{"g":44,"seed":20480119,"liveWin":false,"liveSeat":0,"steps":18,"ms":232,"liveWins":22,"games":45,"wr":0.4888888888888889}
{"g":45,"seed":20480119,"liveWin":true,"liveSeat":1,"steps":18,"ms":224,"liveWins":23,"games":46,"wr":0.5}
{"g":46,"seed":20490092,"liveWin":true,"liveSeat":0,"steps":23,"ms":112,"liveWins":24,"games":47,"wr":0.5106382978723404}
{"g":47,"seed":20490092,"liveWin":false,"liveSeat":1,"steps":23,"ms":88,"liveWins":24,"games":48,"wr":0.5}
{"g":48,"seed":20500065,"liveWin":false,"liveSeat":0,"steps":17,"ms":533,"liveWins":24,"games":49,"wr":0.4897959183673469}
{"g":49,"seed":20500065,"liveWin":true,"liveSeat":1,"steps":17,"ms":511,"liveWins":25,"games":50,"wr":0.5}
=== FINAL ===
{
  "protocol": "fair-hidden-gm-BR-both-equal",
  "infoModel": "hidden",
  "perfectInfo": false,
  "hiddenInfo": true,
  "brBoth": true,
  "equalBudget": true,
  "games": 50,
  "liveWins": 25,
  "freezeWins": 25,
  "liveWinRate": 0.5,
  "seed0": 20260713,
  "ms": 11593,
  "live": {
    "id": "v9.1",
    "stamped": "2026-07-13T02:50:38Z",
    "label": "Grandmaster v9.1 (ladder freeze)"
  },
  "freeze": {
    "id": "v9.1",
    "stamped": "2026-07-13T02:50:38Z",
    "label": "Grandmaster v9.1 (ladder freeze)"
  },
  "freezeTag": "v91",
  "challTag": "v91",
  "opts": {
    "difficulty": "grandmaster",
    "useSearch": true,
    "perfectInfo": false,
    "hiddenInfo": true,
    "timeMs": 150,
    "iterations": 60,
    "maxSims": 120,
    "brTrials": 12,
    "bestResponse": true,
    "exactExploit": false,
    "exploit": true,
    "softSamples": 4,
    "maxBranch": 12,
    "mode": "auto",
    "strongSelf": false
  },
  "perGame": [
    {
      "seed": 20260713,
      "liveWin": true,
      "liveSeat": 0,
      "steps": 17,
      "ms": 276
    },
    {
      "seed": 20260713,
      "liveWin": false,
      "liveSeat": 1,
      "steps": 17,
      "ms": 196
    },
    {
      "seed": 20270686,
      "liveWin": false,
      "liveSeat": 0,
      "steps": 19,
      "ms": 442
    },
    {
      "seed": 20270686,
      "liveWin": true,
      "liveSeat": 1,
      "steps": 19,
      "ms": 426
    },
    {
      "seed": 20280659,
      "liveWin": false,
      "liveSeat": 0,
      "steps": 22,
      "ms": 585
    },
    {
      "seed": 20280659,
      "liveWin": true,
      "liveSeat": 1,
      "steps": 22,
      "ms": 567
    },
    {
      "seed": 20290632,
      "liveWin": false,
      "liveSeat": 0,
      "steps": 20,
      "ms": 238
    },
    {
      "seed": 20290632,
      "liveWin": true,
      "liveSeat": 1,
      "steps": 20,
      "ms": 236
    },
    {
      "seed": 20300605,
      "liveWin": true,
      "liveSeat": 0,
      "steps": 22,
      "ms": 217
    },
    {
      "seed": 20300605,
      "liveWin": false,
      "liveSeat": 1,
      "steps": 22,
      "ms": 213
    },
    {
      "seed": 20310578,
      "liveWin": false,
      "liveSeat": 0,
      "steps": 18,
      "ms": 93
    },
    {
      "seed": 20310578,
      "liveWin": true,
      "liveSeat": 1,
      "steps": 18,
      "ms": 86
    },
    {
      "seed": 20320551,
      "liveWin": true,
      "liveSeat": 0,
      "steps": 20,
      "ms": 139
    },
    {
      "seed": 20320551,
      "liveWin": false,
      "liveSeat": 1,
      "steps": 20,
      "ms": 132
    },
    {
      "seed": 20330524,
      "liveWin": false,
      "liveSeat": 0,
      "steps": 19,
      "ms": 219
    },
    {
      "seed": 20330524,
      "liveWin": true,
      "liveSeat": 1,
      "steps": 19,
      "ms": 215
    },
    {
      "seed": 20340497,
      "liveWin": false,
      "liveSeat": 0,
      "steps": 21,
      "ms": 682
    },
    {
      "seed": 20340497,
      "liveWin": true,
      "liveSeat": 1,
      "steps": 21,
      "ms": 672
    },
    {
      "seed": 20350470,
      "liveWin": true,
      "liveSeat": 0,
      "steps": 17,
      "ms": 307
    },
    {
      "seed": 20350470,
      "liveWin": false,
      "liveSeat": 1,
      "steps": 17,
      "ms": 305
    },
    {
      "seed": 20360443,
      "liveWin": true,
      "liveSeat": 0,
      "steps": 22,
      "ms": 155
    },
    {
      "seed": 20360443,
      "liveWin": false,
      "liveSeat": 1,
      "steps": 22,
      "ms": 151
    },
    {
      "seed": 20370416,
      "liveWin": true,
      "liveSeat": 0,
      "steps": 19,
      "ms": 111
    },
    {
      "seed": 20370416,
      "liveWin": false,
      "liveSeat": 1,
      "steps": 19,
      "ms": 106
    },
    {
      "seed": 20380389,
      "liveWin": true,
      "liveSeat": 0,
      "steps": 14,
      "ms": 82
    },
    {
      "seed": 20380389,
      "liveWin": false,
      "liveSeat": 1,
      "steps": 14,
      "ms": 86
    },
    {
      "seed": 20390362,
      "liveWin": false,
      "liveSeat": 0,
      "steps": 16,
      "ms": 170
    },
    {
      "seed": 20390362,
      "liveWin": true,
      "liveSeat": 1,
      "steps": 16,
      "ms": 170
    },
    {
      "seed": 20400335,
      "liveWin": false,
      "liveSeat": 0,
      "steps": 24,
      "ms": 371
    },
    {
      "seed": 20400335,
      "liveWin": true,
      "liveSeat": 1,
      "steps": 24,
      "ms": 148
    },
    {
      "seed": 20410308,
      "liveWin": true,
      "liveSeat": 0,
      "steps": 19,
      "ms": 115
    },
    {
      "seed": 20410308,
      "liveWin": false,
      "liveSeat": 1,
      "steps": 19,
      "ms": 118
    },
    {
      "seed": 20420281,
      "liveWin": true,
      "liveSeat": 0,
      "steps": 23,
      "ms": 135
    },
    {
      "seed": 20420281,
      "liveWin": false,
      "liveSeat": 1,
      "steps": 23,
      "ms": 122
    },
    {
      "seed": 20430254,
      "liveWin": true,
      "liveSeat": 0,
      "steps": 14,
      "ms": 178
    },
    {
      "seed": 20430254,
      "liveWin": false,
      "liveSeat": 1,
      "steps": 14,
      "ms": 182
    },
    {
      "seed": 20440227,
      "liveWin": false,
      "liveSeat": 0,
      "steps": 14,
      "ms": 114
    },
    {
      "seed": 20440227,
      "liveWin": true,
      "liveSeat": 1,
      "steps": 14,
      "ms": 114
    },
    {
      "seed": 20450200,
      "liveWin": false,
      "liveSeat": 0,
      "steps": 13,
      "ms": 125
    },
    {
      "seed": 20450200,
      "liveWin": true,
      "liveSeat": 1,
      "steps": 13,
      "ms": 125
    },
    {
      "seed": 20460173,
      "liveWin": true,
      "liveSeat": 0,
      "steps": 22,
      "ms": 217
    },
    {
      "seed": 20460173,
      "liveWin": false,
      "liveSeat": 1,
      "steps": 22,
      "ms": 217
    },
    {
      "seed": 20470146,
      "liveWin": true,
      "liveSeat": 0,
      "steps": 25,
      "ms": 158
    },
    {
      "seed": 20470146,
      "liveWin": false,
      "liveSeat": 1,
      "steps": 25,
      "ms": 159
    },
    {
      "seed": 20480119,
      "liveWin": false,
      "liveSeat": 0,
      "steps": 18,
      "ms": 232
    },
    {
      "seed": 20480119,
      "liveWin": true,
      "liveSeat": 1,
      "steps": 18,
      "ms": 224
    },
    {
      "seed": 20490092,
      "liveWin": true,
      "liveSeat": 0,
      "steps": 23,
      "ms": 112
    },
    {
      "seed": 20490092,
      "liveWin": false,
      "liveSeat": 1,
      "steps": 23,
      "ms": 88
    },
    {
      "seed": 20500065,
      "liveWin": false,
      "liveSeat": 0,
      "steps": 17,
      "ms": 533
    },
    {
      "seed": 20500065,
      "liveWin": true,
      "liveSeat": 1,
      "steps": 17,
      "ms": 511
    }
  ],
  "lossSeeds": [
    20260713,
    20270686,
    20280659,
    20290632,
    20300605,
    20310578,
    20320551,
    20330524,
    20340497,
    20350470,
    20360443,
    20370416,
    20380389,
    20390362,
    20400335,
    20410308,
    20420281,
    20430254,
    20440227,
    20450200,
    20460173,
    20470146,
    20480119,
    20490092,
    20500065
  ],
  "target": 0.7,
  "passed": false
}
wrote /Users/johnhoang/Developer/Grok/tieng-len/evolve/identity-v91-fair-both-s13-n50.json
