=== HIDDEN GM dual freeze=v91 chall=v91 games=20 seed=20260711 ===
=== live vs freeze v91 games=20 target=0.7 ===
live build { id: 'v9.1',
  stamped: '2026-07-13T02:50:38Z',
  label: 'Grandmaster v9.1 (ladder freeze)' }
freeze build { id: 'v9.1',
  stamped: '2026-07-13T02:50:38Z',
  label: 'Grandmaster v9.1 (ladder freeze)' }
live opts { difficulty: 'grandmaster',
  timeMs: 200,
  iterations: 100,
  maxSims: 200,
  brTrials: 48,
  bestResponse: false,
  useSearch: true,
  perfectInfo: false,
  hiddenInfo: true,
  maxBranch: 20,
  dualSelf: false,
  exactExploit: false,
  mode: 'auto',
  combatRoot: false,
  flRoot: false,
  softSamples: 0,
  exploit: false }
freeze opts { difficulty: 'grandmaster',
  useSearch: true,
  perfectInfo: false,
  hiddenInfo: true,
  timeMs: 100,
  iterations: 50,
  maxSims: 100,
  bestResponse: false,
  maxBranch: 16,
  mode: 'auto',
  combatRoot: false,
  flRoot: false,
  dualSelf: false,
  exactExploit: false,
  softSamples: 0,
  exploit: false }
opponentFreeze policies/v91-ai.js + search
protocol { freezeDifficulty: 'grandmaster',
  liveDifficulty: 'grandmaster',
  infoModel: 'HIDDEN (ship)',
  livePerfect: false,
  freezePerfect: false,
  liveHidden: true,
  freezeHidden: true,
  brModel: 'freeze-grandmaster-low-budget-40ms-20it',
  equalBudget: false,
  identityBaseline: null,
  minDeltaWins: null }
evolve/run-hidden-gm-dual.sh: line 46: 12009 Terminated: 15          node evolve/bench-ladder.js
