{"start":true,"freeze":"v91","chall":"v91","live":{"id":"v9.1","stamped":"2026-07-13T02:50:38Z","label":"Grandmaster v9.1 (ladder freeze)"},"freezeBuild":{"id":"v9.1","stamped":"2026-07-13T02:50:38Z","label":"Grandmaster v9.1 (ladder freeze)"},"games":25,"seed0":20260714,"protocol":"fair-hidden-gm-BR-both-equal","opts":{"difficulty":"grandmaster","useSearch":true,"perfectInfo":false,"hiddenInfo":true,"timeMs":150,"iterations":60,"maxSims":120,"brTrials":12,"bestResponse":true,"exactExploit":false,"exploit":true,"softSamples":4,"maxBranch":12,"mode":"auto","strongSelf":false}}
{"g":0,"seed":20260714,"liveWin":false,"liveSeat":0,"steps":13,"ms":302,"liveWins":0,"games":1,"wr":0}
{"g":1,"seed":20260714,"liveWin":true,"liveSeat":1,"steps":13,"ms":215,"liveWins":1,"games":2,"wr":0.5}
{"g":2,"seed":20270687,"liveWin":true,"liveSeat":0,"steps":23,"ms":289,"liveWins":2,"games":3,"wr":0.6666666666666666}
{"g":3,"seed":20270687,"liveWin":false,"liveSeat":1,"steps":23,"ms":285,"liveWins":2,"games":4,"wr":0.5}
{"g":4,"seed":20280660,"liveWin":false,"liveSeat":0,"steps":19,"ms":583,"liveWins":2,"games":5,"wr":0.4}
{"g":5,"seed":20280660,"liveWin":true,"liveSeat":1,"steps":19,"ms":521,"liveWins":3,"games":6,"wr":0.5}
{"g":6,"seed":20290633,"liveWin":true,"liveSeat":0,"steps":11,"ms":390,"liveWins":4,"games":7,"wr":0.5714285714285714}
{"g":7,"seed":20290633,"liveWin":false,"liveSeat":1,"steps":11,"ms":390,"liveWins":4,"games":8,"wr":0.5}
{"g":8,"seed":20300606,"liveWin":true,"liveSeat":0,"steps":13,"ms":294,"liveWins":5,"games":9,"wr":0.5555555555555556}
{"g":9,"seed":20300606,"liveWin":false,"liveSeat":1,"steps":13,"ms":294,"liveWins":5,"games":10,"wr":0.5}
{"g":10,"seed":20310579,"liveWin":true,"liveSeat":0,"steps":17,"ms":302,"liveWins":6,"games":11,"wr":0.5454545454545454}
{"g":11,"seed":20310579,"liveWin":false,"liveSeat":1,"steps":17,"ms":287,"liveWins":6,"games":12,"wr":0.5}
{"g":12,"seed":20320552,"liveWin":false,"liveSeat":0,"steps":24,"ms":204,"liveWins":6,"games":13,"wr":0.46153846153846156}
{"g":13,"seed":20320552,"liveWin":true,"liveSeat":1,"steps":24,"ms":205,"liveWins":7,"games":14,"wr":0.5}
{"g":14,"seed":20330525,"liveWin":true,"liveSeat":0,"steps":14,"ms":203,"liveWins":8,"games":15,"wr":0.5333333333333333}
{"g":15,"seed":20330525,"liveWin":false,"liveSeat":1,"steps":14,"ms":203,"liveWins":8,"games":16,"wr":0.5}
{"g":16,"seed":20340498,"liveWin":false,"liveSeat":0,"steps":21,"ms":274,"liveWins":8,"games":17,"wr":0.47058823529411764}
{"g":17,"seed":20340498,"liveWin":true,"liveSeat":1,"steps":21,"ms":274,"liveWins":9,"games":18,"wr":0.5}
{"g":18,"seed":20350471,"liveWin":true,"liveSeat":0,"steps":22,"ms":385,"liveWins":10,"games":19,"wr":0.5263157894736842}
{"g":19,"seed":20350471,"liveWin":false,"liveSeat":1,"steps":22,"ms":383,"liveWins":10,"games":20,"wr":0.5}
{"g":20,"seed":20360444,"liveWin":false,"liveSeat":0,"steps":24,"ms":121,"liveWins":10,"games":21,"wr":0.47619047619047616}
{"g":21,"seed":20360444,"liveWin":true,"liveSeat":1,"steps":24,"ms":117,"liveWins":11,"games":22,"wr":0.5}
{"g":22,"seed":20370417,"liveWin":true,"liveSeat":0,"steps":16,"ms":131,"liveWins":12,"games":23,"wr":0.5217391304347826}
{"g":23,"seed":20370417,"liveWin":false,"liveSeat":1,"steps":16,"ms":125,"liveWins":12,"games":24,"wr":0.5}
{"g":24,"seed":20380390,"liveWin":true,"liveSeat":0,"steps":23,"ms":148,"liveWins":13,"games":25,"wr":0.52}
{"g":25,"seed":20380390,"liveWin":false,"liveSeat":1,"steps":23,"ms":147,"liveWins":13,"games":26,"wr":0.5}
{"g":26,"seed":20390363,"liveWin":true,"liveSeat":0,"steps":19,"ms":167,"liveWins":14,"games":27,"wr":0.5185185185185185}
{"g":27,"seed":20390363,"liveWin":false,"liveSeat":1,"steps":19,"ms":167,"liveWins":14,"games":28,"wr":0.5}
{"g":28,"seed":20400336,"liveWin":true,"liveSeat":0,"steps":13,"ms":331,"liveWins":15,"games":29,"wr":0.5172413793103449}
{"g":29,"seed":20400336,"liveWin":false,"liveSeat":1,"steps":13,"ms":334,"liveWins":15,"games":30,"wr":0.5}
{"g":30,"seed":20410309,"liveWin":true,"liveSeat":0,"steps":23,"ms":242,"liveWins":16,"games":31,"wr":0.5161290322580645}
{"g":31,"seed":20410309,"liveWin":false,"liveSeat":1,"steps":23,"ms":237,"liveWins":16,"games":32,"wr":0.5}
{"g":32,"seed":20420282,"liveWin":false,"liveSeat":0,"steps":19,"ms":348,"liveWins":16,"games":33,"wr":0.48484848484848486}
{"g":33,"seed":20420282,"liveWin":true,"liveSeat":1,"steps":19,"ms":348,"liveWins":17,"games":34,"wr":0.5}
{"g":34,"seed":20430255,"liveWin":false,"liveSeat":0,"steps":19,"ms":214,"liveWins":17,"games":35,"wr":0.4857142857142857}
{"g":35,"seed":20430255,"liveWin":true,"liveSeat":1,"steps":19,"ms":215,"liveWins":18,"games":36,"wr":0.5}
{"g":36,"seed":20440228,"liveWin":false,"liveSeat":0,"steps":25,"ms":387,"liveWins":18,"games":37,"wr":0.4864864864864865}
{"g":37,"seed":20440228,"liveWin":true,"liveSeat":1,"steps":25,"ms":388,"liveWins":19,"games":38,"wr":0.5}
{"g":38,"seed":20450201,"liveWin":true,"liveSeat":0,"steps":18,"ms":180,"liveWins":20,"games":39,"wr":0.5128205128205128}
{"g":39,"seed":20450201,"liveWin":false,"liveSeat":1,"steps":18,"ms":179,"liveWins":20,"games":40,"wr":0.5}
{"g":40,"seed":20460174,"liveWin":false,"liveSeat":0,"steps":20,"ms":221,"liveWins":20,"games":41,"wr":0.4878048780487805}
{"g":41,"seed":20460174,"liveWin":true,"liveSeat":1,"steps":20,"ms":220,"liveWins":21,"games":42,"wr":0.5}
{"g":42,"seed":20470147,"liveWin":false,"liveSeat":0,"steps":17,"ms":99,"liveWins":21,"games":43,"wr":0.4883720930232558}
{"g":43,"seed":20470147,"liveWin":true,"liveSeat":1,"steps":17,"ms":98,"liveWins":22,"games":44,"wr":0.5}
{"g":44,"seed":20480120,"liveWin":false,"liveSeat":0,"steps":23,"ms":105,"liveWins":22,"games":45,"wr":0.4888888888888889}
{"g":45,"seed":20480120,"liveWin":true,"liveSeat":1,"steps":23,"ms":105,"liveWins":23,"games":46,"wr":0.5}
{"g":46,"seed":20490093,"liveWin":false,"liveSeat":0,"steps":17,"ms":151,"liveWins":23,"games":47,"wr":0.48936170212765956}
{"g":47,"seed":20490093,"liveWin":true,"liveSeat":1,"steps":17,"ms":151,"liveWins":24,"games":48,"wr":0.5}
{"g":48,"seed":20500066,"liveWin":true,"liveSeat":0,"steps":17,"ms":345,"liveWins":25,"games":49,"wr":0.5102040816326531}
{"g":49,"seed":20500066,"liveWin":false,"liveSeat":1,"steps":17,"ms":347,"liveWins":25,"games":50,"wr":0.5}
=== FINAL ===
{
  "protocol": "fair-hidden-gm-BR-both-equal",
  "infoModel": "hidden",
  "perfectInfo": false,
  "hiddenInfo": true,
  "brBoth": true,
  "equalBudget": true,
  "games": 50,
  "liveWins": 25,
  "freezeWins": 25,
  "liveWinRate": 0.5,
  "seed0": 20260714,
  "ms": 12669,
  "live": {
    "id": "v9.1",
    "stamped": "2026-07-13T02:50:38Z",
    "label": "Grandmaster v9.1 (ladder freeze)"
  },
  "freeze": {
    "id": "v9.1",
    "stamped": "2026-07-13T02:50:38Z",
    "label": "Grandmaster v9.1 (ladder freeze)"
  },
  "freezeTag": "v91",
  "challTag": "v91",
  "opts": {
    "difficulty": "grandmaster",
    "useSearch": true,
    "perfectInfo": false,
    "hiddenInfo": true,
    "timeMs": 150,
    "iterations": 60,
    "maxSims": 120,
    "brTrials": 12,
    "bestResponse": true,
    "exactExploit": false,
    "exploit": true,
    "softSamples": 4,
    "maxBranch": 12,
    "mode": "auto",
    "strongSelf": false
  },
  "perGame": [
    {
      "seed": 20260714,
      "liveWin": false,
      "liveSeat": 0,
      "steps": 13,
      "ms": 302
    },
    {
      "seed": 20260714,
      "liveWin": true,
      "liveSeat": 1,
      "steps": 13,
      "ms": 215
    },
    {
      "seed": 20270687,
      "liveWin": true,
      "liveSeat": 0,
      "steps": 23,
      "ms": 289
    },
    {
      "seed": 20270687,
      "liveWin": false,
      "liveSeat": 1,
      "steps": 23,
      "ms": 285
    },
    {
      "seed": 20280660,
      "liveWin": false,
      "liveSeat": 0,
      "steps": 19,
      "ms": 583
    },
    {
      "seed": 20280660,
      "liveWin": true,
      "liveSeat": 1,
      "steps": 19,
      "ms": 521
    },
    {
      "seed": 20290633,
      "liveWin": true,
      "liveSeat": 0,
      "steps": 11,
      "ms": 390
    },
    {
      "seed": 20290633,
      "liveWin": false,
      "liveSeat": 1,
      "steps": 11,
      "ms": 390
    },
    {
      "seed": 20300606,
      "liveWin": true,
      "liveSeat": 0,
      "steps": 13,
      "ms": 294
    },
    {
      "seed": 20300606,
      "liveWin": false,
      "liveSeat": 1,
      "steps": 13,
      "ms": 294
    },
    {
      "seed": 20310579,
      "liveWin": true,
      "liveSeat": 0,
      "steps": 17,
      "ms": 302
    },
    {
      "seed": 20310579,
      "liveWin": false,
      "liveSeat": 1,
      "steps": 17,
      "ms": 287
    },
    {
      "seed": 20320552,
      "liveWin": false,
      "liveSeat": 0,
      "steps": 24,
      "ms": 204
    },
    {
      "seed": 20320552,
      "liveWin": true,
      "liveSeat": 1,
      "steps": 24,
      "ms": 205
    },
    {
      "seed": 20330525,
      "liveWin": true,
      "liveSeat": 0,
      "steps": 14,
      "ms": 203
    },
    {
      "seed": 20330525,
      "liveWin": false,
      "liveSeat": 1,
      "steps": 14,
      "ms": 203
    },
    {
      "seed": 20340498,
      "liveWin": false,
      "liveSeat": 0,
      "steps": 21,
      "ms": 274
    },
    {
      "seed": 20340498,
      "liveWin": true,
      "liveSeat": 1,
      "steps": 21,
      "ms": 274
    },
    {
      "seed": 20350471,
      "liveWin": true,
      "liveSeat": 0,
      "steps": 22,
      "ms": 385
    },
    {
      "seed": 20350471,
      "liveWin": false,
      "liveSeat": 1,
      "steps": 22,
      "ms": 383
    },
    {
      "seed": 20360444,
      "liveWin": false,
      "liveSeat": 0,
      "steps": 24,
      "ms": 121
    },
    {
      "seed": 20360444,
      "liveWin": true,
      "liveSeat": 1,
      "steps": 24,
      "ms": 117
    },
    {
      "seed": 20370417,
      "liveWin": true,
      "liveSeat": 0,
      "steps": 16,
      "ms": 131
    },
    {
      "seed": 20370417,
      "liveWin": false,
      "liveSeat": 1,
      "steps": 16,
      "ms": 125
    },
    {
      "seed": 20380390,
      "liveWin": true,
      "liveSeat": 0,
      "steps": 23,
      "ms": 148
    },
    {
      "seed": 20380390,
      "liveWin": false,
      "liveSeat": 1,
      "steps": 23,
      "ms": 147
    },
    {
      "seed": 20390363,
      "liveWin": true,
      "liveSeat": 0,
      "steps": 19,
      "ms": 167
    },
    {
      "seed": 20390363,
      "liveWin": false,
      "liveSeat": 1,
      "steps": 19,
      "ms": 167
    },
    {
      "seed": 20400336,
      "liveWin": true,
      "liveSeat": 0,
      "steps": 13,
      "ms": 331
    },
    {
      "seed": 20400336,
      "liveWin": false,
      "liveSeat": 1,
      "steps": 13,
      "ms": 334
    },
    {
      "seed": 20410309,
      "liveWin": true,
      "liveSeat": 0,
      "steps": 23,
      "ms": 242
    },
    {
      "seed": 20410309,
      "liveWin": false,
      "liveSeat": 1,
      "steps": 23,
      "ms": 237
    },
    {
      "seed": 20420282,
      "liveWin": false,
      "liveSeat": 0,
      "steps": 19,
      "ms": 348
    },
    {
      "seed": 20420282,
      "liveWin": true,
      "liveSeat": 1,
      "steps": 19,
      "ms": 348
    },
    {
      "seed": 20430255,
      "liveWin": false,
      "liveSeat": 0,
      "steps": 19,
      "ms": 214
    },
    {
      "seed": 20430255,
      "liveWin": true,
      "liveSeat": 1,
      "steps": 19,
      "ms": 215
    },
    {
      "seed": 20440228,
      "liveWin": false,
      "liveSeat": 0,
      "steps": 25,
      "ms": 387
    },
    {
      "seed": 20440228,
      "liveWin": true,
      "liveSeat": 1,
      "steps": 25,
      "ms": 388
    },
    {
      "seed": 20450201,
      "liveWin": true,
      "liveSeat": 0,
      "steps": 18,
      "ms": 180
    },
    {
      "seed": 20450201,
      "liveWin": false,
      "liveSeat": 1,
      "steps": 18,
      "ms": 179
    },
    {
      "seed": 20460174,
      "liveWin": false,
      "liveSeat": 0,
      "steps": 20,
      "ms": 221
    },
    {
      "seed": 20460174,
      "liveWin": true,
      "liveSeat": 1,
      "steps": 20,
      "ms": 220
    },
    {
      "seed": 20470147,
      "liveWin": false,
      "liveSeat": 0,
      "steps": 17,
      "ms": 99
    },
    {
      "seed": 20470147,
      "liveWin": true,
      "liveSeat": 1,
      "steps": 17,
      "ms": 98
    },
    {
      "seed": 20480120,
      "liveWin": false,
      "liveSeat": 0,
      "steps": 23,
      "ms": 105
    },
    {
      "seed": 20480120,
      "liveWin": true,
      "liveSeat": 1,
      "steps": 23,
      "ms": 105
    },
    {
      "seed": 20490093,
      "liveWin": false,
      "liveSeat": 0,
      "steps": 17,
      "ms": 151
    },
    {
      "seed": 20490093,
      "liveWin": true,
      "liveSeat": 1,
      "steps": 17,
      "ms": 151
    },
    {
      "seed": 20500066,
      "liveWin": true,
      "liveSeat": 0,
      "steps": 17,
      "ms": 345
    },
    {
      "seed": 20500066,
      "liveWin": false,
      "liveSeat": 1,
      "steps": 17,
      "ms": 347
    }
  ],
  "lossSeeds": [
    20260714,
    20270687,
    20280660,
    20290633,
    20300606,
    20310579,
    20320552,
    20330525,
    20340498,
    20350471,
    20360444,
    20370417,
    20380390,
    20390363,
    20400336,
    20410309,
    20420282,
    20430255,
    20440228,
    20450201,
    20460174,
    20470147,
    20480120,
    20490093,
    20500066
  ],
  "target": 0.7,
  "passed": false
}
wrote /Users/johnhoang/Developer/Grok/tieng-len/evolve/identity-v91-fair-both-s14-n50.json
