{"start":true,"freeze":"v91","chall":"v91","live":{"id":"v9.1","stamped":"2026-07-13T02:50:38Z","label":"Grandmaster v9.1 (ladder freeze)"},"freezeBuild":{"id":"v9.1","stamped":"2026-07-13T02:50:38Z","label":"Grandmaster v9.1 (ladder freeze)"},"games":20,"seed0":20260711,"protocol":"fair-hidden-gm-BR-both-equal","opts":{"difficulty":"grandmaster","useSearch":true,"perfectInfo":false,"hiddenInfo":true,"timeMs":180,"iterations":60,"maxSims":120,"brTrials":16,"bestResponse":true,"exactExploit":false,"exploit":true,"softSamples":6,"maxBranch":12,"mode":"auto","strongSelf":false}}
{"g":0,"seed":20260711,"liveWin":false,"steps":20,"ms":456,"liveWins":0,"games":1,"wr":0}
{"g":1,"seed":20270684,"liveWin":false,"steps":22,"ms":506,"liveWins":0,"games":2,"wr":0}
{"g":2,"seed":20280657,"liveWin":false,"steps":20,"ms":371,"liveWins":0,"games":3,"wr":0}
{"g":3,"seed":20290630,"liveWin":false,"steps":20,"ms":162,"liveWins":0,"games":4,"wr":0}
{"g":4,"seed":20300603,"liveWin":true,"steps":18,"ms":490,"liveWins":1,"games":5,"wr":0.2}
{"g":5,"seed":20310576,"liveWin":false,"steps":14,"ms":203,"liveWins":1,"games":6,"wr":0.16666666666666666}
{"g":6,"seed":20320549,"liveWin":true,"steps":11,"ms":153,"liveWins":2,"games":7,"wr":0.2857142857142857}
{"g":7,"seed":20330522,"liveWin":false,"steps":14,"ms":466,"liveWins":2,"games":8,"wr":0.25}
{"g":8,"seed":20340495,"liveWin":true,"steps":20,"ms":255,"liveWins":3,"games":9,"wr":0.3333333333333333}
{"g":9,"seed":20350468,"liveWin":false,"steps":22,"ms":328,"liveWins":3,"games":10,"wr":0.3}
{"g":10,"seed":20360441,"liveWin":false,"steps":18,"ms":424,"liveWins":3,"games":11,"wr":0.2727272727272727}
{"g":11,"seed":20370414,"liveWin":true,"steps":20,"ms":205,"liveWins":4,"games":12,"wr":0.3333333333333333}
{"g":12,"seed":20380387,"liveWin":true,"steps":16,"ms":438,"liveWins":5,"games":13,"wr":0.38461538461538464}
{"g":13,"seed":20390360,"liveWin":false,"steps":12,"ms":483,"liveWins":5,"games":14,"wr":0.35714285714285715}
{"g":14,"seed":20400333,"liveWin":true,"steps":20,"ms":416,"liveWins":6,"games":15,"wr":0.4}
{"g":15,"seed":20410306,"liveWin":false,"steps":11,"ms":190,"liveWins":6,"games":16,"wr":0.375}
{"g":16,"seed":20420279,"liveWin":true,"steps":20,"ms":422,"liveWins":7,"games":17,"wr":0.4117647058823529}
{"g":17,"seed":20430252,"liveWin":false,"steps":16,"ms":256,"liveWins":7,"games":18,"wr":0.3888888888888889}
{"g":18,"seed":20440225,"liveWin":false,"steps":17,"ms":466,"liveWins":7,"games":19,"wr":0.3684210526315789}
{"g":19,"seed":20450198,"liveWin":true,"steps":14,"ms":282,"liveWins":8,"games":20,"wr":0.4}
=== FINAL ===
{
  "protocol": "fair-hidden-gm-BR-both-equal",
  "infoModel": "hidden",
  "perfectInfo": false,
  "hiddenInfo": true,
  "brBoth": true,
  "equalBudget": true,
  "games": 20,
  "liveWins": 8,
  "freezeWins": 12,
  "liveWinRate": 0.4,
  "seed0": 20260711,
  "ms": 6977,
  "live": {
    "id": "v9.1",
    "stamped": "2026-07-13T02:50:38Z",
    "label": "Grandmaster v9.1 (ladder freeze)"
  },
  "freeze": {
    "id": "v9.1",
    "stamped": "2026-07-13T02:50:38Z",
    "label": "Grandmaster v9.1 (ladder freeze)"
  },
  "freezeTag": "v91",
  "challTag": "v91",
  "opts": {
    "difficulty": "grandmaster",
    "useSearch": true,
    "perfectInfo": false,
    "hiddenInfo": true,
    "timeMs": 180,
    "iterations": 60,
    "maxSims": 120,
    "brTrials": 16,
    "bestResponse": true,
    "exactExploit": false,
    "exploit": true,
    "softSamples": 6,
    "maxBranch": 12,
    "mode": "auto",
    "strongSelf": false
  },
  "perGame": [
    {
      "seed": 20260711,
      "liveWin": false,
      "liveSeat": 1,
      "steps": 20,
      "ms": 456
    },
    {
      "seed": 20270684,
      "liveWin": false,
      "liveSeat": 0,
      "steps": 22,
      "ms": 506
    },
    {
      "seed": 20280657,
      "liveWin": false,
      "liveSeat": 1,
      "steps": 20,
      "ms": 371
    },
    {
      "seed": 20290630,
      "liveWin": false,
      "liveSeat": 0,
      "steps": 20,
      "ms": 162
    },
    {
      "seed": 20300603,
      "liveWin": true,
      "liveSeat": 1,
      "steps": 18,
      "ms": 490
    },
    {
      "seed": 20310576,
      "liveWin": false,
      "liveSeat": 0,
      "steps": 14,
      "ms": 203
    },
    {
      "seed": 20320549,
      "liveWin": true,
      "liveSeat": 1,
      "steps": 11,
      "ms": 153
    },
    {
      "seed": 20330522,
      "liveWin": false,
      "liveSeat": 0,
      "steps": 14,
      "ms": 466
    },
    {
      "seed": 20340495,
      "liveWin": true,
      "liveSeat": 1,
      "steps": 20,
      "ms": 255
    },
    {
      "seed": 20350468,
      "liveWin": false,
      "liveSeat": 0,
      "steps": 22,
      "ms": 328
    },
    {
      "seed": 20360441,
      "liveWin": false,
      "liveSeat": 1,
      "steps": 18,
      "ms": 424
    },
    {
      "seed": 20370414,
      "liveWin": true,
      "liveSeat": 0,
      "steps": 20,
      "ms": 205
    },
    {
      "seed": 20380387,
      "liveWin": true,
      "liveSeat": 1,
      "steps": 16,
      "ms": 438
    },
    {
      "seed": 20390360,
      "liveWin": false,
      "liveSeat": 0,
      "steps": 12,
      "ms": 483
    },
    {
      "seed": 20400333,
      "liveWin": true,
      "liveSeat": 1,
      "steps": 20,
      "ms": 416
    },
    {
      "seed": 20410306,
      "liveWin": false,
      "liveSeat": 0,
      "steps": 11,
      "ms": 190
    },
    {
      "seed": 20420279,
      "liveWin": true,
      "liveSeat": 1,
      "steps": 20,
      "ms": 422
    },
    {
      "seed": 20430252,
      "liveWin": false,
      "liveSeat": 0,
      "steps": 16,
      "ms": 256
    },
    {
      "seed": 20440225,
      "liveWin": false,
      "liveSeat": 1,
      "steps": 17,
      "ms": 466
    },
    {
      "seed": 20450198,
      "liveWin": true,
      "liveSeat": 0,
      "steps": 14,
      "ms": 282
    }
  ],
  "lossSeeds": [
    20260711,
    20270684,
    20280657,
    20290630,
    20310576,
    20330522,
    20350468,
    20360441,
    20390360,
    20410306,
    20430252,
    20440225
  ],
  "target": 0.7,
  "passed": false
}
wrote /Users/johnhoang/Developer/Grok/tieng-len/evolve/identity-v91-fair-ex-n20.json
