{"start":true,"freeze":"v91","chall":"v91","live":{"id":"v9.1","stamped":"2026-07-13T02:50:38Z","label":"Grandmaster v9.1 (ladder freeze)"},"freezeBuild":{"id":"v9.1","stamped":"2026-07-13T02:50:38Z","label":"Grandmaster v9.1 (ladder freeze)"},"games":50,"seed0":20260711,"protocol":"fair-hidden-gm-BR-both-equal","opts":{"difficulty":"grandmaster","useSearch":true,"perfectInfo":false,"hiddenInfo":true,"timeMs":150,"iterations":60,"maxSims":120,"brTrials":12,"bestResponse":true,"exactExploit":false,"exploit":true,"softSamples":4,"maxBranch":12,"mode":"auto","strongSelf":false}}
{"g":0,"seed":20260711,"liveWin":true,"liveSeat":0,"steps":20,"ms":346,"liveWins":1,"games":1,"wr":1}
{"g":1,"seed":20260711,"liveWin":false,"liveSeat":1,"steps":20,"ms":273,"liveWins":1,"games":2,"wr":0.5}
{"g":2,"seed":20270684,"liveWin":false,"liveSeat":0,"steps":22,"ms":365,"liveWins":1,"games":3,"wr":0.3333333333333333}
{"g":3,"seed":20270684,"liveWin":true,"liveSeat":1,"steps":22,"ms":427,"liveWins":2,"games":4,"wr":0.5}
{"g":4,"seed":20280657,"liveWin":true,"liveSeat":0,"steps":18,"ms":259,"liveWins":3,"games":5,"wr":0.6}
{"g":5,"seed":20280657,"liveWin":false,"liveSeat":1,"steps":18,"ms":244,"liveWins":3,"games":6,"wr":0.5}
{"g":6,"seed":20290630,"liveWin":false,"liveSeat":0,"steps":20,"ms":112,"liveWins":3,"games":7,"wr":0.42857142857142855}
{"g":7,"seed":20290630,"liveWin":true,"liveSeat":1,"steps":20,"ms":115,"liveWins":4,"games":8,"wr":0.5}
{"g":8,"seed":20300603,"liveWin":false,"liveSeat":0,"steps":18,"ms":338,"liveWins":4,"games":9,"wr":0.4444444444444444}
{"g":9,"seed":20300603,"liveWin":true,"liveSeat":1,"steps":18,"ms":335,"liveWins":5,"games":10,"wr":0.5}
{"g":10,"seed":20310576,"liveWin":false,"liveSeat":0,"steps":14,"ms":145,"liveWins":5,"games":11,"wr":0.45454545454545453}
{"g":11,"seed":20310576,"liveWin":true,"liveSeat":1,"steps":14,"ms":137,"liveWins":6,"games":12,"wr":0.5}
{"g":12,"seed":20320549,"liveWin":false,"liveSeat":0,"steps":11,"ms":113,"liveWins":6,"games":13,"wr":0.46153846153846156}
{"g":13,"seed":20320549,"liveWin":true,"liveSeat":1,"steps":11,"ms":100,"liveWins":7,"games":14,"wr":0.5}
{"g":14,"seed":20330522,"liveWin":false,"liveSeat":0,"steps":14,"ms":330,"liveWins":7,"games":15,"wr":0.4666666666666667}
{"g":15,"seed":20330522,"liveWin":true,"liveSeat":1,"steps":14,"ms":328,"liveWins":8,"games":16,"wr":0.5}
{"g":16,"seed":20340495,"liveWin":false,"liveSeat":0,"steps":20,"ms":180,"liveWins":8,"games":17,"wr":0.47058823529411764}
{"g":17,"seed":20340495,"liveWin":true,"liveSeat":1,"steps":20,"ms":179,"liveWins":9,"games":18,"wr":0.5}
{"g":18,"seed":20350468,"liveWin":false,"liveSeat":0,"steps":22,"ms":242,"liveWins":9,"games":19,"wr":0.47368421052631576}
{"g":19,"seed":20350468,"liveWin":true,"liveSeat":1,"steps":22,"ms":242,"liveWins":10,"games":20,"wr":0.5}
{"g":20,"seed":20360441,"liveWin":true,"liveSeat":0,"steps":18,"ms":306,"liveWins":11,"games":21,"wr":0.5238095238095238}
{"g":21,"seed":20360441,"liveWin":false,"liveSeat":1,"steps":18,"ms":304,"liveWins":11,"games":22,"wr":0.5}
{"g":22,"seed":20370414,"liveWin":true,"liveSeat":0,"steps":20,"ms":148,"liveWins":12,"games":23,"wr":0.5217391304347826}
{"g":23,"seed":20370414,"liveWin":false,"liveSeat":1,"steps":20,"ms":147,"liveWins":12,"games":24,"wr":0.5}
{"g":24,"seed":20380387,"liveWin":false,"liveSeat":0,"steps":16,"ms":363,"liveWins":12,"games":25,"wr":0.48}
{"g":25,"seed":20380387,"liveWin":true,"liveSeat":1,"steps":16,"ms":153,"liveWins":13,"games":26,"wr":0.5}
{"g":26,"seed":20390360,"liveWin":true,"liveSeat":0,"steps":17,"ms":361,"liveWins":14,"games":27,"wr":0.5185185185185185}
{"g":27,"seed":20390360,"liveWin":false,"liveSeat":1,"steps":17,"ms":361,"liveWins":14,"games":28,"wr":0.5}
{"g":28,"seed":20400333,"liveWin":false,"liveSeat":0,"steps":20,"ms":338,"liveWins":14,"games":29,"wr":0.4827586206896552}
{"g":29,"seed":20400333,"liveWin":true,"liveSeat":1,"steps":20,"ms":317,"liveWins":15,"games":30,"wr":0.5}
{"g":30,"seed":20410306,"liveWin":false,"liveSeat":0,"steps":11,"ms":137,"liveWins":15,"games":31,"wr":0.4838709677419355}
{"g":31,"seed":20410306,"liveWin":true,"liveSeat":1,"steps":11,"ms":137,"liveWins":16,"games":32,"wr":0.5}
{"g":32,"seed":20420279,"liveWin":false,"liveSeat":0,"steps":20,"ms":306,"liveWins":16,"games":33,"wr":0.48484848484848486}
{"g":33,"seed":20420279,"liveWin":true,"liveSeat":1,"steps":20,"ms":305,"liveWins":17,"games":34,"wr":0.5}
{"g":34,"seed":20430252,"liveWin":false,"liveSeat":0,"steps":16,"ms":217,"liveWins":17,"games":35,"wr":0.4857142857142857}
{"g":35,"seed":20430252,"liveWin":true,"liveSeat":1,"steps":16,"ms":215,"liveWins":18,"games":36,"wr":0.5}
{"g":36,"seed":20440225,"liveWin":true,"liveSeat":0,"steps":17,"ms":349,"liveWins":19,"games":37,"wr":0.5135135135135135}
{"g":37,"seed":20440225,"liveWin":false,"liveSeat":1,"steps":17,"ms":348,"liveWins":19,"games":38,"wr":0.5}
{"g":38,"seed":20450198,"liveWin":true,"liveSeat":0,"steps":14,"ms":198,"liveWins":20,"games":39,"wr":0.5128205128205128}
{"g":39,"seed":20450198,"liveWin":false,"liveSeat":1,"steps":14,"ms":199,"liveWins":20,"games":40,"wr":0.5}
{"g":40,"seed":20460171,"liveWin":false,"liveSeat":0,"steps":19,"ms":71,"liveWins":20,"games":41,"wr":0.4878048780487805}
{"g":41,"seed":20460171,"liveWin":true,"liveSeat":1,"steps":19,"ms":73,"liveWins":21,"games":42,"wr":0.5}
{"g":42,"seed":20470144,"liveWin":true,"liveSeat":0,"steps":24,"ms":429,"liveWins":22,"games":43,"wr":0.5116279069767442}
{"g":43,"seed":20470144,"liveWin":false,"liveSeat":1,"steps":24,"ms":433,"liveWins":22,"games":44,"wr":0.5}
{"g":44,"seed":20480117,"liveWin":false,"liveSeat":0,"steps":21,"ms":281,"liveWins":22,"games":45,"wr":0.4888888888888889}
{"g":45,"seed":20480117,"liveWin":true,"liveSeat":1,"steps":21,"ms":286,"liveWins":23,"games":46,"wr":0.5}
{"g":46,"seed":20490090,"liveWin":false,"liveSeat":0,"steps":15,"ms":282,"liveWins":23,"games":47,"wr":0.48936170212765956}
{"g":47,"seed":20490090,"liveWin":true,"liveSeat":1,"steps":15,"ms":289,"liveWins":24,"games":48,"wr":0.5}
{"g":48,"seed":20500063,"liveWin":true,"liveSeat":0,"steps":17,"ms":219,"liveWins":25,"games":49,"wr":0.5102040816326531}
{"g":49,"seed":20500063,"liveWin":false,"liveSeat":1,"steps":17,"ms":216,"liveWins":25,"games":50,"wr":0.5}
{"g":50,"seed":20510036,"liveWin":false,"liveSeat":0,"steps":17,"ms":205,"liveWins":25,"games":51,"wr":0.49019607843137253}
{"g":51,"seed":20510036,"liveWin":true,"liveSeat":1,"steps":17,"ms":182,"liveWins":26,"games":52,"wr":0.5}
{"g":52,"seed":20520009,"liveWin":false,"liveSeat":0,"steps":20,"ms":183,"liveWins":26,"games":53,"wr":0.49056603773584906}
{"g":53,"seed":20520009,"liveWin":true,"liveSeat":1,"steps":20,"ms":187,"liveWins":27,"games":54,"wr":0.5}
{"g":54,"seed":20529982,"liveWin":true,"liveSeat":0,"steps":16,"ms":220,"liveWins":28,"games":55,"wr":0.509090909090909}
{"g":55,"seed":20529982,"liveWin":false,"liveSeat":1,"steps":16,"ms":211,"liveWins":28,"games":56,"wr":0.5}
{"g":56,"seed":20539955,"liveWin":true,"liveSeat":0,"steps":14,"ms":51,"liveWins":29,"games":57,"wr":0.5087719298245614}
{"g":57,"seed":20539955,"liveWin":false,"liveSeat":1,"steps":14,"ms":51,"liveWins":29,"games":58,"wr":0.5}
{"g":58,"seed":20549928,"liveWin":false,"liveSeat":0,"steps":12,"ms":125,"liveWins":29,"games":59,"wr":0.4915254237288136}
{"g":59,"seed":20549928,"liveWin":true,"liveSeat":1,"steps":12,"ms":125,"liveWins":30,"games":60,"wr":0.5}
{"g":60,"seed":20559901,"liveWin":false,"liveSeat":0,"steps":23,"ms":86,"liveWins":30,"games":61,"wr":0.4918032786885246}
{"g":61,"seed":20559901,"liveWin":true,"liveSeat":1,"steps":23,"ms":84,"liveWins":31,"games":62,"wr":0.5}
{"g":62,"seed":20569874,"liveWin":true,"liveSeat":0,"steps":13,"ms":179,"liveWins":32,"games":63,"wr":0.5079365079365079}
{"g":63,"seed":20569874,"liveWin":false,"liveSeat":1,"steps":13,"ms":187,"liveWins":32,"games":64,"wr":0.5}
{"g":64,"seed":20579847,"liveWin":true,"liveSeat":0,"steps":21,"ms":458,"liveWins":33,"games":65,"wr":0.5076923076923077}
{"g":65,"seed":20579847,"liveWin":false,"liveSeat":1,"steps":21,"ms":454,"liveWins":33,"games":66,"wr":0.5}
{"g":66,"seed":20589820,"liveWin":false,"liveSeat":0,"steps":18,"ms":156,"liveWins":33,"games":67,"wr":0.4925373134328358}
{"g":67,"seed":20589820,"liveWin":true,"liveSeat":1,"steps":18,"ms":156,"liveWins":34,"games":68,"wr":0.5}
{"g":68,"seed":20599793,"liveWin":true,"liveSeat":0,"steps":20,"ms":169,"liveWins":35,"games":69,"wr":0.5072463768115942}
{"g":69,"seed":20599793,"liveWin":false,"liveSeat":1,"steps":20,"ms":176,"liveWins":35,"games":70,"wr":0.5}
{"g":70,"seed":20609766,"liveWin":false,"liveSeat":0,"steps":25,"ms":296,"liveWins":35,"games":71,"wr":0.49295774647887325}
{"g":71,"seed":20609766,"liveWin":true,"liveSeat":1,"steps":25,"ms":291,"liveWins":36,"games":72,"wr":0.5}
{"g":72,"seed":20619739,"liveWin":true,"liveSeat":0,"steps":19,"ms":59,"liveWins":37,"games":73,"wr":0.5068493150684932}
{"g":73,"seed":20619739,"liveWin":false,"liveSeat":1,"steps":19,"ms":60,"liveWins":37,"games":74,"wr":0.5}
{"g":74,"seed":20629712,"liveWin":false,"liveSeat":0,"steps":19,"ms":396,"liveWins":37,"games":75,"wr":0.49333333333333335}
{"g":75,"seed":20629712,"liveWin":true,"liveSeat":1,"steps":19,"ms":397,"liveWins":38,"games":76,"wr":0.5}
{"g":76,"seed":20639685,"liveWin":false,"liveSeat":0,"steps":18,"ms":308,"liveWins":38,"games":77,"wr":0.4935064935064935}
{"g":77,"seed":20639685,"liveWin":true,"liveSeat":1,"steps":18,"ms":311,"liveWins":39,"games":78,"wr":0.5}
{"g":78,"seed":20649658,"liveWin":true,"liveSeat":0,"steps":25,"ms":240,"liveWins":40,"games":79,"wr":0.5063291139240507}
{"g":79,"seed":20649658,"liveWin":false,"liveSeat":1,"steps":25,"ms":227,"liveWins":40,"games":80,"wr":0.5}
{"g":80,"seed":20659631,"liveWin":true,"liveSeat":0,"steps":20,"ms":135,"liveWins":41,"games":81,"wr":0.5061728395061729}
{"g":81,"seed":20659631,"liveWin":false,"liveSeat":1,"steps":20,"ms":135,"liveWins":41,"games":82,"wr":0.5}
{"g":82,"seed":20669604,"liveWin":false,"liveSeat":0,"steps":12,"ms":133,"liveWins":41,"games":83,"wr":0.4939759036144578}
{"g":83,"seed":20669604,"liveWin":true,"liveSeat":1,"steps":12,"ms":136,"liveWins":42,"games":84,"wr":0.5}
{"g":84,"seed":20679577,"liveWin":false,"liveSeat":0,"steps":18,"ms":58,"liveWins":42,"games":85,"wr":0.49411764705882355}
{"g":85,"seed":20679577,"liveWin":true,"liveSeat":1,"steps":18,"ms":56,"liveWins":43,"games":86,"wr":0.5}
{"g":86,"seed":20689550,"liveWin":false,"liveSeat":0,"steps":10,"ms":225,"liveWins":43,"games":87,"wr":0.4942528735632184}
{"g":87,"seed":20689550,"liveWin":true,"liveSeat":1,"steps":10,"ms":218,"liveWins":44,"games":88,"wr":0.5}
{"g":88,"seed":20699523,"liveWin":false,"liveSeat":0,"steps":12,"ms":191,"liveWins":44,"games":89,"wr":0.4943820224719101}
{"g":89,"seed":20699523,"liveWin":true,"liveSeat":1,"steps":12,"ms":185,"liveWins":45,"games":90,"wr":0.5}
{"g":90,"seed":20709496,"liveWin":false,"liveSeat":0,"steps":12,"ms":72,"liveWins":45,"games":91,"wr":0.4945054945054945}
{"g":91,"seed":20709496,"liveWin":true,"liveSeat":1,"steps":12,"ms":72,"liveWins":46,"games":92,"wr":0.5}
{"g":92,"seed":20719469,"liveWin":false,"liveSeat":0,"steps":25,"ms":225,"liveWins":46,"games":93,"wr":0.4946236559139785}
{"g":93,"seed":20719469,"liveWin":true,"liveSeat":1,"steps":25,"ms":224,"liveWins":47,"games":94,"wr":0.5}
{"g":94,"seed":20729442,"liveWin":false,"liveSeat":0,"steps":14,"ms":56,"liveWins":47,"games":95,"wr":0.49473684210526314}
{"g":95,"seed":20729442,"liveWin":true,"liveSeat":1,"steps":14,"ms":56,"liveWins":48,"games":96,"wr":0.5}
{"g":96,"seed":20739415,"liveWin":true,"liveSeat":0,"steps":22,"ms":123,"liveWins":49,"games":97,"wr":0.5051546391752577}
{"g":97,"seed":20739415,"liveWin":false,"liveSeat":1,"steps":22,"ms":123,"liveWins":49,"games":98,"wr":0.5}
{"g":98,"seed":20749388,"liveWin":false,"liveSeat":0,"steps":19,"ms":143,"liveWins":49,"games":99,"wr":0.494949494949495}
{"g":99,"seed":20749388,"liveWin":true,"liveSeat":1,"steps":19,"ms":139,"liveWins":50,"games":100,"wr":0.5}
=== FINAL ===
{
  "protocol": "fair-hidden-gm-BR-both-equal",
  "infoModel": "hidden",
  "perfectInfo": false,
  "hiddenInfo": true,
  "brBoth": true,
  "equalBudget": true,
  "games": 100,
  "liveWins": 50,
  "freezeWins": 50,
  "liveWinRate": 0.5,
  "seed0": 20260711,
  "ms": 21576,
  "live": {
    "id": "v9.1",
    "stamped": "2026-07-13T02:50:38Z",
    "label": "Grandmaster v9.1 (ladder freeze)"
  },
  "freeze": {
    "id": "v9.1",
    "stamped": "2026-07-13T02:50:38Z",
    "label": "Grandmaster v9.1 (ladder freeze)"
  },
  "freezeTag": "v91",
  "challTag": "v91",
  "opts": {
    "difficulty": "grandmaster",
    "useSearch": true,
    "perfectInfo": false,
    "hiddenInfo": true,
    "timeMs": 150,
    "iterations": 60,
    "maxSims": 120,
    "brTrials": 12,
    "bestResponse": true,
    "exactExploit": false,
    "exploit": true,
    "softSamples": 4,
    "maxBranch": 12,
    "mode": "auto",
    "strongSelf": false
  },
  "perGame": [
    {
      "seed": 20260711,
      "liveWin": true,
      "liveSeat": 0,
      "steps": 20,
      "ms": 346
    },
    {
      "seed": 20260711,
      "liveWin": false,
      "liveSeat": 1,
      "steps": 20,
      "ms": 273
    },
    {
      "seed": 20270684,
      "liveWin": false,
      "liveSeat": 0,
      "steps": 22,
      "ms": 365
    },
    {
      "seed": 20270684,
      "liveWin": true,
      "liveSeat": 1,
      "steps": 22,
      "ms": 427
    },
    {
      "seed": 20280657,
      "liveWin": true,
      "liveSeat": 0,
      "steps": 18,
      "ms": 259
    },
    {
      "seed": 20280657,
      "liveWin": false,
      "liveSeat": 1,
      "steps": 18,
      "ms": 244
    },
    {
      "seed": 20290630,
      "liveWin": false,
      "liveSeat": 0,
      "steps": 20,
      "ms": 112
    },
    {
      "seed": 20290630,
      "liveWin": true,
      "liveSeat": 1,
      "steps": 20,
      "ms": 115
    },
    {
      "seed": 20300603,
      "liveWin": false,
      "liveSeat": 0,
      "steps": 18,
      "ms": 338
    },
    {
      "seed": 20300603,
      "liveWin": true,
      "liveSeat": 1,
      "steps": 18,
      "ms": 335
    },
    {
      "seed": 20310576,
      "liveWin": false,
      "liveSeat": 0,
      "steps": 14,
      "ms": 145
    },
    {
      "seed": 20310576,
      "liveWin": true,
      "liveSeat": 1,
      "steps": 14,
      "ms": 137
    },
    {
      "seed": 20320549,
      "liveWin": false,
      "liveSeat": 0,
      "steps": 11,
      "ms": 113
    },
    {
      "seed": 20320549,
      "liveWin": true,
      "liveSeat": 1,
      "steps": 11,
      "ms": 100
    },
    {
      "seed": 20330522,
      "liveWin": false,
      "liveSeat": 0,
      "steps": 14,
      "ms": 330
    },
    {
      "seed": 20330522,
      "liveWin": true,
      "liveSeat": 1,
      "steps": 14,
      "ms": 328
    },
    {
      "seed": 20340495,
      "liveWin": false,
      "liveSeat": 0,
      "steps": 20,
      "ms": 180
    },
    {
      "seed": 20340495,
      "liveWin": true,
      "liveSeat": 1,
      "steps": 20,
      "ms": 179
    },
    {
      "seed": 20350468,
      "liveWin": false,
      "liveSeat": 0,
      "steps": 22,
      "ms": 242
    },
    {
      "seed": 20350468,
      "liveWin": true,
      "liveSeat": 1,
      "steps": 22,
      "ms": 242
    },
    {
      "seed": 20360441,
      "liveWin": true,
      "liveSeat": 0,
      "steps": 18,
      "ms": 306
    },
    {
      "seed": 20360441,
      "liveWin": false,
      "liveSeat": 1,
      "steps": 18,
      "ms": 304
    },
    {
      "seed": 20370414,
      "liveWin": true,
      "liveSeat": 0,
      "steps": 20,
      "ms": 148
    },
    {
      "seed": 20370414,
      "liveWin": false,
      "liveSeat": 1,
      "steps": 20,
      "ms": 147
    },
    {
      "seed": 20380387,
      "liveWin": false,
      "liveSeat": 0,
      "steps": 16,
      "ms": 363
    },
    {
      "seed": 20380387,
      "liveWin": true,
      "liveSeat": 1,
      "steps": 16,
      "ms": 153
    },
    {
      "seed": 20390360,
      "liveWin": true,
      "liveSeat": 0,
      "steps": 17,
      "ms": 361
    },
    {
      "seed": 20390360,
      "liveWin": false,
      "liveSeat": 1,
      "steps": 17,
      "ms": 361
    },
    {
      "seed": 20400333,
      "liveWin": false,
      "liveSeat": 0,
      "steps": 20,
      "ms": 338
    },
    {
      "seed": 20400333,
      "liveWin": true,
      "liveSeat": 1,
      "steps": 20,
      "ms": 317
    },
    {
      "seed": 20410306,
      "liveWin": false,
      "liveSeat": 0,
      "steps": 11,
      "ms": 137
    },
    {
      "seed": 20410306,
      "liveWin": true,
      "liveSeat": 1,
      "steps": 11,
      "ms": 137
    },
    {
      "seed": 20420279,
      "liveWin": false,
      "liveSeat": 0,
      "steps": 20,
      "ms": 306
    },
    {
      "seed": 20420279,
      "liveWin": true,
      "liveSeat": 1,
      "steps": 20,
      "ms": 305
    },
    {
      "seed": 20430252,
      "liveWin": false,
      "liveSeat": 0,
      "steps": 16,
      "ms": 217
    },
    {
      "seed": 20430252,
      "liveWin": true,
      "liveSeat": 1,
      "steps": 16,
      "ms": 215
    },
    {
      "seed": 20440225,
      "liveWin": true,
      "liveSeat": 0,
      "steps": 17,
      "ms": 349
    },
    {
      "seed": 20440225,
      "liveWin": false,
      "liveSeat": 1,
      "steps": 17,
      "ms": 348
    },
    {
      "seed": 20450198,
      "liveWin": true,
      "liveSeat": 0,
      "steps": 14,
      "ms": 198
    },
    {
      "seed": 20450198,
      "liveWin": false,
      "liveSeat": 1,
      "steps": 14,
      "ms": 199
    },
    {
      "seed": 20460171,
      "liveWin": false,
      "liveSeat": 0,
      "steps": 19,
      "ms": 71
    },
    {
      "seed": 20460171,
      "liveWin": true,
      "liveSeat": 1,
      "steps": 19,
      "ms": 73
    },
    {
      "seed": 20470144,
      "liveWin": true,
      "liveSeat": 0,
      "steps": 24,
      "ms": 429
    },
    {
      "seed": 20470144,
      "liveWin": false,
      "liveSeat": 1,
      "steps": 24,
      "ms": 433
    },
    {
      "seed": 20480117,
      "liveWin": false,
      "liveSeat": 0,
      "steps": 21,
      "ms": 281
    },
    {
      "seed": 20480117,
      "liveWin": true,
      "liveSeat": 1,
      "steps": 21,
      "ms": 286
    },
    {
      "seed": 20490090,
      "liveWin": false,
      "liveSeat": 0,
      "steps": 15,
      "ms": 282
    },
    {
      "seed": 20490090,
      "liveWin": true,
      "liveSeat": 1,
      "steps": 15,
      "ms": 289
    },
    {
      "seed": 20500063,
      "liveWin": true,
      "liveSeat": 0,
      "steps": 17,
      "ms": 219
    },
    {
      "seed": 20500063,
      "liveWin": false,
      "liveSeat": 1,
      "steps": 17,
      "ms": 216
    },
    {
      "seed": 20510036,
      "liveWin": false,
      "liveSeat": 0,
      "steps": 17,
      "ms": 205
    },
    {
      "seed": 20510036,
      "liveWin": true,
      "liveSeat": 1,
      "steps": 17,
      "ms": 182
    },
    {
      "seed": 20520009,
      "liveWin": false,
      "liveSeat": 0,
      "steps": 20,
      "ms": 183
    },
    {
      "seed": 20520009,
      "liveWin": true,
      "liveSeat": 1,
      "steps": 20,
      "ms": 187
    },
    {
      "seed": 20529982,
      "liveWin": true,
      "liveSeat": 0,
      "steps": 16,
      "ms": 220
    },
    {
      "seed": 20529982,
      "liveWin": false,
      "liveSeat": 1,
      "steps": 16,
      "ms": 211
    },
    {
      "seed": 20539955,
      "liveWin": true,
      "liveSeat": 0,
      "steps": 14,
      "ms": 51
    },
    {
      "seed": 20539955,
      "liveWin": false,
      "liveSeat": 1,
      "steps": 14,
      "ms": 51
    },
    {
      "seed": 20549928,
      "liveWin": false,
      "liveSeat": 0,
      "steps": 12,
      "ms": 125
    },
    {
      "seed": 20549928,
      "liveWin": true,
      "liveSeat": 1,
      "steps": 12,
      "ms": 125
    },
    {
      "seed": 20559901,
      "liveWin": false,
      "liveSeat": 0,
      "steps": 23,
      "ms": 86
    },
    {
      "seed": 20559901,
      "liveWin": true,
      "liveSeat": 1,
      "steps": 23,
      "ms": 84
    },
    {
      "seed": 20569874,
      "liveWin": true,
      "liveSeat": 0,
      "steps": 13,
      "ms": 179
    },
    {
      "seed": 20569874,
      "liveWin": false,
      "liveSeat": 1,
      "steps": 13,
      "ms": 187
    },
    {
      "seed": 20579847,
      "liveWin": true,
      "liveSeat": 0,
      "steps": 21,
      "ms": 458
    },
    {
      "seed": 20579847,
      "liveWin": false,
      "liveSeat": 1,
      "steps": 21,
      "ms": 454
    },
    {
      "seed": 20589820,
      "liveWin": false,
      "liveSeat": 0,
      "steps": 18,
      "ms": 156
    },
    {
      "seed": 20589820,
      "liveWin": true,
      "liveSeat": 1,
      "steps": 18,
      "ms": 156
    },
    {
      "seed": 20599793,
      "liveWin": true,
      "liveSeat": 0,
      "steps": 20,
      "ms": 169
    },
    {
      "seed": 20599793,
      "liveWin": false,
      "liveSeat": 1,
      "steps": 20,
      "ms": 176
    },
    {
      "seed": 20609766,
      "liveWin": false,
      "liveSeat": 0,
      "steps": 25,
      "ms": 296
    },
    {
      "seed": 20609766,
      "liveWin": true,
      "liveSeat": 1,
      "steps": 25,
      "ms": 291
    },
    {
      "seed": 20619739,
      "liveWin": true,
      "liveSeat": 0,
      "steps": 19,
      "ms": 59
    },
    {
      "seed": 20619739,
      "liveWin": false,
      "liveSeat": 1,
      "steps": 19,
      "ms": 60
    },
    {
      "seed": 20629712,
      "liveWin": false,
      "liveSeat": 0,
      "steps": 19,
      "ms": 396
    },
    {
      "seed": 20629712,
      "liveWin": true,
      "liveSeat": 1,
      "steps": 19,
      "ms": 397
    },
    {
      "seed": 20639685,
      "liveWin": false,
      "liveSeat": 0,
      "steps": 18,
      "ms": 308
    },
    {
      "seed": 20639685,
      "liveWin": true,
      "liveSeat": 1,
      "steps": 18,
      "ms": 311
    },
    {
      "seed": 20649658,
      "liveWin": true,
      "liveSeat": 0,
      "steps": 25,
      "ms": 240
    },
    {
      "seed": 20649658,
      "liveWin": false,
      "liveSeat": 1,
      "steps": 25,
      "ms": 227
    },
    {
      "seed": 20659631,
      "liveWin": true,
      "liveSeat": 0,
      "steps": 20,
      "ms": 135
    },
    {
      "seed": 20659631,
      "liveWin": false,
      "liveSeat": 1,
      "steps": 20,
      "ms": 135
    },
    {
      "seed": 20669604,
      "liveWin": false,
      "liveSeat": 0,
      "steps": 12,
      "ms": 133
    },
    {
      "seed": 20669604,
      "liveWin": true,
      "liveSeat": 1,
      "steps": 12,
      "ms": 136
    },
    {
      "seed": 20679577,
      "liveWin": false,
      "liveSeat": 0,
      "steps": 18,
      "ms": 58
    },
    {
      "seed": 20679577,
      "liveWin": true,
      "liveSeat": 1,
      "steps": 18,
      "ms": 56
    },
    {
      "seed": 20689550,
      "liveWin": false,
      "liveSeat": 0,
      "steps": 10,
      "ms": 225
    },
    {
      "seed": 20689550,
      "liveWin": true,
      "liveSeat": 1,
      "steps": 10,
      "ms": 218
    },
    {
      "seed": 20699523,
      "liveWin": false,
      "liveSeat": 0,
      "steps": 12,
      "ms": 191
    },
    {
      "seed": 20699523,
      "liveWin": true,
      "liveSeat": 1,
      "steps": 12,
      "ms": 185
    },
    {
      "seed": 20709496,
      "liveWin": false,
      "liveSeat": 0,
      "steps": 12,
      "ms": 72
    },
    {
      "seed": 20709496,
      "liveWin": true,
      "liveSeat": 1,
      "steps": 12,
      "ms": 72
    },
    {
      "seed": 20719469,
      "liveWin": false,
      "liveSeat": 0,
      "steps": 25,
      "ms": 225
    },
    {
      "seed": 20719469,
      "liveWin": true,
      "liveSeat": 1,
      "steps": 25,
      "ms": 224
    },
    {
      "seed": 20729442,
      "liveWin": false,
      "liveSeat": 0,
      "steps": 14,
      "ms": 56
    },
    {
      "seed": 20729442,
      "liveWin": true,
      "liveSeat": 1,
      "steps": 14,
      "ms": 56
    },
    {
      "seed": 20739415,
      "liveWin": true,
      "liveSeat": 0,
      "steps": 22,
      "ms": 123
    },
    {
      "seed": 20739415,
      "liveWin": false,
      "liveSeat": 1,
      "steps": 22,
      "ms": 123
    },
    {
      "seed": 20749388,
      "liveWin": false,
      "liveSeat": 0,
      "steps": 19,
      "ms": 143
    },
    {
      "seed": 20749388,
      "liveWin": true,
      "liveSeat": 1,
      "steps": 19,
      "ms": 139
    }
  ],
  "lossSeeds": [
    20260711,
    20270684,
    20280657,
    20290630,
    20300603,
    20310576,
    20320549,
    20330522,
    20340495,
    20350468,
    20360441,
    20370414,
    20380387,
    20390360,
    20400333,
    20410306,
    20420279,
    20430252,
    20440225,
    20450198,
    20460171,
    20470144,
    20480117,
    20490090,
    20500063,
    20510036,
    20520009,
    20529982,
    20539955,
    20549928,
    20559901,
    20569874,
    20579847,
    20589820,
    20599793,
    20609766,
    20619739,
    20629712,
    20639685,
    20649658,
    20659631,
    20669604,
    20679577,
    20689550,
    20699523,
    20709496,
    20719469,
    20729442,
    20739415,
    20749388
  ],
  "target": 0.7,
  "passed": false
}
wrote /Users/johnhoang/Developer/Grok/tieng-len/evolve/identity-v91-fair-both-n100.json
