{"start":true,"freeze":"v91","chall":"p_mbcombo3","live":{"id":"v9.1-probe-mbcombo3","stamped":"2026-07-13T02:50:38Z","label":"Grandmaster v9.1-probe mbcombo3"},"freezeBuild":{"id":"v9.1","stamped":"2026-07-13T02:50:38Z","label":"Grandmaster v9.1 (ladder freeze)"},"games":25,"seed0":20260712,"protocol":"fair-hidden-gm-BR-both-equal","opts":{"difficulty":"grandmaster","useSearch":true,"perfectInfo":false,"hiddenInfo":true,"timeMs":150,"iterations":60,"maxSims":120,"brTrials":12,"bestResponse":true,"exactExploit":false,"exploit":true,"softSamples":4,"maxBranch":12,"mode":"auto","strongSelf":false}}
{"g":0,"seed":20260712,"liveWin":true,"liveSeat":0,"steps":16,"ms":218,"liveWins":1,"games":1,"wr":1}
{"g":1,"seed":20260712,"liveWin":false,"liveSeat":1,"steps":16,"ms":177,"liveWins":1,"games":2,"wr":0.5}
{"g":2,"seed":20270685,"liveWin":true,"liveSeat":0,"steps":13,"ms":200,"liveWins":2,"games":3,"wr":0.6666666666666666}
{"g":3,"seed":20270685,"liveWin":false,"liveSeat":1,"steps":13,"ms":188,"liveWins":2,"games":4,"wr":0.5}
{"g":4,"seed":20280658,"liveWin":false,"liveSeat":0,"steps":12,"ms":203,"liveWins":2,"games":5,"wr":0.4}
{"g":5,"seed":20280658,"liveWin":true,"liveSeat":1,"steps":20,"ms":249,"liveWins":3,"games":6,"wr":0.5}
{"g":6,"seed":20290631,"liveWin":false,"liveSeat":0,"steps":22,"ms":323,"liveWins":3,"games":7,"wr":0.42857142857142855}
{"g":7,"seed":20290631,"liveWin":true,"liveSeat":1,"steps":18,"ms":328,"liveWins":4,"games":8,"wr":0.5}
{"g":8,"seed":20300604,"liveWin":false,"liveSeat":0,"steps":17,"ms":110,"liveWins":4,"games":9,"wr":0.4444444444444444}
{"g":9,"seed":20300604,"liveWin":false,"liveSeat":1,"steps":20,"ms":95,"liveWins":4,"games":10,"wr":0.4}
{"g":10,"seed":20310577,"liveWin":true,"liveSeat":0,"steps":14,"ms":490,"liveWins":5,"games":11,"wr":0.45454545454545453}
{"g":11,"seed":20310577,"liveWin":false,"liveSeat":1,"steps":18,"ms":336,"liveWins":5,"games":12,"wr":0.4166666666666667}
{"g":12,"seed":20320550,"liveWin":true,"liveSeat":0,"steps":18,"ms":507,"liveWins":6,"games":13,"wr":0.46153846153846156}
{"g":13,"seed":20320550,"liveWin":true,"liveSeat":1,"steps":25,"ms":382,"liveWins":7,"games":14,"wr":0.5}
{"g":14,"seed":20330523,"liveWin":true,"liveSeat":0,"steps":25,"ms":303,"liveWins":8,"games":15,"wr":0.5333333333333333}
{"g":15,"seed":20330523,"liveWin":false,"liveSeat":1,"steps":21,"ms":239,"liveWins":8,"games":16,"wr":0.5}
{"g":16,"seed":20340496,"liveWin":true,"liveSeat":0,"steps":25,"ms":515,"liveWins":9,"games":17,"wr":0.5294117647058824}
{"g":17,"seed":20340496,"liveWin":false,"liveSeat":1,"steps":23,"ms":258,"liveWins":9,"games":18,"wr":0.5}
{"g":18,"seed":20350469,"liveWin":false,"liveSeat":0,"steps":20,"ms":330,"liveWins":9,"games":19,"wr":0.47368421052631576}
{"g":19,"seed":20350469,"liveWin":false,"liveSeat":1,"steps":27,"ms":527,"liveWins":9,"games":20,"wr":0.45}
{"g":20,"seed":20360442,"liveWin":false,"liveSeat":0,"steps":17,"ms":173,"liveWins":9,"games":21,"wr":0.42857142857142855}
{"g":21,"seed":20360442,"liveWin":true,"liveSeat":1,"steps":23,"ms":171,"liveWins":10,"games":22,"wr":0.45454545454545453}
{"g":22,"seed":20370415,"liveWin":true,"liveSeat":0,"steps":18,"ms":212,"liveWins":11,"games":23,"wr":0.4782608695652174}
{"g":23,"seed":20370415,"liveWin":false,"liveSeat":1,"steps":24,"ms":200,"liveWins":11,"games":24,"wr":0.4583333333333333}
{"g":24,"seed":20380388,"liveWin":true,"liveSeat":0,"steps":16,"ms":221,"liveWins":12,"games":25,"wr":0.48}
{"g":25,"seed":20380388,"liveWin":false,"liveSeat":1,"steps":18,"ms":205,"liveWins":12,"games":26,"wr":0.46153846153846156}
{"g":26,"seed":20390361,"liveWin":false,"liveSeat":0,"steps":28,"ms":295,"liveWins":12,"games":27,"wr":0.4444444444444444}
{"g":27,"seed":20390361,"liveWin":true,"liveSeat":1,"steps":24,"ms":273,"liveWins":13,"games":28,"wr":0.4642857142857143}
{"g":28,"seed":20400334,"liveWin":true,"liveSeat":0,"steps":18,"ms":71,"liveWins":14,"games":29,"wr":0.4827586206896552}
{"g":29,"seed":20400334,"liveWin":true,"liveSeat":1,"steps":21,"ms":61,"liveWins":15,"games":30,"wr":0.5}
{"g":30,"seed":20410307,"liveWin":false,"liveSeat":0,"steps":16,"ms":302,"liveWins":15,"games":31,"wr":0.4838709677419355}
{"g":31,"seed":20410307,"liveWin":true,"liveSeat":1,"steps":16,"ms":341,"liveWins":16,"games":32,"wr":0.5}
{"g":32,"seed":20420280,"liveWin":false,"liveSeat":0,"steps":19,"ms":434,"liveWins":16,"games":33,"wr":0.48484848484848486}
{"g":33,"seed":20420280,"liveWin":false,"liveSeat":1,"steps":14,"ms":375,"liveWins":16,"games":34,"wr":0.47058823529411764}
{"g":34,"seed":20430253,"liveWin":false,"liveSeat":0,"steps":23,"ms":366,"liveWins":16,"games":35,"wr":0.45714285714285713}
{"g":35,"seed":20430253,"liveWin":false,"liveSeat":1,"steps":26,"ms":305,"liveWins":16,"games":36,"wr":0.4444444444444444}
{"g":36,"seed":20440226,"liveWin":true,"liveSeat":0,"steps":25,"ms":964,"liveWins":17,"games":37,"wr":0.4594594594594595}
{"g":37,"seed":20440226,"liveWin":false,"liveSeat":1,"steps":21,"ms":781,"liveWins":17,"games":38,"wr":0.4473684210526316}
{"g":38,"seed":20450199,"liveWin":false,"liveSeat":0,"steps":14,"ms":134,"liveWins":17,"games":39,"wr":0.4358974358974359}
{"g":39,"seed":20450199,"liveWin":false,"liveSeat":1,"steps":21,"ms":132,"liveWins":17,"games":40,"wr":0.425}
{"g":40,"seed":20460172,"liveWin":true,"liveSeat":0,"steps":15,"ms":166,"liveWins":18,"games":41,"wr":0.43902439024390244}
{"g":41,"seed":20460172,"liveWin":false,"liveSeat":1,"steps":15,"ms":145,"liveWins":18,"games":42,"wr":0.42857142857142855}
{"g":42,"seed":20470145,"liveWin":true,"liveSeat":0,"steps":15,"ms":254,"liveWins":19,"games":43,"wr":0.4418604651162791}
{"g":43,"seed":20470145,"liveWin":false,"liveSeat":1,"steps":15,"ms":343,"liveWins":19,"games":44,"wr":0.4318181818181818}
{"g":44,"seed":20480118,"liveWin":false,"liveSeat":0,"steps":15,"ms":142,"liveWins":19,"games":45,"wr":0.4222222222222222}
{"g":45,"seed":20480118,"liveWin":true,"liveSeat":1,"steps":15,"ms":133,"liveWins":20,"games":46,"wr":0.43478260869565216}
{"g":46,"seed":20490091,"liveWin":true,"liveSeat":0,"steps":25,"ms":91,"liveWins":21,"games":47,"wr":0.44680851063829785}
{"g":47,"seed":20490091,"liveWin":false,"liveSeat":1,"steps":25,"ms":94,"liveWins":21,"games":48,"wr":0.4375}
{"g":48,"seed":20500064,"liveWin":true,"liveSeat":0,"steps":15,"ms":996,"liveWins":22,"games":49,"wr":0.4489795918367347}
{"g":49,"seed":20500064,"liveWin":false,"liveSeat":1,"steps":15,"ms":867,"liveWins":22,"games":50,"wr":0.44}
=== FINAL ===
{
  "protocol": "fair-hidden-gm-BR-both-equal",
  "infoModel": "hidden",
  "perfectInfo": false,
  "hiddenInfo": true,
  "brBoth": true,
  "equalBudget": true,
  "games": 50,
  "liveWins": 22,
  "freezeWins": 28,
  "liveWinRate": 0.44,
  "seed0": 20260712,
  "ms": 15243,
  "live": {
    "id": "v9.1-probe-mbcombo3",
    "stamped": "2026-07-13T02:50:38Z",
    "label": "Grandmaster v9.1-probe mbcombo3"
  },
  "freeze": {
    "id": "v9.1",
    "stamped": "2026-07-13T02:50:38Z",
    "label": "Grandmaster v9.1 (ladder freeze)"
  },
  "freezeTag": "v91",
  "challTag": "p_mbcombo3",
  "opts": {
    "difficulty": "grandmaster",
    "useSearch": true,
    "perfectInfo": false,
    "hiddenInfo": true,
    "timeMs": 150,
    "iterations": 60,
    "maxSims": 120,
    "brTrials": 12,
    "bestResponse": true,
    "exactExploit": false,
    "exploit": true,
    "softSamples": 4,
    "maxBranch": 12,
    "mode": "auto",
    "strongSelf": false
  },
  "perGame": [
    {
      "seed": 20260712,
      "liveWin": true,
      "liveSeat": 0,
      "steps": 16,
      "ms": 218
    },
    {
      "seed": 20260712,
      "liveWin": false,
      "liveSeat": 1,
      "steps": 16,
      "ms": 177
    },
    {
      "seed": 20270685,
      "liveWin": true,
      "liveSeat": 0,
      "steps": 13,
      "ms": 200
    },
    {
      "seed": 20270685,
      "liveWin": false,
      "liveSeat": 1,
      "steps": 13,
      "ms": 188
    },
    {
      "seed": 20280658,
      "liveWin": false,
      "liveSeat": 0,
      "steps": 12,
      "ms": 203
    },
    {
      "seed": 20280658,
      "liveWin": true,
      "liveSeat": 1,
      "steps": 20,
      "ms": 249
    },
    {
      "seed": 20290631,
      "liveWin": false,
      "liveSeat": 0,
      "steps": 22,
      "ms": 323
    },
    {
      "seed": 20290631,
      "liveWin": true,
      "liveSeat": 1,
      "steps": 18,
      "ms": 328
    },
    {
      "seed": 20300604,
      "liveWin": false,
      "liveSeat": 0,
      "steps": 17,
      "ms": 110
    },
    {
      "seed": 20300604,
      "liveWin": false,
      "liveSeat": 1,
      "steps": 20,
      "ms": 95
    },
    {
      "seed": 20310577,
      "liveWin": true,
      "liveSeat": 0,
      "steps": 14,
      "ms": 490
    },
    {
      "seed": 20310577,
      "liveWin": false,
      "liveSeat": 1,
      "steps": 18,
      "ms": 336
    },
    {
      "seed": 20320550,
      "liveWin": true,
      "liveSeat": 0,
      "steps": 18,
      "ms": 507
    },
    {
      "seed": 20320550,
      "liveWin": true,
      "liveSeat": 1,
      "steps": 25,
      "ms": 382
    },
    {
      "seed": 20330523,
      "liveWin": true,
      "liveSeat": 0,
      "steps": 25,
      "ms": 303
    },
    {
      "seed": 20330523,
      "liveWin": false,
      "liveSeat": 1,
      "steps": 21,
      "ms": 239
    },
    {
      "seed": 20340496,
      "liveWin": true,
      "liveSeat": 0,
      "steps": 25,
      "ms": 515
    },
    {
      "seed": 20340496,
      "liveWin": false,
      "liveSeat": 1,
      "steps": 23,
      "ms": 258
    },
    {
      "seed": 20350469,
      "liveWin": false,
      "liveSeat": 0,
      "steps": 20,
      "ms": 330
    },
    {
      "seed": 20350469,
      "liveWin": false,
      "liveSeat": 1,
      "steps": 27,
      "ms": 527
    },
    {
      "seed": 20360442,
      "liveWin": false,
      "liveSeat": 0,
      "steps": 17,
      "ms": 173
    },
    {
      "seed": 20360442,
      "liveWin": true,
      "liveSeat": 1,
      "steps": 23,
      "ms": 171
    },
    {
      "seed": 20370415,
      "liveWin": true,
      "liveSeat": 0,
      "steps": 18,
      "ms": 212
    },
    {
      "seed": 20370415,
      "liveWin": false,
      "liveSeat": 1,
      "steps": 24,
      "ms": 200
    },
    {
      "seed": 20380388,
      "liveWin": true,
      "liveSeat": 0,
      "steps": 16,
      "ms": 221
    },
    {
      "seed": 20380388,
      "liveWin": false,
      "liveSeat": 1,
      "steps": 18,
      "ms": 205
    },
    {
      "seed": 20390361,
      "liveWin": false,
      "liveSeat": 0,
      "steps": 28,
      "ms": 295
    },
    {
      "seed": 20390361,
      "liveWin": true,
      "liveSeat": 1,
      "steps": 24,
      "ms": 273
    },
    {
      "seed": 20400334,
      "liveWin": true,
      "liveSeat": 0,
      "steps": 18,
      "ms": 71
    },
    {
      "seed": 20400334,
      "liveWin": true,
      "liveSeat": 1,
      "steps": 21,
      "ms": 61
    },
    {
      "seed": 20410307,
      "liveWin": false,
      "liveSeat": 0,
      "steps": 16,
      "ms": 302
    },
    {
      "seed": 20410307,
      "liveWin": true,
      "liveSeat": 1,
      "steps": 16,
      "ms": 341
    },
    {
      "seed": 20420280,
      "liveWin": false,
      "liveSeat": 0,
      "steps": 19,
      "ms": 434
    },
    {
      "seed": 20420280,
      "liveWin": false,
      "liveSeat": 1,
      "steps": 14,
      "ms": 375
    },
    {
      "seed": 20430253,
      "liveWin": false,
      "liveSeat": 0,
      "steps": 23,
      "ms": 366
    },
    {
      "seed": 20430253,
      "liveWin": false,
      "liveSeat": 1,
      "steps": 26,
      "ms": 305
    },
    {
      "seed": 20440226,
      "liveWin": true,
      "liveSeat": 0,
      "steps": 25,
      "ms": 964
    },
    {
      "seed": 20440226,
      "liveWin": false,
      "liveSeat": 1,
      "steps": 21,
      "ms": 781
    },
    {
      "seed": 20450199,
      "liveWin": false,
      "liveSeat": 0,
      "steps": 14,
      "ms": 134
    },
    {
      "seed": 20450199,
      "liveWin": false,
      "liveSeat": 1,
      "steps": 21,
      "ms": 132
    },
    {
      "seed": 20460172,
      "liveWin": true,
      "liveSeat": 0,
      "steps": 15,
      "ms": 166
    },
    {
      "seed": 20460172,
      "liveWin": false,
      "liveSeat": 1,
      "steps": 15,
      "ms": 145
    },
    {
      "seed": 20470145,
      "liveWin": true,
      "liveSeat": 0,
      "steps": 15,
      "ms": 254
    },
    {
      "seed": 20470145,
      "liveWin": false,
      "liveSeat": 1,
      "steps": 15,
      "ms": 343
    },
    {
      "seed": 20480118,
      "liveWin": false,
      "liveSeat": 0,
      "steps": 15,
      "ms": 142
    },
    {
      "seed": 20480118,
      "liveWin": true,
      "liveSeat": 1,
      "steps": 15,
      "ms": 133
    },
    {
      "seed": 20490091,
      "liveWin": true,
      "liveSeat": 0,
      "steps": 25,
      "ms": 91
    },
    {
      "seed": 20490091,
      "liveWin": false,
      "liveSeat": 1,
      "steps": 25,
      "ms": 94
    },
    {
      "seed": 20500064,
      "liveWin": true,
      "liveSeat": 0,
      "steps": 15,
      "ms": 996
    },
    {
      "seed": 20500064,
      "liveWin": false,
      "liveSeat": 1,
      "steps": 15,
      "ms": 867
    }
  ],
  "lossSeeds": [
    20260712,
    20270685,
    20280658,
    20290631,
    20300604,
    20300604,
    20310577,
    20330523,
    20340496,
    20350469,
    20350469,
    20360442,
    20370415,
    20380388,
    20390361,
    20410307,
    20420280,
    20420280,
    20430253,
    20430253,
    20440226,
    20450199,
    20450199,
    20460172,
    20470145,
    20480118,
    20490091,
    20500064
  ],
  "target": 0.7,
  "passed": false
}
wrote /Users/johnhoang/Developer/Grok/tieng-len/evolve/probe-p_mbcombo3-vs-v91-fair-both-s12-n50.json
