{"start":true,"freeze":"v91","chall":"p_mbtwoscore","live":{"id":"v9.1-probe-mbtwoscore","stamped":"2026-07-13T02:50:38Z","label":"Grandmaster v9.1-probe mbtwoscore"},"freezeBuild":{"id":"v9.1","stamped":"2026-07-13T02:50:38Z","label":"Grandmaster v9.1 (ladder freeze)"},"games":25,"seed0":20260711,"protocol":"fair-hidden-gm-BR-both-equal","opts":{"difficulty":"grandmaster","useSearch":true,"perfectInfo":false,"hiddenInfo":true,"timeMs":150,"iterations":60,"maxSims":120,"brTrials":12,"bestResponse":true,"exactExploit":false,"exploit":true,"softSamples":4,"maxBranch":12,"mode":"auto","strongSelf":false}}
{"g":0,"seed":20260711,"liveWin":true,"liveSeat":0,"steps":18,"ms":495,"liveWins":1,"games":1,"wr":1}
{"g":1,"seed":20260711,"liveWin":false,"liveSeat":1,"steps":20,"ms":383,"liveWins":1,"games":2,"wr":0.5}
{"g":2,"seed":20270684,"liveWin":false,"liveSeat":0,"steps":24,"ms":352,"liveWins":1,"games":3,"wr":0.3333333333333333}
{"g":3,"seed":20270684,"liveWin":true,"liveSeat":1,"steps":22,"ms":396,"liveWins":2,"games":4,"wr":0.5}
{"g":4,"seed":20280657,"liveWin":true,"liveSeat":0,"steps":18,"ms":276,"liveWins":3,"games":5,"wr":0.6}
{"g":5,"seed":20280657,"liveWin":false,"liveSeat":1,"steps":18,"ms":281,"liveWins":3,"games":6,"wr":0.5}
{"g":6,"seed":20290630,"liveWin":true,"liveSeat":0,"steps":17,"ms":354,"liveWins":4,"games":7,"wr":0.5714285714285714}
{"g":7,"seed":20290630,"liveWin":true,"liveSeat":1,"steps":20,"ms":125,"liveWins":5,"games":8,"wr":0.625}
{"g":8,"seed":20300603,"liveWin":false,"liveSeat":0,"steps":18,"ms":378,"liveWins":5,"games":9,"wr":0.5555555555555556}
{"g":9,"seed":20300603,"liveWin":true,"liveSeat":1,"steps":24,"ms":210,"liveWins":6,"games":10,"wr":0.6}
{"g":10,"seed":20310576,"liveWin":false,"liveSeat":0,"steps":14,"ms":168,"liveWins":6,"games":11,"wr":0.5454545454545454}
{"g":11,"seed":20310576,"liveWin":true,"liveSeat":1,"steps":14,"ms":160,"liveWins":7,"games":12,"wr":0.5833333333333334}
{"g":12,"seed":20320549,"liveWin":false,"liveSeat":0,"steps":11,"ms":128,"liveWins":7,"games":13,"wr":0.5384615384615384}
{"g":13,"seed":20320549,"liveWin":true,"liveSeat":1,"steps":11,"ms":119,"liveWins":8,"games":14,"wr":0.5714285714285714}
{"g":14,"seed":20330522,"liveWin":true,"liveSeat":0,"steps":21,"ms":167,"liveWins":9,"games":15,"wr":0.6}
{"g":15,"seed":20330522,"liveWin":true,"liveSeat":1,"steps":28,"ms":394,"liveWins":10,"games":16,"wr":0.625}
{"g":16,"seed":20340495,"liveWin":false,"liveSeat":0,"steps":20,"ms":213,"liveWins":10,"games":17,"wr":0.5882352941176471}
{"g":17,"seed":20340495,"liveWin":true,"liveSeat":1,"steps":24,"ms":285,"liveWins":11,"games":18,"wr":0.6111111111111112}
{"g":18,"seed":20350468,"liveWin":false,"liveSeat":0,"steps":22,"ms":254,"liveWins":11,"games":19,"wr":0.5789473684210527}
{"g":19,"seed":20350468,"liveWin":true,"liveSeat":1,"steps":24,"ms":452,"liveWins":12,"games":20,"wr":0.6}
{"g":20,"seed":20360441,"liveWin":true,"liveSeat":0,"steps":18,"ms":347,"liveWins":13,"games":21,"wr":0.6190476190476191}
{"g":21,"seed":20360441,"liveWin":false,"liveSeat":1,"steps":18,"ms":208,"liveWins":13,"games":22,"wr":0.5909090909090909}
{"g":22,"seed":20370414,"liveWin":true,"liveSeat":0,"steps":20,"ms":169,"liveWins":14,"games":23,"wr":0.6086956521739131}
{"g":23,"seed":20370414,"liveWin":false,"liveSeat":1,"steps":20,"ms":166,"liveWins":14,"games":24,"wr":0.5833333333333334}
{"g":24,"seed":20380387,"liveWin":false,"liveSeat":0,"steps":16,"ms":174,"liveWins":14,"games":25,"wr":0.56}
{"g":25,"seed":20380387,"liveWin":true,"liveSeat":1,"steps":16,"ms":173,"liveWins":15,"games":26,"wr":0.5769230769230769}
{"g":26,"seed":20390360,"liveWin":true,"liveSeat":0,"steps":17,"ms":409,"liveWins":16,"games":27,"wr":0.5925925925925926}
{"g":27,"seed":20390360,"liveWin":false,"liveSeat":1,"steps":17,"ms":411,"liveWins":16,"games":28,"wr":0.5714285714285714}
{"g":28,"seed":20400333,"liveWin":true,"liveSeat":0,"steps":15,"ms":294,"liveWins":17,"games":29,"wr":0.5862068965517241}
{"g":29,"seed":20400333,"liveWin":false,"liveSeat":1,"steps":19,"ms":491,"liveWins":17,"games":30,"wr":0.5666666666666667}
{"g":30,"seed":20410306,"liveWin":true,"liveSeat":0,"steps":22,"ms":483,"liveWins":18,"games":31,"wr":0.5806451612903226}
{"g":31,"seed":20410306,"liveWin":true,"liveSeat":1,"steps":11,"ms":155,"liveWins":19,"games":32,"wr":0.59375}
{"g":32,"seed":20420279,"liveWin":true,"liveSeat":0,"steps":19,"ms":349,"liveWins":20,"games":33,"wr":0.6060606060606061}
{"g":33,"seed":20420279,"liveWin":true,"liveSeat":1,"steps":20,"ms":369,"liveWins":21,"games":34,"wr":0.6176470588235294}
{"g":34,"seed":20430252,"liveWin":false,"liveSeat":0,"steps":16,"ms":244,"liveWins":21,"games":35,"wr":0.6}
{"g":35,"seed":20430252,"liveWin":true,"liveSeat":1,"steps":16,"ms":238,"liveWins":22,"games":36,"wr":0.6111111111111112}
{"g":36,"seed":20440225,"liveWin":true,"liveSeat":0,"steps":17,"ms":386,"liveWins":23,"games":37,"wr":0.6216216216216216}
{"g":37,"seed":20440225,"liveWin":true,"liveSeat":1,"steps":22,"ms":424,"liveWins":24,"games":38,"wr":0.631578947368421}
{"g":38,"seed":20450198,"liveWin":true,"liveSeat":0,"steps":14,"ms":220,"liveWins":25,"games":39,"wr":0.6410256410256411}
{"g":39,"seed":20450198,"liveWin":false,"liveSeat":1,"steps":14,"ms":221,"liveWins":25,"games":40,"wr":0.625}
{"g":40,"seed":20460171,"liveWin":false,"liveSeat":0,"steps":19,"ms":82,"liveWins":25,"games":41,"wr":0.6097560975609756}
{"g":41,"seed":20460171,"liveWin":true,"liveSeat":1,"steps":19,"ms":75,"liveWins":26,"games":42,"wr":0.6190476190476191}
{"g":42,"seed":20470144,"liveWin":true,"liveSeat":0,"steps":28,"ms":507,"liveWins":27,"games":43,"wr":0.627906976744186}
{"g":43,"seed":20470144,"liveWin":false,"liveSeat":1,"steps":24,"ms":442,"liveWins":27,"games":44,"wr":0.6136363636363636}
{"g":44,"seed":20480117,"liveWin":false,"liveSeat":0,"steps":21,"ms":313,"liveWins":27,"games":45,"wr":0.6}
{"g":45,"seed":20480117,"liveWin":true,"liveSeat":1,"steps":21,"ms":300,"liveWins":28,"games":46,"wr":0.6086956521739131}
{"g":46,"seed":20490090,"liveWin":false,"liveSeat":0,"steps":19,"ms":577,"liveWins":28,"games":47,"wr":0.5957446808510638}
{"g":47,"seed":20490090,"liveWin":true,"liveSeat":1,"steps":15,"ms":294,"liveWins":29,"games":48,"wr":0.6041666666666666}
{"g":48,"seed":20500063,"liveWin":true,"liveSeat":0,"steps":17,"ms":237,"liveWins":30,"games":49,"wr":0.6122448979591837}
{"g":49,"seed":20500063,"liveWin":false,"liveSeat":1,"steps":17,"ms":213,"liveWins":30,"games":50,"wr":0.6}
=== FINAL ===
{
  "protocol": "fair-hidden-gm-BR-both-equal",
  "infoModel": "hidden",
  "perfectInfo": false,
  "hiddenInfo": true,
  "brBoth": true,
  "equalBudget": true,
  "games": 50,
  "liveWins": 30,
  "freezeWins": 20,
  "liveWinRate": 0.6,
  "seed0": 20260711,
  "ms": 14578,
  "live": {
    "id": "v9.1-probe-mbtwoscore",
    "stamped": "2026-07-13T02:50:38Z",
    "label": "Grandmaster v9.1-probe mbtwoscore"
  },
  "freeze": {
    "id": "v9.1",
    "stamped": "2026-07-13T02:50:38Z",
    "label": "Grandmaster v9.1 (ladder freeze)"
  },
  "freezeTag": "v91",
  "challTag": "p_mbtwoscore",
  "opts": {
    "difficulty": "grandmaster",
    "useSearch": true,
    "perfectInfo": false,
    "hiddenInfo": true,
    "timeMs": 150,
    "iterations": 60,
    "maxSims": 120,
    "brTrials": 12,
    "bestResponse": true,
    "exactExploit": false,
    "exploit": true,
    "softSamples": 4,
    "maxBranch": 12,
    "mode": "auto",
    "strongSelf": false
  },
  "perGame": [
    {
      "seed": 20260711,
      "liveWin": true,
      "liveSeat": 0,
      "steps": 18,
      "ms": 495
    },
    {
      "seed": 20260711,
      "liveWin": false,
      "liveSeat": 1,
      "steps": 20,
      "ms": 383
    },
    {
      "seed": 20270684,
      "liveWin": false,
      "liveSeat": 0,
      "steps": 24,
      "ms": 352
    },
    {
      "seed": 20270684,
      "liveWin": true,
      "liveSeat": 1,
      "steps": 22,
      "ms": 396
    },
    {
      "seed": 20280657,
      "liveWin": true,
      "liveSeat": 0,
      "steps": 18,
      "ms": 276
    },
    {
      "seed": 20280657,
      "liveWin": false,
      "liveSeat": 1,
      "steps": 18,
      "ms": 281
    },
    {
      "seed": 20290630,
      "liveWin": true,
      "liveSeat": 0,
      "steps": 17,
      "ms": 354
    },
    {
      "seed": 20290630,
      "liveWin": true,
      "liveSeat": 1,
      "steps": 20,
      "ms": 125
    },
    {
      "seed": 20300603,
      "liveWin": false,
      "liveSeat": 0,
      "steps": 18,
      "ms": 378
    },
    {
      "seed": 20300603,
      "liveWin": true,
      "liveSeat": 1,
      "steps": 24,
      "ms": 210
    },
    {
      "seed": 20310576,
      "liveWin": false,
      "liveSeat": 0,
      "steps": 14,
      "ms": 168
    },
    {
      "seed": 20310576,
      "liveWin": true,
      "liveSeat": 1,
      "steps": 14,
      "ms": 160
    },
    {
      "seed": 20320549,
      "liveWin": false,
      "liveSeat": 0,
      "steps": 11,
      "ms": 128
    },
    {
      "seed": 20320549,
      "liveWin": true,
      "liveSeat": 1,
      "steps": 11,
      "ms": 119
    },
    {
      "seed": 20330522,
      "liveWin": true,
      "liveSeat": 0,
      "steps": 21,
      "ms": 167
    },
    {
      "seed": 20330522,
      "liveWin": true,
      "liveSeat": 1,
      "steps": 28,
      "ms": 394
    },
    {
      "seed": 20340495,
      "liveWin": false,
      "liveSeat": 0,
      "steps": 20,
      "ms": 213
    },
    {
      "seed": 20340495,
      "liveWin": true,
      "liveSeat": 1,
      "steps": 24,
      "ms": 285
    },
    {
      "seed": 20350468,
      "liveWin": false,
      "liveSeat": 0,
      "steps": 22,
      "ms": 254
    },
    {
      "seed": 20350468,
      "liveWin": true,
      "liveSeat": 1,
      "steps": 24,
      "ms": 452
    },
    {
      "seed": 20360441,
      "liveWin": true,
      "liveSeat": 0,
      "steps": 18,
      "ms": 347
    },
    {
      "seed": 20360441,
      "liveWin": false,
      "liveSeat": 1,
      "steps": 18,
      "ms": 208
    },
    {
      "seed": 20370414,
      "liveWin": true,
      "liveSeat": 0,
      "steps": 20,
      "ms": 169
    },
    {
      "seed": 20370414,
      "liveWin": false,
      "liveSeat": 1,
      "steps": 20,
      "ms": 166
    },
    {
      "seed": 20380387,
      "liveWin": false,
      "liveSeat": 0,
      "steps": 16,
      "ms": 174
    },
    {
      "seed": 20380387,
      "liveWin": true,
      "liveSeat": 1,
      "steps": 16,
      "ms": 173
    },
    {
      "seed": 20390360,
      "liveWin": true,
      "liveSeat": 0,
      "steps": 17,
      "ms": 409
    },
    {
      "seed": 20390360,
      "liveWin": false,
      "liveSeat": 1,
      "steps": 17,
      "ms": 411
    },
    {
      "seed": 20400333,
      "liveWin": true,
      "liveSeat": 0,
      "steps": 15,
      "ms": 294
    },
    {
      "seed": 20400333,
      "liveWin": false,
      "liveSeat": 1,
      "steps": 19,
      "ms": 491
    },
    {
      "seed": 20410306,
      "liveWin": true,
      "liveSeat": 0,
      "steps": 22,
      "ms": 483
    },
    {
      "seed": 20410306,
      "liveWin": true,
      "liveSeat": 1,
      "steps": 11,
      "ms": 155
    },
    {
      "seed": 20420279,
      "liveWin": true,
      "liveSeat": 0,
      "steps": 19,
      "ms": 349
    },
    {
      "seed": 20420279,
      "liveWin": true,
      "liveSeat": 1,
      "steps": 20,
      "ms": 369
    },
    {
      "seed": 20430252,
      "liveWin": false,
      "liveSeat": 0,
      "steps": 16,
      "ms": 244
    },
    {
      "seed": 20430252,
      "liveWin": true,
      "liveSeat": 1,
      "steps": 16,
      "ms": 238
    },
    {
      "seed": 20440225,
      "liveWin": true,
      "liveSeat": 0,
      "steps": 17,
      "ms": 386
    },
    {
      "seed": 20440225,
      "liveWin": true,
      "liveSeat": 1,
      "steps": 22,
      "ms": 424
    },
    {
      "seed": 20450198,
      "liveWin": true,
      "liveSeat": 0,
      "steps": 14,
      "ms": 220
    },
    {
      "seed": 20450198,
      "liveWin": false,
      "liveSeat": 1,
      "steps": 14,
      "ms": 221
    },
    {
      "seed": 20460171,
      "liveWin": false,
      "liveSeat": 0,
      "steps": 19,
      "ms": 82
    },
    {
      "seed": 20460171,
      "liveWin": true,
      "liveSeat": 1,
      "steps": 19,
      "ms": 75
    },
    {
      "seed": 20470144,
      "liveWin": true,
      "liveSeat": 0,
      "steps": 28,
      "ms": 507
    },
    {
      "seed": 20470144,
      "liveWin": false,
      "liveSeat": 1,
      "steps": 24,
      "ms": 442
    },
    {
      "seed": 20480117,
      "liveWin": false,
      "liveSeat": 0,
      "steps": 21,
      "ms": 313
    },
    {
      "seed": 20480117,
      "liveWin": true,
      "liveSeat": 1,
      "steps": 21,
      "ms": 300
    },
    {
      "seed": 20490090,
      "liveWin": false,
      "liveSeat": 0,
      "steps": 19,
      "ms": 577
    },
    {
      "seed": 20490090,
      "liveWin": true,
      "liveSeat": 1,
      "steps": 15,
      "ms": 294
    },
    {
      "seed": 20500063,
      "liveWin": true,
      "liveSeat": 0,
      "steps": 17,
      "ms": 237
    },
    {
      "seed": 20500063,
      "liveWin": false,
      "liveSeat": 1,
      "steps": 17,
      "ms": 213
    }
  ],
  "lossSeeds": [
    20260711,
    20270684,
    20280657,
    20300603,
    20310576,
    20320549,
    20340495,
    20350468,
    20360441,
    20370414,
    20380387,
    20390360,
    20400333,
    20430252,
    20450198,
    20460171,
    20470144,
    20480117,
    20490090,
    20500063
  ],
  "target": 0.7,
  "passed": false
}
wrote /Users/johnhoang/Developer/Grok/tieng-len/evolve/probe-p_mbtwoscore-vs-v91-fair-both-n50.json
