{"start":true,"freeze":"v91","chall":"p_mbntie_all","live":{"id":"v9.1-probe-mbntie_all","stamped":"2026-07-13T02:50:38Z","label":"Grandmaster v9.1-probe mbntie_all"},"freezeBuild":{"id":"v9.1","stamped":"2026-07-13T02:50:38Z","label":"Grandmaster v9.1 (ladder freeze)"},"games":25,"seed0":20260713,"protocol":"fair-hidden-gm-BR-both-equal","opts":{"difficulty":"grandmaster","useSearch":true,"perfectInfo":false,"hiddenInfo":true,"timeMs":150,"iterations":60,"maxSims":120,"brTrials":12,"bestResponse":true,"exactExploit":false,"exploit":true,"softSamples":4,"maxBranch":12,"mode":"auto","strongSelf":false}}
{"g":0,"seed":20260713,"liveWin":false,"liveSeat":0,"steps":24,"ms":412,"liveWins":0,"games":1,"wr":0}
{"g":1,"seed":20260713,"liveWin":false,"liveSeat":1,"steps":17,"ms":219,"liveWins":0,"games":2,"wr":0}
{"g":2,"seed":20270686,"liveWin":false,"liveSeat":0,"steps":17,"ms":523,"liveWins":0,"games":3,"wr":0}
{"g":3,"seed":20270686,"liveWin":true,"liveSeat":1,"steps":19,"ms":492,"liveWins":1,"games":4,"wr":0.25}
{"g":4,"seed":20280659,"liveWin":true,"liveSeat":0,"steps":21,"ms":178,"liveWins":2,"games":5,"wr":0.4}
{"g":5,"seed":20280659,"liveWin":true,"liveSeat":1,"steps":16,"ms":644,"liveWins":3,"games":6,"wr":0.5}
{"g":6,"seed":20290632,"liveWin":true,"liveSeat":0,"steps":21,"ms":272,"liveWins":4,"games":7,"wr":0.5714285714285714}
{"g":7,"seed":20290632,"liveWin":true,"liveSeat":1,"steps":20,"ms":284,"liveWins":5,"games":8,"wr":0.625}
{"g":8,"seed":20300605,"liveWin":true,"liveSeat":0,"steps":20,"ms":235,"liveWins":6,"games":9,"wr":0.6666666666666666}
{"g":9,"seed":20300605,"liveWin":false,"liveSeat":1,"steps":22,"ms":232,"liveWins":6,"games":10,"wr":0.6}
{"g":10,"seed":20310578,"liveWin":false,"liveSeat":0,"steps":16,"ms":97,"liveWins":6,"games":11,"wr":0.5454545454545454}
{"g":11,"seed":20310578,"liveWin":true,"liveSeat":1,"steps":18,"ms":96,"liveWins":7,"games":12,"wr":0.5833333333333334}
{"g":12,"seed":20320551,"liveWin":false,"liveSeat":0,"steps":25,"ms":158,"liveWins":7,"games":13,"wr":0.5384615384615384}
{"g":13,"seed":20320551,"liveWin":false,"liveSeat":1,"steps":20,"ms":153,"liveWins":7,"games":14,"wr":0.5}
{"g":14,"seed":20330524,"liveWin":false,"liveSeat":0,"steps":19,"ms":236,"liveWins":7,"games":15,"wr":0.4666666666666667}
{"g":15,"seed":20330524,"liveWin":true,"liveSeat":1,"steps":21,"ms":314,"liveWins":8,"games":16,"wr":0.5}
{"g":16,"seed":20340497,"liveWin":true,"liveSeat":0,"steps":22,"ms":837,"liveWins":9,"games":17,"wr":0.5294117647058824}
{"g":17,"seed":20340497,"liveWin":true,"liveSeat":1,"steps":21,"ms":637,"liveWins":10,"games":18,"wr":0.5555555555555556}
{"g":18,"seed":20350470,"liveWin":true,"liveSeat":0,"steps":13,"ms":334,"liveWins":11,"games":19,"wr":0.5789473684210527}
{"g":19,"seed":20350470,"liveWin":true,"liveSeat":1,"steps":24,"ms":315,"liveWins":12,"games":20,"wr":0.6}
{"g":20,"seed":20360443,"liveWin":false,"liveSeat":0,"steps":23,"ms":212,"liveWins":12,"games":21,"wr":0.5714285714285714}
{"g":21,"seed":20360443,"liveWin":false,"liveSeat":1,"steps":22,"ms":165,"liveWins":12,"games":22,"wr":0.5454545454545454}
{"g":22,"seed":20370416,"liveWin":true,"liveSeat":0,"steps":19,"ms":122,"liveWins":13,"games":23,"wr":0.5652173913043478}
{"g":23,"seed":20370416,"liveWin":false,"liveSeat":1,"steps":19,"ms":122,"liveWins":13,"games":24,"wr":0.5416666666666666}
{"g":24,"seed":20380389,"liveWin":true,"liveSeat":0,"steps":14,"ms":91,"liveWins":14,"games":25,"wr":0.56}
{"g":25,"seed":20380389,"liveWin":false,"liveSeat":1,"steps":14,"ms":90,"liveWins":14,"games":26,"wr":0.5384615384615384}
{"g":26,"seed":20390362,"liveWin":false,"liveSeat":0,"steps":16,"ms":185,"liveWins":14,"games":27,"wr":0.5185185185185185}
{"g":27,"seed":20390362,"liveWin":true,"liveSeat":1,"steps":22,"ms":408,"liveWins":15,"games":28,"wr":0.5357142857142857}
{"g":28,"seed":20400335,"liveWin":false,"liveSeat":0,"steps":24,"ms":397,"liveWins":15,"games":29,"wr":0.5172413793103449}
{"g":29,"seed":20400335,"liveWin":true,"liveSeat":1,"steps":24,"ms":170,"liveWins":16,"games":30,"wr":0.5333333333333333}
{"g":30,"seed":20410308,"liveWin":true,"liveSeat":0,"steps":15,"ms":490,"liveWins":17,"games":31,"wr":0.5483870967741935}
{"g":31,"seed":20410308,"liveWin":false,"liveSeat":1,"steps":19,"ms":131,"liveWins":17,"games":32,"wr":0.53125}
{"g":32,"seed":20420281,"liveWin":true,"liveSeat":0,"steps":23,"ms":163,"liveWins":18,"games":33,"wr":0.5454545454545454}
{"g":33,"seed":20420281,"liveWin":false,"liveSeat":1,"steps":27,"ms":137,"liveWins":18,"games":34,"wr":0.5294117647058824}
{"g":34,"seed":20430254,"liveWin":true,"liveSeat":0,"steps":18,"ms":211,"liveWins":19,"games":35,"wr":0.5428571428571428}
{"g":35,"seed":20430254,"liveWin":false,"liveSeat":1,"steps":14,"ms":187,"liveWins":19,"games":36,"wr":0.5277777777777778}
{"g":36,"seed":20440227,"liveWin":false,"liveSeat":0,"steps":20,"ms":389,"liveWins":19,"games":37,"wr":0.5135135135135135}
{"g":37,"seed":20440227,"liveWin":true,"liveSeat":1,"steps":14,"ms":138,"liveWins":20,"games":38,"wr":0.5263157894736842}
{"g":38,"seed":20450200,"liveWin":false,"liveSeat":0,"steps":21,"ms":110,"liveWins":20,"games":39,"wr":0.5128205128205128}
{"g":39,"seed":20450200,"liveWin":true,"liveSeat":1,"steps":13,"ms":139,"liveWins":21,"games":40,"wr":0.525}
{"g":40,"seed":20460173,"liveWin":true,"liveSeat":0,"steps":26,"ms":188,"liveWins":22,"games":41,"wr":0.5365853658536586}
{"g":41,"seed":20460173,"liveWin":true,"liveSeat":1,"steps":21,"ms":295,"liveWins":23,"games":42,"wr":0.5476190476190477}
{"g":42,"seed":20470146,"liveWin":true,"liveSeat":0,"steps":23,"ms":183,"liveWins":24,"games":43,"wr":0.5581395348837209}
{"g":43,"seed":20470146,"liveWin":false,"liveSeat":1,"steps":23,"ms":293,"liveWins":24,"games":44,"wr":0.5454545454545454}
{"g":44,"seed":20480119,"liveWin":true,"liveSeat":0,"steps":23,"ms":755,"liveWins":25,"games":45,"wr":0.5555555555555556}
{"g":45,"seed":20480119,"liveWin":true,"liveSeat":1,"steps":18,"ms":244,"liveWins":26,"games":46,"wr":0.5652173913043478}
{"g":46,"seed":20490092,"liveWin":true,"liveSeat":0,"steps":21,"ms":115,"liveWins":27,"games":47,"wr":0.574468085106383}
{"g":47,"seed":20490092,"liveWin":false,"liveSeat":1,"steps":21,"ms":136,"liveWins":27,"games":48,"wr":0.5625}
{"g":48,"seed":20500065,"liveWin":false,"liveSeat":0,"steps":27,"ms":671,"liveWins":27,"games":49,"wr":0.5510204081632653}
{"g":49,"seed":20500065,"liveWin":false,"liveSeat":1,"steps":22,"ms":573,"liveWins":27,"games":50,"wr":0.54}
=== FINAL ===
{
  "protocol": "fair-hidden-gm-BR-both-equal",
  "infoModel": "hidden",
  "perfectInfo": false,
  "hiddenInfo": true,
  "brBoth": true,
  "equalBudget": true,
  "games": 50,
  "liveWins": 27,
  "freezeWins": 23,
  "liveWinRate": 0.54,
  "seed0": 20260713,
  "ms": 14200,
  "live": {
    "id": "v9.1-probe-mbntie_all",
    "stamped": "2026-07-13T02:50:38Z",
    "label": "Grandmaster v9.1-probe mbntie_all"
  },
  "freeze": {
    "id": "v9.1",
    "stamped": "2026-07-13T02:50:38Z",
    "label": "Grandmaster v9.1 (ladder freeze)"
  },
  "freezeTag": "v91",
  "challTag": "p_mbntie_all",
  "opts": {
    "difficulty": "grandmaster",
    "useSearch": true,
    "perfectInfo": false,
    "hiddenInfo": true,
    "timeMs": 150,
    "iterations": 60,
    "maxSims": 120,
    "brTrials": 12,
    "bestResponse": true,
    "exactExploit": false,
    "exploit": true,
    "softSamples": 4,
    "maxBranch": 12,
    "mode": "auto",
    "strongSelf": false
  },
  "perGame": [
    {
      "seed": 20260713,
      "liveWin": false,
      "liveSeat": 0,
      "steps": 24,
      "ms": 412
    },
    {
      "seed": 20260713,
      "liveWin": false,
      "liveSeat": 1,
      "steps": 17,
      "ms": 219
    },
    {
      "seed": 20270686,
      "liveWin": false,
      "liveSeat": 0,
      "steps": 17,
      "ms": 523
    },
    {
      "seed": 20270686,
      "liveWin": true,
      "liveSeat": 1,
      "steps": 19,
      "ms": 492
    },
    {
      "seed": 20280659,
      "liveWin": true,
      "liveSeat": 0,
      "steps": 21,
      "ms": 178
    },
    {
      "seed": 20280659,
      "liveWin": true,
      "liveSeat": 1,
      "steps": 16,
      "ms": 644
    },
    {
      "seed": 20290632,
      "liveWin": true,
      "liveSeat": 0,
      "steps": 21,
      "ms": 272
    },
    {
      "seed": 20290632,
      "liveWin": true,
      "liveSeat": 1,
      "steps": 20,
      "ms": 284
    },
    {
      "seed": 20300605,
      "liveWin": true,
      "liveSeat": 0,
      "steps": 20,
      "ms": 235
    },
    {
      "seed": 20300605,
      "liveWin": false,
      "liveSeat": 1,
      "steps": 22,
      "ms": 232
    },
    {
      "seed": 20310578,
      "liveWin": false,
      "liveSeat": 0,
      "steps": 16,
      "ms": 97
    },
    {
      "seed": 20310578,
      "liveWin": true,
      "liveSeat": 1,
      "steps": 18,
      "ms": 96
    },
    {
      "seed": 20320551,
      "liveWin": false,
      "liveSeat": 0,
      "steps": 25,
      "ms": 158
    },
    {
      "seed": 20320551,
      "liveWin": false,
      "liveSeat": 1,
      "steps": 20,
      "ms": 153
    },
    {
      "seed": 20330524,
      "liveWin": false,
      "liveSeat": 0,
      "steps": 19,
      "ms": 236
    },
    {
      "seed": 20330524,
      "liveWin": true,
      "liveSeat": 1,
      "steps": 21,
      "ms": 314
    },
    {
      "seed": 20340497,
      "liveWin": true,
      "liveSeat": 0,
      "steps": 22,
      "ms": 837
    },
    {
      "seed": 20340497,
      "liveWin": true,
      "liveSeat": 1,
      "steps": 21,
      "ms": 637
    },
    {
      "seed": 20350470,
      "liveWin": true,
      "liveSeat": 0,
      "steps": 13,
      "ms": 334
    },
    {
      "seed": 20350470,
      "liveWin": true,
      "liveSeat": 1,
      "steps": 24,
      "ms": 315
    },
    {
      "seed": 20360443,
      "liveWin": false,
      "liveSeat": 0,
      "steps": 23,
      "ms": 212
    },
    {
      "seed": 20360443,
      "liveWin": false,
      "liveSeat": 1,
      "steps": 22,
      "ms": 165
    },
    {
      "seed": 20370416,
      "liveWin": true,
      "liveSeat": 0,
      "steps": 19,
      "ms": 122
    },
    {
      "seed": 20370416,
      "liveWin": false,
      "liveSeat": 1,
      "steps": 19,
      "ms": 122
    },
    {
      "seed": 20380389,
      "liveWin": true,
      "liveSeat": 0,
      "steps": 14,
      "ms": 91
    },
    {
      "seed": 20380389,
      "liveWin": false,
      "liveSeat": 1,
      "steps": 14,
      "ms": 90
    },
    {
      "seed": 20390362,
      "liveWin": false,
      "liveSeat": 0,
      "steps": 16,
      "ms": 185
    },
    {
      "seed": 20390362,
      "liveWin": true,
      "liveSeat": 1,
      "steps": 22,
      "ms": 408
    },
    {
      "seed": 20400335,
      "liveWin": false,
      "liveSeat": 0,
      "steps": 24,
      "ms": 397
    },
    {
      "seed": 20400335,
      "liveWin": true,
      "liveSeat": 1,
      "steps": 24,
      "ms": 170
    },
    {
      "seed": 20410308,
      "liveWin": true,
      "liveSeat": 0,
      "steps": 15,
      "ms": 490
    },
    {
      "seed": 20410308,
      "liveWin": false,
      "liveSeat": 1,
      "steps": 19,
      "ms": 131
    },
    {
      "seed": 20420281,
      "liveWin": true,
      "liveSeat": 0,
      "steps": 23,
      "ms": 163
    },
    {
      "seed": 20420281,
      "liveWin": false,
      "liveSeat": 1,
      "steps": 27,
      "ms": 137
    },
    {
      "seed": 20430254,
      "liveWin": true,
      "liveSeat": 0,
      "steps": 18,
      "ms": 211
    },
    {
      "seed": 20430254,
      "liveWin": false,
      "liveSeat": 1,
      "steps": 14,
      "ms": 187
    },
    {
      "seed": 20440227,
      "liveWin": false,
      "liveSeat": 0,
      "steps": 20,
      "ms": 389
    },
    {
      "seed": 20440227,
      "liveWin": true,
      "liveSeat": 1,
      "steps": 14,
      "ms": 138
    },
    {
      "seed": 20450200,
      "liveWin": false,
      "liveSeat": 0,
      "steps": 21,
      "ms": 110
    },
    {
      "seed": 20450200,
      "liveWin": true,
      "liveSeat": 1,
      "steps": 13,
      "ms": 139
    },
    {
      "seed": 20460173,
      "liveWin": true,
      "liveSeat": 0,
      "steps": 26,
      "ms": 188
    },
    {
      "seed": 20460173,
      "liveWin": true,
      "liveSeat": 1,
      "steps": 21,
      "ms": 295
    },
    {
      "seed": 20470146,
      "liveWin": true,
      "liveSeat": 0,
      "steps": 23,
      "ms": 183
    },
    {
      "seed": 20470146,
      "liveWin": false,
      "liveSeat": 1,
      "steps": 23,
      "ms": 293
    },
    {
      "seed": 20480119,
      "liveWin": true,
      "liveSeat": 0,
      "steps": 23,
      "ms": 755
    },
    {
      "seed": 20480119,
      "liveWin": true,
      "liveSeat": 1,
      "steps": 18,
      "ms": 244
    },
    {
      "seed": 20490092,
      "liveWin": true,
      "liveSeat": 0,
      "steps": 21,
      "ms": 115
    },
    {
      "seed": 20490092,
      "liveWin": false,
      "liveSeat": 1,
      "steps": 21,
      "ms": 136
    },
    {
      "seed": 20500065,
      "liveWin": false,
      "liveSeat": 0,
      "steps": 27,
      "ms": 671
    },
    {
      "seed": 20500065,
      "liveWin": false,
      "liveSeat": 1,
      "steps": 22,
      "ms": 573
    }
  ],
  "lossSeeds": [
    20260713,
    20260713,
    20270686,
    20300605,
    20310578,
    20320551,
    20320551,
    20330524,
    20360443,
    20360443,
    20370416,
    20380389,
    20390362,
    20400335,
    20410308,
    20420281,
    20430254,
    20440227,
    20450200,
    20470146,
    20490092,
    20500065,
    20500065
  ],
  "target": 0.7,
  "passed": false
}
wrote /Users/johnhoang/Developer/Grok/tieng-len/evolve/probe-p_mbntie_all-vs-v91-fair-both-s13-n50.json
