{"start":true,"freeze":"v91","chall":"p_mbleaf_eq","live":{"id":"v9.1-probe-mbleaf_eq","stamped":"2026-07-13T02:50:38Z","label":"Grandmaster v9.1-probe mbleaf_eq"},"freezeBuild":{"id":"v9.1","stamped":"2026-07-13T02:50:38Z","label":"Grandmaster v9.1 (ladder freeze)"},"games":25,"seed0":20260712,"protocol":"fair-hidden-gm-BR-both-equal","opts":{"difficulty":"grandmaster","useSearch":true,"perfectInfo":false,"hiddenInfo":true,"timeMs":150,"iterations":60,"maxSims":120,"brTrials":12,"bestResponse":true,"exactExploit":false,"exploit":true,"softSamples":4,"maxBranch":12,"mode":"auto","strongSelf":false}}
{"g":0,"seed":20260712,"liveWin":true,"liveSeat":0,"steps":16,"ms":298,"liveWins":1,"games":1,"wr":1}
{"g":1,"seed":20260712,"liveWin":false,"liveSeat":1,"steps":16,"ms":230,"liveWins":1,"games":2,"wr":0.5}
{"g":2,"seed":20270685,"liveWin":true,"liveSeat":0,"steps":13,"ms":594,"liveWins":2,"games":3,"wr":0.6666666666666666}
{"g":3,"seed":20270685,"liveWin":false,"liveSeat":1,"steps":13,"ms":248,"liveWins":2,"games":4,"wr":0.5}
{"g":4,"seed":20280658,"liveWin":true,"liveSeat":0,"steps":17,"ms":480,"liveWins":3,"games":5,"wr":0.6}
{"g":5,"seed":20280658,"liveWin":true,"liveSeat":1,"steps":20,"ms":348,"liveWins":4,"games":6,"wr":0.6666666666666666}
{"g":6,"seed":20290631,"liveWin":true,"liveSeat":0,"steps":27,"ms":407,"liveWins":5,"games":7,"wr":0.7142857142857143}
{"g":7,"seed":20290631,"liveWin":false,"liveSeat":1,"steps":19,"ms":615,"liveWins":5,"games":8,"wr":0.625}
{"g":8,"seed":20300604,"liveWin":true,"liveSeat":0,"steps":20,"ms":190,"liveWins":6,"games":9,"wr":0.6666666666666666}
{"g":9,"seed":20300604,"liveWin":false,"liveSeat":1,"steps":20,"ms":278,"liveWins":6,"games":10,"wr":0.6}
{"g":10,"seed":20310577,"liveWin":false,"liveSeat":0,"steps":25,"ms":969,"liveWins":6,"games":11,"wr":0.5454545454545454}
{"g":11,"seed":20310577,"liveWin":false,"liveSeat":1,"steps":18,"ms":338,"liveWins":6,"games":12,"wr":0.5}
{"g":12,"seed":20320550,"liveWin":true,"liveSeat":0,"steps":18,"ms":535,"liveWins":7,"games":13,"wr":0.5384615384615384}
{"g":13,"seed":20320550,"liveWin":true,"liveSeat":1,"steps":25,"ms":567,"liveWins":8,"games":14,"wr":0.5714285714285714}
{"g":14,"seed":20330523,"liveWin":true,"liveSeat":0,"steps":25,"ms":447,"liveWins":9,"games":15,"wr":0.6}
{"g":15,"seed":20330523,"liveWin":false,"liveSeat":1,"steps":21,"ms":368,"liveWins":9,"games":16,"wr":0.5625}
{"g":16,"seed":20340496,"liveWin":true,"liveSeat":0,"steps":25,"ms":336,"liveWins":10,"games":17,"wr":0.5882352941176471}
{"g":17,"seed":20340496,"liveWin":false,"liveSeat":1,"steps":23,"ms":445,"liveWins":10,"games":18,"wr":0.5555555555555556}
{"g":18,"seed":20350469,"liveWin":true,"liveSeat":0,"steps":19,"ms":388,"liveWins":11,"games":19,"wr":0.5789473684210527}
{"g":19,"seed":20350469,"liveWin":false,"liveSeat":1,"steps":27,"ms":850,"liveWins":11,"games":20,"wr":0.55}
{"g":20,"seed":20360442,"liveWin":true,"liveSeat":0,"steps":24,"ms":328,"liveWins":12,"games":21,"wr":0.5714285714285714}
{"g":21,"seed":20360442,"liveWin":true,"liveSeat":1,"steps":23,"ms":432,"liveWins":13,"games":22,"wr":0.5909090909090909}
{"g":22,"seed":20370415,"liveWin":true,"liveSeat":0,"steps":18,"ms":438,"liveWins":14,"games":23,"wr":0.6086956521739131}
{"g":23,"seed":20370415,"liveWin":false,"liveSeat":1,"steps":24,"ms":196,"liveWins":14,"games":24,"wr":0.5833333333333334}
{"g":24,"seed":20380388,"liveWin":true,"liveSeat":0,"steps":14,"ms":455,"liveWins":15,"games":25,"wr":0.6}
{"g":25,"seed":20380388,"liveWin":false,"liveSeat":1,"steps":18,"ms":247,"liveWins":15,"games":26,"wr":0.5769230769230769}
{"g":26,"seed":20390361,"liveWin":false,"liveSeat":0,"steps":26,"ms":325,"liveWins":15,"games":27,"wr":0.5555555555555556}
{"g":27,"seed":20390361,"liveWin":true,"liveSeat":1,"steps":26,"ms":600,"liveWins":16,"games":28,"wr":0.5714285714285714}
{"g":28,"seed":20400334,"liveWin":true,"liveSeat":0,"steps":18,"ms":73,"liveWins":17,"games":29,"wr":0.5862068965517241}
{"g":29,"seed":20400334,"liveWin":true,"liveSeat":1,"steps":21,"ms":181,"liveWins":18,"games":30,"wr":0.6}
{"g":30,"seed":20410307,"liveWin":false,"liveSeat":0,"steps":16,"ms":459,"liveWins":18,"games":31,"wr":0.5806451612903226}
{"g":31,"seed":20410307,"liveWin":true,"liveSeat":1,"steps":16,"ms":524,"liveWins":19,"games":32,"wr":0.59375}
{"g":32,"seed":20420280,"liveWin":true,"liveSeat":0,"steps":22,"ms":815,"liveWins":20,"games":33,"wr":0.6060606060606061}
{"g":33,"seed":20420280,"liveWin":false,"liveSeat":1,"steps":22,"ms":559,"liveWins":20,"games":34,"wr":0.5882352941176471}
{"g":34,"seed":20430253,"liveWin":false,"liveSeat":0,"steps":23,"ms":424,"liveWins":20,"games":35,"wr":0.5714285714285714}
{"g":35,"seed":20430253,"liveWin":true,"liveSeat":1,"steps":23,"ms":586,"liveWins":21,"games":36,"wr":0.5833333333333334}
{"g":36,"seed":20440226,"liveWin":true,"liveSeat":0,"steps":23,"ms":1450,"liveWins":22,"games":37,"wr":0.5945945945945946}
{"g":37,"seed":20440226,"liveWin":false,"liveSeat":1,"steps":17,"ms":883,"liveWins":22,"games":38,"wr":0.5789473684210527}
{"g":38,"seed":20450199,"liveWin":true,"liveSeat":0,"steps":21,"ms":281,"liveWins":23,"games":39,"wr":0.5897435897435898}
{"g":39,"seed":20450199,"liveWin":false,"liveSeat":1,"steps":21,"ms":254,"liveWins":23,"games":40,"wr":0.575}
{"g":40,"seed":20460172,"liveWin":true,"liveSeat":0,"steps":21,"ms":495,"liveWins":24,"games":41,"wr":0.5853658536585366}
{"g":41,"seed":20460172,"liveWin":false,"liveSeat":1,"steps":15,"ms":229,"liveWins":24,"games":42,"wr":0.5714285714285714}
{"g":42,"seed":20470145,"liveWin":true,"liveSeat":0,"steps":13,"ms":613,"liveWins":25,"games":43,"wr":0.5813953488372093}
{"g":43,"seed":20470145,"liveWin":false,"liveSeat":1,"steps":15,"ms":349,"liveWins":25,"games":44,"wr":0.5681818181818182}
{"g":44,"seed":20480118,"liveWin":false,"liveSeat":0,"steps":15,"ms":169,"liveWins":25,"games":45,"wr":0.5555555555555556}
{"g":45,"seed":20480118,"liveWin":true,"liveSeat":1,"steps":19,"ms":588,"liveWins":26,"games":46,"wr":0.5652173913043478}
{"g":46,"seed":20490091,"liveWin":false,"liveSeat":0,"steps":24,"ms":357,"liveWins":26,"games":47,"wr":0.5531914893617021}
{"g":47,"seed":20490091,"liveWin":false,"liveSeat":1,"steps":25,"ms":151,"liveWins":26,"games":48,"wr":0.5416666666666666}
{"g":48,"seed":20500064,"liveWin":true,"liveSeat":0,"steps":19,"ms":1352,"liveWins":27,"games":49,"wr":0.5510204081632653}
{"g":49,"seed":20500064,"liveWin":false,"liveSeat":1,"steps":15,"ms":914,"liveWins":27,"games":50,"wr":0.54}
=== FINAL ===
{
  "protocol": "fair-hidden-gm-BR-both-equal",
  "infoModel": "hidden",
  "perfectInfo": false,
  "hiddenInfo": true,
  "brBoth": true,
  "equalBudget": true,
  "games": 50,
  "liveWins": 27,
  "freezeWins": 23,
  "liveWinRate": 0.54,
  "seed0": 20260712,
  "ms": 23677,
  "live": {
    "id": "v9.1-probe-mbleaf_eq",
    "stamped": "2026-07-13T02:50:38Z",
    "label": "Grandmaster v9.1-probe mbleaf_eq"
  },
  "freeze": {
    "id": "v9.1",
    "stamped": "2026-07-13T02:50:38Z",
    "label": "Grandmaster v9.1 (ladder freeze)"
  },
  "freezeTag": "v91",
  "challTag": "p_mbleaf_eq",
  "opts": {
    "difficulty": "grandmaster",
    "useSearch": true,
    "perfectInfo": false,
    "hiddenInfo": true,
    "timeMs": 150,
    "iterations": 60,
    "maxSims": 120,
    "brTrials": 12,
    "bestResponse": true,
    "exactExploit": false,
    "exploit": true,
    "softSamples": 4,
    "maxBranch": 12,
    "mode": "auto",
    "strongSelf": false
  },
  "perGame": [
    {
      "seed": 20260712,
      "liveWin": true,
      "liveSeat": 0,
      "steps": 16,
      "ms": 298
    },
    {
      "seed": 20260712,
      "liveWin": false,
      "liveSeat": 1,
      "steps": 16,
      "ms": 230
    },
    {
      "seed": 20270685,
      "liveWin": true,
      "liveSeat": 0,
      "steps": 13,
      "ms": 594
    },
    {
      "seed": 20270685,
      "liveWin": false,
      "liveSeat": 1,
      "steps": 13,
      "ms": 248
    },
    {
      "seed": 20280658,
      "liveWin": true,
      "liveSeat": 0,
      "steps": 17,
      "ms": 480
    },
    {
      "seed": 20280658,
      "liveWin": true,
      "liveSeat": 1,
      "steps": 20,
      "ms": 348
    },
    {
      "seed": 20290631,
      "liveWin": true,
      "liveSeat": 0,
      "steps": 27,
      "ms": 407
    },
    {
      "seed": 20290631,
      "liveWin": false,
      "liveSeat": 1,
      "steps": 19,
      "ms": 615
    },
    {
      "seed": 20300604,
      "liveWin": true,
      "liveSeat": 0,
      "steps": 20,
      "ms": 190
    },
    {
      "seed": 20300604,
      "liveWin": false,
      "liveSeat": 1,
      "steps": 20,
      "ms": 278
    },
    {
      "seed": 20310577,
      "liveWin": false,
      "liveSeat": 0,
      "steps": 25,
      "ms": 969
    },
    {
      "seed": 20310577,
      "liveWin": false,
      "liveSeat": 1,
      "steps": 18,
      "ms": 338
    },
    {
      "seed": 20320550,
      "liveWin": true,
      "liveSeat": 0,
      "steps": 18,
      "ms": 535
    },
    {
      "seed": 20320550,
      "liveWin": true,
      "liveSeat": 1,
      "steps": 25,
      "ms": 567
    },
    {
      "seed": 20330523,
      "liveWin": true,
      "liveSeat": 0,
      "steps": 25,
      "ms": 447
    },
    {
      "seed": 20330523,
      "liveWin": false,
      "liveSeat": 1,
      "steps": 21,
      "ms": 368
    },
    {
      "seed": 20340496,
      "liveWin": true,
      "liveSeat": 0,
      "steps": 25,
      "ms": 336
    },
    {
      "seed": 20340496,
      "liveWin": false,
      "liveSeat": 1,
      "steps": 23,
      "ms": 445
    },
    {
      "seed": 20350469,
      "liveWin": true,
      "liveSeat": 0,
      "steps": 19,
      "ms": 388
    },
    {
      "seed": 20350469,
      "liveWin": false,
      "liveSeat": 1,
      "steps": 27,
      "ms": 850
    },
    {
      "seed": 20360442,
      "liveWin": true,
      "liveSeat": 0,
      "steps": 24,
      "ms": 328
    },
    {
      "seed": 20360442,
      "liveWin": true,
      "liveSeat": 1,
      "steps": 23,
      "ms": 432
    },
    {
      "seed": 20370415,
      "liveWin": true,
      "liveSeat": 0,
      "steps": 18,
      "ms": 438
    },
    {
      "seed": 20370415,
      "liveWin": false,
      "liveSeat": 1,
      "steps": 24,
      "ms": 196
    },
    {
      "seed": 20380388,
      "liveWin": true,
      "liveSeat": 0,
      "steps": 14,
      "ms": 455
    },
    {
      "seed": 20380388,
      "liveWin": false,
      "liveSeat": 1,
      "steps": 18,
      "ms": 247
    },
    {
      "seed": 20390361,
      "liveWin": false,
      "liveSeat": 0,
      "steps": 26,
      "ms": 325
    },
    {
      "seed": 20390361,
      "liveWin": true,
      "liveSeat": 1,
      "steps": 26,
      "ms": 600
    },
    {
      "seed": 20400334,
      "liveWin": true,
      "liveSeat": 0,
      "steps": 18,
      "ms": 73
    },
    {
      "seed": 20400334,
      "liveWin": true,
      "liveSeat": 1,
      "steps": 21,
      "ms": 181
    },
    {
      "seed": 20410307,
      "liveWin": false,
      "liveSeat": 0,
      "steps": 16,
      "ms": 459
    },
    {
      "seed": 20410307,
      "liveWin": true,
      "liveSeat": 1,
      "steps": 16,
      "ms": 524
    },
    {
      "seed": 20420280,
      "liveWin": true,
      "liveSeat": 0,
      "steps": 22,
      "ms": 815
    },
    {
      "seed": 20420280,
      "liveWin": false,
      "liveSeat": 1,
      "steps": 22,
      "ms": 559
    },
    {
      "seed": 20430253,
      "liveWin": false,
      "liveSeat": 0,
      "steps": 23,
      "ms": 424
    },
    {
      "seed": 20430253,
      "liveWin": true,
      "liveSeat": 1,
      "steps": 23,
      "ms": 586
    },
    {
      "seed": 20440226,
      "liveWin": true,
      "liveSeat": 0,
      "steps": 23,
      "ms": 1450
    },
    {
      "seed": 20440226,
      "liveWin": false,
      "liveSeat": 1,
      "steps": 17,
      "ms": 883
    },
    {
      "seed": 20450199,
      "liveWin": true,
      "liveSeat": 0,
      "steps": 21,
      "ms": 281
    },
    {
      "seed": 20450199,
      "liveWin": false,
      "liveSeat": 1,
      "steps": 21,
      "ms": 254
    },
    {
      "seed": 20460172,
      "liveWin": true,
      "liveSeat": 0,
      "steps": 21,
      "ms": 495
    },
    {
      "seed": 20460172,
      "liveWin": false,
      "liveSeat": 1,
      "steps": 15,
      "ms": 229
    },
    {
      "seed": 20470145,
      "liveWin": true,
      "liveSeat": 0,
      "steps": 13,
      "ms": 613
    },
    {
      "seed": 20470145,
      "liveWin": false,
      "liveSeat": 1,
      "steps": 15,
      "ms": 349
    },
    {
      "seed": 20480118,
      "liveWin": false,
      "liveSeat": 0,
      "steps": 15,
      "ms": 169
    },
    {
      "seed": 20480118,
      "liveWin": true,
      "liveSeat": 1,
      "steps": 19,
      "ms": 588
    },
    {
      "seed": 20490091,
      "liveWin": false,
      "liveSeat": 0,
      "steps": 24,
      "ms": 357
    },
    {
      "seed": 20490091,
      "liveWin": false,
      "liveSeat": 1,
      "steps": 25,
      "ms": 151
    },
    {
      "seed": 20500064,
      "liveWin": true,
      "liveSeat": 0,
      "steps": 19,
      "ms": 1352
    },
    {
      "seed": 20500064,
      "liveWin": false,
      "liveSeat": 1,
      "steps": 15,
      "ms": 914
    }
  ],
  "lossSeeds": [
    20260712,
    20270685,
    20290631,
    20300604,
    20310577,
    20310577,
    20330523,
    20340496,
    20350469,
    20370415,
    20380388,
    20390361,
    20410307,
    20420280,
    20430253,
    20440226,
    20450199,
    20460172,
    20470145,
    20480118,
    20490091,
    20490091,
    20500064
  ],
  "target": 0.7,
  "passed": false
}
wrote /Users/johnhoang/Developer/Grok/tieng-len/evolve/probe-p_mbleaf_eq-vs-v91-fair-both-s12-n50.json
