{"start":true,"freeze":"v91","chall":"p_mbnest_fl","live":{"id":"v9.1-probe-mbnest_fl","stamped":"2026-07-13T02:50:38Z","label":"Grandmaster v9.1-probe mbnest_fl"},"freezeBuild":{"id":"v9.1","stamped":"2026-07-13T02:50:38Z","label":"Grandmaster v9.1 (ladder freeze)"},"games":25,"seed0":20260711,"protocol":"fair-hidden-gm-BR-both-equal","opts":{"difficulty":"grandmaster","useSearch":true,"perfectInfo":false,"hiddenInfo":true,"timeMs":280,"iterations":60,"maxSims":120,"brTrials":24,"bestResponse":true,"exactExploit":false,"exploit":true,"softSamples":6,"maxBranch":12,"mode":"auto","strongSelf":false}}
{"g":0,"seed":20260711,"liveWin":true,"liveSeat":0,"steps":18,"ms":1008,"liveWins":1,"games":1,"wr":1}
{"g":1,"seed":20260711,"liveWin":true,"liveSeat":1,"steps":19,"ms":1073,"liveWins":2,"games":2,"wr":1}
{"g":2,"seed":20270684,"liveWin":true,"liveSeat":0,"steps":17,"ms":907,"liveWins":3,"games":3,"wr":1}
{"g":3,"seed":20270684,"liveWin":true,"liveSeat":1,"steps":22,"ms":1015,"liveWins":4,"games":4,"wr":1}
{"g":4,"seed":20280657,"liveWin":true,"liveSeat":0,"steps":20,"ms":681,"liveWins":5,"games":5,"wr":1}
{"g":5,"seed":20280657,"liveWin":true,"liveSeat":1,"steps":19,"ms":550,"liveWins":6,"games":6,"wr":1}
{"g":6,"seed":20290630,"liveWin":true,"liveSeat":0,"steps":17,"ms":427,"liveWins":7,"games":7,"wr":1}
{"g":7,"seed":20290630,"liveWin":true,"liveSeat":1,"steps":20,"ms":436,"liveWins":8,"games":8,"wr":1}
{"g":8,"seed":20300603,"liveWin":false,"liveSeat":0,"steps":18,"ms":1141,"liveWins":8,"games":9,"wr":0.8888888888888888}
{"g":9,"seed":20300603,"liveWin":true,"liveSeat":1,"steps":26,"ms":1213,"liveWins":9,"games":10,"wr":0.9}
{"g":10,"seed":20310576,"liveWin":true,"liveSeat":0,"steps":25,"ms":1252,"liveWins":10,"games":11,"wr":0.9090909090909091}
{"g":11,"seed":20310576,"liveWin":true,"liveSeat":1,"steps":18,"ms":531,"liveWins":11,"games":12,"wr":0.9166666666666666}
{"g":12,"seed":20320549,"liveWin":false,"liveSeat":0,"steps":11,"ms":308,"liveWins":11,"games":13,"wr":0.8461538461538461}
{"g":13,"seed":20320549,"liveWin":true,"liveSeat":1,"steps":27,"ms":842,"liveWins":12,"games":14,"wr":0.8571428571428571}
{"g":14,"seed":20330522,"liveWin":true,"liveSeat":0,"steps":21,"ms":710,"liveWins":13,"games":15,"wr":0.8666666666666667}
{"g":15,"seed":20330522,"liveWin":false,"liveSeat":1,"steps":21,"ms":1162,"liveWins":13,"games":16,"wr":0.8125}
{"g":16,"seed":20340495,"liveWin":false,"liveSeat":0,"steps":20,"ms":543,"liveWins":13,"games":17,"wr":0.7647058823529411}
{"g":17,"seed":20340495,"liveWin":true,"liveSeat":1,"steps":26,"ms":1000,"liveWins":14,"games":18,"wr":0.7777777777777778}
{"g":18,"seed":20350468,"liveWin":false,"liveSeat":0,"steps":22,"ms":1554,"liveWins":14,"games":19,"wr":0.7368421052631579}
{"g":19,"seed":20350468,"liveWin":true,"liveSeat":1,"steps":24,"ms":1024,"liveWins":15,"games":20,"wr":0.75}
{"g":20,"seed":20360441,"liveWin":true,"liveSeat":0,"steps":18,"ms":1038,"liveWins":16,"games":21,"wr":0.7619047619047619}
{"g":21,"seed":20360441,"liveWin":false,"liveSeat":1,"steps":18,"ms":719,"liveWins":16,"games":22,"wr":0.7272727272727273}
{"g":22,"seed":20370414,"liveWin":true,"liveSeat":0,"steps":18,"ms":451,"liveWins":17,"games":23,"wr":0.7391304347826086}
{"g":23,"seed":20370414,"liveWin":false,"liveSeat":1,"steps":20,"ms":468,"liveWins":17,"games":24,"wr":0.7083333333333334}
{"g":24,"seed":20380387,"liveWin":true,"liveSeat":0,"steps":5,"ms":322,"liveWins":18,"games":25,"wr":0.72}
{"g":25,"seed":20380387,"liveWin":true,"liveSeat":1,"steps":16,"ms":331,"liveWins":19,"games":26,"wr":0.7307692307692307}
{"g":26,"seed":20390360,"liveWin":true,"liveSeat":0,"steps":17,"ms":929,"liveWins":20,"games":27,"wr":0.7407407407407407}
{"g":27,"seed":20390360,"liveWin":true,"liveSeat":1,"steps":14,"ms":1163,"liveWins":21,"games":28,"wr":0.75}
{"g":28,"seed":20400333,"liveWin":true,"liveSeat":0,"steps":15,"ms":954,"liveWins":22,"games":29,"wr":0.7586206896551724}
{"g":29,"seed":20400333,"liveWin":true,"liveSeat":1,"steps":16,"ms":877,"liveWins":23,"games":30,"wr":0.7666666666666667}
{"g":30,"seed":20410306,"liveWin":true,"liveSeat":0,"steps":22,"ms":876,"liveWins":24,"games":31,"wr":0.7741935483870968}
{"g":31,"seed":20410306,"liveWin":false,"liveSeat":1,"steps":22,"ms":1025,"liveWins":24,"games":32,"wr":0.75}
{"g":32,"seed":20420279,"liveWin":true,"liveSeat":0,"steps":19,"ms":1146,"liveWins":25,"games":33,"wr":0.7575757575757576}
{"g":33,"seed":20420279,"liveWin":true,"liveSeat":1,"steps":20,"ms":865,"liveWins":26,"games":34,"wr":0.7647058823529411}
{"g":34,"seed":20430252,"liveWin":true,"liveSeat":0,"steps":7,"ms":579,"liveWins":27,"games":35,"wr":0.7714285714285715}
{"g":35,"seed":20430252,"liveWin":true,"liveSeat":1,"steps":18,"ms":566,"liveWins":28,"games":36,"wr":0.7777777777777778}
{"g":36,"seed":20440225,"liveWin":true,"liveSeat":0,"steps":17,"ms":1244,"liveWins":29,"games":37,"wr":0.7837837837837838}
{"g":37,"seed":20440225,"liveWin":true,"liveSeat":1,"steps":26,"ms":1395,"liveWins":30,"games":38,"wr":0.7894736842105263}
{"g":38,"seed":20450198,"liveWin":true,"liveSeat":0,"steps":14,"ms":458,"liveWins":31,"games":39,"wr":0.7948717948717948}
{"g":39,"seed":20450198,"liveWin":false,"liveSeat":1,"steps":16,"ms":1886,"liveWins":31,"games":40,"wr":0.775}
{"g":40,"seed":20460171,"liveWin":false,"liveSeat":0,"steps":19,"ms":191,"liveWins":31,"games":41,"wr":0.7560975609756098}
{"g":41,"seed":20460171,"liveWin":true,"liveSeat":1,"steps":19,"ms":389,"liveWins":32,"games":42,"wr":0.7619047619047619}
{"g":42,"seed":20470144,"liveWin":true,"liveSeat":0,"steps":26,"ms":1721,"liveWins":33,"games":43,"wr":0.7674418604651163}
{"g":43,"seed":20470144,"liveWin":true,"liveSeat":1,"steps":17,"ms":1353,"liveWins":34,"games":44,"wr":0.7727272727272727}
{"g":44,"seed":20480117,"liveWin":true,"liveSeat":0,"steps":18,"ms":1010,"liveWins":35,"games":45,"wr":0.7777777777777778}
{"g":45,"seed":20480117,"liveWin":true,"liveSeat":1,"steps":21,"ms":592,"liveWins":36,"games":46,"wr":0.782608695652174}
{"g":46,"seed":20490090,"liveWin":false,"liveSeat":0,"steps":19,"ms":1585,"liveWins":36,"games":47,"wr":0.7659574468085106}
{"g":47,"seed":20490090,"liveWin":true,"liveSeat":1,"steps":21,"ms":1515,"liveWins":37,"games":48,"wr":0.7708333333333334}
{"g":48,"seed":20500063,"liveWin":false,"liveSeat":0,"steps":28,"ms":1291,"liveWins":37,"games":49,"wr":0.7551020408163265}
{"g":49,"seed":20500063,"liveWin":false,"liveSeat":1,"steps":17,"ms":519,"liveWins":37,"games":50,"wr":0.74}
=== FINAL ===
{
  "protocol": "fair-hidden-gm-BR-both-equal",
  "infoModel": "hidden",
  "perfectInfo": false,
  "hiddenInfo": true,
  "brBoth": true,
  "equalBudget": true,
  "games": 50,
  "liveWins": 37,
  "freezeWins": 13,
  "liveWinRate": 0.74,
  "seed0": 20260711,
  "ms": 44854,
  "live": {
    "id": "v9.1-probe-mbnest_fl",
    "stamped": "2026-07-13T02:50:38Z",
    "label": "Grandmaster v9.1-probe mbnest_fl"
  },
  "freeze": {
    "id": "v9.1",
    "stamped": "2026-07-13T02:50:38Z",
    "label": "Grandmaster v9.1 (ladder freeze)"
  },
  "freezeTag": "v91",
  "challTag": "p_mbnest_fl",
  "opts": {
    "difficulty": "grandmaster",
    "useSearch": true,
    "perfectInfo": false,
    "hiddenInfo": true,
    "timeMs": 280,
    "iterations": 60,
    "maxSims": 120,
    "brTrials": 24,
    "bestResponse": true,
    "exactExploit": false,
    "exploit": true,
    "softSamples": 6,
    "maxBranch": 12,
    "mode": "auto",
    "strongSelf": false
  },
  "perGame": [
    {
      "seed": 20260711,
      "liveWin": true,
      "liveSeat": 0,
      "steps": 18,
      "ms": 1008
    },
    {
      "seed": 20260711,
      "liveWin": true,
      "liveSeat": 1,
      "steps": 19,
      "ms": 1073
    },
    {
      "seed": 20270684,
      "liveWin": true,
      "liveSeat": 0,
      "steps": 17,
      "ms": 907
    },
    {
      "seed": 20270684,
      "liveWin": true,
      "liveSeat": 1,
      "steps": 22,
      "ms": 1015
    },
    {
      "seed": 20280657,
      "liveWin": true,
      "liveSeat": 0,
      "steps": 20,
      "ms": 681
    },
    {
      "seed": 20280657,
      "liveWin": true,
      "liveSeat": 1,
      "steps": 19,
      "ms": 550
    },
    {
      "seed": 20290630,
      "liveWin": true,
      "liveSeat": 0,
      "steps": 17,
      "ms": 427
    },
    {
      "seed": 20290630,
      "liveWin": true,
      "liveSeat": 1,
      "steps": 20,
      "ms": 436
    },
    {
      "seed": 20300603,
      "liveWin": false,
      "liveSeat": 0,
      "steps": 18,
      "ms": 1141
    },
    {
      "seed": 20300603,
      "liveWin": true,
      "liveSeat": 1,
      "steps": 26,
      "ms": 1213
    },
    {
      "seed": 20310576,
      "liveWin": true,
      "liveSeat": 0,
      "steps": 25,
      "ms": 1252
    },
    {
      "seed": 20310576,
      "liveWin": true,
      "liveSeat": 1,
      "steps": 18,
      "ms": 531
    },
    {
      "seed": 20320549,
      "liveWin": false,
      "liveSeat": 0,
      "steps": 11,
      "ms": 308
    },
    {
      "seed": 20320549,
      "liveWin": true,
      "liveSeat": 1,
      "steps": 27,
      "ms": 842
    },
    {
      "seed": 20330522,
      "liveWin": true,
      "liveSeat": 0,
      "steps": 21,
      "ms": 710
    },
    {
      "seed": 20330522,
      "liveWin": false,
      "liveSeat": 1,
      "steps": 21,
      "ms": 1162
    },
    {
      "seed": 20340495,
      "liveWin": false,
      "liveSeat": 0,
      "steps": 20,
      "ms": 543
    },
    {
      "seed": 20340495,
      "liveWin": true,
      "liveSeat": 1,
      "steps": 26,
      "ms": 1000
    },
    {
      "seed": 20350468,
      "liveWin": false,
      "liveSeat": 0,
      "steps": 22,
      "ms": 1554
    },
    {
      "seed": 20350468,
      "liveWin": true,
      "liveSeat": 1,
      "steps": 24,
      "ms": 1024
    },
    {
      "seed": 20360441,
      "liveWin": true,
      "liveSeat": 0,
      "steps": 18,
      "ms": 1038
    },
    {
      "seed": 20360441,
      "liveWin": false,
      "liveSeat": 1,
      "steps": 18,
      "ms": 719
    },
    {
      "seed": 20370414,
      "liveWin": true,
      "liveSeat": 0,
      "steps": 18,
      "ms": 451
    },
    {
      "seed": 20370414,
      "liveWin": false,
      "liveSeat": 1,
      "steps": 20,
      "ms": 468
    },
    {
      "seed": 20380387,
      "liveWin": true,
      "liveSeat": 0,
      "steps": 5,
      "ms": 322
    },
    {
      "seed": 20380387,
      "liveWin": true,
      "liveSeat": 1,
      "steps": 16,
      "ms": 331
    },
    {
      "seed": 20390360,
      "liveWin": true,
      "liveSeat": 0,
      "steps": 17,
      "ms": 929
    },
    {
      "seed": 20390360,
      "liveWin": true,
      "liveSeat": 1,
      "steps": 14,
      "ms": 1163
    },
    {
      "seed": 20400333,
      "liveWin": true,
      "liveSeat": 0,
      "steps": 15,
      "ms": 954
    },
    {
      "seed": 20400333,
      "liveWin": true,
      "liveSeat": 1,
      "steps": 16,
      "ms": 877
    },
    {
      "seed": 20410306,
      "liveWin": true,
      "liveSeat": 0,
      "steps": 22,
      "ms": 876
    },
    {
      "seed": 20410306,
      "liveWin": false,
      "liveSeat": 1,
      "steps": 22,
      "ms": 1025
    },
    {
      "seed": 20420279,
      "liveWin": true,
      "liveSeat": 0,
      "steps": 19,
      "ms": 1146
    },
    {
      "seed": 20420279,
      "liveWin": true,
      "liveSeat": 1,
      "steps": 20,
      "ms": 865
    },
    {
      "seed": 20430252,
      "liveWin": true,
      "liveSeat": 0,
      "steps": 7,
      "ms": 579
    },
    {
      "seed": 20430252,
      "liveWin": true,
      "liveSeat": 1,
      "steps": 18,
      "ms": 566
    },
    {
      "seed": 20440225,
      "liveWin": true,
      "liveSeat": 0,
      "steps": 17,
      "ms": 1244
    },
    {
      "seed": 20440225,
      "liveWin": true,
      "liveSeat": 1,
      "steps": 26,
      "ms": 1395
    },
    {
      "seed": 20450198,
      "liveWin": true,
      "liveSeat": 0,
      "steps": 14,
      "ms": 458
    },
    {
      "seed": 20450198,
      "liveWin": false,
      "liveSeat": 1,
      "steps": 16,
      "ms": 1886
    },
    {
      "seed": 20460171,
      "liveWin": false,
      "liveSeat": 0,
      "steps": 19,
      "ms": 191
    },
    {
      "seed": 20460171,
      "liveWin": true,
      "liveSeat": 1,
      "steps": 19,
      "ms": 389
    },
    {
      "seed": 20470144,
      "liveWin": true,
      "liveSeat": 0,
      "steps": 26,
      "ms": 1721
    },
    {
      "seed": 20470144,
      "liveWin": true,
      "liveSeat": 1,
      "steps": 17,
      "ms": 1353
    },
    {
      "seed": 20480117,
      "liveWin": true,
      "liveSeat": 0,
      "steps": 18,
      "ms": 1010
    },
    {
      "seed": 20480117,
      "liveWin": true,
      "liveSeat": 1,
      "steps": 21,
      "ms": 592
    },
    {
      "seed": 20490090,
      "liveWin": false,
      "liveSeat": 0,
      "steps": 19,
      "ms": 1585
    },
    {
      "seed": 20490090,
      "liveWin": true,
      "liveSeat": 1,
      "steps": 21,
      "ms": 1515
    },
    {
      "seed": 20500063,
      "liveWin": false,
      "liveSeat": 0,
      "steps": 28,
      "ms": 1291
    },
    {
      "seed": 20500063,
      "liveWin": false,
      "liveSeat": 1,
      "steps": 17,
      "ms": 519
    }
  ],
  "lossSeeds": [
    20300603,
    20320549,
    20330522,
    20340495,
    20350468,
    20360441,
    20370414,
    20410306,
    20450198,
    20460171,
    20490090,
    20500063,
    20500063
  ],
  "target": 0.7,
  "passed": true
}
wrote /Users/johnhoang/Developer/Grok/tieng-len/evolve/probe-p_mbnest_fl-ms280-s11-n50.json
