{"start":true,"freeze":"v91","chall":"p_mbntie_deep","live":{"id":"v9.1-probe-mbntie_deep","stamped":"2026-07-13T02:50:38Z","label":"Grandmaster v9.1-probe mbntie_deep"},"freezeBuild":{"id":"v9.1","stamped":"2026-07-13T02:50:38Z","label":"Grandmaster v9.1 (ladder freeze)"},"games":25,"seed0":20260711,"protocol":"fair-hidden-gm-BR-both-equal","opts":{"difficulty":"grandmaster","useSearch":true,"perfectInfo":false,"hiddenInfo":true,"timeMs":150,"iterations":60,"maxSims":120,"brTrials":12,"bestResponse":true,"exactExploit":false,"exploit":true,"softSamples":4,"maxBranch":12,"mode":"auto","strongSelf":false}}
{"g":0,"seed":20260711,"liveWin":true,"liveSeat":0,"steps":18,"ms":480,"liveWins":1,"games":1,"wr":1}
{"g":1,"seed":20260711,"liveWin":false,"liveSeat":1,"steps":26,"ms":669,"liveWins":1,"games":2,"wr":0.5}
{"g":2,"seed":20270684,"liveWin":false,"liveSeat":0,"steps":22,"ms":343,"liveWins":1,"games":3,"wr":0.3333333333333333}
{"g":3,"seed":20270684,"liveWin":true,"liveSeat":1,"steps":22,"ms":407,"liveWins":2,"games":4,"wr":0.5}
{"g":4,"seed":20280657,"liveWin":true,"liveSeat":0,"steps":20,"ms":334,"liveWins":3,"games":5,"wr":0.6}
{"g":5,"seed":20280657,"liveWin":true,"liveSeat":1,"steps":19,"ms":221,"liveWins":4,"games":6,"wr":0.6666666666666666}
{"g":6,"seed":20290630,"liveWin":true,"liveSeat":0,"steps":17,"ms":127,"liveWins":5,"games":7,"wr":0.7142857142857143}
{"g":7,"seed":20290630,"liveWin":true,"liveSeat":1,"steps":20,"ms":120,"liveWins":6,"games":8,"wr":0.75}
{"g":8,"seed":20300603,"liveWin":false,"liveSeat":0,"steps":18,"ms":336,"liveWins":6,"games":9,"wr":0.6666666666666666}
{"g":9,"seed":20300603,"liveWin":true,"liveSeat":1,"steps":24,"ms":193,"liveWins":7,"games":10,"wr":0.7}
{"g":10,"seed":20310576,"liveWin":true,"liveSeat":0,"steps":25,"ms":392,"liveWins":8,"games":11,"wr":0.7272727272727273}
{"g":11,"seed":20310576,"liveWin":true,"liveSeat":1,"steps":18,"ms":184,"liveWins":9,"games":12,"wr":0.75}
{"g":12,"seed":20320549,"liveWin":false,"liveSeat":0,"steps":11,"ms":123,"liveWins":9,"games":13,"wr":0.6923076923076923}
{"g":13,"seed":20320549,"liveWin":true,"liveSeat":1,"steps":11,"ms":121,"liveWins":10,"games":14,"wr":0.7142857142857143}
{"g":14,"seed":20330522,"liveWin":true,"liveSeat":0,"steps":21,"ms":155,"liveWins":11,"games":15,"wr":0.7333333333333333}
{"g":15,"seed":20330522,"liveWin":true,"liveSeat":1,"steps":28,"ms":365,"liveWins":12,"games":16,"wr":0.75}
{"g":16,"seed":20340495,"liveWin":false,"liveSeat":0,"steps":20,"ms":206,"liveWins":12,"games":17,"wr":0.7058823529411765}
{"g":17,"seed":20340495,"liveWin":true,"liveSeat":1,"steps":26,"ms":280,"liveWins":13,"games":18,"wr":0.7222222222222222}
{"g":18,"seed":20350468,"liveWin":true,"liveSeat":0,"steps":17,"ms":375,"liveWins":14,"games":19,"wr":0.7368421052631579}
{"g":19,"seed":20350468,"liveWin":true,"liveSeat":1,"steps":24,"ms":422,"liveWins":15,"games":20,"wr":0.75}
{"g":20,"seed":20360441,"liveWin":true,"liveSeat":0,"steps":18,"ms":320,"liveWins":16,"games":21,"wr":0.7619047619047619}
{"g":21,"seed":20360441,"liveWin":false,"liveSeat":1,"steps":18,"ms":196,"liveWins":16,"games":22,"wr":0.7272727272727273}
{"g":22,"seed":20370414,"liveWin":true,"liveSeat":0,"steps":18,"ms":98,"liveWins":17,"games":23,"wr":0.7391304347826086}
{"g":23,"seed":20370414,"liveWin":false,"liveSeat":1,"steps":20,"ms":145,"liveWins":17,"games":24,"wr":0.7083333333333334}
{"g":24,"seed":20380387,"liveWin":false,"liveSeat":0,"steps":16,"ms":161,"liveWins":17,"games":25,"wr":0.68}
{"g":25,"seed":20380387,"liveWin":true,"liveSeat":1,"steps":16,"ms":160,"liveWins":18,"games":26,"wr":0.6923076923076923}
{"g":26,"seed":20390360,"liveWin":true,"liveSeat":0,"steps":17,"ms":321,"liveWins":19,"games":27,"wr":0.7037037037037037}
{"g":27,"seed":20390360,"liveWin":false,"liveSeat":1,"steps":17,"ms":363,"liveWins":19,"games":28,"wr":0.6785714285714286}
{"g":28,"seed":20400333,"liveWin":true,"liveSeat":0,"steps":15,"ms":270,"liveWins":20,"games":29,"wr":0.6896551724137931}
{"g":29,"seed":20400333,"liveWin":true,"liveSeat":1,"steps":14,"ms":610,"liveWins":21,"games":30,"wr":0.7}
{"g":30,"seed":20410306,"liveWin":true,"liveSeat":0,"steps":22,"ms":201,"liveWins":22,"games":31,"wr":0.7096774193548387}
{"g":31,"seed":20410306,"liveWin":true,"liveSeat":1,"steps":11,"ms":140,"liveWins":23,"games":32,"wr":0.71875}
{"g":32,"seed":20420279,"liveWin":true,"liveSeat":0,"steps":19,"ms":317,"liveWins":24,"games":33,"wr":0.7272727272727273}
{"g":33,"seed":20420279,"liveWin":true,"liveSeat":1,"steps":20,"ms":337,"liveWins":25,"games":34,"wr":0.7352941176470589}
{"g":34,"seed":20430252,"liveWin":false,"liveSeat":0,"steps":16,"ms":223,"liveWins":25,"games":35,"wr":0.7142857142857143}
{"g":35,"seed":20430252,"liveWin":true,"liveSeat":1,"steps":16,"ms":222,"liveWins":26,"games":36,"wr":0.7222222222222222}
{"g":36,"seed":20440225,"liveWin":true,"liveSeat":0,"steps":17,"ms":357,"liveWins":27,"games":37,"wr":0.7297297297297297}
{"g":37,"seed":20440225,"liveWin":true,"liveSeat":1,"steps":26,"ms":443,"liveWins":28,"games":38,"wr":0.7368421052631579}
{"g":38,"seed":20450198,"liveWin":true,"liveSeat":0,"steps":14,"ms":210,"liveWins":29,"games":39,"wr":0.7435897435897436}
{"g":39,"seed":20450198,"liveWin":false,"liveSeat":1,"steps":16,"ms":304,"liveWins":29,"games":40,"wr":0.725}
{"g":40,"seed":20460171,"liveWin":false,"liveSeat":0,"steps":19,"ms":75,"liveWins":29,"games":41,"wr":0.7073170731707317}
{"g":41,"seed":20460171,"liveWin":true,"liveSeat":1,"steps":19,"ms":70,"liveWins":30,"games":42,"wr":0.7142857142857143}
{"g":42,"seed":20470144,"liveWin":true,"liveSeat":0,"steps":26,"ms":681,"liveWins":31,"games":43,"wr":0.7209302325581395}
{"g":43,"seed":20470144,"liveWin":true,"liveSeat":1,"steps":21,"ms":408,"liveWins":32,"games":44,"wr":0.7272727272727273}
{"g":44,"seed":20480117,"liveWin":true,"liveSeat":0,"steps":20,"ms":324,"liveWins":33,"games":45,"wr":0.7333333333333333}
{"g":45,"seed":20480117,"liveWin":true,"liveSeat":1,"steps":21,"ms":238,"liveWins":34,"games":46,"wr":0.7391304347826086}
{"g":46,"seed":20490090,"liveWin":false,"liveSeat":0,"steps":19,"ms":708,"liveWins":34,"games":47,"wr":0.723404255319149}
{"g":47,"seed":20490090,"liveWin":true,"liveSeat":1,"steps":17,"ms":476,"liveWins":35,"games":48,"wr":0.7291666666666666}
{"g":48,"seed":20500063,"liveWin":true,"liveSeat":0,"steps":17,"ms":226,"liveWins":36,"games":49,"wr":0.7346938775510204}
{"g":49,"seed":20500063,"liveWin":true,"liveSeat":1,"steps":20,"ms":347,"liveWins":37,"games":50,"wr":0.74}
=== FINAL ===
{
  "protocol": "fair-hidden-gm-BR-both-equal",
  "infoModel": "hidden",
  "perfectInfo": false,
  "hiddenInfo": true,
  "brBoth": true,
  "equalBudget": true,
  "games": 50,
  "liveWins": 37,
  "freezeWins": 13,
  "liveWinRate": 0.74,
  "seed0": 20260711,
  "ms": 14825,
  "live": {
    "id": "v9.1-probe-mbntie_deep",
    "stamped": "2026-07-13T02:50:38Z",
    "label": "Grandmaster v9.1-probe mbntie_deep"
  },
  "freeze": {
    "id": "v9.1",
    "stamped": "2026-07-13T02:50:38Z",
    "label": "Grandmaster v9.1 (ladder freeze)"
  },
  "freezeTag": "v91",
  "challTag": "p_mbntie_deep",
  "opts": {
    "difficulty": "grandmaster",
    "useSearch": true,
    "perfectInfo": false,
    "hiddenInfo": true,
    "timeMs": 150,
    "iterations": 60,
    "maxSims": 120,
    "brTrials": 12,
    "bestResponse": true,
    "exactExploit": false,
    "exploit": true,
    "softSamples": 4,
    "maxBranch": 12,
    "mode": "auto",
    "strongSelf": false
  },
  "perGame": [
    {
      "seed": 20260711,
      "liveWin": true,
      "liveSeat": 0,
      "steps": 18,
      "ms": 480
    },
    {
      "seed": 20260711,
      "liveWin": false,
      "liveSeat": 1,
      "steps": 26,
      "ms": 669
    },
    {
      "seed": 20270684,
      "liveWin": false,
      "liveSeat": 0,
      "steps": 22,
      "ms": 343
    },
    {
      "seed": 20270684,
      "liveWin": true,
      "liveSeat": 1,
      "steps": 22,
      "ms": 407
    },
    {
      "seed": 20280657,
      "liveWin": true,
      "liveSeat": 0,
      "steps": 20,
      "ms": 334
    },
    {
      "seed": 20280657,
      "liveWin": true,
      "liveSeat": 1,
      "steps": 19,
      "ms": 221
    },
    {
      "seed": 20290630,
      "liveWin": true,
      "liveSeat": 0,
      "steps": 17,
      "ms": 127
    },
    {
      "seed": 20290630,
      "liveWin": true,
      "liveSeat": 1,
      "steps": 20,
      "ms": 120
    },
    {
      "seed": 20300603,
      "liveWin": false,
      "liveSeat": 0,
      "steps": 18,
      "ms": 336
    },
    {
      "seed": 20300603,
      "liveWin": true,
      "liveSeat": 1,
      "steps": 24,
      "ms": 193
    },
    {
      "seed": 20310576,
      "liveWin": true,
      "liveSeat": 0,
      "steps": 25,
      "ms": 392
    },
    {
      "seed": 20310576,
      "liveWin": true,
      "liveSeat": 1,
      "steps": 18,
      "ms": 184
    },
    {
      "seed": 20320549,
      "liveWin": false,
      "liveSeat": 0,
      "steps": 11,
      "ms": 123
    },
    {
      "seed": 20320549,
      "liveWin": true,
      "liveSeat": 1,
      "steps": 11,
      "ms": 121
    },
    {
      "seed": 20330522,
      "liveWin": true,
      "liveSeat": 0,
      "steps": 21,
      "ms": 155
    },
    {
      "seed": 20330522,
      "liveWin": true,
      "liveSeat": 1,
      "steps": 28,
      "ms": 365
    },
    {
      "seed": 20340495,
      "liveWin": false,
      "liveSeat": 0,
      "steps": 20,
      "ms": 206
    },
    {
      "seed": 20340495,
      "liveWin": true,
      "liveSeat": 1,
      "steps": 26,
      "ms": 280
    },
    {
      "seed": 20350468,
      "liveWin": true,
      "liveSeat": 0,
      "steps": 17,
      "ms": 375
    },
    {
      "seed": 20350468,
      "liveWin": true,
      "liveSeat": 1,
      "steps": 24,
      "ms": 422
    },
    {
      "seed": 20360441,
      "liveWin": true,
      "liveSeat": 0,
      "steps": 18,
      "ms": 320
    },
    {
      "seed": 20360441,
      "liveWin": false,
      "liveSeat": 1,
      "steps": 18,
      "ms": 196
    },
    {
      "seed": 20370414,
      "liveWin": true,
      "liveSeat": 0,
      "steps": 18,
      "ms": 98
    },
    {
      "seed": 20370414,
      "liveWin": false,
      "liveSeat": 1,
      "steps": 20,
      "ms": 145
    },
    {
      "seed": 20380387,
      "liveWin": false,
      "liveSeat": 0,
      "steps": 16,
      "ms": 161
    },
    {
      "seed": 20380387,
      "liveWin": true,
      "liveSeat": 1,
      "steps": 16,
      "ms": 160
    },
    {
      "seed": 20390360,
      "liveWin": true,
      "liveSeat": 0,
      "steps": 17,
      "ms": 321
    },
    {
      "seed": 20390360,
      "liveWin": false,
      "liveSeat": 1,
      "steps": 17,
      "ms": 363
    },
    {
      "seed": 20400333,
      "liveWin": true,
      "liveSeat": 0,
      "steps": 15,
      "ms": 270
    },
    {
      "seed": 20400333,
      "liveWin": true,
      "liveSeat": 1,
      "steps": 14,
      "ms": 610
    },
    {
      "seed": 20410306,
      "liveWin": true,
      "liveSeat": 0,
      "steps": 22,
      "ms": 201
    },
    {
      "seed": 20410306,
      "liveWin": true,
      "liveSeat": 1,
      "steps": 11,
      "ms": 140
    },
    {
      "seed": 20420279,
      "liveWin": true,
      "liveSeat": 0,
      "steps": 19,
      "ms": 317
    },
    {
      "seed": 20420279,
      "liveWin": true,
      "liveSeat": 1,
      "steps": 20,
      "ms": 337
    },
    {
      "seed": 20430252,
      "liveWin": false,
      "liveSeat": 0,
      "steps": 16,
      "ms": 223
    },
    {
      "seed": 20430252,
      "liveWin": true,
      "liveSeat": 1,
      "steps": 16,
      "ms": 222
    },
    {
      "seed": 20440225,
      "liveWin": true,
      "liveSeat": 0,
      "steps": 17,
      "ms": 357
    },
    {
      "seed": 20440225,
      "liveWin": true,
      "liveSeat": 1,
      "steps": 26,
      "ms": 443
    },
    {
      "seed": 20450198,
      "liveWin": true,
      "liveSeat": 0,
      "steps": 14,
      "ms": 210
    },
    {
      "seed": 20450198,
      "liveWin": false,
      "liveSeat": 1,
      "steps": 16,
      "ms": 304
    },
    {
      "seed": 20460171,
      "liveWin": false,
      "liveSeat": 0,
      "steps": 19,
      "ms": 75
    },
    {
      "seed": 20460171,
      "liveWin": true,
      "liveSeat": 1,
      "steps": 19,
      "ms": 70
    },
    {
      "seed": 20470144,
      "liveWin": true,
      "liveSeat": 0,
      "steps": 26,
      "ms": 681
    },
    {
      "seed": 20470144,
      "liveWin": true,
      "liveSeat": 1,
      "steps": 21,
      "ms": 408
    },
    {
      "seed": 20480117,
      "liveWin": true,
      "liveSeat": 0,
      "steps": 20,
      "ms": 324
    },
    {
      "seed": 20480117,
      "liveWin": true,
      "liveSeat": 1,
      "steps": 21,
      "ms": 238
    },
    {
      "seed": 20490090,
      "liveWin": false,
      "liveSeat": 0,
      "steps": 19,
      "ms": 708
    },
    {
      "seed": 20490090,
      "liveWin": true,
      "liveSeat": 1,
      "steps": 17,
      "ms": 476
    },
    {
      "seed": 20500063,
      "liveWin": true,
      "liveSeat": 0,
      "steps": 17,
      "ms": 226
    },
    {
      "seed": 20500063,
      "liveWin": true,
      "liveSeat": 1,
      "steps": 20,
      "ms": 347
    }
  ],
  "lossSeeds": [
    20260711,
    20270684,
    20300603,
    20320549,
    20340495,
    20360441,
    20370414,
    20380387,
    20390360,
    20430252,
    20450198,
    20460171,
    20490090
  ],
  "target": 0.7,
  "passed": true
}
wrote /Users/johnhoang/Developer/Grok/tieng-len/evolve/probe-p_mbntie_deep-vs-v91-fair-both-n50.json
