{"start":true,"freeze":"v91","chall":"p_mbnest_cn","live":{"id":"v9.1-probe-mbnest_cn","stamped":"2026-07-13T02:50:38Z","label":"Grandmaster v9.1-probe mbnest_cn"},"freezeBuild":{"id":"v9.1","stamped":"2026-07-13T02:50:38Z","label":"Grandmaster v9.1 (ladder freeze)"},"games":25,"seed0":20260713,"protocol":"fair-hidden-gm-BR-both-equal","opts":{"difficulty":"grandmaster","useSearch":true,"perfectInfo":false,"hiddenInfo":true,"timeMs":150,"iterations":60,"maxSims":120,"brTrials":12,"bestResponse":true,"exactExploit":false,"exploit":true,"softSamples":4,"maxBranch":12,"mode":"auto","strongSelf":false}}
{"g":0,"seed":20260713,"liveWin":false,"liveSeat":0,"steps":20,"ms":478,"liveWins":0,"games":1,"wr":0}
{"g":1,"seed":20260713,"liveWin":false,"liveSeat":1,"steps":17,"ms":277,"liveWins":0,"games":2,"wr":0}
{"g":2,"seed":20270686,"liveWin":false,"liveSeat":0,"steps":17,"ms":642,"liveWins":0,"games":3,"wr":0}
{"g":3,"seed":20270686,"liveWin":true,"liveSeat":1,"steps":19,"ms":535,"liveWins":1,"games":4,"wr":0.25}
{"g":4,"seed":20280659,"liveWin":true,"liveSeat":0,"steps":21,"ms":315,"liveWins":2,"games":5,"wr":0.4}
{"g":5,"seed":20280659,"liveWin":false,"liveSeat":1,"steps":21,"ms":863,"liveWins":2,"games":6,"wr":0.3333333333333333}
{"g":6,"seed":20290632,"liveWin":false,"liveSeat":0,"steps":28,"ms":385,"liveWins":2,"games":7,"wr":0.2857142857142857}
{"g":7,"seed":20290632,"liveWin":true,"liveSeat":1,"steps":24,"ms":516,"liveWins":3,"games":8,"wr":0.375}
{"g":8,"seed":20300605,"liveWin":true,"liveSeat":0,"steps":20,"ms":294,"liveWins":4,"games":9,"wr":0.4444444444444444}
{"g":9,"seed":20300605,"liveWin":false,"liveSeat":1,"steps":22,"ms":392,"liveWins":4,"games":10,"wr":0.4}
{"g":10,"seed":20310578,"liveWin":false,"liveSeat":0,"steps":16,"ms":138,"liveWins":4,"games":11,"wr":0.36363636363636365}
{"g":11,"seed":20310578,"liveWin":true,"liveSeat":1,"steps":18,"ms":160,"liveWins":5,"games":12,"wr":0.4166666666666667}
{"g":12,"seed":20320551,"liveWin":false,"liveSeat":0,"steps":25,"ms":260,"liveWins":5,"games":13,"wr":0.38461538461538464}
{"g":13,"seed":20320551,"liveWin":false,"liveSeat":1,"steps":20,"ms":294,"liveWins":5,"games":14,"wr":0.35714285714285715}
{"g":14,"seed":20330524,"liveWin":false,"liveSeat":0,"steps":19,"ms":345,"liveWins":5,"games":15,"wr":0.3333333333333333}
{"g":15,"seed":20330524,"liveWin":true,"liveSeat":1,"steps":21,"ms":529,"liveWins":6,"games":16,"wr":0.375}
{"g":16,"seed":20340497,"liveWin":false,"liveSeat":0,"steps":21,"ms":787,"liveWins":6,"games":17,"wr":0.35294117647058826}
{"g":17,"seed":20340497,"liveWin":true,"liveSeat":1,"steps":21,"ms":778,"liveWins":7,"games":18,"wr":0.3888888888888889}
{"g":18,"seed":20350470,"liveWin":true,"liveSeat":0,"steps":21,"ms":699,"liveWins":8,"games":19,"wr":0.42105263157894735}
{"g":19,"seed":20350470,"liveWin":true,"liveSeat":1,"steps":24,"ms":332,"liveWins":9,"games":20,"wr":0.45}
{"g":20,"seed":20360443,"liveWin":true,"liveSeat":0,"steps":24,"ms":477,"liveWins":10,"games":21,"wr":0.47619047619047616}
{"g":21,"seed":20360443,"liveWin":false,"liveSeat":1,"steps":22,"ms":326,"liveWins":10,"games":22,"wr":0.45454545454545453}
{"g":22,"seed":20370416,"liveWin":true,"liveSeat":0,"steps":19,"ms":278,"liveWins":11,"games":23,"wr":0.4782608695652174}
{"g":23,"seed":20370416,"liveWin":false,"liveSeat":1,"steps":19,"ms":155,"liveWins":11,"games":24,"wr":0.4583333333333333}
{"g":24,"seed":20380389,"liveWin":true,"liveSeat":0,"steps":14,"ms":337,"liveWins":12,"games":25,"wr":0.48}
{"g":25,"seed":20380389,"liveWin":false,"liveSeat":1,"steps":16,"ms":302,"liveWins":12,"games":26,"wr":0.46153846153846156}
{"g":26,"seed":20390362,"liveWin":false,"liveSeat":0,"steps":16,"ms":337,"liveWins":12,"games":27,"wr":0.4444444444444444}
{"g":27,"seed":20390362,"liveWin":true,"liveSeat":1,"steps":16,"ms":293,"liveWins":13,"games":28,"wr":0.4642857142857143}
{"g":28,"seed":20400335,"liveWin":false,"liveSeat":0,"steps":24,"ms":444,"liveWins":13,"games":29,"wr":0.4482758620689655}
{"g":29,"seed":20400335,"liveWin":true,"liveSeat":1,"steps":24,"ms":321,"liveWins":14,"games":30,"wr":0.4666666666666667}
{"g":30,"seed":20410308,"liveWin":true,"liveSeat":0,"steps":17,"ms":208,"liveWins":15,"games":31,"wr":0.4838709677419355}
{"g":31,"seed":20410308,"liveWin":false,"liveSeat":1,"steps":19,"ms":174,"liveWins":15,"games":32,"wr":0.46875}
{"g":32,"seed":20420281,"liveWin":false,"liveSeat":0,"steps":22,"ms":527,"liveWins":15,"games":33,"wr":0.45454545454545453}
{"g":33,"seed":20420281,"liveWin":false,"liveSeat":1,"steps":27,"ms":138,"liveWins":15,"games":34,"wr":0.4411764705882353}
{"g":34,"seed":20430254,"liveWin":false,"liveSeat":0,"steps":19,"ms":421,"liveWins":15,"games":35,"wr":0.42857142857142855}
{"g":35,"seed":20430254,"liveWin":false,"liveSeat":1,"steps":14,"ms":263,"liveWins":15,"games":36,"wr":0.4166666666666667}
{"g":36,"seed":20440227,"liveWin":false,"liveSeat":0,"steps":16,"ms":204,"liveWins":15,"games":37,"wr":0.40540540540540543}
{"g":37,"seed":20440227,"liveWin":true,"liveSeat":1,"steps":14,"ms":207,"liveWins":16,"games":38,"wr":0.42105263157894735}
{"g":38,"seed":20450200,"liveWin":false,"liveSeat":0,"steps":21,"ms":249,"liveWins":16,"games":39,"wr":0.41025641025641024}
{"g":39,"seed":20450200,"liveWin":true,"liveSeat":1,"steps":13,"ms":150,"liveWins":17,"games":40,"wr":0.425}
{"g":40,"seed":20460173,"liveWin":true,"liveSeat":0,"steps":32,"ms":270,"liveWins":18,"games":41,"wr":0.43902439024390244}
{"g":41,"seed":20460173,"liveWin":false,"liveSeat":1,"steps":28,"ms":550,"liveWins":18,"games":42,"wr":0.42857142857142855}
{"g":42,"seed":20470146,"liveWin":true,"liveSeat":0,"steps":25,"ms":300,"liveWins":19,"games":43,"wr":0.4418604651162791}
{"g":43,"seed":20470146,"liveWin":true,"liveSeat":1,"steps":22,"ms":403,"liveWins":20,"games":44,"wr":0.45454545454545453}
{"g":44,"seed":20480119,"liveWin":false,"liveSeat":0,"steps":18,"ms":370,"liveWins":20,"games":45,"wr":0.4444444444444444}
{"g":45,"seed":20480119,"liveWin":true,"liveSeat":1,"steps":18,"ms":289,"liveWins":21,"games":46,"wr":0.45652173913043476}
{"g":46,"seed":20490092,"liveWin":true,"liveSeat":0,"steps":21,"ms":166,"liveWins":22,"games":47,"wr":0.46808510638297873}
{"g":47,"seed":20490092,"liveWin":false,"liveSeat":1,"steps":21,"ms":361,"liveWins":22,"games":48,"wr":0.4583333333333333}
{"g":48,"seed":20500065,"liveWin":false,"liveSeat":0,"steps":21,"ms":638,"liveWins":22,"games":49,"wr":0.4489795918367347}
{"g":49,"seed":20500065,"liveWin":true,"liveSeat":1,"steps":25,"ms":752,"liveWins":23,"games":50,"wr":0.46}
=== FINAL ===
{
  "protocol": "fair-hidden-gm-BR-both-equal",
  "infoModel": "hidden",
  "perfectInfo": false,
  "hiddenInfo": true,
  "brBoth": true,
  "equalBudget": true,
  "games": 50,
  "liveWins": 23,
  "freezeWins": 27,
  "liveWinRate": 0.46,
  "seed0": 20260713,
  "ms": 18952,
  "live": {
    "id": "v9.1-probe-mbnest_cn",
    "stamped": "2026-07-13T02:50:38Z",
    "label": "Grandmaster v9.1-probe mbnest_cn"
  },
  "freeze": {
    "id": "v9.1",
    "stamped": "2026-07-13T02:50:38Z",
    "label": "Grandmaster v9.1 (ladder freeze)"
  },
  "freezeTag": "v91",
  "challTag": "p_mbnest_cn",
  "opts": {
    "difficulty": "grandmaster",
    "useSearch": true,
    "perfectInfo": false,
    "hiddenInfo": true,
    "timeMs": 150,
    "iterations": 60,
    "maxSims": 120,
    "brTrials": 12,
    "bestResponse": true,
    "exactExploit": false,
    "exploit": true,
    "softSamples": 4,
    "maxBranch": 12,
    "mode": "auto",
    "strongSelf": false
  },
  "perGame": [
    {
      "seed": 20260713,
      "liveWin": false,
      "liveSeat": 0,
      "steps": 20,
      "ms": 478
    },
    {
      "seed": 20260713,
      "liveWin": false,
      "liveSeat": 1,
      "steps": 17,
      "ms": 277
    },
    {
      "seed": 20270686,
      "liveWin": false,
      "liveSeat": 0,
      "steps": 17,
      "ms": 642
    },
    {
      "seed": 20270686,
      "liveWin": true,
      "liveSeat": 1,
      "steps": 19,
      "ms": 535
    },
    {
      "seed": 20280659,
      "liveWin": true,
      "liveSeat": 0,
      "steps": 21,
      "ms": 315
    },
    {
      "seed": 20280659,
      "liveWin": false,
      "liveSeat": 1,
      "steps": 21,
      "ms": 863
    },
    {
      "seed": 20290632,
      "liveWin": false,
      "liveSeat": 0,
      "steps": 28,
      "ms": 385
    },
    {
      "seed": 20290632,
      "liveWin": true,
      "liveSeat": 1,
      "steps": 24,
      "ms": 516
    },
    {
      "seed": 20300605,
      "liveWin": true,
      "liveSeat": 0,
      "steps": 20,
      "ms": 294
    },
    {
      "seed": 20300605,
      "liveWin": false,
      "liveSeat": 1,
      "steps": 22,
      "ms": 392
    },
    {
      "seed": 20310578,
      "liveWin": false,
      "liveSeat": 0,
      "steps": 16,
      "ms": 138
    },
    {
      "seed": 20310578,
      "liveWin": true,
      "liveSeat": 1,
      "steps": 18,
      "ms": 160
    },
    {
      "seed": 20320551,
      "liveWin": false,
      "liveSeat": 0,
      "steps": 25,
      "ms": 260
    },
    {
      "seed": 20320551,
      "liveWin": false,
      "liveSeat": 1,
      "steps": 20,
      "ms": 294
    },
    {
      "seed": 20330524,
      "liveWin": false,
      "liveSeat": 0,
      "steps": 19,
      "ms": 345
    },
    {
      "seed": 20330524,
      "liveWin": true,
      "liveSeat": 1,
      "steps": 21,
      "ms": 529
    },
    {
      "seed": 20340497,
      "liveWin": false,
      "liveSeat": 0,
      "steps": 21,
      "ms": 787
    },
    {
      "seed": 20340497,
      "liveWin": true,
      "liveSeat": 1,
      "steps": 21,
      "ms": 778
    },
    {
      "seed": 20350470,
      "liveWin": true,
      "liveSeat": 0,
      "steps": 21,
      "ms": 699
    },
    {
      "seed": 20350470,
      "liveWin": true,
      "liveSeat": 1,
      "steps": 24,
      "ms": 332
    },
    {
      "seed": 20360443,
      "liveWin": true,
      "liveSeat": 0,
      "steps": 24,
      "ms": 477
    },
    {
      "seed": 20360443,
      "liveWin": false,
      "liveSeat": 1,
      "steps": 22,
      "ms": 326
    },
    {
      "seed": 20370416,
      "liveWin": true,
      "liveSeat": 0,
      "steps": 19,
      "ms": 278
    },
    {
      "seed": 20370416,
      "liveWin": false,
      "liveSeat": 1,
      "steps": 19,
      "ms": 155
    },
    {
      "seed": 20380389,
      "liveWin": true,
      "liveSeat": 0,
      "steps": 14,
      "ms": 337
    },
    {
      "seed": 20380389,
      "liveWin": false,
      "liveSeat": 1,
      "steps": 16,
      "ms": 302
    },
    {
      "seed": 20390362,
      "liveWin": false,
      "liveSeat": 0,
      "steps": 16,
      "ms": 337
    },
    {
      "seed": 20390362,
      "liveWin": true,
      "liveSeat": 1,
      "steps": 16,
      "ms": 293
    },
    {
      "seed": 20400335,
      "liveWin": false,
      "liveSeat": 0,
      "steps": 24,
      "ms": 444
    },
    {
      "seed": 20400335,
      "liveWin": true,
      "liveSeat": 1,
      "steps": 24,
      "ms": 321
    },
    {
      "seed": 20410308,
      "liveWin": true,
      "liveSeat": 0,
      "steps": 17,
      "ms": 208
    },
    {
      "seed": 20410308,
      "liveWin": false,
      "liveSeat": 1,
      "steps": 19,
      "ms": 174
    },
    {
      "seed": 20420281,
      "liveWin": false,
      "liveSeat": 0,
      "steps": 22,
      "ms": 527
    },
    {
      "seed": 20420281,
      "liveWin": false,
      "liveSeat": 1,
      "steps": 27,
      "ms": 138
    },
    {
      "seed": 20430254,
      "liveWin": false,
      "liveSeat": 0,
      "steps": 19,
      "ms": 421
    },
    {
      "seed": 20430254,
      "liveWin": false,
      "liveSeat": 1,
      "steps": 14,
      "ms": 263
    },
    {
      "seed": 20440227,
      "liveWin": false,
      "liveSeat": 0,
      "steps": 16,
      "ms": 204
    },
    {
      "seed": 20440227,
      "liveWin": true,
      "liveSeat": 1,
      "steps": 14,
      "ms": 207
    },
    {
      "seed": 20450200,
      "liveWin": false,
      "liveSeat": 0,
      "steps": 21,
      "ms": 249
    },
    {
      "seed": 20450200,
      "liveWin": true,
      "liveSeat": 1,
      "steps": 13,
      "ms": 150
    },
    {
      "seed": 20460173,
      "liveWin": true,
      "liveSeat": 0,
      "steps": 32,
      "ms": 270
    },
    {
      "seed": 20460173,
      "liveWin": false,
      "liveSeat": 1,
      "steps": 28,
      "ms": 550
    },
    {
      "seed": 20470146,
      "liveWin": true,
      "liveSeat": 0,
      "steps": 25,
      "ms": 300
    },
    {
      "seed": 20470146,
      "liveWin": true,
      "liveSeat": 1,
      "steps": 22,
      "ms": 403
    },
    {
      "seed": 20480119,
      "liveWin": false,
      "liveSeat": 0,
      "steps": 18,
      "ms": 370
    },
    {
      "seed": 20480119,
      "liveWin": true,
      "liveSeat": 1,
      "steps": 18,
      "ms": 289
    },
    {
      "seed": 20490092,
      "liveWin": true,
      "liveSeat": 0,
      "steps": 21,
      "ms": 166
    },
    {
      "seed": 20490092,
      "liveWin": false,
      "liveSeat": 1,
      "steps": 21,
      "ms": 361
    },
    {
      "seed": 20500065,
      "liveWin": false,
      "liveSeat": 0,
      "steps": 21,
      "ms": 638
    },
    {
      "seed": 20500065,
      "liveWin": true,
      "liveSeat": 1,
      "steps": 25,
      "ms": 752
    }
  ],
  "lossSeeds": [
    20260713,
    20260713,
    20270686,
    20280659,
    20290632,
    20300605,
    20310578,
    20320551,
    20320551,
    20330524,
    20340497,
    20360443,
    20370416,
    20380389,
    20390362,
    20400335,
    20410308,
    20420281,
    20420281,
    20430254,
    20430254,
    20440227,
    20450200,
    20460173,
    20480119,
    20490092,
    20500065
  ],
  "target": 0.7,
  "passed": false
}
wrote /Users/johnhoang/Developer/Grok/tieng-len/evolve/probe-p_mbnest_cn-vs-v91-fair-both-s13-n50.json
