{"start":true,"freeze":"v91","chall":"p_mbntie_all","live":{"id":"v9.1-probe-mbntie_all","stamped":"2026-07-13T02:50:38Z","label":"Grandmaster v9.1-probe mbntie_all"},"freezeBuild":{"id":"v9.1","stamped":"2026-07-13T02:50:38Z","label":"Grandmaster v9.1 (ladder freeze)"},"games":25,"seed0":20260711,"protocol":"fair-hidden-gm-BR-both-equal","opts":{"difficulty":"grandmaster","useSearch":true,"perfectInfo":false,"hiddenInfo":true,"timeMs":150,"iterations":60,"maxSims":120,"brTrials":12,"bestResponse":true,"exactExploit":false,"exploit":true,"softSamples":4,"maxBranch":12,"mode":"auto","strongSelf":false}}
{"g":0,"seed":20260711,"liveWin":true,"liveSeat":0,"steps":18,"ms":504,"liveWins":1,"games":1,"wr":1}
{"g":1,"seed":20260711,"liveWin":false,"liveSeat":1,"steps":26,"ms":734,"liveWins":1,"games":2,"wr":0.5}
{"g":2,"seed":20270684,"liveWin":false,"liveSeat":0,"steps":22,"ms":368,"liveWins":1,"games":3,"wr":0.3333333333333333}
{"g":3,"seed":20270684,"liveWin":true,"liveSeat":1,"steps":22,"ms":450,"liveWins":2,"games":4,"wr":0.5}
{"g":4,"seed":20280657,"liveWin":true,"liveSeat":0,"steps":20,"ms":361,"liveWins":3,"games":5,"wr":0.6}
{"g":5,"seed":20280657,"liveWin":true,"liveSeat":1,"steps":19,"ms":244,"liveWins":4,"games":6,"wr":0.6666666666666666}
{"g":6,"seed":20290630,"liveWin":true,"liveSeat":0,"steps":17,"ms":139,"liveWins":5,"games":7,"wr":0.7142857142857143}
{"g":7,"seed":20290630,"liveWin":true,"liveSeat":1,"steps":20,"ms":131,"liveWins":6,"games":8,"wr":0.75}
{"g":8,"seed":20300603,"liveWin":false,"liveSeat":0,"steps":18,"ms":371,"liveWins":6,"games":9,"wr":0.6666666666666666}
{"g":9,"seed":20300603,"liveWin":true,"liveSeat":1,"steps":24,"ms":212,"liveWins":7,"games":10,"wr":0.7}
{"g":10,"seed":20310576,"liveWin":true,"liveSeat":0,"steps":25,"ms":413,"liveWins":8,"games":11,"wr":0.7272727272727273}
{"g":11,"seed":20310576,"liveWin":true,"liveSeat":1,"steps":18,"ms":199,"liveWins":9,"games":12,"wr":0.75}
{"g":12,"seed":20320549,"liveWin":false,"liveSeat":0,"steps":11,"ms":132,"liveWins":9,"games":13,"wr":0.6923076923076923}
{"g":13,"seed":20320549,"liveWin":true,"liveSeat":1,"steps":11,"ms":134,"liveWins":10,"games":14,"wr":0.7142857142857143}
{"g":14,"seed":20330522,"liveWin":true,"liveSeat":0,"steps":21,"ms":171,"liveWins":11,"games":15,"wr":0.7333333333333333}
{"g":15,"seed":20330522,"liveWin":true,"liveSeat":1,"steps":28,"ms":393,"liveWins":12,"games":16,"wr":0.75}
{"g":16,"seed":20340495,"liveWin":false,"liveSeat":0,"steps":20,"ms":220,"liveWins":12,"games":17,"wr":0.7058823529411765}
{"g":17,"seed":20340495,"liveWin":true,"liveSeat":1,"steps":26,"ms":309,"liveWins":13,"games":18,"wr":0.7222222222222222}
{"g":18,"seed":20350468,"liveWin":true,"liveSeat":0,"steps":17,"ms":390,"liveWins":14,"games":19,"wr":0.7368421052631579}
{"g":19,"seed":20350468,"liveWin":true,"liveSeat":1,"steps":24,"ms":459,"liveWins":15,"games":20,"wr":0.75}
{"g":20,"seed":20360441,"liveWin":true,"liveSeat":0,"steps":18,"ms":351,"liveWins":16,"games":21,"wr":0.7619047619047619}
{"g":21,"seed":20360441,"liveWin":false,"liveSeat":1,"steps":18,"ms":210,"liveWins":16,"games":22,"wr":0.7272727272727273}
{"g":22,"seed":20370414,"liveWin":true,"liveSeat":0,"steps":18,"ms":106,"liveWins":17,"games":23,"wr":0.7391304347826086}
{"g":23,"seed":20370414,"liveWin":false,"liveSeat":1,"steps":20,"ms":165,"liveWins":17,"games":24,"wr":0.7083333333333334}
{"g":24,"seed":20380387,"liveWin":false,"liveSeat":0,"steps":16,"ms":174,"liveWins":17,"games":25,"wr":0.68}
{"g":25,"seed":20380387,"liveWin":true,"liveSeat":1,"steps":16,"ms":175,"liveWins":18,"games":26,"wr":0.6923076923076923}
{"g":26,"seed":20390360,"liveWin":true,"liveSeat":0,"steps":17,"ms":353,"liveWins":19,"games":27,"wr":0.7037037037037037}
{"g":27,"seed":20390360,"liveWin":true,"liveSeat":1,"steps":14,"ms":380,"liveWins":20,"games":28,"wr":0.7142857142857143}
{"g":28,"seed":20400333,"liveWin":true,"liveSeat":0,"steps":15,"ms":301,"liveWins":21,"games":29,"wr":0.7241379310344828}
{"g":29,"seed":20400333,"liveWin":true,"liveSeat":1,"steps":14,"ms":654,"liveWins":22,"games":30,"wr":0.7333333333333333}
{"g":30,"seed":20410306,"liveWin":true,"liveSeat":0,"steps":22,"ms":220,"liveWins":23,"games":31,"wr":0.7419354838709677}
{"g":31,"seed":20410306,"liveWin":true,"liveSeat":1,"steps":11,"ms":155,"liveWins":24,"games":32,"wr":0.75}
{"g":32,"seed":20420279,"liveWin":true,"liveSeat":0,"steps":19,"ms":352,"liveWins":25,"games":33,"wr":0.7575757575757576}
{"g":33,"seed":20420279,"liveWin":true,"liveSeat":1,"steps":20,"ms":376,"liveWins":26,"games":34,"wr":0.7647058823529411}
{"g":34,"seed":20430252,"liveWin":false,"liveSeat":0,"steps":16,"ms":213,"liveWins":26,"games":35,"wr":0.7428571428571429}
{"g":35,"seed":20430252,"liveWin":true,"liveSeat":1,"steps":16,"ms":212,"liveWins":27,"games":36,"wr":0.75}
{"g":36,"seed":20440225,"liveWin":true,"liveSeat":0,"steps":17,"ms":401,"liveWins":28,"games":37,"wr":0.7567567567567568}
{"g":37,"seed":20440225,"liveWin":true,"liveSeat":1,"steps":26,"ms":497,"liveWins":29,"games":38,"wr":0.7631578947368421}
{"g":38,"seed":20450198,"liveWin":true,"liveSeat":0,"steps":14,"ms":234,"liveWins":30,"games":39,"wr":0.7692307692307693}
{"g":39,"seed":20450198,"liveWin":false,"liveSeat":1,"steps":16,"ms":337,"liveWins":30,"games":40,"wr":0.75}
{"g":40,"seed":20460171,"liveWin":false,"liveSeat":0,"steps":19,"ms":84,"liveWins":30,"games":41,"wr":0.7317073170731707}
{"g":41,"seed":20460171,"liveWin":true,"liveSeat":1,"steps":19,"ms":78,"liveWins":31,"games":42,"wr":0.7380952380952381}
{"g":42,"seed":20470144,"liveWin":true,"liveSeat":0,"steps":26,"ms":732,"liveWins":32,"games":43,"wr":0.7441860465116279}
{"g":43,"seed":20470144,"liveWin":true,"liveSeat":1,"steps":21,"ms":429,"liveWins":33,"games":44,"wr":0.75}
{"g":44,"seed":20480117,"liveWin":true,"liveSeat":0,"steps":20,"ms":364,"liveWins":34,"games":45,"wr":0.7555555555555555}
{"g":45,"seed":20480117,"liveWin":true,"liveSeat":1,"steps":21,"ms":268,"liveWins":35,"games":46,"wr":0.7608695652173914}
{"g":46,"seed":20490090,"liveWin":false,"liveSeat":0,"steps":19,"ms":791,"liveWins":35,"games":47,"wr":0.7446808510638298}
{"g":47,"seed":20490090,"liveWin":true,"liveSeat":1,"steps":21,"ms":558,"liveWins":36,"games":48,"wr":0.75}
{"g":48,"seed":20500063,"liveWin":true,"liveSeat":0,"steps":23,"ms":258,"liveWins":37,"games":49,"wr":0.7551020408163265}
{"g":49,"seed":20500063,"liveWin":true,"liveSeat":1,"steps":20,"ms":354,"liveWins":38,"games":50,"wr":0.76}
=== FINAL ===
{
  "protocol": "fair-hidden-gm-BR-both-equal",
  "infoModel": "hidden",
  "perfectInfo": false,
  "hiddenInfo": true,
  "brBoth": true,
  "equalBudget": true,
  "games": 50,
  "liveWins": 38,
  "freezeWins": 12,
  "liveWinRate": 0.76,
  "seed0": 20260711,
  "ms": 16141,
  "live": {
    "id": "v9.1-probe-mbntie_all",
    "stamped": "2026-07-13T02:50:38Z",
    "label": "Grandmaster v9.1-probe mbntie_all"
  },
  "freeze": {
    "id": "v9.1",
    "stamped": "2026-07-13T02:50:38Z",
    "label": "Grandmaster v9.1 (ladder freeze)"
  },
  "freezeTag": "v91",
  "challTag": "p_mbntie_all",
  "opts": {
    "difficulty": "grandmaster",
    "useSearch": true,
    "perfectInfo": false,
    "hiddenInfo": true,
    "timeMs": 150,
    "iterations": 60,
    "maxSims": 120,
    "brTrials": 12,
    "bestResponse": true,
    "exactExploit": false,
    "exploit": true,
    "softSamples": 4,
    "maxBranch": 12,
    "mode": "auto",
    "strongSelf": false
  },
  "perGame": [
    {
      "seed": 20260711,
      "liveWin": true,
      "liveSeat": 0,
      "steps": 18,
      "ms": 504
    },
    {
      "seed": 20260711,
      "liveWin": false,
      "liveSeat": 1,
      "steps": 26,
      "ms": 734
    },
    {
      "seed": 20270684,
      "liveWin": false,
      "liveSeat": 0,
      "steps": 22,
      "ms": 368
    },
    {
      "seed": 20270684,
      "liveWin": true,
      "liveSeat": 1,
      "steps": 22,
      "ms": 450
    },
    {
      "seed": 20280657,
      "liveWin": true,
      "liveSeat": 0,
      "steps": 20,
      "ms": 361
    },
    {
      "seed": 20280657,
      "liveWin": true,
      "liveSeat": 1,
      "steps": 19,
      "ms": 244
    },
    {
      "seed": 20290630,
      "liveWin": true,
      "liveSeat": 0,
      "steps": 17,
      "ms": 139
    },
    {
      "seed": 20290630,
      "liveWin": true,
      "liveSeat": 1,
      "steps": 20,
      "ms": 131
    },
    {
      "seed": 20300603,
      "liveWin": false,
      "liveSeat": 0,
      "steps": 18,
      "ms": 371
    },
    {
      "seed": 20300603,
      "liveWin": true,
      "liveSeat": 1,
      "steps": 24,
      "ms": 212
    },
    {
      "seed": 20310576,
      "liveWin": true,
      "liveSeat": 0,
      "steps": 25,
      "ms": 413
    },
    {
      "seed": 20310576,
      "liveWin": true,
      "liveSeat": 1,
      "steps": 18,
      "ms": 199
    },
    {
      "seed": 20320549,
      "liveWin": false,
      "liveSeat": 0,
      "steps": 11,
      "ms": 132
    },
    {
      "seed": 20320549,
      "liveWin": true,
      "liveSeat": 1,
      "steps": 11,
      "ms": 134
    },
    {
      "seed": 20330522,
      "liveWin": true,
      "liveSeat": 0,
      "steps": 21,
      "ms": 171
    },
    {
      "seed": 20330522,
      "liveWin": true,
      "liveSeat": 1,
      "steps": 28,
      "ms": 393
    },
    {
      "seed": 20340495,
      "liveWin": false,
      "liveSeat": 0,
      "steps": 20,
      "ms": 220
    },
    {
      "seed": 20340495,
      "liveWin": true,
      "liveSeat": 1,
      "steps": 26,
      "ms": 309
    },
    {
      "seed": 20350468,
      "liveWin": true,
      "liveSeat": 0,
      "steps": 17,
      "ms": 390
    },
    {
      "seed": 20350468,
      "liveWin": true,
      "liveSeat": 1,
      "steps": 24,
      "ms": 459
    },
    {
      "seed": 20360441,
      "liveWin": true,
      "liveSeat": 0,
      "steps": 18,
      "ms": 351
    },
    {
      "seed": 20360441,
      "liveWin": false,
      "liveSeat": 1,
      "steps": 18,
      "ms": 210
    },
    {
      "seed": 20370414,
      "liveWin": true,
      "liveSeat": 0,
      "steps": 18,
      "ms": 106
    },
    {
      "seed": 20370414,
      "liveWin": false,
      "liveSeat": 1,
      "steps": 20,
      "ms": 165
    },
    {
      "seed": 20380387,
      "liveWin": false,
      "liveSeat": 0,
      "steps": 16,
      "ms": 174
    },
    {
      "seed": 20380387,
      "liveWin": true,
      "liveSeat": 1,
      "steps": 16,
      "ms": 175
    },
    {
      "seed": 20390360,
      "liveWin": true,
      "liveSeat": 0,
      "steps": 17,
      "ms": 353
    },
    {
      "seed": 20390360,
      "liveWin": true,
      "liveSeat": 1,
      "steps": 14,
      "ms": 380
    },
    {
      "seed": 20400333,
      "liveWin": true,
      "liveSeat": 0,
      "steps": 15,
      "ms": 301
    },
    {
      "seed": 20400333,
      "liveWin": true,
      "liveSeat": 1,
      "steps": 14,
      "ms": 654
    },
    {
      "seed": 20410306,
      "liveWin": true,
      "liveSeat": 0,
      "steps": 22,
      "ms": 220
    },
    {
      "seed": 20410306,
      "liveWin": true,
      "liveSeat": 1,
      "steps": 11,
      "ms": 155
    },
    {
      "seed": 20420279,
      "liveWin": true,
      "liveSeat": 0,
      "steps": 19,
      "ms": 352
    },
    {
      "seed": 20420279,
      "liveWin": true,
      "liveSeat": 1,
      "steps": 20,
      "ms": 376
    },
    {
      "seed": 20430252,
      "liveWin": false,
      "liveSeat": 0,
      "steps": 16,
      "ms": 213
    },
    {
      "seed": 20430252,
      "liveWin": true,
      "liveSeat": 1,
      "steps": 16,
      "ms": 212
    },
    {
      "seed": 20440225,
      "liveWin": true,
      "liveSeat": 0,
      "steps": 17,
      "ms": 401
    },
    {
      "seed": 20440225,
      "liveWin": true,
      "liveSeat": 1,
      "steps": 26,
      "ms": 497
    },
    {
      "seed": 20450198,
      "liveWin": true,
      "liveSeat": 0,
      "steps": 14,
      "ms": 234
    },
    {
      "seed": 20450198,
      "liveWin": false,
      "liveSeat": 1,
      "steps": 16,
      "ms": 337
    },
    {
      "seed": 20460171,
      "liveWin": false,
      "liveSeat": 0,
      "steps": 19,
      "ms": 84
    },
    {
      "seed": 20460171,
      "liveWin": true,
      "liveSeat": 1,
      "steps": 19,
      "ms": 78
    },
    {
      "seed": 20470144,
      "liveWin": true,
      "liveSeat": 0,
      "steps": 26,
      "ms": 732
    },
    {
      "seed": 20470144,
      "liveWin": true,
      "liveSeat": 1,
      "steps": 21,
      "ms": 429
    },
    {
      "seed": 20480117,
      "liveWin": true,
      "liveSeat": 0,
      "steps": 20,
      "ms": 364
    },
    {
      "seed": 20480117,
      "liveWin": true,
      "liveSeat": 1,
      "steps": 21,
      "ms": 268
    },
    {
      "seed": 20490090,
      "liveWin": false,
      "liveSeat": 0,
      "steps": 19,
      "ms": 791
    },
    {
      "seed": 20490090,
      "liveWin": true,
      "liveSeat": 1,
      "steps": 21,
      "ms": 558
    },
    {
      "seed": 20500063,
      "liveWin": true,
      "liveSeat": 0,
      "steps": 23,
      "ms": 258
    },
    {
      "seed": 20500063,
      "liveWin": true,
      "liveSeat": 1,
      "steps": 20,
      "ms": 354
    }
  ],
  "lossSeeds": [
    20260711,
    20270684,
    20300603,
    20320549,
    20340495,
    20360441,
    20370414,
    20380387,
    20430252,
    20450198,
    20460171,
    20490090
  ],
  "target": 0.7,
  "passed": true
}
wrote /Users/johnhoang/Developer/Grok/tieng-len/evolve/probe-p_mbntie_all-vs-v91-fair-both-n50.json
