{"start":true,"freeze":"v91","chall":"p_mbguard","live":{"id":"v9.1-probe-mbguard","stamped":"2026-07-13T02:50:38Z","label":"Grandmaster v9.1-probe mbguard"},"freezeBuild":{"id":"v9.1","stamped":"2026-07-13T02:50:38Z","label":"Grandmaster v9.1 (ladder freeze)"},"games":25,"seed0":20260711,"protocol":"fair-hidden-gm-BR-both-equal","opts":{"difficulty":"grandmaster","useSearch":true,"perfectInfo":false,"hiddenInfo":true,"timeMs":150,"iterations":60,"maxSims":120,"brTrials":12,"bestResponse":true,"exactExploit":false,"exploit":true,"softSamples":4,"maxBranch":12,"mode":"auto","strongSelf":false}}
{"g":0,"seed":20260711,"liveWin":true,"liveSeat":0,"steps":18,"ms":517,"liveWins":1,"games":1,"wr":1}
{"g":1,"seed":20260711,"liveWin":false,"liveSeat":1,"steps":26,"ms":760,"liveWins":1,"games":2,"wr":0.5}
{"g":2,"seed":20270684,"liveWin":false,"liveSeat":0,"steps":24,"ms":390,"liveWins":1,"games":3,"wr":0.3333333333333333}
{"g":3,"seed":20270684,"liveWin":true,"liveSeat":1,"steps":22,"ms":464,"liveWins":2,"games":4,"wr":0.5}
{"g":4,"seed":20280657,"liveWin":true,"liveSeat":0,"steps":18,"ms":303,"liveWins":3,"games":5,"wr":0.6}
{"g":5,"seed":20280657,"liveWin":true,"liveSeat":1,"steps":19,"ms":249,"liveWins":4,"games":6,"wr":0.6666666666666666}
{"g":6,"seed":20290630,"liveWin":true,"liveSeat":0,"steps":17,"ms":143,"liveWins":5,"games":7,"wr":0.7142857142857143}
{"g":7,"seed":20290630,"liveWin":true,"liveSeat":1,"steps":20,"ms":135,"liveWins":6,"games":8,"wr":0.75}
{"g":8,"seed":20300603,"liveWin":false,"liveSeat":0,"steps":18,"ms":405,"liveWins":6,"games":9,"wr":0.6666666666666666}
{"g":9,"seed":20300603,"liveWin":true,"liveSeat":1,"steps":26,"ms":378,"liveWins":7,"games":10,"wr":0.7}
{"g":10,"seed":20310576,"liveWin":false,"liveSeat":0,"steps":14,"ms":163,"liveWins":7,"games":11,"wr":0.6363636363636364}
{"g":11,"seed":20310576,"liveWin":true,"liveSeat":1,"steps":14,"ms":164,"liveWins":8,"games":12,"wr":0.6666666666666666}
{"g":12,"seed":20320549,"liveWin":false,"liveSeat":0,"steps":11,"ms":136,"liveWins":8,"games":13,"wr":0.6153846153846154}
{"g":13,"seed":20320549,"liveWin":true,"liveSeat":1,"steps":11,"ms":135,"liveWins":9,"games":14,"wr":0.6428571428571429}
{"g":14,"seed":20330522,"liveWin":false,"liveSeat":0,"steps":20,"ms":181,"liveWins":9,"games":15,"wr":0.6}
{"g":15,"seed":20330522,"liveWin":true,"liveSeat":1,"steps":28,"ms":419,"liveWins":10,"games":16,"wr":0.625}
{"g":16,"seed":20340495,"liveWin":false,"liveSeat":0,"steps":20,"ms":226,"liveWins":10,"games":17,"wr":0.5882352941176471}
{"g":17,"seed":20340495,"liveWin":true,"liveSeat":1,"steps":24,"ms":297,"liveWins":11,"games":18,"wr":0.6111111111111112}
{"g":18,"seed":20350468,"liveWin":false,"liveSeat":0,"steps":22,"ms":281,"liveWins":11,"games":19,"wr":0.5789473684210527}
{"g":19,"seed":20350468,"liveWin":false,"liveSeat":1,"steps":23,"ms":472,"liveWins":11,"games":20,"wr":0.55}
{"g":20,"seed":20360441,"liveWin":true,"liveSeat":0,"steps":18,"ms":359,"liveWins":12,"games":21,"wr":0.5714285714285714}
{"g":21,"seed":20360441,"liveWin":false,"liveSeat":1,"steps":18,"ms":221,"liveWins":12,"games":22,"wr":0.5454545454545454}
{"g":22,"seed":20370414,"liveWin":true,"liveSeat":0,"steps":20,"ms":172,"liveWins":13,"games":23,"wr":0.5652173913043478}
{"g":23,"seed":20370414,"liveWin":false,"liveSeat":1,"steps":20,"ms":171,"liveWins":13,"games":24,"wr":0.5416666666666666}
{"g":24,"seed":20380387,"liveWin":false,"liveSeat":0,"steps":16,"ms":182,"liveWins":13,"games":25,"wr":0.52}
{"g":25,"seed":20380387,"liveWin":true,"liveSeat":1,"steps":16,"ms":183,"liveWins":14,"games":26,"wr":0.5384615384615384}
{"g":26,"seed":20390360,"liveWin":true,"liveSeat":0,"steps":17,"ms":364,"liveWins":15,"games":27,"wr":0.5555555555555556}
{"g":27,"seed":20390360,"liveWin":true,"liveSeat":1,"steps":14,"ms":389,"liveWins":16,"games":28,"wr":0.5714285714285714}
{"g":28,"seed":20400333,"liveWin":true,"liveSeat":0,"steps":15,"ms":312,"liveWins":17,"games":29,"wr":0.5862068965517241}
{"g":29,"seed":20400333,"liveWin":true,"liveSeat":1,"steps":22,"ms":572,"liveWins":18,"games":30,"wr":0.6}
{"g":30,"seed":20410306,"liveWin":true,"liveSeat":0,"steps":22,"ms":501,"liveWins":19,"games":31,"wr":0.6129032258064516}
{"g":31,"seed":20410306,"liveWin":true,"liveSeat":1,"steps":11,"ms":160,"liveWins":20,"games":32,"wr":0.625}
{"g":32,"seed":20420279,"liveWin":true,"liveSeat":0,"steps":19,"ms":366,"liveWins":21,"games":33,"wr":0.6363636363636364}
{"g":33,"seed":20420279,"liveWin":true,"liveSeat":1,"steps":20,"ms":389,"liveWins":22,"games":34,"wr":0.6470588235294118}
{"g":34,"seed":20430252,"liveWin":false,"liveSeat":0,"steps":16,"ms":217,"liveWins":22,"games":35,"wr":0.6285714285714286}
{"g":35,"seed":20430252,"liveWin":true,"liveSeat":1,"steps":16,"ms":218,"liveWins":23,"games":36,"wr":0.6388888888888888}
{"g":36,"seed":20440225,"liveWin":true,"liveSeat":0,"steps":17,"ms":412,"liveWins":24,"games":37,"wr":0.6486486486486487}
{"g":37,"seed":20440225,"liveWin":true,"liveSeat":1,"steps":26,"ms":497,"liveWins":25,"games":38,"wr":0.6578947368421053}
{"g":38,"seed":20450198,"liveWin":true,"liveSeat":0,"steps":14,"ms":237,"liveWins":26,"games":39,"wr":0.6666666666666666}
{"g":39,"seed":20450198,"liveWin":false,"liveSeat":1,"steps":16,"ms":348,"liveWins":26,"games":40,"wr":0.65}
{"g":40,"seed":20460171,"liveWin":false,"liveSeat":0,"steps":19,"ms":88,"liveWins":26,"games":41,"wr":0.6341463414634146}
{"g":41,"seed":20460171,"liveWin":true,"liveSeat":1,"steps":19,"ms":80,"liveWins":27,"games":42,"wr":0.6428571428571429}
{"g":42,"seed":20470144,"liveWin":false,"liveSeat":0,"steps":21,"ms":467,"liveWins":27,"games":43,"wr":0.627906976744186}
{"g":43,"seed":20470144,"liveWin":true,"liveSeat":1,"steps":21,"ms":436,"liveWins":28,"games":44,"wr":0.6363636363636364}
{"g":44,"seed":20480117,"liveWin":false,"liveSeat":0,"steps":21,"ms":329,"liveWins":28,"games":45,"wr":0.6222222222222222}
{"g":45,"seed":20480117,"liveWin":true,"liveSeat":1,"steps":21,"ms":268,"liveWins":29,"games":46,"wr":0.6304347826086957}
{"g":46,"seed":20490090,"liveWin":false,"liveSeat":0,"steps":19,"ms":778,"liveWins":29,"games":47,"wr":0.6170212765957447}
{"g":47,"seed":20490090,"liveWin":true,"liveSeat":1,"steps":17,"ms":506,"liveWins":30,"games":48,"wr":0.625}
{"g":48,"seed":20500063,"liveWin":false,"liveSeat":0,"steps":28,"ms":385,"liveWins":30,"games":49,"wr":0.6122448979591837}
{"g":49,"seed":20500063,"liveWin":false,"liveSeat":1,"steps":17,"ms":232,"liveWins":30,"games":50,"wr":0.6}
=== FINAL ===
{
  "protocol": "fair-hidden-gm-BR-both-equal",
  "infoModel": "hidden",
  "perfectInfo": false,
  "hiddenInfo": true,
  "brBoth": true,
  "equalBudget": true,
  "games": 50,
  "liveWins": 30,
  "freezeWins": 20,
  "liveWinRate": 0.6,
  "seed0": 20260711,
  "ms": 16074,
  "live": {
    "id": "v9.1-probe-mbguard",
    "stamped": "2026-07-13T02:50:38Z",
    "label": "Grandmaster v9.1-probe mbguard"
  },
  "freeze": {
    "id": "v9.1",
    "stamped": "2026-07-13T02:50:38Z",
    "label": "Grandmaster v9.1 (ladder freeze)"
  },
  "freezeTag": "v91",
  "challTag": "p_mbguard",
  "opts": {
    "difficulty": "grandmaster",
    "useSearch": true,
    "perfectInfo": false,
    "hiddenInfo": true,
    "timeMs": 150,
    "iterations": 60,
    "maxSims": 120,
    "brTrials": 12,
    "bestResponse": true,
    "exactExploit": false,
    "exploit": true,
    "softSamples": 4,
    "maxBranch": 12,
    "mode": "auto",
    "strongSelf": false
  },
  "perGame": [
    {
      "seed": 20260711,
      "liveWin": true,
      "liveSeat": 0,
      "steps": 18,
      "ms": 517
    },
    {
      "seed": 20260711,
      "liveWin": false,
      "liveSeat": 1,
      "steps": 26,
      "ms": 760
    },
    {
      "seed": 20270684,
      "liveWin": false,
      "liveSeat": 0,
      "steps": 24,
      "ms": 390
    },
    {
      "seed": 20270684,
      "liveWin": true,
      "liveSeat": 1,
      "steps": 22,
      "ms": 464
    },
    {
      "seed": 20280657,
      "liveWin": true,
      "liveSeat": 0,
      "steps": 18,
      "ms": 303
    },
    {
      "seed": 20280657,
      "liveWin": true,
      "liveSeat": 1,
      "steps": 19,
      "ms": 249
    },
    {
      "seed": 20290630,
      "liveWin": true,
      "liveSeat": 0,
      "steps": 17,
      "ms": 143
    },
    {
      "seed": 20290630,
      "liveWin": true,
      "liveSeat": 1,
      "steps": 20,
      "ms": 135
    },
    {
      "seed": 20300603,
      "liveWin": false,
      "liveSeat": 0,
      "steps": 18,
      "ms": 405
    },
    {
      "seed": 20300603,
      "liveWin": true,
      "liveSeat": 1,
      "steps": 26,
      "ms": 378
    },
    {
      "seed": 20310576,
      "liveWin": false,
      "liveSeat": 0,
      "steps": 14,
      "ms": 163
    },
    {
      "seed": 20310576,
      "liveWin": true,
      "liveSeat": 1,
      "steps": 14,
      "ms": 164
    },
    {
      "seed": 20320549,
      "liveWin": false,
      "liveSeat": 0,
      "steps": 11,
      "ms": 136
    },
    {
      "seed": 20320549,
      "liveWin": true,
      "liveSeat": 1,
      "steps": 11,
      "ms": 135
    },
    {
      "seed": 20330522,
      "liveWin": false,
      "liveSeat": 0,
      "steps": 20,
      "ms": 181
    },
    {
      "seed": 20330522,
      "liveWin": true,
      "liveSeat": 1,
      "steps": 28,
      "ms": 419
    },
    {
      "seed": 20340495,
      "liveWin": false,
      "liveSeat": 0,
      "steps": 20,
      "ms": 226
    },
    {
      "seed": 20340495,
      "liveWin": true,
      "liveSeat": 1,
      "steps": 24,
      "ms": 297
    },
    {
      "seed": 20350468,
      "liveWin": false,
      "liveSeat": 0,
      "steps": 22,
      "ms": 281
    },
    {
      "seed": 20350468,
      "liveWin": false,
      "liveSeat": 1,
      "steps": 23,
      "ms": 472
    },
    {
      "seed": 20360441,
      "liveWin": true,
      "liveSeat": 0,
      "steps": 18,
      "ms": 359
    },
    {
      "seed": 20360441,
      "liveWin": false,
      "liveSeat": 1,
      "steps": 18,
      "ms": 221
    },
    {
      "seed": 20370414,
      "liveWin": true,
      "liveSeat": 0,
      "steps": 20,
      "ms": 172
    },
    {
      "seed": 20370414,
      "liveWin": false,
      "liveSeat": 1,
      "steps": 20,
      "ms": 171
    },
    {
      "seed": 20380387,
      "liveWin": false,
      "liveSeat": 0,
      "steps": 16,
      "ms": 182
    },
    {
      "seed": 20380387,
      "liveWin": true,
      "liveSeat": 1,
      "steps": 16,
      "ms": 183
    },
    {
      "seed": 20390360,
      "liveWin": true,
      "liveSeat": 0,
      "steps": 17,
      "ms": 364
    },
    {
      "seed": 20390360,
      "liveWin": true,
      "liveSeat": 1,
      "steps": 14,
      "ms": 389
    },
    {
      "seed": 20400333,
      "liveWin": true,
      "liveSeat": 0,
      "steps": 15,
      "ms": 312
    },
    {
      "seed": 20400333,
      "liveWin": true,
      "liveSeat": 1,
      "steps": 22,
      "ms": 572
    },
    {
      "seed": 20410306,
      "liveWin": true,
      "liveSeat": 0,
      "steps": 22,
      "ms": 501
    },
    {
      "seed": 20410306,
      "liveWin": true,
      "liveSeat": 1,
      "steps": 11,
      "ms": 160
    },
    {
      "seed": 20420279,
      "liveWin": true,
      "liveSeat": 0,
      "steps": 19,
      "ms": 366
    },
    {
      "seed": 20420279,
      "liveWin": true,
      "liveSeat": 1,
      "steps": 20,
      "ms": 389
    },
    {
      "seed": 20430252,
      "liveWin": false,
      "liveSeat": 0,
      "steps": 16,
      "ms": 217
    },
    {
      "seed": 20430252,
      "liveWin": true,
      "liveSeat": 1,
      "steps": 16,
      "ms": 218
    },
    {
      "seed": 20440225,
      "liveWin": true,
      "liveSeat": 0,
      "steps": 17,
      "ms": 412
    },
    {
      "seed": 20440225,
      "liveWin": true,
      "liveSeat": 1,
      "steps": 26,
      "ms": 497
    },
    {
      "seed": 20450198,
      "liveWin": true,
      "liveSeat": 0,
      "steps": 14,
      "ms": 237
    },
    {
      "seed": 20450198,
      "liveWin": false,
      "liveSeat": 1,
      "steps": 16,
      "ms": 348
    },
    {
      "seed": 20460171,
      "liveWin": false,
      "liveSeat": 0,
      "steps": 19,
      "ms": 88
    },
    {
      "seed": 20460171,
      "liveWin": true,
      "liveSeat": 1,
      "steps": 19,
      "ms": 80
    },
    {
      "seed": 20470144,
      "liveWin": false,
      "liveSeat": 0,
      "steps": 21,
      "ms": 467
    },
    {
      "seed": 20470144,
      "liveWin": true,
      "liveSeat": 1,
      "steps": 21,
      "ms": 436
    },
    {
      "seed": 20480117,
      "liveWin": false,
      "liveSeat": 0,
      "steps": 21,
      "ms": 329
    },
    {
      "seed": 20480117,
      "liveWin": true,
      "liveSeat": 1,
      "steps": 21,
      "ms": 268
    },
    {
      "seed": 20490090,
      "liveWin": false,
      "liveSeat": 0,
      "steps": 19,
      "ms": 778
    },
    {
      "seed": 20490090,
      "liveWin": true,
      "liveSeat": 1,
      "steps": 17,
      "ms": 506
    },
    {
      "seed": 20500063,
      "liveWin": false,
      "liveSeat": 0,
      "steps": 28,
      "ms": 385
    },
    {
      "seed": 20500063,
      "liveWin": false,
      "liveSeat": 1,
      "steps": 17,
      "ms": 232
    }
  ],
  "lossSeeds": [
    20260711,
    20270684,
    20300603,
    20310576,
    20320549,
    20330522,
    20340495,
    20350468,
    20350468,
    20360441,
    20370414,
    20380387,
    20430252,
    20450198,
    20460171,
    20470144,
    20480117,
    20490090,
    20500063,
    20500063
  ],
  "target": 0.7,
  "passed": false
}
wrote /Users/johnhoang/Developer/Grok/tieng-len/evolve/probe-p_mbguard-vs-v91-fair-both-n50.json
