{"start":true,"freeze":"v91","chall":"p_mbntie_rr","live":{"id":"v9.1-probe-mbntie_rr","stamped":"2026-07-13T02:50:38Z","label":"Grandmaster v9.1-probe mbntie_rr"},"freezeBuild":{"id":"v9.1","stamped":"2026-07-13T02:50:38Z","label":"Grandmaster v9.1 (ladder freeze)"},"games":25,"seed0":20260711,"protocol":"fair-hidden-gm-BR-both-equal","opts":{"difficulty":"grandmaster","useSearch":true,"perfectInfo":false,"hiddenInfo":true,"timeMs":150,"iterations":60,"maxSims":120,"brTrials":12,"bestResponse":true,"exactExploit":false,"exploit":true,"softSamples":4,"maxBranch":12,"mode":"auto","strongSelf":false}}
{"g":0,"seed":20260711,"liveWin":true,"liveSeat":0,"steps":18,"ms":523,"liveWins":1,"games":1,"wr":1}
{"g":1,"seed":20260711,"liveWin":false,"liveSeat":1,"steps":20,"ms":379,"liveWins":1,"games":2,"wr":0.5}
{"g":2,"seed":20270684,"liveWin":false,"liveSeat":0,"steps":22,"ms":390,"liveWins":1,"games":3,"wr":0.3333333333333333}
{"g":3,"seed":20270684,"liveWin":true,"liveSeat":1,"steps":22,"ms":454,"liveWins":2,"games":4,"wr":0.5}
{"g":4,"seed":20280657,"liveWin":true,"liveSeat":0,"steps":20,"ms":369,"liveWins":3,"games":5,"wr":0.6}
{"g":5,"seed":20280657,"liveWin":true,"liveSeat":1,"steps":19,"ms":245,"liveWins":4,"games":6,"wr":0.6666666666666666}
{"g":6,"seed":20290630,"liveWin":true,"liveSeat":0,"steps":17,"ms":385,"liveWins":5,"games":7,"wr":0.7142857142857143}
{"g":7,"seed":20290630,"liveWin":true,"liveSeat":1,"steps":20,"ms":137,"liveWins":6,"games":8,"wr":0.75}
{"g":8,"seed":20300603,"liveWin":false,"liveSeat":0,"steps":20,"ms":396,"liveWins":6,"games":9,"wr":0.6666666666666666}
{"g":9,"seed":20300603,"liveWin":true,"liveSeat":1,"steps":24,"ms":222,"liveWins":7,"games":10,"wr":0.7}
{"g":10,"seed":20310576,"liveWin":false,"liveSeat":0,"steps":18,"ms":406,"liveWins":7,"games":11,"wr":0.6363636363636364}
{"g":11,"seed":20310576,"liveWin":true,"liveSeat":1,"steps":14,"ms":165,"liveWins":8,"games":12,"wr":0.6666666666666666}
{"g":12,"seed":20320549,"liveWin":false,"liveSeat":0,"steps":11,"ms":134,"liveWins":8,"games":13,"wr":0.6153846153846154}
{"g":13,"seed":20320549,"liveWin":true,"liveSeat":1,"steps":11,"ms":136,"liveWins":9,"games":14,"wr":0.6428571428571429}
{"g":14,"seed":20330522,"liveWin":true,"liveSeat":0,"steps":19,"ms":163,"liveWins":10,"games":15,"wr":0.6666666666666666}
{"g":15,"seed":20330522,"liveWin":true,"liveSeat":1,"steps":28,"ms":411,"liveWins":11,"games":16,"wr":0.6875}
{"g":16,"seed":20340495,"liveWin":false,"liveSeat":0,"steps":20,"ms":225,"liveWins":11,"games":17,"wr":0.6470588235294118}
{"g":17,"seed":20340495,"liveWin":true,"liveSeat":1,"steps":24,"ms":291,"liveWins":12,"games":18,"wr":0.6666666666666666}
{"g":18,"seed":20350468,"liveWin":true,"liveSeat":0,"steps":17,"ms":399,"liveWins":13,"games":19,"wr":0.6842105263157895}
{"g":19,"seed":20350468,"liveWin":true,"liveSeat":1,"steps":24,"ms":464,"liveWins":14,"games":20,"wr":0.7}
{"g":20,"seed":20360441,"liveWin":true,"liveSeat":0,"steps":18,"ms":353,"liveWins":15,"games":21,"wr":0.7142857142857143}
{"g":21,"seed":20360441,"liveWin":false,"liveSeat":1,"steps":18,"ms":213,"liveWins":15,"games":22,"wr":0.6818181818181818}
{"g":22,"seed":20370414,"liveWin":true,"liveSeat":0,"steps":18,"ms":108,"liveWins":16,"games":23,"wr":0.6956521739130435}
{"g":23,"seed":20370414,"liveWin":false,"liveSeat":1,"steps":20,"ms":165,"liveWins":16,"games":24,"wr":0.6666666666666666}
{"g":24,"seed":20380387,"liveWin":false,"liveSeat":0,"steps":16,"ms":181,"liveWins":16,"games":25,"wr":0.64}
{"g":25,"seed":20380387,"liveWin":true,"liveSeat":1,"steps":16,"ms":175,"liveWins":17,"games":26,"wr":0.6538461538461539}
{"g":26,"seed":20390360,"liveWin":true,"liveSeat":0,"steps":17,"ms":358,"liveWins":18,"games":27,"wr":0.6666666666666666}
{"g":27,"seed":20390360,"liveWin":true,"liveSeat":1,"steps":14,"ms":384,"liveWins":19,"games":28,"wr":0.6785714285714286}
{"g":28,"seed":20400333,"liveWin":true,"liveSeat":0,"steps":15,"ms":302,"liveWins":20,"games":29,"wr":0.6896551724137931}
{"g":29,"seed":20400333,"liveWin":true,"liveSeat":1,"steps":20,"ms":533,"liveWins":21,"games":30,"wr":0.7}
{"g":30,"seed":20410306,"liveWin":true,"liveSeat":0,"steps":22,"ms":227,"liveWins":22,"games":31,"wr":0.7096774193548387}
{"g":31,"seed":20410306,"liveWin":true,"liveSeat":1,"steps":11,"ms":160,"liveWins":23,"games":32,"wr":0.71875}
{"g":32,"seed":20420279,"liveWin":true,"liveSeat":0,"steps":19,"ms":359,"liveWins":24,"games":33,"wr":0.7272727272727273}
{"g":33,"seed":20420279,"liveWin":true,"liveSeat":1,"steps":20,"ms":383,"liveWins":25,"games":34,"wr":0.7352941176470589}
{"g":34,"seed":20430252,"liveWin":false,"liveSeat":0,"steps":16,"ms":216,"liveWins":25,"games":35,"wr":0.7142857142857143}
{"g":35,"seed":20430252,"liveWin":true,"liveSeat":1,"steps":16,"ms":215,"liveWins":26,"games":36,"wr":0.7222222222222222}
{"g":36,"seed":20440225,"liveWin":true,"liveSeat":0,"steps":17,"ms":412,"liveWins":27,"games":37,"wr":0.7297297297297297}
{"g":37,"seed":20440225,"liveWin":true,"liveSeat":1,"steps":24,"ms":439,"liveWins":28,"games":38,"wr":0.7368421052631579}
{"g":38,"seed":20450198,"liveWin":true,"liveSeat":0,"steps":14,"ms":241,"liveWins":29,"games":39,"wr":0.7435897435897436}
{"g":39,"seed":20450198,"liveWin":false,"liveSeat":1,"steps":16,"ms":344,"liveWins":29,"games":40,"wr":0.725}
{"g":40,"seed":20460171,"liveWin":false,"liveSeat":0,"steps":19,"ms":90,"liveWins":29,"games":41,"wr":0.7073170731707317}
{"g":41,"seed":20460171,"liveWin":false,"liveSeat":1,"steps":26,"ms":127,"liveWins":29,"games":42,"wr":0.6904761904761905}
{"g":42,"seed":20470144,"liveWin":true,"liveSeat":0,"steps":28,"ms":535,"liveWins":30,"games":43,"wr":0.6976744186046512}
{"g":43,"seed":20470144,"liveWin":true,"liveSeat":1,"steps":21,"ms":437,"liveWins":31,"games":44,"wr":0.7045454545454546}
{"g":44,"seed":20480117,"liveWin":true,"liveSeat":0,"steps":20,"ms":366,"liveWins":32,"games":45,"wr":0.7111111111111111}
{"g":45,"seed":20480117,"liveWin":true,"liveSeat":1,"steps":21,"ms":268,"liveWins":33,"games":46,"wr":0.717391304347826}
{"g":46,"seed":20490090,"liveWin":false,"liveSeat":0,"steps":19,"ms":786,"liveWins":33,"games":47,"wr":0.7021276595744681}
{"g":47,"seed":20490090,"liveWin":true,"liveSeat":1,"steps":21,"ms":591,"liveWins":34,"games":48,"wr":0.7083333333333334}
{"g":48,"seed":20500063,"liveWin":true,"liveSeat":0,"steps":23,"ms":284,"liveWins":35,"games":49,"wr":0.7142857142857143}
{"g":49,"seed":20500063,"liveWin":false,"liveSeat":1,"steps":17,"ms":253,"liveWins":35,"games":50,"wr":0.7}
=== FINAL ===
{
  "protocol": "fair-hidden-gm-BR-both-equal",
  "infoModel": "hidden",
  "perfectInfo": false,
  "hiddenInfo": true,
  "brBoth": true,
  "equalBudget": true,
  "games": 50,
  "liveWins": 35,
  "freezeWins": 15,
  "liveWinRate": 0.7,
  "seed0": 20260711,
  "ms": 15820,
  "live": {
    "id": "v9.1-probe-mbntie_rr",
    "stamped": "2026-07-13T02:50:38Z",
    "label": "Grandmaster v9.1-probe mbntie_rr"
  },
  "freeze": {
    "id": "v9.1",
    "stamped": "2026-07-13T02:50:38Z",
    "label": "Grandmaster v9.1 (ladder freeze)"
  },
  "freezeTag": "v91",
  "challTag": "p_mbntie_rr",
  "opts": {
    "difficulty": "grandmaster",
    "useSearch": true,
    "perfectInfo": false,
    "hiddenInfo": true,
    "timeMs": 150,
    "iterations": 60,
    "maxSims": 120,
    "brTrials": 12,
    "bestResponse": true,
    "exactExploit": false,
    "exploit": true,
    "softSamples": 4,
    "maxBranch": 12,
    "mode": "auto",
    "strongSelf": false
  },
  "perGame": [
    {
      "seed": 20260711,
      "liveWin": true,
      "liveSeat": 0,
      "steps": 18,
      "ms": 523
    },
    {
      "seed": 20260711,
      "liveWin": false,
      "liveSeat": 1,
      "steps": 20,
      "ms": 379
    },
    {
      "seed": 20270684,
      "liveWin": false,
      "liveSeat": 0,
      "steps": 22,
      "ms": 390
    },
    {
      "seed": 20270684,
      "liveWin": true,
      "liveSeat": 1,
      "steps": 22,
      "ms": 454
    },
    {
      "seed": 20280657,
      "liveWin": true,
      "liveSeat": 0,
      "steps": 20,
      "ms": 369
    },
    {
      "seed": 20280657,
      "liveWin": true,
      "liveSeat": 1,
      "steps": 19,
      "ms": 245
    },
    {
      "seed": 20290630,
      "liveWin": true,
      "liveSeat": 0,
      "steps": 17,
      "ms": 385
    },
    {
      "seed": 20290630,
      "liveWin": true,
      "liveSeat": 1,
      "steps": 20,
      "ms": 137
    },
    {
      "seed": 20300603,
      "liveWin": false,
      "liveSeat": 0,
      "steps": 20,
      "ms": 396
    },
    {
      "seed": 20300603,
      "liveWin": true,
      "liveSeat": 1,
      "steps": 24,
      "ms": 222
    },
    {
      "seed": 20310576,
      "liveWin": false,
      "liveSeat": 0,
      "steps": 18,
      "ms": 406
    },
    {
      "seed": 20310576,
      "liveWin": true,
      "liveSeat": 1,
      "steps": 14,
      "ms": 165
    },
    {
      "seed": 20320549,
      "liveWin": false,
      "liveSeat": 0,
      "steps": 11,
      "ms": 134
    },
    {
      "seed": 20320549,
      "liveWin": true,
      "liveSeat": 1,
      "steps": 11,
      "ms": 136
    },
    {
      "seed": 20330522,
      "liveWin": true,
      "liveSeat": 0,
      "steps": 19,
      "ms": 163
    },
    {
      "seed": 20330522,
      "liveWin": true,
      "liveSeat": 1,
      "steps": 28,
      "ms": 411
    },
    {
      "seed": 20340495,
      "liveWin": false,
      "liveSeat": 0,
      "steps": 20,
      "ms": 225
    },
    {
      "seed": 20340495,
      "liveWin": true,
      "liveSeat": 1,
      "steps": 24,
      "ms": 291
    },
    {
      "seed": 20350468,
      "liveWin": true,
      "liveSeat": 0,
      "steps": 17,
      "ms": 399
    },
    {
      "seed": 20350468,
      "liveWin": true,
      "liveSeat": 1,
      "steps": 24,
      "ms": 464
    },
    {
      "seed": 20360441,
      "liveWin": true,
      "liveSeat": 0,
      "steps": 18,
      "ms": 353
    },
    {
      "seed": 20360441,
      "liveWin": false,
      "liveSeat": 1,
      "steps": 18,
      "ms": 213
    },
    {
      "seed": 20370414,
      "liveWin": true,
      "liveSeat": 0,
      "steps": 18,
      "ms": 108
    },
    {
      "seed": 20370414,
      "liveWin": false,
      "liveSeat": 1,
      "steps": 20,
      "ms": 165
    },
    {
      "seed": 20380387,
      "liveWin": false,
      "liveSeat": 0,
      "steps": 16,
      "ms": 181
    },
    {
      "seed": 20380387,
      "liveWin": true,
      "liveSeat": 1,
      "steps": 16,
      "ms": 175
    },
    {
      "seed": 20390360,
      "liveWin": true,
      "liveSeat": 0,
      "steps": 17,
      "ms": 358
    },
    {
      "seed": 20390360,
      "liveWin": true,
      "liveSeat": 1,
      "steps": 14,
      "ms": 384
    },
    {
      "seed": 20400333,
      "liveWin": true,
      "liveSeat": 0,
      "steps": 15,
      "ms": 302
    },
    {
      "seed": 20400333,
      "liveWin": true,
      "liveSeat": 1,
      "steps": 20,
      "ms": 533
    },
    {
      "seed": 20410306,
      "liveWin": true,
      "liveSeat": 0,
      "steps": 22,
      "ms": 227
    },
    {
      "seed": 20410306,
      "liveWin": true,
      "liveSeat": 1,
      "steps": 11,
      "ms": 160
    },
    {
      "seed": 20420279,
      "liveWin": true,
      "liveSeat": 0,
      "steps": 19,
      "ms": 359
    },
    {
      "seed": 20420279,
      "liveWin": true,
      "liveSeat": 1,
      "steps": 20,
      "ms": 383
    },
    {
      "seed": 20430252,
      "liveWin": false,
      "liveSeat": 0,
      "steps": 16,
      "ms": 216
    },
    {
      "seed": 20430252,
      "liveWin": true,
      "liveSeat": 1,
      "steps": 16,
      "ms": 215
    },
    {
      "seed": 20440225,
      "liveWin": true,
      "liveSeat": 0,
      "steps": 17,
      "ms": 412
    },
    {
      "seed": 20440225,
      "liveWin": true,
      "liveSeat": 1,
      "steps": 24,
      "ms": 439
    },
    {
      "seed": 20450198,
      "liveWin": true,
      "liveSeat": 0,
      "steps": 14,
      "ms": 241
    },
    {
      "seed": 20450198,
      "liveWin": false,
      "liveSeat": 1,
      "steps": 16,
      "ms": 344
    },
    {
      "seed": 20460171,
      "liveWin": false,
      "liveSeat": 0,
      "steps": 19,
      "ms": 90
    },
    {
      "seed": 20460171,
      "liveWin": false,
      "liveSeat": 1,
      "steps": 26,
      "ms": 127
    },
    {
      "seed": 20470144,
      "liveWin": true,
      "liveSeat": 0,
      "steps": 28,
      "ms": 535
    },
    {
      "seed": 20470144,
      "liveWin": true,
      "liveSeat": 1,
      "steps": 21,
      "ms": 437
    },
    {
      "seed": 20480117,
      "liveWin": true,
      "liveSeat": 0,
      "steps": 20,
      "ms": 366
    },
    {
      "seed": 20480117,
      "liveWin": true,
      "liveSeat": 1,
      "steps": 21,
      "ms": 268
    },
    {
      "seed": 20490090,
      "liveWin": false,
      "liveSeat": 0,
      "steps": 19,
      "ms": 786
    },
    {
      "seed": 20490090,
      "liveWin": true,
      "liveSeat": 1,
      "steps": 21,
      "ms": 591
    },
    {
      "seed": 20500063,
      "liveWin": true,
      "liveSeat": 0,
      "steps": 23,
      "ms": 284
    },
    {
      "seed": 20500063,
      "liveWin": false,
      "liveSeat": 1,
      "steps": 17,
      "ms": 253
    }
  ],
  "lossSeeds": [
    20260711,
    20270684,
    20300603,
    20310576,
    20320549,
    20340495,
    20360441,
    20370414,
    20380387,
    20430252,
    20450198,
    20460171,
    20460171,
    20490090,
    20500063
  ],
  "target": 0.7,
  "passed": false
}
wrote /Users/johnhoang/Developer/Grok/tieng-len/evolve/probe-p_mbntie_rr-vs-v91-fair-both-n50.json
