{"start":true,"freeze":"v91","chall":"p_mbpool","live":{"id":"v9.1-probe-mbpool","stamped":"2026-07-13T02:50:38Z","label":"Grandmaster v9.1-probe mbpool"},"freezeBuild":{"id":"v9.1","stamped":"2026-07-13T02:50:38Z","label":"Grandmaster v9.1 (ladder freeze)"},"games":25,"seed0":20260711,"protocol":"fair-hidden-gm-BR-both-equal","opts":{"difficulty":"grandmaster","useSearch":true,"perfectInfo":false,"hiddenInfo":true,"timeMs":150,"iterations":60,"maxSims":120,"brTrials":12,"bestResponse":true,"exactExploit":false,"exploit":true,"softSamples":4,"maxBranch":12,"mode":"auto","strongSelf":false}}
{"g":0,"seed":20260711,"liveWin":true,"liveSeat":0,"steps":18,"ms":482,"liveWins":1,"games":1,"wr":1}
{"g":1,"seed":20260711,"liveWin":false,"liveSeat":1,"steps":20,"ms":375,"liveWins":1,"games":2,"wr":0.5}
{"g":2,"seed":20270684,"liveWin":false,"liveSeat":0,"steps":24,"ms":340,"liveWins":1,"games":3,"wr":0.3333333333333333}
{"g":3,"seed":20270684,"liveWin":true,"liveSeat":1,"steps":22,"ms":374,"liveWins":2,"games":4,"wr":0.5}
{"g":4,"seed":20280657,"liveWin":true,"liveSeat":0,"steps":18,"ms":265,"liveWins":3,"games":5,"wr":0.6}
{"g":5,"seed":20280657,"liveWin":false,"liveSeat":1,"steps":18,"ms":266,"liveWins":3,"games":6,"wr":0.5}
{"g":6,"seed":20290630,"liveWin":false,"liveSeat":0,"steps":16,"ms":169,"liveWins":3,"games":7,"wr":0.42857142857142855}
{"g":7,"seed":20290630,"liveWin":true,"liveSeat":1,"steps":20,"ms":121,"liveWins":4,"games":8,"wr":0.5}
{"g":8,"seed":20300603,"liveWin":false,"liveSeat":0,"steps":16,"ms":382,"liveWins":4,"games":9,"wr":0.4444444444444444}
{"g":9,"seed":20300603,"liveWin":true,"liveSeat":1,"steps":24,"ms":200,"liveWins":5,"games":10,"wr":0.5}
{"g":10,"seed":20310576,"liveWin":false,"liveSeat":0,"steps":14,"ms":154,"liveWins":5,"games":11,"wr":0.45454545454545453}
{"g":11,"seed":20310576,"liveWin":true,"liveSeat":1,"steps":14,"ms":152,"liveWins":6,"games":12,"wr":0.5}
{"g":12,"seed":20320549,"liveWin":false,"liveSeat":0,"steps":11,"ms":122,"liveWins":6,"games":13,"wr":0.46153846153846156}
{"g":13,"seed":20320549,"liveWin":true,"liveSeat":1,"steps":11,"ms":117,"liveWins":7,"games":14,"wr":0.5}
{"g":14,"seed":20330522,"liveWin":true,"liveSeat":0,"steps":21,"ms":161,"liveWins":8,"games":15,"wr":0.5333333333333333}
{"g":15,"seed":20330522,"liveWin":true,"liveSeat":1,"steps":28,"ms":376,"liveWins":9,"games":16,"wr":0.5625}
{"g":16,"seed":20340495,"liveWin":false,"liveSeat":0,"steps":20,"ms":204,"liveWins":9,"games":17,"wr":0.5294117647058824}
{"g":17,"seed":20340495,"liveWin":true,"liveSeat":1,"steps":24,"ms":276,"liveWins":10,"games":18,"wr":0.5555555555555556}
{"g":18,"seed":20350468,"liveWin":false,"liveSeat":0,"steps":22,"ms":253,"liveWins":10,"games":19,"wr":0.5263157894736842}
{"g":19,"seed":20350468,"liveWin":true,"liveSeat":1,"steps":24,"ms":440,"liveWins":11,"games":20,"wr":0.55}
{"g":20,"seed":20360441,"liveWin":true,"liveSeat":0,"steps":18,"ms":335,"liveWins":12,"games":21,"wr":0.5714285714285714}
{"g":21,"seed":20360441,"liveWin":false,"liveSeat":1,"steps":18,"ms":199,"liveWins":12,"games":22,"wr":0.5454545454545454}
{"g":22,"seed":20370414,"liveWin":true,"liveSeat":0,"steps":20,"ms":165,"liveWins":13,"games":23,"wr":0.5652173913043478}
{"g":23,"seed":20370414,"liveWin":false,"liveSeat":1,"steps":20,"ms":161,"liveWins":13,"games":24,"wr":0.5416666666666666}
{"g":24,"seed":20380387,"liveWin":false,"liveSeat":0,"steps":16,"ms":395,"liveWins":13,"games":25,"wr":0.52}
{"g":25,"seed":20380387,"liveWin":true,"liveSeat":1,"steps":16,"ms":167,"liveWins":14,"games":26,"wr":0.5384615384615384}
{"g":26,"seed":20390360,"liveWin":false,"liveSeat":0,"steps":12,"ms":474,"liveWins":14,"games":27,"wr":0.5185185185185185}
{"g":27,"seed":20390360,"liveWin":false,"liveSeat":1,"steps":17,"ms":396,"liveWins":14,"games":28,"wr":0.5}
{"g":28,"seed":20400333,"liveWin":true,"liveSeat":0,"steps":15,"ms":282,"liveWins":15,"games":29,"wr":0.5172413793103449}
{"g":29,"seed":20400333,"liveWin":false,"liveSeat":1,"steps":19,"ms":476,"liveWins":15,"games":30,"wr":0.5}
{"g":30,"seed":20410306,"liveWin":true,"liveSeat":0,"steps":22,"ms":466,"liveWins":16,"games":31,"wr":0.5161290322580645}
{"g":31,"seed":20410306,"liveWin":true,"liveSeat":1,"steps":11,"ms":150,"liveWins":17,"games":32,"wr":0.53125}
{"g":32,"seed":20420279,"liveWin":true,"liveSeat":0,"steps":19,"ms":335,"liveWins":18,"games":33,"wr":0.5454545454545454}
{"g":33,"seed":20420279,"liveWin":true,"liveSeat":1,"steps":20,"ms":336,"liveWins":19,"games":34,"wr":0.5588235294117647}
{"g":34,"seed":20430252,"liveWin":false,"liveSeat":0,"steps":16,"ms":236,"liveWins":19,"games":35,"wr":0.5428571428571428}
{"g":35,"seed":20430252,"liveWin":true,"liveSeat":1,"steps":16,"ms":234,"liveWins":20,"games":36,"wr":0.5555555555555556}
{"g":36,"seed":20440225,"liveWin":true,"liveSeat":0,"steps":17,"ms":380,"liveWins":21,"games":37,"wr":0.5675675675675675}
{"g":37,"seed":20440225,"liveWin":true,"liveSeat":1,"steps":22,"ms":417,"liveWins":22,"games":38,"wr":0.5789473684210527}
{"g":38,"seed":20450198,"liveWin":true,"liveSeat":0,"steps":14,"ms":218,"liveWins":23,"games":39,"wr":0.5897435897435898}
{"g":39,"seed":20450198,"liveWin":false,"liveSeat":1,"steps":14,"ms":219,"liveWins":23,"games":40,"wr":0.575}
{"g":40,"seed":20460171,"liveWin":false,"liveSeat":0,"steps":19,"ms":78,"liveWins":23,"games":41,"wr":0.5609756097560976}
{"g":41,"seed":20460171,"liveWin":true,"liveSeat":1,"steps":19,"ms":74,"liveWins":24,"games":42,"wr":0.5714285714285714}
{"g":42,"seed":20470144,"liveWin":true,"liveSeat":0,"steps":28,"ms":499,"liveWins":25,"games":43,"wr":0.5813953488372093}
{"g":43,"seed":20470144,"liveWin":false,"liveSeat":1,"steps":24,"ms":432,"liveWins":25,"games":44,"wr":0.5681818181818182}
{"g":44,"seed":20480117,"liveWin":false,"liveSeat":0,"steps":21,"ms":311,"liveWins":25,"games":45,"wr":0.5555555555555556}
{"g":45,"seed":20480117,"liveWin":true,"liveSeat":1,"steps":21,"ms":296,"liveWins":26,"games":46,"wr":0.5652173913043478}
{"g":46,"seed":20490090,"liveWin":false,"liveSeat":0,"steps":19,"ms":571,"liveWins":26,"games":47,"wr":0.5531914893617021}
{"g":47,"seed":20490090,"liveWin":true,"liveSeat":1,"steps":15,"ms":301,"liveWins":27,"games":48,"wr":0.5625}
{"g":48,"seed":20500063,"liveWin":true,"liveSeat":0,"steps":17,"ms":240,"liveWins":28,"games":49,"wr":0.5714285714285714}
{"g":49,"seed":20500063,"liveWin":false,"liveSeat":1,"steps":17,"ms":223,"liveWins":28,"games":50,"wr":0.56}
=== FINAL ===
{
  "protocol": "fair-hidden-gm-BR-both-equal",
  "infoModel": "hidden",
  "perfectInfo": false,
  "hiddenInfo": true,
  "brBoth": true,
  "equalBudget": true,
  "games": 50,
  "liveWins": 28,
  "freezeWins": 22,
  "liveWinRate": 0.56,
  "seed0": 20260711,
  "ms": 14312,
  "live": {
    "id": "v9.1-probe-mbpool",
    "stamped": "2026-07-13T02:50:38Z",
    "label": "Grandmaster v9.1-probe mbpool"
  },
  "freeze": {
    "id": "v9.1",
    "stamped": "2026-07-13T02:50:38Z",
    "label": "Grandmaster v9.1 (ladder freeze)"
  },
  "freezeTag": "v91",
  "challTag": "p_mbpool",
  "opts": {
    "difficulty": "grandmaster",
    "useSearch": true,
    "perfectInfo": false,
    "hiddenInfo": true,
    "timeMs": 150,
    "iterations": 60,
    "maxSims": 120,
    "brTrials": 12,
    "bestResponse": true,
    "exactExploit": false,
    "exploit": true,
    "softSamples": 4,
    "maxBranch": 12,
    "mode": "auto",
    "strongSelf": false
  },
  "perGame": [
    {
      "seed": 20260711,
      "liveWin": true,
      "liveSeat": 0,
      "steps": 18,
      "ms": 482
    },
    {
      "seed": 20260711,
      "liveWin": false,
      "liveSeat": 1,
      "steps": 20,
      "ms": 375
    },
    {
      "seed": 20270684,
      "liveWin": false,
      "liveSeat": 0,
      "steps": 24,
      "ms": 340
    },
    {
      "seed": 20270684,
      "liveWin": true,
      "liveSeat": 1,
      "steps": 22,
      "ms": 374
    },
    {
      "seed": 20280657,
      "liveWin": true,
      "liveSeat": 0,
      "steps": 18,
      "ms": 265
    },
    {
      "seed": 20280657,
      "liveWin": false,
      "liveSeat": 1,
      "steps": 18,
      "ms": 266
    },
    {
      "seed": 20290630,
      "liveWin": false,
      "liveSeat": 0,
      "steps": 16,
      "ms": 169
    },
    {
      "seed": 20290630,
      "liveWin": true,
      "liveSeat": 1,
      "steps": 20,
      "ms": 121
    },
    {
      "seed": 20300603,
      "liveWin": false,
      "liveSeat": 0,
      "steps": 16,
      "ms": 382
    },
    {
      "seed": 20300603,
      "liveWin": true,
      "liveSeat": 1,
      "steps": 24,
      "ms": 200
    },
    {
      "seed": 20310576,
      "liveWin": false,
      "liveSeat": 0,
      "steps": 14,
      "ms": 154
    },
    {
      "seed": 20310576,
      "liveWin": true,
      "liveSeat": 1,
      "steps": 14,
      "ms": 152
    },
    {
      "seed": 20320549,
      "liveWin": false,
      "liveSeat": 0,
      "steps": 11,
      "ms": 122
    },
    {
      "seed": 20320549,
      "liveWin": true,
      "liveSeat": 1,
      "steps": 11,
      "ms": 117
    },
    {
      "seed": 20330522,
      "liveWin": true,
      "liveSeat": 0,
      "steps": 21,
      "ms": 161
    },
    {
      "seed": 20330522,
      "liveWin": true,
      "liveSeat": 1,
      "steps": 28,
      "ms": 376
    },
    {
      "seed": 20340495,
      "liveWin": false,
      "liveSeat": 0,
      "steps": 20,
      "ms": 204
    },
    {
      "seed": 20340495,
      "liveWin": true,
      "liveSeat": 1,
      "steps": 24,
      "ms": 276
    },
    {
      "seed": 20350468,
      "liveWin": false,
      "liveSeat": 0,
      "steps": 22,
      "ms": 253
    },
    {
      "seed": 20350468,
      "liveWin": true,
      "liveSeat": 1,
      "steps": 24,
      "ms": 440
    },
    {
      "seed": 20360441,
      "liveWin": true,
      "liveSeat": 0,
      "steps": 18,
      "ms": 335
    },
    {
      "seed": 20360441,
      "liveWin": false,
      "liveSeat": 1,
      "steps": 18,
      "ms": 199
    },
    {
      "seed": 20370414,
      "liveWin": true,
      "liveSeat": 0,
      "steps": 20,
      "ms": 165
    },
    {
      "seed": 20370414,
      "liveWin": false,
      "liveSeat": 1,
      "steps": 20,
      "ms": 161
    },
    {
      "seed": 20380387,
      "liveWin": false,
      "liveSeat": 0,
      "steps": 16,
      "ms": 395
    },
    {
      "seed": 20380387,
      "liveWin": true,
      "liveSeat": 1,
      "steps": 16,
      "ms": 167
    },
    {
      "seed": 20390360,
      "liveWin": false,
      "liveSeat": 0,
      "steps": 12,
      "ms": 474
    },
    {
      "seed": 20390360,
      "liveWin": false,
      "liveSeat": 1,
      "steps": 17,
      "ms": 396
    },
    {
      "seed": 20400333,
      "liveWin": true,
      "liveSeat": 0,
      "steps": 15,
      "ms": 282
    },
    {
      "seed": 20400333,
      "liveWin": false,
      "liveSeat": 1,
      "steps": 19,
      "ms": 476
    },
    {
      "seed": 20410306,
      "liveWin": true,
      "liveSeat": 0,
      "steps": 22,
      "ms": 466
    },
    {
      "seed": 20410306,
      "liveWin": true,
      "liveSeat": 1,
      "steps": 11,
      "ms": 150
    },
    {
      "seed": 20420279,
      "liveWin": true,
      "liveSeat": 0,
      "steps": 19,
      "ms": 335
    },
    {
      "seed": 20420279,
      "liveWin": true,
      "liveSeat": 1,
      "steps": 20,
      "ms": 336
    },
    {
      "seed": 20430252,
      "liveWin": false,
      "liveSeat": 0,
      "steps": 16,
      "ms": 236
    },
    {
      "seed": 20430252,
      "liveWin": true,
      "liveSeat": 1,
      "steps": 16,
      "ms": 234
    },
    {
      "seed": 20440225,
      "liveWin": true,
      "liveSeat": 0,
      "steps": 17,
      "ms": 380
    },
    {
      "seed": 20440225,
      "liveWin": true,
      "liveSeat": 1,
      "steps": 22,
      "ms": 417
    },
    {
      "seed": 20450198,
      "liveWin": true,
      "liveSeat": 0,
      "steps": 14,
      "ms": 218
    },
    {
      "seed": 20450198,
      "liveWin": false,
      "liveSeat": 1,
      "steps": 14,
      "ms": 219
    },
    {
      "seed": 20460171,
      "liveWin": false,
      "liveSeat": 0,
      "steps": 19,
      "ms": 78
    },
    {
      "seed": 20460171,
      "liveWin": true,
      "liveSeat": 1,
      "steps": 19,
      "ms": 74
    },
    {
      "seed": 20470144,
      "liveWin": true,
      "liveSeat": 0,
      "steps": 28,
      "ms": 499
    },
    {
      "seed": 20470144,
      "liveWin": false,
      "liveSeat": 1,
      "steps": 24,
      "ms": 432
    },
    {
      "seed": 20480117,
      "liveWin": false,
      "liveSeat": 0,
      "steps": 21,
      "ms": 311
    },
    {
      "seed": 20480117,
      "liveWin": true,
      "liveSeat": 1,
      "steps": 21,
      "ms": 296
    },
    {
      "seed": 20490090,
      "liveWin": false,
      "liveSeat": 0,
      "steps": 19,
      "ms": 571
    },
    {
      "seed": 20490090,
      "liveWin": true,
      "liveSeat": 1,
      "steps": 15,
      "ms": 301
    },
    {
      "seed": 20500063,
      "liveWin": true,
      "liveSeat": 0,
      "steps": 17,
      "ms": 240
    },
    {
      "seed": 20500063,
      "liveWin": false,
      "liveSeat": 1,
      "steps": 17,
      "ms": 223
    }
  ],
  "lossSeeds": [
    20260711,
    20270684,
    20280657,
    20290630,
    20300603,
    20310576,
    20320549,
    20340495,
    20350468,
    20360441,
    20370414,
    20380387,
    20390360,
    20390360,
    20400333,
    20430252,
    20450198,
    20460171,
    20470144,
    20480117,
    20490090,
    20500063
  ],
  "target": 0.7,
  "passed": false
}
wrote /Users/johnhoang/Developer/Grok/tieng-len/evolve/probe-p_mbpool-vs-v91-fair-both-n50.json
