{"start":true,"freeze":"v91","chall":"p_pass2","live":{"id":"v9.2-probe-pass2","stamped":"2026-07-14T03:05:00Z","label":"Grandmaster v9.2-probe (multi combat fold)"},"freezeBuild":{"id":"v9.1","stamped":"2026-07-13T02:50:38Z","label":"Grandmaster v9.1 (ladder freeze)"},"games":20,"seed0":20260711,"protocol":"fair-hidden-gm-BR-both-equal","opts":{"difficulty":"grandmaster","useSearch":true,"perfectInfo":false,"hiddenInfo":true,"timeMs":150,"iterations":60,"maxSims":120,"brTrials":12,"bestResponse":true,"exactExploit":false,"exploit":true,"softSamples":4,"maxBranch":12,"mode":"auto","strongSelf":false}}
{"g":0,"seed":20260711,"liveWin":true,"liveSeat":0,"steps":20,"ms":386,"liveWins":1,"games":1,"wr":1}
{"g":1,"seed":20260711,"liveWin":false,"liveSeat":1,"steps":20,"ms":369,"liveWins":1,"games":2,"wr":0.5}
{"g":2,"seed":20270684,"liveWin":false,"liveSeat":0,"steps":22,"ms":385,"liveWins":1,"games":3,"wr":0.3333333333333333}
{"g":3,"seed":20270684,"liveWin":true,"liveSeat":1,"steps":22,"ms":369,"liveWins":2,"games":4,"wr":0.5}
{"g":4,"seed":20280657,"liveWin":true,"liveSeat":0,"steps":18,"ms":263,"liveWins":3,"games":5,"wr":0.6}
{"g":5,"seed":20280657,"liveWin":false,"liveSeat":1,"steps":18,"ms":260,"liveWins":3,"games":6,"wr":0.5}
{"g":6,"seed":20290630,"liveWin":false,"liveSeat":0,"steps":20,"ms":118,"liveWins":3,"games":7,"wr":0.42857142857142855}
{"g":7,"seed":20290630,"liveWin":true,"liveSeat":1,"steps":20,"ms":122,"liveWins":4,"games":8,"wr":0.5}
{"g":8,"seed":20300603,"liveWin":false,"liveSeat":0,"steps":18,"ms":356,"liveWins":4,"games":9,"wr":0.4444444444444444}
{"g":9,"seed":20300603,"liveWin":true,"liveSeat":1,"steps":18,"ms":352,"liveWins":5,"games":10,"wr":0.5}
{"g":10,"seed":20310576,"liveWin":false,"liveSeat":0,"steps":14,"ms":153,"liveWins":5,"games":11,"wr":0.45454545454545453}
{"g":11,"seed":20310576,"liveWin":true,"liveSeat":1,"steps":14,"ms":149,"liveWins":6,"games":12,"wr":0.5}
{"g":12,"seed":20320549,"liveWin":false,"liveSeat":0,"steps":11,"ms":118,"liveWins":6,"games":13,"wr":0.46153846153846156}
{"g":13,"seed":20320549,"liveWin":true,"liveSeat":1,"steps":11,"ms":113,"liveWins":7,"games":14,"wr":0.5}
{"g":14,"seed":20330522,"liveWin":false,"liveSeat":0,"steps":14,"ms":343,"liveWins":7,"games":15,"wr":0.4666666666666667}
{"g":15,"seed":20330522,"liveWin":true,"liveSeat":1,"steps":14,"ms":344,"liveWins":8,"games":16,"wr":0.5}
{"g":16,"seed":20340495,"liveWin":false,"liveSeat":0,"steps":20,"ms":189,"liveWins":8,"games":17,"wr":0.47058823529411764}
{"g":17,"seed":20340495,"liveWin":true,"liveSeat":1,"steps":20,"ms":193,"liveWins":9,"games":18,"wr":0.5}
{"g":18,"seed":20350468,"liveWin":false,"liveSeat":0,"steps":22,"ms":253,"liveWins":9,"games":19,"wr":0.47368421052631576}
{"g":19,"seed":20350468,"liveWin":true,"liveSeat":1,"steps":22,"ms":254,"liveWins":10,"games":20,"wr":0.5}
{"g":20,"seed":20360441,"liveWin":true,"liveSeat":0,"steps":18,"ms":322,"liveWins":11,"games":21,"wr":0.5238095238095238}
{"g":21,"seed":20360441,"liveWin":false,"liveSeat":1,"steps":18,"ms":323,"liveWins":11,"games":22,"wr":0.5}
{"g":22,"seed":20370414,"liveWin":true,"liveSeat":0,"steps":20,"ms":156,"liveWins":12,"games":23,"wr":0.5217391304347826}
{"g":23,"seed":20370414,"liveWin":false,"liveSeat":1,"steps":20,"ms":157,"liveWins":12,"games":24,"wr":0.5}
{"g":24,"seed":20380387,"liveWin":false,"liveSeat":0,"steps":16,"ms":387,"liveWins":12,"games":25,"wr":0.48}
{"g":25,"seed":20380387,"liveWin":true,"liveSeat":1,"steps":16,"ms":162,"liveWins":13,"games":26,"wr":0.5}
{"g":26,"seed":20390360,"liveWin":true,"liveSeat":0,"steps":17,"ms":376,"liveWins":14,"games":27,"wr":0.5185185185185185}
{"g":27,"seed":20390360,"liveWin":false,"liveSeat":1,"steps":17,"ms":376,"liveWins":14,"games":28,"wr":0.5}
{"g":28,"seed":20400333,"liveWin":false,"liveSeat":0,"steps":20,"ms":332,"liveWins":14,"games":29,"wr":0.4827586206896552}
{"g":29,"seed":20400333,"liveWin":true,"liveSeat":1,"steps":20,"ms":331,"liveWins":15,"games":30,"wr":0.5}
{"g":30,"seed":20410306,"liveWin":false,"liveSeat":0,"steps":11,"ms":142,"liveWins":15,"games":31,"wr":0.4838709677419355}
{"g":31,"seed":20410306,"liveWin":true,"liveSeat":1,"steps":11,"ms":143,"liveWins":16,"games":32,"wr":0.5}
{"g":32,"seed":20420279,"liveWin":false,"liveSeat":0,"steps":20,"ms":319,"liveWins":16,"games":33,"wr":0.48484848484848486}
{"g":33,"seed":20420279,"liveWin":true,"liveSeat":1,"steps":20,"ms":313,"liveWins":17,"games":34,"wr":0.5}
{"g":34,"seed":20430252,"liveWin":false,"liveSeat":0,"steps":16,"ms":220,"liveWins":17,"games":35,"wr":0.4857142857142857}
{"g":35,"seed":20430252,"liveWin":true,"liveSeat":1,"steps":16,"ms":221,"liveWins":18,"games":36,"wr":0.5}
{"g":36,"seed":20440225,"liveWin":true,"liveSeat":0,"steps":17,"ms":357,"liveWins":19,"games":37,"wr":0.5135135135135135}
{"g":37,"seed":20440225,"liveWin":false,"liveSeat":1,"steps":17,"ms":353,"liveWins":19,"games":38,"wr":0.5}
{"g":38,"seed":20450198,"liveWin":true,"liveSeat":0,"steps":14,"ms":203,"liveWins":20,"games":39,"wr":0.5128205128205128}
{"g":39,"seed":20450198,"liveWin":false,"liveSeat":1,"steps":14,"ms":202,"liveWins":20,"games":40,"wr":0.5}
=== FINAL ===
{
  "protocol": "fair-hidden-gm-BR-both-equal",
  "infoModel": "hidden",
  "perfectInfo": false,
  "hiddenInfo": true,
  "brBoth": true,
  "equalBudget": true,
  "games": 40,
  "liveWins": 20,
  "freezeWins": 20,
  "liveWinRate": 0.5,
  "seed0": 20260711,
  "ms": 10495,
  "live": {
    "id": "v9.2-probe-pass2",
    "stamped": "2026-07-14T03:05:00Z",
    "label": "Grandmaster v9.2-probe (multi combat fold)"
  },
  "freeze": {
    "id": "v9.1",
    "stamped": "2026-07-13T02:50:38Z",
    "label": "Grandmaster v9.1 (ladder freeze)"
  },
  "freezeTag": "v91",
  "challTag": "p_pass2",
  "opts": {
    "difficulty": "grandmaster",
    "useSearch": true,
    "perfectInfo": false,
    "hiddenInfo": true,
    "timeMs": 150,
    "iterations": 60,
    "maxSims": 120,
    "brTrials": 12,
    "bestResponse": true,
    "exactExploit": false,
    "exploit": true,
    "softSamples": 4,
    "maxBranch": 12,
    "mode": "auto",
    "strongSelf": false
  },
  "perGame": [
    {
      "seed": 20260711,
      "liveWin": true,
      "liveSeat": 0,
      "steps": 20,
      "ms": 386
    },
    {
      "seed": 20260711,
      "liveWin": false,
      "liveSeat": 1,
      "steps": 20,
      "ms": 369
    },
    {
      "seed": 20270684,
      "liveWin": false,
      "liveSeat": 0,
      "steps": 22,
      "ms": 385
    },
    {
      "seed": 20270684,
      "liveWin": true,
      "liveSeat": 1,
      "steps": 22,
      "ms": 369
    },
    {
      "seed": 20280657,
      "liveWin": true,
      "liveSeat": 0,
      "steps": 18,
      "ms": 263
    },
    {
      "seed": 20280657,
      "liveWin": false,
      "liveSeat": 1,
      "steps": 18,
      "ms": 260
    },
    {
      "seed": 20290630,
      "liveWin": false,
      "liveSeat": 0,
      "steps": 20,
      "ms": 118
    },
    {
      "seed": 20290630,
      "liveWin": true,
      "liveSeat": 1,
      "steps": 20,
      "ms": 122
    },
    {
      "seed": 20300603,
      "liveWin": false,
      "liveSeat": 0,
      "steps": 18,
      "ms": 356
    },
    {
      "seed": 20300603,
      "liveWin": true,
      "liveSeat": 1,
      "steps": 18,
      "ms": 352
    },
    {
      "seed": 20310576,
      "liveWin": false,
      "liveSeat": 0,
      "steps": 14,
      "ms": 153
    },
    {
      "seed": 20310576,
      "liveWin": true,
      "liveSeat": 1,
      "steps": 14,
      "ms": 149
    },
    {
      "seed": 20320549,
      "liveWin": false,
      "liveSeat": 0,
      "steps": 11,
      "ms": 118
    },
    {
      "seed": 20320549,
      "liveWin": true,
      "liveSeat": 1,
      "steps": 11,
      "ms": 113
    },
    {
      "seed": 20330522,
      "liveWin": false,
      "liveSeat": 0,
      "steps": 14,
      "ms": 343
    },
    {
      "seed": 20330522,
      "liveWin": true,
      "liveSeat": 1,
      "steps": 14,
      "ms": 344
    },
    {
      "seed": 20340495,
      "liveWin": false,
      "liveSeat": 0,
      "steps": 20,
      "ms": 189
    },
    {
      "seed": 20340495,
      "liveWin": true,
      "liveSeat": 1,
      "steps": 20,
      "ms": 193
    },
    {
      "seed": 20350468,
      "liveWin": false,
      "liveSeat": 0,
      "steps": 22,
      "ms": 253
    },
    {
      "seed": 20350468,
      "liveWin": true,
      "liveSeat": 1,
      "steps": 22,
      "ms": 254
    },
    {
      "seed": 20360441,
      "liveWin": true,
      "liveSeat": 0,
      "steps": 18,
      "ms": 322
    },
    {
      "seed": 20360441,
      "liveWin": false,
      "liveSeat": 1,
      "steps": 18,
      "ms": 323
    },
    {
      "seed": 20370414,
      "liveWin": true,
      "liveSeat": 0,
      "steps": 20,
      "ms": 156
    },
    {
      "seed": 20370414,
      "liveWin": false,
      "liveSeat": 1,
      "steps": 20,
      "ms": 157
    },
    {
      "seed": 20380387,
      "liveWin": false,
      "liveSeat": 0,
      "steps": 16,
      "ms": 387
    },
    {
      "seed": 20380387,
      "liveWin": true,
      "liveSeat": 1,
      "steps": 16,
      "ms": 162
    },
    {
      "seed": 20390360,
      "liveWin": true,
      "liveSeat": 0,
      "steps": 17,
      "ms": 376
    },
    {
      "seed": 20390360,
      "liveWin": false,
      "liveSeat": 1,
      "steps": 17,
      "ms": 376
    },
    {
      "seed": 20400333,
      "liveWin": false,
      "liveSeat": 0,
      "steps": 20,
      "ms": 332
    },
    {
      "seed": 20400333,
      "liveWin": true,
      "liveSeat": 1,
      "steps": 20,
      "ms": 331
    },
    {
      "seed": 20410306,
      "liveWin": false,
      "liveSeat": 0,
      "steps": 11,
      "ms": 142
    },
    {
      "seed": 20410306,
      "liveWin": true,
      "liveSeat": 1,
      "steps": 11,
      "ms": 143
    },
    {
      "seed": 20420279,
      "liveWin": false,
      "liveSeat": 0,
      "steps": 20,
      "ms": 319
    },
    {
      "seed": 20420279,
      "liveWin": true,
      "liveSeat": 1,
      "steps": 20,
      "ms": 313
    },
    {
      "seed": 20430252,
      "liveWin": false,
      "liveSeat": 0,
      "steps": 16,
      "ms": 220
    },
    {
      "seed": 20430252,
      "liveWin": true,
      "liveSeat": 1,
      "steps": 16,
      "ms": 221
    },
    {
      "seed": 20440225,
      "liveWin": true,
      "liveSeat": 0,
      "steps": 17,
      "ms": 357
    },
    {
      "seed": 20440225,
      "liveWin": false,
      "liveSeat": 1,
      "steps": 17,
      "ms": 353
    },
    {
      "seed": 20450198,
      "liveWin": true,
      "liveSeat": 0,
      "steps": 14,
      "ms": 203
    },
    {
      "seed": 20450198,
      "liveWin": false,
      "liveSeat": 1,
      "steps": 14,
      "ms": 202
    }
  ],
  "lossSeeds": [
    20260711,
    20270684,
    20280657,
    20290630,
    20300603,
    20310576,
    20320549,
    20330522,
    20340495,
    20350468,
    20360441,
    20370414,
    20380387,
    20390360,
    20400333,
    20410306,
    20420279,
    20430252,
    20440225,
    20450198
  ],
  "target": 0.7,
  "passed": false
}
wrote /Users/johnhoang/Developer/Grok/tieng-len/evolve/probe-p_pass2-vs-v91-fair-both-n40.json
