{"start":true,"freeze":"v91","chall":"p_mbpassc","live":{"id":"v9.1-probe-mbpassc","stamped":"2026-07-13T02:50:38Z","label":"Grandmaster v9.1-probe mbpassc"},"freezeBuild":{"id":"v9.1","stamped":"2026-07-13T02:50:38Z","label":"Grandmaster v9.1 (ladder freeze)"},"games":25,"seed0":20260712,"protocol":"fair-hidden-gm-BR-both-equal","opts":{"difficulty":"grandmaster","useSearch":true,"perfectInfo":false,"hiddenInfo":true,"timeMs":150,"iterations":60,"maxSims":120,"brTrials":12,"bestResponse":true,"exactExploit":false,"exploit":true,"softSamples":4,"maxBranch":12,"mode":"auto","strongSelf":false}}
{"g":0,"seed":20260712,"liveWin":true,"liveSeat":0,"steps":16,"ms":185,"liveWins":1,"games":1,"wr":1}
{"g":1,"seed":20260712,"liveWin":false,"liveSeat":1,"steps":16,"ms":162,"liveWins":1,"games":2,"wr":0.5}
{"g":2,"seed":20270685,"liveWin":true,"liveSeat":0,"steps":13,"ms":177,"liveWins":2,"games":3,"wr":0.6666666666666666}
{"g":3,"seed":20270685,"liveWin":false,"liveSeat":1,"steps":13,"ms":169,"liveWins":2,"games":4,"wr":0.5}
{"g":4,"seed":20280658,"liveWin":false,"liveSeat":0,"steps":12,"ms":179,"liveWins":2,"games":5,"wr":0.4}
{"g":5,"seed":20280658,"liveWin":true,"liveSeat":1,"steps":20,"ms":225,"liveWins":3,"games":6,"wr":0.5}
{"g":6,"seed":20290631,"liveWin":false,"liveSeat":0,"steps":22,"ms":289,"liveWins":3,"games":7,"wr":0.42857142857142855}
{"g":7,"seed":20290631,"liveWin":true,"liveSeat":1,"steps":18,"ms":294,"liveWins":4,"games":8,"wr":0.5}
{"g":8,"seed":20300604,"liveWin":true,"liveSeat":0,"steps":20,"ms":98,"liveWins":5,"games":9,"wr":0.5555555555555556}
{"g":9,"seed":20300604,"liveWin":false,"liveSeat":1,"steps":20,"ms":89,"liveWins":5,"games":10,"wr":0.5}
{"g":10,"seed":20310577,"liveWin":true,"liveSeat":0,"steps":14,"ms":479,"liveWins":6,"games":11,"wr":0.5454545454545454}
{"g":11,"seed":20310577,"liveWin":true,"liveSeat":1,"steps":21,"ms":501,"liveWins":7,"games":12,"wr":0.5833333333333334}
{"g":12,"seed":20320550,"liveWin":true,"liveSeat":0,"steps":18,"ms":361,"liveWins":8,"games":13,"wr":0.6153846153846154}
{"g":13,"seed":20320550,"liveWin":false,"liveSeat":1,"steps":16,"ms":417,"liveWins":8,"games":14,"wr":0.5714285714285714}
{"g":14,"seed":20330523,"liveWin":true,"liveSeat":0,"steps":21,"ms":209,"liveWins":9,"games":15,"wr":0.6}
{"g":15,"seed":20330523,"liveWin":false,"liveSeat":1,"steps":21,"ms":210,"liveWins":9,"games":16,"wr":0.5625}
{"g":16,"seed":20340496,"liveWin":true,"liveSeat":0,"steps":25,"ms":468,"liveWins":10,"games":17,"wr":0.5882352941176471}
{"g":17,"seed":20340496,"liveWin":false,"liveSeat":1,"steps":23,"ms":248,"liveWins":10,"games":18,"wr":0.5555555555555556}
{"g":18,"seed":20350469,"liveWin":false,"liveSeat":0,"steps":20,"ms":536,"liveWins":10,"games":19,"wr":0.5263157894736842}
{"g":19,"seed":20350469,"liveWin":false,"liveSeat":1,"steps":21,"ms":471,"liveWins":10,"games":20,"wr":0.5}
{"g":20,"seed":20360442,"liveWin":false,"liveSeat":0,"steps":17,"ms":155,"liveWins":10,"games":21,"wr":0.47619047619047616}
{"g":21,"seed":20360442,"liveWin":true,"liveSeat":1,"steps":23,"ms":148,"liveWins":11,"games":22,"wr":0.5}
{"g":22,"seed":20370415,"liveWin":true,"liveSeat":0,"steps":26,"ms":184,"liveWins":12,"games":23,"wr":0.5217391304347826}
{"g":23,"seed":20370415,"liveWin":false,"liveSeat":1,"steps":24,"ms":177,"liveWins":12,"games":24,"wr":0.5}
{"g":24,"seed":20380388,"liveWin":true,"liveSeat":0,"steps":16,"ms":198,"liveWins":13,"games":25,"wr":0.52}
{"g":25,"seed":20380388,"liveWin":false,"liveSeat":1,"steps":18,"ms":178,"liveWins":13,"games":26,"wr":0.5}
{"g":26,"seed":20390361,"liveWin":false,"liveSeat":0,"steps":26,"ms":273,"liveWins":13,"games":27,"wr":0.48148148148148145}
{"g":27,"seed":20390361,"liveWin":true,"liveSeat":1,"steps":26,"ms":299,"liveWins":14,"games":28,"wr":0.5}
{"g":28,"seed":20400334,"liveWin":true,"liveSeat":0,"steps":18,"ms":63,"liveWins":15,"games":29,"wr":0.5172413793103449}
{"g":29,"seed":20400334,"liveWin":true,"liveSeat":1,"steps":21,"ms":54,"liveWins":16,"games":30,"wr":0.5333333333333333}
{"g":30,"seed":20410307,"liveWin":false,"liveSeat":0,"steps":16,"ms":276,"liveWins":16,"games":31,"wr":0.5161290322580645}
{"g":31,"seed":20410307,"liveWin":true,"liveSeat":1,"steps":16,"ms":304,"liveWins":17,"games":32,"wr":0.53125}
{"g":32,"seed":20420280,"liveWin":false,"liveSeat":0,"steps":23,"ms":419,"liveWins":17,"games":33,"wr":0.5151515151515151}
{"g":33,"seed":20420280,"liveWin":false,"liveSeat":1,"steps":14,"ms":348,"liveWins":17,"games":34,"wr":0.5}
{"g":34,"seed":20430253,"liveWin":true,"liveSeat":0,"steps":26,"ms":256,"liveWins":18,"games":35,"wr":0.5142857142857142}
{"g":35,"seed":20430253,"liveWin":false,"liveSeat":1,"steps":26,"ms":263,"liveWins":18,"games":36,"wr":0.5}
{"g":36,"seed":20440226,"liveWin":true,"liveSeat":0,"steps":17,"ms":758,"liveWins":19,"games":37,"wr":0.5135135135135135}
{"g":37,"seed":20440226,"liveWin":true,"liveSeat":1,"steps":18,"ms":907,"liveWins":20,"games":38,"wr":0.5263157894736842}
{"g":38,"seed":20450199,"liveWin":true,"liveSeat":0,"steps":21,"ms":115,"liveWins":21,"games":39,"wr":0.5384615384615384}
{"g":39,"seed":20450199,"liveWin":false,"liveSeat":1,"steps":21,"ms":117,"liveWins":21,"games":40,"wr":0.525}
{"g":40,"seed":20460172,"liveWin":true,"liveSeat":0,"steps":15,"ms":146,"liveWins":22,"games":41,"wr":0.5365853658536586}
{"g":41,"seed":20460172,"liveWin":false,"liveSeat":1,"steps":17,"ms":142,"liveWins":22,"games":42,"wr":0.5238095238095238}
{"g":42,"seed":20470145,"liveWin":true,"liveSeat":0,"steps":15,"ms":222,"liveWins":23,"games":43,"wr":0.5348837209302325}
{"g":43,"seed":20470145,"liveWin":false,"liveSeat":1,"steps":15,"ms":303,"liveWins":23,"games":44,"wr":0.5227272727272727}
{"g":44,"seed":20480118,"liveWin":false,"liveSeat":0,"steps":15,"ms":126,"liveWins":23,"games":45,"wr":0.5111111111111111}
{"g":45,"seed":20480118,"liveWin":true,"liveSeat":1,"steps":15,"ms":118,"liveWins":24,"games":46,"wr":0.5217391304347826}
{"g":46,"seed":20490091,"liveWin":true,"liveSeat":0,"steps":25,"ms":81,"liveWins":25,"games":47,"wr":0.5319148936170213}
{"g":47,"seed":20490091,"liveWin":false,"liveSeat":1,"steps":25,"ms":84,"liveWins":25,"games":48,"wr":0.5208333333333334}
{"g":48,"seed":20500064,"liveWin":true,"liveSeat":0,"steps":17,"ms":831,"liveWins":26,"games":49,"wr":0.5306122448979592}
{"g":49,"seed":20500064,"liveWin":false,"liveSeat":1,"steps":17,"ms":855,"liveWins":26,"games":50,"wr":0.52}
=== FINAL ===
{
  "protocol": "fair-hidden-gm-BR-both-equal",
  "infoModel": "hidden",
  "perfectInfo": false,
  "hiddenInfo": true,
  "brBoth": true,
  "equalBudget": true,
  "games": 50,
  "liveWins": 26,
  "freezeWins": 24,
  "liveWinRate": 0.52,
  "seed0": 20260712,
  "ms": 14185,
  "live": {
    "id": "v9.1-probe-mbpassc",
    "stamped": "2026-07-13T02:50:38Z",
    "label": "Grandmaster v9.1-probe mbpassc"
  },
  "freeze": {
    "id": "v9.1",
    "stamped": "2026-07-13T02:50:38Z",
    "label": "Grandmaster v9.1 (ladder freeze)"
  },
  "freezeTag": "v91",
  "challTag": "p_mbpassc",
  "opts": {
    "difficulty": "grandmaster",
    "useSearch": true,
    "perfectInfo": false,
    "hiddenInfo": true,
    "timeMs": 150,
    "iterations": 60,
    "maxSims": 120,
    "brTrials": 12,
    "bestResponse": true,
    "exactExploit": false,
    "exploit": true,
    "softSamples": 4,
    "maxBranch": 12,
    "mode": "auto",
    "strongSelf": false
  },
  "perGame": [
    {
      "seed": 20260712,
      "liveWin": true,
      "liveSeat": 0,
      "steps": 16,
      "ms": 185
    },
    {
      "seed": 20260712,
      "liveWin": false,
      "liveSeat": 1,
      "steps": 16,
      "ms": 162
    },
    {
      "seed": 20270685,
      "liveWin": true,
      "liveSeat": 0,
      "steps": 13,
      "ms": 177
    },
    {
      "seed": 20270685,
      "liveWin": false,
      "liveSeat": 1,
      "steps": 13,
      "ms": 169
    },
    {
      "seed": 20280658,
      "liveWin": false,
      "liveSeat": 0,
      "steps": 12,
      "ms": 179
    },
    {
      "seed": 20280658,
      "liveWin": true,
      "liveSeat": 1,
      "steps": 20,
      "ms": 225
    },
    {
      "seed": 20290631,
      "liveWin": false,
      "liveSeat": 0,
      "steps": 22,
      "ms": 289
    },
    {
      "seed": 20290631,
      "liveWin": true,
      "liveSeat": 1,
      "steps": 18,
      "ms": 294
    },
    {
      "seed": 20300604,
      "liveWin": true,
      "liveSeat": 0,
      "steps": 20,
      "ms": 98
    },
    {
      "seed": 20300604,
      "liveWin": false,
      "liveSeat": 1,
      "steps": 20,
      "ms": 89
    },
    {
      "seed": 20310577,
      "liveWin": true,
      "liveSeat": 0,
      "steps": 14,
      "ms": 479
    },
    {
      "seed": 20310577,
      "liveWin": true,
      "liveSeat": 1,
      "steps": 21,
      "ms": 501
    },
    {
      "seed": 20320550,
      "liveWin": true,
      "liveSeat": 0,
      "steps": 18,
      "ms": 361
    },
    {
      "seed": 20320550,
      "liveWin": false,
      "liveSeat": 1,
      "steps": 16,
      "ms": 417
    },
    {
      "seed": 20330523,
      "liveWin": true,
      "liveSeat": 0,
      "steps": 21,
      "ms": 209
    },
    {
      "seed": 20330523,
      "liveWin": false,
      "liveSeat": 1,
      "steps": 21,
      "ms": 210
    },
    {
      "seed": 20340496,
      "liveWin": true,
      "liveSeat": 0,
      "steps": 25,
      "ms": 468
    },
    {
      "seed": 20340496,
      "liveWin": false,
      "liveSeat": 1,
      "steps": 23,
      "ms": 248
    },
    {
      "seed": 20350469,
      "liveWin": false,
      "liveSeat": 0,
      "steps": 20,
      "ms": 536
    },
    {
      "seed": 20350469,
      "liveWin": false,
      "liveSeat": 1,
      "steps": 21,
      "ms": 471
    },
    {
      "seed": 20360442,
      "liveWin": false,
      "liveSeat": 0,
      "steps": 17,
      "ms": 155
    },
    {
      "seed": 20360442,
      "liveWin": true,
      "liveSeat": 1,
      "steps": 23,
      "ms": 148
    },
    {
      "seed": 20370415,
      "liveWin": true,
      "liveSeat": 0,
      "steps": 26,
      "ms": 184
    },
    {
      "seed": 20370415,
      "liveWin": false,
      "liveSeat": 1,
      "steps": 24,
      "ms": 177
    },
    {
      "seed": 20380388,
      "liveWin": true,
      "liveSeat": 0,
      "steps": 16,
      "ms": 198
    },
    {
      "seed": 20380388,
      "liveWin": false,
      "liveSeat": 1,
      "steps": 18,
      "ms": 178
    },
    {
      "seed": 20390361,
      "liveWin": false,
      "liveSeat": 0,
      "steps": 26,
      "ms": 273
    },
    {
      "seed": 20390361,
      "liveWin": true,
      "liveSeat": 1,
      "steps": 26,
      "ms": 299
    },
    {
      "seed": 20400334,
      "liveWin": true,
      "liveSeat": 0,
      "steps": 18,
      "ms": 63
    },
    {
      "seed": 20400334,
      "liveWin": true,
      "liveSeat": 1,
      "steps": 21,
      "ms": 54
    },
    {
      "seed": 20410307,
      "liveWin": false,
      "liveSeat": 0,
      "steps": 16,
      "ms": 276
    },
    {
      "seed": 20410307,
      "liveWin": true,
      "liveSeat": 1,
      "steps": 16,
      "ms": 304
    },
    {
      "seed": 20420280,
      "liveWin": false,
      "liveSeat": 0,
      "steps": 23,
      "ms": 419
    },
    {
      "seed": 20420280,
      "liveWin": false,
      "liveSeat": 1,
      "steps": 14,
      "ms": 348
    },
    {
      "seed": 20430253,
      "liveWin": true,
      "liveSeat": 0,
      "steps": 26,
      "ms": 256
    },
    {
      "seed": 20430253,
      "liveWin": false,
      "liveSeat": 1,
      "steps": 26,
      "ms": 263
    },
    {
      "seed": 20440226,
      "liveWin": true,
      "liveSeat": 0,
      "steps": 17,
      "ms": 758
    },
    {
      "seed": 20440226,
      "liveWin": true,
      "liveSeat": 1,
      "steps": 18,
      "ms": 907
    },
    {
      "seed": 20450199,
      "liveWin": true,
      "liveSeat": 0,
      "steps": 21,
      "ms": 115
    },
    {
      "seed": 20450199,
      "liveWin": false,
      "liveSeat": 1,
      "steps": 21,
      "ms": 117
    },
    {
      "seed": 20460172,
      "liveWin": true,
      "liveSeat": 0,
      "steps": 15,
      "ms": 146
    },
    {
      "seed": 20460172,
      "liveWin": false,
      "liveSeat": 1,
      "steps": 17,
      "ms": 142
    },
    {
      "seed": 20470145,
      "liveWin": true,
      "liveSeat": 0,
      "steps": 15,
      "ms": 222
    },
    {
      "seed": 20470145,
      "liveWin": false,
      "liveSeat": 1,
      "steps": 15,
      "ms": 303
    },
    {
      "seed": 20480118,
      "liveWin": false,
      "liveSeat": 0,
      "steps": 15,
      "ms": 126
    },
    {
      "seed": 20480118,
      "liveWin": true,
      "liveSeat": 1,
      "steps": 15,
      "ms": 118
    },
    {
      "seed": 20490091,
      "liveWin": true,
      "liveSeat": 0,
      "steps": 25,
      "ms": 81
    },
    {
      "seed": 20490091,
      "liveWin": false,
      "liveSeat": 1,
      "steps": 25,
      "ms": 84
    },
    {
      "seed": 20500064,
      "liveWin": true,
      "liveSeat": 0,
      "steps": 17,
      "ms": 831
    },
    {
      "seed": 20500064,
      "liveWin": false,
      "liveSeat": 1,
      "steps": 17,
      "ms": 855
    }
  ],
  "lossSeeds": [
    20260712,
    20270685,
    20280658,
    20290631,
    20300604,
    20320550,
    20330523,
    20340496,
    20350469,
    20350469,
    20360442,
    20370415,
    20380388,
    20390361,
    20410307,
    20420280,
    20420280,
    20430253,
    20450199,
    20460172,
    20470145,
    20480118,
    20490091,
    20500064
  ],
  "target": 0.7,
  "passed": false
}
wrote /Users/johnhoang/Developer/Grok/tieng-len/evolve/probe-p_mbpassc-vs-v91-fair-both-s12-n50.json
