{"start":true,"freeze":"v91","chall":"p_mbnest_safe","live":{"id":"v9.1-probe-mbnest_safe","stamped":"2026-07-13T02:50:38Z","label":"Grandmaster v9.1-probe mbnest_safe"},"freezeBuild":{"id":"v9.1","stamped":"2026-07-13T02:50:38Z","label":"Grandmaster v9.1 (ladder freeze)"},"games":50,"seed0":20260711,"protocol":"fair-hidden-gm-BR-both-equal","opts":{"difficulty":"grandmaster","useSearch":true,"perfectInfo":false,"hiddenInfo":true,"timeMs":150,"iterations":60,"maxSims":120,"brTrials":12,"bestResponse":true,"exactExploit":false,"exploit":true,"softSamples":4,"maxBranch":12,"mode":"auto","strongSelf":false}}
{"g":0,"seed":20260711,"liveWin":true,"liveSeat":0,"steps":18,"ms":539,"liveWins":1,"games":1,"wr":1}
{"g":1,"seed":20260711,"liveWin":false,"liveSeat":1,"steps":26,"ms":963,"liveWins":1,"games":2,"wr":0.5}
{"g":2,"seed":20270684,"liveWin":true,"liveSeat":0,"steps":17,"ms":484,"liveWins":2,"games":3,"wr":0.6666666666666666}
{"g":3,"seed":20270684,"liveWin":true,"liveSeat":1,"steps":22,"ms":532,"liveWins":3,"games":4,"wr":0.75}
{"g":4,"seed":20280657,"liveWin":true,"liveSeat":0,"steps":20,"ms":348,"liveWins":4,"games":5,"wr":0.8}
{"g":5,"seed":20280657,"liveWin":true,"liveSeat":1,"steps":19,"ms":278,"liveWins":5,"games":6,"wr":0.8333333333333334}
{"g":6,"seed":20290630,"liveWin":true,"liveSeat":0,"steps":17,"ms":186,"liveWins":6,"games":7,"wr":0.8571428571428571}
{"g":7,"seed":20290630,"liveWin":true,"liveSeat":1,"steps":20,"ms":204,"liveWins":7,"games":8,"wr":0.875}
{"g":8,"seed":20300603,"liveWin":false,"liveSeat":0,"steps":18,"ms":549,"liveWins":7,"games":9,"wr":0.7777777777777778}
{"g":9,"seed":20300603,"liveWin":true,"liveSeat":1,"steps":26,"ms":468,"liveWins":8,"games":10,"wr":0.8}
{"g":10,"seed":20310576,"liveWin":true,"liveSeat":0,"steps":25,"ms":590,"liveWins":9,"games":11,"wr":0.8181818181818182}
{"g":11,"seed":20310576,"liveWin":true,"liveSeat":1,"steps":18,"ms":258,"liveWins":10,"games":12,"wr":0.8333333333333334}
{"g":12,"seed":20320549,"liveWin":false,"liveSeat":0,"steps":11,"ms":155,"liveWins":10,"games":13,"wr":0.7692307692307693}
{"g":13,"seed":20320549,"liveWin":true,"liveSeat":1,"steps":27,"ms":528,"liveWins":11,"games":14,"wr":0.7857142857142857}
{"g":14,"seed":20330522,"liveWin":true,"liveSeat":0,"steps":21,"ms":351,"liveWins":12,"games":15,"wr":0.8}
{"g":15,"seed":20330522,"liveWin":true,"liveSeat":1,"steps":26,"ms":582,"liveWins":13,"games":16,"wr":0.8125}
{"g":16,"seed":20340495,"liveWin":false,"liveSeat":0,"steps":20,"ms":263,"liveWins":13,"games":17,"wr":0.7647058823529411}
{"g":17,"seed":20340495,"liveWin":true,"liveSeat":1,"steps":26,"ms":459,"liveWins":14,"games":18,"wr":0.7777777777777778}
{"g":18,"seed":20350468,"liveWin":true,"liveSeat":0,"steps":17,"ms":607,"liveWins":15,"games":19,"wr":0.7894736842105263}
{"g":19,"seed":20350468,"liveWin":true,"liveSeat":1,"steps":24,"ms":525,"liveWins":16,"games":20,"wr":0.8}
{"g":20,"seed":20360441,"liveWin":true,"liveSeat":0,"steps":18,"ms":564,"liveWins":17,"games":21,"wr":0.8095238095238095}
{"g":21,"seed":20360441,"liveWin":false,"liveSeat":1,"steps":18,"ms":342,"liveWins":17,"games":22,"wr":0.7727272727272727}
{"g":22,"seed":20370414,"liveWin":true,"liveSeat":0,"steps":18,"ms":199,"liveWins":18,"games":23,"wr":0.782608695652174}
{"g":23,"seed":20370414,"liveWin":false,"liveSeat":1,"steps":20,"ms":224,"liveWins":18,"games":24,"wr":0.75}
{"g":24,"seed":20380387,"liveWin":true,"liveSeat":0,"steps":5,"ms":157,"liveWins":19,"games":25,"wr":0.76}
{"g":25,"seed":20380387,"liveWin":true,"liveSeat":1,"steps":16,"ms":183,"liveWins":20,"games":26,"wr":0.7692307692307693}
{"g":26,"seed":20390360,"liveWin":true,"liveSeat":0,"steps":17,"ms":413,"liveWins":21,"games":27,"wr":0.7777777777777778}
{"g":27,"seed":20390360,"liveWin":true,"liveSeat":1,"steps":14,"ms":574,"liveWins":22,"games":28,"wr":0.7857142857142857}
{"g":28,"seed":20400333,"liveWin":true,"liveSeat":0,"steps":15,"ms":555,"liveWins":23,"games":29,"wr":0.7931034482758621}
{"g":29,"seed":20400333,"liveWin":true,"liveSeat":1,"steps":16,"ms":419,"liveWins":24,"games":30,"wr":0.8}
{"g":30,"seed":20410306,"liveWin":true,"liveSeat":0,"steps":22,"ms":472,"liveWins":25,"games":31,"wr":0.8064516129032258}
{"g":31,"seed":20410306,"liveWin":true,"liveSeat":1,"steps":11,"ms":250,"liveWins":26,"games":32,"wr":0.8125}
{"g":32,"seed":20420279,"liveWin":true,"liveSeat":0,"steps":19,"ms":589,"liveWins":27,"games":33,"wr":0.8181818181818182}
{"g":33,"seed":20420279,"liveWin":true,"liveSeat":1,"steps":20,"ms":518,"liveWins":28,"games":34,"wr":0.8235294117647058}
{"g":34,"seed":20430252,"liveWin":true,"liveSeat":0,"steps":7,"ms":234,"liveWins":29,"games":35,"wr":0.8285714285714286}
{"g":35,"seed":20430252,"liveWin":true,"liveSeat":1,"steps":16,"ms":268,"liveWins":30,"games":36,"wr":0.8333333333333334}
{"g":36,"seed":20440225,"liveWin":true,"liveSeat":0,"steps":17,"ms":540,"liveWins":31,"games":37,"wr":0.8378378378378378}
{"g":37,"seed":20440225,"liveWin":true,"liveSeat":1,"steps":26,"ms":746,"liveWins":32,"games":38,"wr":0.8421052631578947}
{"g":38,"seed":20450198,"liveWin":true,"liveSeat":0,"steps":14,"ms":240,"liveWins":33,"games":39,"wr":0.8461538461538461}
{"g":39,"seed":20450198,"liveWin":false,"liveSeat":1,"steps":16,"ms":953,"liveWins":33,"games":40,"wr":0.825}
{"g":40,"seed":20460171,"liveWin":false,"liveSeat":0,"steps":19,"ms":102,"liveWins":33,"games":41,"wr":0.8048780487804879}
{"g":41,"seed":20460171,"liveWin":true,"liveSeat":1,"steps":19,"ms":231,"liveWins":34,"games":42,"wr":0.8095238095238095}
{"g":42,"seed":20470144,"liveWin":true,"liveSeat":0,"steps":26,"ms":867,"liveWins":35,"games":43,"wr":0.813953488372093}
{"g":43,"seed":20470144,"liveWin":true,"liveSeat":1,"steps":13,"ms":560,"liveWins":36,"games":44,"wr":0.8181818181818182}
{"g":44,"seed":20480117,"liveWin":true,"liveSeat":0,"steps":20,"ms":621,"liveWins":37,"games":45,"wr":0.8222222222222222}
{"g":45,"seed":20480117,"liveWin":true,"liveSeat":1,"steps":19,"ms":374,"liveWins":38,"games":46,"wr":0.8260869565217391}
{"g":46,"seed":20490090,"liveWin":false,"liveSeat":0,"steps":19,"ms":554,"liveWins":38,"games":47,"wr":0.8085106382978723}
{"g":47,"seed":20490090,"liveWin":true,"liveSeat":1,"steps":21,"ms":769,"liveWins":39,"games":48,"wr":0.8125}
{"g":48,"seed":20500063,"liveWin":false,"liveSeat":0,"steps":28,"ms":787,"liveWins":39,"games":49,"wr":0.7959183673469388}
{"g":49,"seed":20500063,"liveWin":true,"liveSeat":1,"steps":20,"ms":481,"liveWins":40,"games":50,"wr":0.8}
{"g":50,"seed":20510036,"liveWin":true,"liveSeat":0,"steps":24,"ms":361,"liveWins":41,"games":51,"wr":0.803921568627451}
{"g":51,"seed":20510036,"liveWin":true,"liveSeat":1,"steps":19,"ms":535,"liveWins":42,"games":52,"wr":0.8076923076923077}
{"g":52,"seed":20520009,"liveWin":false,"liveSeat":0,"steps":22,"ms":303,"liveWins":42,"games":53,"wr":0.7924528301886793}
{"g":53,"seed":20520009,"liveWin":false,"liveSeat":1,"steps":13,"ms":333,"liveWins":42,"games":54,"wr":0.7777777777777778}
{"g":54,"seed":20529982,"liveWin":true,"liveSeat":0,"steps":14,"ms":349,"liveWins":43,"games":55,"wr":0.7818181818181819}
{"g":55,"seed":20529982,"liveWin":false,"liveSeat":1,"steps":16,"ms":346,"liveWins":43,"games":56,"wr":0.7678571428571429}
{"g":56,"seed":20539955,"liveWin":true,"liveSeat":0,"steps":14,"ms":73,"liveWins":44,"games":57,"wr":0.7719298245614035}
{"g":57,"seed":20539955,"liveWin":false,"liveSeat":1,"steps":14,"ms":196,"liveWins":44,"games":58,"wr":0.7586206896551724}
{"g":58,"seed":20549928,"liveWin":false,"liveSeat":0,"steps":12,"ms":256,"liveWins":44,"games":59,"wr":0.7457627118644068}
{"g":59,"seed":20549928,"liveWin":true,"liveSeat":1,"steps":10,"ms":218,"liveWins":45,"games":60,"wr":0.75}
{"g":60,"seed":20559901,"liveWin":false,"liveSeat":0,"steps":23,"ms":256,"liveWins":45,"games":61,"wr":0.7377049180327869}
{"g":61,"seed":20559901,"liveWin":true,"liveSeat":1,"steps":23,"ms":159,"liveWins":46,"games":62,"wr":0.7419354838709677}
{"g":62,"seed":20569874,"liveWin":true,"liveSeat":0,"steps":15,"ms":323,"liveWins":47,"games":63,"wr":0.746031746031746}
{"g":63,"seed":20569874,"liveWin":false,"liveSeat":1,"steps":13,"ms":242,"liveWins":47,"games":64,"wr":0.734375}
{"g":64,"seed":20579847,"liveWin":true,"liveSeat":0,"steps":17,"ms":492,"liveWins":48,"games":65,"wr":0.7384615384615385}
{"g":65,"seed":20579847,"liveWin":false,"liveSeat":1,"steps":21,"ms":657,"liveWins":48,"games":66,"wr":0.7272727272727273}
{"g":66,"seed":20589820,"liveWin":false,"liveSeat":0,"steps":18,"ms":277,"liveWins":48,"games":67,"wr":0.7164179104477612}
{"g":67,"seed":20589820,"liveWin":false,"liveSeat":1,"steps":13,"ms":362,"liveWins":48,"games":68,"wr":0.7058823529411765}
{"g":68,"seed":20599793,"liveWin":false,"liveSeat":0,"steps":21,"ms":380,"liveWins":48,"games":69,"wr":0.6956521739130435}
{"g":69,"seed":20599793,"liveWin":true,"liveSeat":1,"steps":21,"ms":250,"liveWins":49,"games":70,"wr":0.7}
{"g":70,"seed":20609766,"liveWin":false,"liveSeat":0,"steps":25,"ms":452,"liveWins":49,"games":71,"wr":0.6901408450704225}
{"g":71,"seed":20609766,"liveWin":true,"liveSeat":1,"steps":23,"ms":509,"liveWins":50,"games":72,"wr":0.6944444444444444}
{"g":72,"seed":20619739,"liveWin":true,"liveSeat":0,"steps":19,"ms":199,"liveWins":51,"games":73,"wr":0.6986301369863014}
{"g":73,"seed":20619739,"liveWin":false,"liveSeat":1,"steps":19,"ms":112,"liveWins":51,"games":74,"wr":0.6891891891891891}
{"g":74,"seed":20629712,"liveWin":false,"liveSeat":0,"steps":13,"ms":364,"liveWins":51,"games":75,"wr":0.68}
{"g":75,"seed":20629712,"liveWin":false,"liveSeat":1,"steps":28,"ms":502,"liveWins":51,"games":76,"wr":0.6710526315789473}
{"g":76,"seed":20639685,"liveWin":false,"liveSeat":0,"steps":18,"ms":483,"liveWins":51,"games":77,"wr":0.6623376623376623}
{"g":77,"seed":20639685,"liveWin":true,"liveSeat":1,"steps":18,"ms":351,"liveWins":52,"games":78,"wr":0.6666666666666666}
{"g":78,"seed":20649658,"liveWin":true,"liveSeat":0,"steps":19,"ms":462,"liveWins":53,"games":79,"wr":0.6708860759493671}
{"g":79,"seed":20649658,"liveWin":false,"liveSeat":1,"steps":25,"ms":327,"liveWins":53,"games":80,"wr":0.6625}
{"g":80,"seed":20659631,"liveWin":true,"liveSeat":0,"steps":20,"ms":294,"liveWins":54,"games":81,"wr":0.6666666666666666}
{"g":81,"seed":20659631,"liveWin":false,"liveSeat":1,"steps":20,"ms":442,"liveWins":54,"games":82,"wr":0.6585365853658537}
{"g":82,"seed":20669604,"liveWin":false,"liveSeat":0,"steps":16,"ms":357,"liveWins":54,"games":83,"wr":0.6506024096385542}
{"g":83,"seed":20669604,"liveWin":true,"liveSeat":1,"steps":12,"ms":184,"liveWins":55,"games":84,"wr":0.6547619047619048}
{"g":84,"seed":20679577,"liveWin":true,"liveSeat":0,"steps":21,"ms":431,"liveWins":56,"games":85,"wr":0.6588235294117647}
{"g":85,"seed":20679577,"liveWin":true,"liveSeat":1,"steps":18,"ms":115,"liveWins":57,"games":86,"wr":0.6627906976744186}
{"g":86,"seed":20689550,"liveWin":false,"liveSeat":0,"steps":22,"ms":631,"liveWins":57,"games":87,"wr":0.6551724137931034}
{"g":87,"seed":20689550,"liveWin":true,"liveSeat":1,"steps":10,"ms":254,"liveWins":58,"games":88,"wr":0.6590909090909091}
{"g":88,"seed":20699523,"liveWin":false,"liveSeat":0,"steps":10,"ms":1005,"liveWins":58,"games":89,"wr":0.651685393258427}
{"g":89,"seed":20699523,"liveWin":true,"liveSeat":1,"steps":12,"ms":208,"liveWins":59,"games":90,"wr":0.6555555555555556}
{"g":90,"seed":20709496,"liveWin":false,"liveSeat":0,"steps":12,"ms":180,"liveWins":59,"games":91,"wr":0.6483516483516484}
{"g":91,"seed":20709496,"liveWin":true,"liveSeat":1,"steps":12,"ms":94,"liveWins":60,"games":92,"wr":0.6521739130434783}
{"g":92,"seed":20719469,"liveWin":false,"liveSeat":0,"steps":25,"ms":387,"liveWins":60,"games":93,"wr":0.6451612903225806}
{"g":93,"seed":20719469,"liveWin":false,"liveSeat":1,"steps":22,"ms":317,"liveWins":60,"games":94,"wr":0.6382978723404256}
{"g":94,"seed":20729442,"liveWin":false,"liveSeat":0,"steps":14,"ms":142,"liveWins":60,"games":95,"wr":0.631578947368421}
{"g":95,"seed":20729442,"liveWin":false,"liveSeat":1,"steps":15,"ms":70,"liveWins":60,"games":96,"wr":0.625}
{"g":96,"seed":20739415,"liveWin":false,"liveSeat":0,"steps":21,"ms":196,"liveWins":60,"games":97,"wr":0.6185567010309279}
{"g":97,"seed":20739415,"liveWin":true,"liveSeat":1,"steps":17,"ms":252,"liveWins":61,"games":98,"wr":0.6224489795918368}
{"g":98,"seed":20749388,"liveWin":false,"liveSeat":0,"steps":19,"ms":166,"liveWins":61,"games":99,"wr":0.6161616161616161}
{"g":99,"seed":20749388,"liveWin":true,"liveSeat":1,"steps":19,"ms":235,"liveWins":62,"games":100,"wr":0.62}
=== FINAL ===
{
  "protocol": "fair-hidden-gm-BR-both-equal",
  "infoModel": "hidden",
  "perfectInfo": false,
  "hiddenInfo": true,
  "brBoth": true,
  "equalBudget": true,
  "games": 100,
  "liveWins": 62,
  "freezeWins": 38,
  "liveWinRate": 0.62,
  "seed0": 20260711,
  "ms": 38783,
  "live": {
    "id": "v9.1-probe-mbnest_safe",
    "stamped": "2026-07-13T02:50:38Z",
    "label": "Grandmaster v9.1-probe mbnest_safe"
  },
  "freeze": {
    "id": "v9.1",
    "stamped": "2026-07-13T02:50:38Z",
    "label": "Grandmaster v9.1 (ladder freeze)"
  },
  "freezeTag": "v91",
  "challTag": "p_mbnest_safe",
  "opts": {
    "difficulty": "grandmaster",
    "useSearch": true,
    "perfectInfo": false,
    "hiddenInfo": true,
    "timeMs": 150,
    "iterations": 60,
    "maxSims": 120,
    "brTrials": 12,
    "bestResponse": true,
    "exactExploit": false,
    "exploit": true,
    "softSamples": 4,
    "maxBranch": 12,
    "mode": "auto",
    "strongSelf": false
  },
  "perGame": [
    {
      "seed": 20260711,
      "liveWin": true,
      "liveSeat": 0,
      "steps": 18,
      "ms": 539
    },
    {
      "seed": 20260711,
      "liveWin": false,
      "liveSeat": 1,
      "steps": 26,
      "ms": 963
    },
    {
      "seed": 20270684,
      "liveWin": true,
      "liveSeat": 0,
      "steps": 17,
      "ms": 484
    },
    {
      "seed": 20270684,
      "liveWin": true,
      "liveSeat": 1,
      "steps": 22,
      "ms": 532
    },
    {
      "seed": 20280657,
      "liveWin": true,
      "liveSeat": 0,
      "steps": 20,
      "ms": 348
    },
    {
      "seed": 20280657,
      "liveWin": true,
      "liveSeat": 1,
      "steps": 19,
      "ms": 278
    },
    {
      "seed": 20290630,
      "liveWin": true,
      "liveSeat": 0,
      "steps": 17,
      "ms": 186
    },
    {
      "seed": 20290630,
      "liveWin": true,
      "liveSeat": 1,
      "steps": 20,
      "ms": 204
    },
    {
      "seed": 20300603,
      "liveWin": false,
      "liveSeat": 0,
      "steps": 18,
      "ms": 549
    },
    {
      "seed": 20300603,
      "liveWin": true,
      "liveSeat": 1,
      "steps": 26,
      "ms": 468
    },
    {
      "seed": 20310576,
      "liveWin": true,
      "liveSeat": 0,
      "steps": 25,
      "ms": 590
    },
    {
      "seed": 20310576,
      "liveWin": true,
      "liveSeat": 1,
      "steps": 18,
      "ms": 258
    },
    {
      "seed": 20320549,
      "liveWin": false,
      "liveSeat": 0,
      "steps": 11,
      "ms": 155
    },
    {
      "seed": 20320549,
      "liveWin": true,
      "liveSeat": 1,
      "steps": 27,
      "ms": 528
    },
    {
      "seed": 20330522,
      "liveWin": true,
      "liveSeat": 0,
      "steps": 21,
      "ms": 351
    },
    {
      "seed": 20330522,
      "liveWin": true,
      "liveSeat": 1,
      "steps": 26,
      "ms": 582
    },
    {
      "seed": 20340495,
      "liveWin": false,
      "liveSeat": 0,
      "steps": 20,
      "ms": 263
    },
    {
      "seed": 20340495,
      "liveWin": true,
      "liveSeat": 1,
      "steps": 26,
      "ms": 459
    },
    {
      "seed": 20350468,
      "liveWin": true,
      "liveSeat": 0,
      "steps": 17,
      "ms": 607
    },
    {
      "seed": 20350468,
      "liveWin": true,
      "liveSeat": 1,
      "steps": 24,
      "ms": 525
    },
    {
      "seed": 20360441,
      "liveWin": true,
      "liveSeat": 0,
      "steps": 18,
      "ms": 564
    },
    {
      "seed": 20360441,
      "liveWin": false,
      "liveSeat": 1,
      "steps": 18,
      "ms": 342
    },
    {
      "seed": 20370414,
      "liveWin": true,
      "liveSeat": 0,
      "steps": 18,
      "ms": 199
    },
    {
      "seed": 20370414,
      "liveWin": false,
      "liveSeat": 1,
      "steps": 20,
      "ms": 224
    },
    {
      "seed": 20380387,
      "liveWin": true,
      "liveSeat": 0,
      "steps": 5,
      "ms": 157
    },
    {
      "seed": 20380387,
      "liveWin": true,
      "liveSeat": 1,
      "steps": 16,
      "ms": 183
    },
    {
      "seed": 20390360,
      "liveWin": true,
      "liveSeat": 0,
      "steps": 17,
      "ms": 413
    },
    {
      "seed": 20390360,
      "liveWin": true,
      "liveSeat": 1,
      "steps": 14,
      "ms": 574
    },
    {
      "seed": 20400333,
      "liveWin": true,
      "liveSeat": 0,
      "steps": 15,
      "ms": 555
    },
    {
      "seed": 20400333,
      "liveWin": true,
      "liveSeat": 1,
      "steps": 16,
      "ms": 419
    },
    {
      "seed": 20410306,
      "liveWin": true,
      "liveSeat": 0,
      "steps": 22,
      "ms": 472
    },
    {
      "seed": 20410306,
      "liveWin": true,
      "liveSeat": 1,
      "steps": 11,
      "ms": 250
    },
    {
      "seed": 20420279,
      "liveWin": true,
      "liveSeat": 0,
      "steps": 19,
      "ms": 589
    },
    {
      "seed": 20420279,
      "liveWin": true,
      "liveSeat": 1,
      "steps": 20,
      "ms": 518
    },
    {
      "seed": 20430252,
      "liveWin": true,
      "liveSeat": 0,
      "steps": 7,
      "ms": 234
    },
    {
      "seed": 20430252,
      "liveWin": true,
      "liveSeat": 1,
      "steps": 16,
      "ms": 268
    },
    {
      "seed": 20440225,
      "liveWin": true,
      "liveSeat": 0,
      "steps": 17,
      "ms": 540
    },
    {
      "seed": 20440225,
      "liveWin": true,
      "liveSeat": 1,
      "steps": 26,
      "ms": 746
    },
    {
      "seed": 20450198,
      "liveWin": true,
      "liveSeat": 0,
      "steps": 14,
      "ms": 240
    },
    {
      "seed": 20450198,
      "liveWin": false,
      "liveSeat": 1,
      "steps": 16,
      "ms": 953
    },
    {
      "seed": 20460171,
      "liveWin": false,
      "liveSeat": 0,
      "steps": 19,
      "ms": 102
    },
    {
      "seed": 20460171,
      "liveWin": true,
      "liveSeat": 1,
      "steps": 19,
      "ms": 231
    },
    {
      "seed": 20470144,
      "liveWin": true,
      "liveSeat": 0,
      "steps": 26,
      "ms": 867
    },
    {
      "seed": 20470144,
      "liveWin": true,
      "liveSeat": 1,
      "steps": 13,
      "ms": 560
    },
    {
      "seed": 20480117,
      "liveWin": true,
      "liveSeat": 0,
      "steps": 20,
      "ms": 621
    },
    {
      "seed": 20480117,
      "liveWin": true,
      "liveSeat": 1,
      "steps": 19,
      "ms": 374
    },
    {
      "seed": 20490090,
      "liveWin": false,
      "liveSeat": 0,
      "steps": 19,
      "ms": 554
    },
    {
      "seed": 20490090,
      "liveWin": true,
      "liveSeat": 1,
      "steps": 21,
      "ms": 769
    },
    {
      "seed": 20500063,
      "liveWin": false,
      "liveSeat": 0,
      "steps": 28,
      "ms": 787
    },
    {
      "seed": 20500063,
      "liveWin": true,
      "liveSeat": 1,
      "steps": 20,
      "ms": 481
    },
    {
      "seed": 20510036,
      "liveWin": true,
      "liveSeat": 0,
      "steps": 24,
      "ms": 361
    },
    {
      "seed": 20510036,
      "liveWin": true,
      "liveSeat": 1,
      "steps": 19,
      "ms": 535
    },
    {
      "seed": 20520009,
      "liveWin": false,
      "liveSeat": 0,
      "steps": 22,
      "ms": 303
    },
    {
      "seed": 20520009,
      "liveWin": false,
      "liveSeat": 1,
      "steps": 13,
      "ms": 333
    },
    {
      "seed": 20529982,
      "liveWin": true,
      "liveSeat": 0,
      "steps": 14,
      "ms": 349
    },
    {
      "seed": 20529982,
      "liveWin": false,
      "liveSeat": 1,
      "steps": 16,
      "ms": 346
    },
    {
      "seed": 20539955,
      "liveWin": true,
      "liveSeat": 0,
      "steps": 14,
      "ms": 73
    },
    {
      "seed": 20539955,
      "liveWin": false,
      "liveSeat": 1,
      "steps": 14,
      "ms": 196
    },
    {
      "seed": 20549928,
      "liveWin": false,
      "liveSeat": 0,
      "steps": 12,
      "ms": 256
    },
    {
      "seed": 20549928,
      "liveWin": true,
      "liveSeat": 1,
      "steps": 10,
      "ms": 218
    },
    {
      "seed": 20559901,
      "liveWin": false,
      "liveSeat": 0,
      "steps": 23,
      "ms": 256
    },
    {
      "seed": 20559901,
      "liveWin": true,
      "liveSeat": 1,
      "steps": 23,
      "ms": 159
    },
    {
      "seed": 20569874,
      "liveWin": true,
      "liveSeat": 0,
      "steps": 15,
      "ms": 323
    },
    {
      "seed": 20569874,
      "liveWin": false,
      "liveSeat": 1,
      "steps": 13,
      "ms": 242
    },
    {
      "seed": 20579847,
      "liveWin": true,
      "liveSeat": 0,
      "steps": 17,
      "ms": 492
    },
    {
      "seed": 20579847,
      "liveWin": false,
      "liveSeat": 1,
      "steps": 21,
      "ms": 657
    },
    {
      "seed": 20589820,
      "liveWin": false,
      "liveSeat": 0,
      "steps": 18,
      "ms": 277
    },
    {
      "seed": 20589820,
      "liveWin": false,
      "liveSeat": 1,
      "steps": 13,
      "ms": 362
    },
    {
      "seed": 20599793,
      "liveWin": false,
      "liveSeat": 0,
      "steps": 21,
      "ms": 380
    },
    {
      "seed": 20599793,
      "liveWin": true,
      "liveSeat": 1,
      "steps": 21,
      "ms": 250
    },
    {
      "seed": 20609766,
      "liveWin": false,
      "liveSeat": 0,
      "steps": 25,
      "ms": 452
    },
    {
      "seed": 20609766,
      "liveWin": true,
      "liveSeat": 1,
      "steps": 23,
      "ms": 509
    },
    {
      "seed": 20619739,
      "liveWin": true,
      "liveSeat": 0,
      "steps": 19,
      "ms": 199
    },
    {
      "seed": 20619739,
      "liveWin": false,
      "liveSeat": 1,
      "steps": 19,
      "ms": 112
    },
    {
      "seed": 20629712,
      "liveWin": false,
      "liveSeat": 0,
      "steps": 13,
      "ms": 364
    },
    {
      "seed": 20629712,
      "liveWin": false,
      "liveSeat": 1,
      "steps": 28,
      "ms": 502
    },
    {
      "seed": 20639685,
      "liveWin": false,
      "liveSeat": 0,
      "steps": 18,
      "ms": 483
    },
    {
      "seed": 20639685,
      "liveWin": true,
      "liveSeat": 1,
      "steps": 18,
      "ms": 351
    },
    {
      "seed": 20649658,
      "liveWin": true,
      "liveSeat": 0,
      "steps": 19,
      "ms": 462
    },
    {
      "seed": 20649658,
      "liveWin": false,
      "liveSeat": 1,
      "steps": 25,
      "ms": 327
    },
    {
      "seed": 20659631,
      "liveWin": true,
      "liveSeat": 0,
      "steps": 20,
      "ms": 294
    },
    {
      "seed": 20659631,
      "liveWin": false,
      "liveSeat": 1,
      "steps": 20,
      "ms": 442
    },
    {
      "seed": 20669604,
      "liveWin": false,
      "liveSeat": 0,
      "steps": 16,
      "ms": 357
    },
    {
      "seed": 20669604,
      "liveWin": true,
      "liveSeat": 1,
      "steps": 12,
      "ms": 184
    },
    {
      "seed": 20679577,
      "liveWin": true,
      "liveSeat": 0,
      "steps": 21,
      "ms": 431
    },
    {
      "seed": 20679577,
      "liveWin": true,
      "liveSeat": 1,
      "steps": 18,
      "ms": 115
    },
    {
      "seed": 20689550,
      "liveWin": false,
      "liveSeat": 0,
      "steps": 22,
      "ms": 631
    },
    {
      "seed": 20689550,
      "liveWin": true,
      "liveSeat": 1,
      "steps": 10,
      "ms": 254
    },
    {
      "seed": 20699523,
      "liveWin": false,
      "liveSeat": 0,
      "steps": 10,
      "ms": 1005
    },
    {
      "seed": 20699523,
      "liveWin": true,
      "liveSeat": 1,
      "steps": 12,
      "ms": 208
    },
    {
      "seed": 20709496,
      "liveWin": false,
      "liveSeat": 0,
      "steps": 12,
      "ms": 180
    },
    {
      "seed": 20709496,
      "liveWin": true,
      "liveSeat": 1,
      "steps": 12,
      "ms": 94
    },
    {
      "seed": 20719469,
      "liveWin": false,
      "liveSeat": 0,
      "steps": 25,
      "ms": 387
    },
    {
      "seed": 20719469,
      "liveWin": false,
      "liveSeat": 1,
      "steps": 22,
      "ms": 317
    },
    {
      "seed": 20729442,
      "liveWin": false,
      "liveSeat": 0,
      "steps": 14,
      "ms": 142
    },
    {
      "seed": 20729442,
      "liveWin": false,
      "liveSeat": 1,
      "steps": 15,
      "ms": 70
    },
    {
      "seed": 20739415,
      "liveWin": false,
      "liveSeat": 0,
      "steps": 21,
      "ms": 196
    },
    {
      "seed": 20739415,
      "liveWin": true,
      "liveSeat": 1,
      "steps": 17,
      "ms": 252
    },
    {
      "seed": 20749388,
      "liveWin": false,
      "liveSeat": 0,
      "steps": 19,
      "ms": 166
    },
    {
      "seed": 20749388,
      "liveWin": true,
      "liveSeat": 1,
      "steps": 19,
      "ms": 235
    }
  ],
  "lossSeeds": [
    20260711,
    20300603,
    20320549,
    20340495,
    20360441,
    20370414,
    20450198,
    20460171,
    20490090,
    20500063,
    20520009,
    20520009,
    20529982,
    20539955,
    20549928,
    20559901,
    20569874,
    20579847,
    20589820,
    20589820,
    20599793,
    20609766,
    20619739,
    20629712,
    20629712,
    20639685,
    20649658,
    20659631,
    20669604,
    20689550,
    20699523,
    20709496,
    20719469,
    20719469,
    20729442,
    20729442,
    20739415,
    20749388
  ],
  "target": 0.7,
  "passed": false
}
wrote /Users/johnhoang/Developer/Grok/tieng-len/evolve/probe-p_mbnest_safe-vs-v91-fair-both-n100.json
