{"start":true,"freeze":"v91","chall":"p_mbntie_all","live":{"id":"v9.1-probe-mbntie_all","stamped":"2026-07-13T02:50:38Z","label":"Grandmaster v9.1-probe mbntie_all"},"freezeBuild":{"id":"v9.1","stamped":"2026-07-13T02:50:38Z","label":"Grandmaster v9.1 (ladder freeze)"},"games":50,"seed0":20260711,"protocol":"fair-hidden-gm-BR-both-equal","opts":{"difficulty":"grandmaster","useSearch":true,"perfectInfo":false,"hiddenInfo":true,"timeMs":150,"iterations":60,"maxSims":120,"brTrials":12,"bestResponse":true,"exactExploit":false,"exploit":true,"softSamples":4,"maxBranch":12,"mode":"auto","strongSelf":false}}
{"g":0,"seed":20260711,"liveWin":true,"liveSeat":0,"steps":18,"ms":465,"liveWins":1,"games":1,"wr":1}
{"g":1,"seed":20260711,"liveWin":false,"liveSeat":1,"steps":26,"ms":654,"liveWins":1,"games":2,"wr":0.5}
{"g":2,"seed":20270684,"liveWin":false,"liveSeat":0,"steps":22,"ms":342,"liveWins":1,"games":3,"wr":0.3333333333333333}
{"g":3,"seed":20270684,"liveWin":true,"liveSeat":1,"steps":22,"ms":402,"liveWins":2,"games":4,"wr":0.5}
{"g":4,"seed":20280657,"liveWin":true,"liveSeat":0,"steps":20,"ms":325,"liveWins":3,"games":5,"wr":0.6}
{"g":5,"seed":20280657,"liveWin":true,"liveSeat":1,"steps":19,"ms":244,"liveWins":4,"games":6,"wr":0.6666666666666666}
{"g":6,"seed":20290630,"liveWin":true,"liveSeat":0,"steps":17,"ms":126,"liveWins":5,"games":7,"wr":0.7142857142857143}
{"g":7,"seed":20290630,"liveWin":true,"liveSeat":1,"steps":20,"ms":116,"liveWins":6,"games":8,"wr":0.75}
{"g":8,"seed":20300603,"liveWin":false,"liveSeat":0,"steps":18,"ms":328,"liveWins":6,"games":9,"wr":0.6666666666666666}
{"g":9,"seed":20300603,"liveWin":true,"liveSeat":1,"steps":24,"ms":191,"liveWins":7,"games":10,"wr":0.7}
{"g":10,"seed":20310576,"liveWin":true,"liveSeat":0,"steps":25,"ms":385,"liveWins":8,"games":11,"wr":0.7272727272727273}
{"g":11,"seed":20310576,"liveWin":true,"liveSeat":1,"steps":18,"ms":178,"liveWins":9,"games":12,"wr":0.75}
{"g":12,"seed":20320549,"liveWin":false,"liveSeat":0,"steps":11,"ms":113,"liveWins":9,"games":13,"wr":0.6923076923076923}
{"g":13,"seed":20320549,"liveWin":true,"liveSeat":1,"steps":11,"ms":116,"liveWins":10,"games":14,"wr":0.7142857142857143}
{"g":14,"seed":20330522,"liveWin":true,"liveSeat":0,"steps":21,"ms":150,"liveWins":11,"games":15,"wr":0.7333333333333333}
{"g":15,"seed":20330522,"liveWin":true,"liveSeat":1,"steps":28,"ms":343,"liveWins":12,"games":16,"wr":0.75}
{"g":16,"seed":20340495,"liveWin":false,"liveSeat":0,"steps":20,"ms":191,"liveWins":12,"games":17,"wr":0.7058823529411765}
{"g":17,"seed":20340495,"liveWin":true,"liveSeat":1,"steps":26,"ms":269,"liveWins":13,"games":18,"wr":0.7222222222222222}
{"g":18,"seed":20350468,"liveWin":true,"liveSeat":0,"steps":17,"ms":350,"liveWins":14,"games":19,"wr":0.7368421052631579}
{"g":19,"seed":20350468,"liveWin":true,"liveSeat":1,"steps":24,"ms":397,"liveWins":15,"games":20,"wr":0.75}
{"g":20,"seed":20360441,"liveWin":true,"liveSeat":0,"steps":18,"ms":305,"liveWins":16,"games":21,"wr":0.7619047619047619}
{"g":21,"seed":20360441,"liveWin":false,"liveSeat":1,"steps":18,"ms":184,"liveWins":16,"games":22,"wr":0.7272727272727273}
{"g":22,"seed":20370414,"liveWin":true,"liveSeat":0,"steps":18,"ms":94,"liveWins":17,"games":23,"wr":0.7391304347826086}
{"g":23,"seed":20370414,"liveWin":false,"liveSeat":1,"steps":20,"ms":143,"liveWins":17,"games":24,"wr":0.7083333333333334}
{"g":24,"seed":20380387,"liveWin":false,"liveSeat":0,"steps":16,"ms":153,"liveWins":17,"games":25,"wr":0.68}
{"g":25,"seed":20380387,"liveWin":true,"liveSeat":1,"steps":16,"ms":152,"liveWins":18,"games":26,"wr":0.6923076923076923}
{"g":26,"seed":20390360,"liveWin":true,"liveSeat":0,"steps":17,"ms":306,"liveWins":19,"games":27,"wr":0.7037037037037037}
{"g":27,"seed":20390360,"liveWin":false,"liveSeat":1,"steps":17,"ms":345,"liveWins":19,"games":28,"wr":0.6785714285714286}
{"g":28,"seed":20400333,"liveWin":true,"liveSeat":0,"steps":15,"ms":259,"liveWins":20,"games":29,"wr":0.6896551724137931}
{"g":29,"seed":20400333,"liveWin":true,"liveSeat":1,"steps":14,"ms":585,"liveWins":21,"games":30,"wr":0.7}
{"g":30,"seed":20410306,"liveWin":true,"liveSeat":0,"steps":22,"ms":196,"liveWins":22,"games":31,"wr":0.7096774193548387}
{"g":31,"seed":20410306,"liveWin":true,"liveSeat":1,"steps":11,"ms":137,"liveWins":23,"games":32,"wr":0.71875}
{"g":32,"seed":20420279,"liveWin":true,"liveSeat":0,"steps":19,"ms":301,"liveWins":24,"games":33,"wr":0.7272727272727273}
{"g":33,"seed":20420279,"liveWin":true,"liveSeat":1,"steps":20,"ms":326,"liveWins":25,"games":34,"wr":0.7352941176470589}
{"g":34,"seed":20430252,"liveWin":false,"liveSeat":0,"steps":16,"ms":218,"liveWins":25,"games":35,"wr":0.7142857142857143}
{"g":35,"seed":20430252,"liveWin":true,"liveSeat":1,"steps":16,"ms":210,"liveWins":26,"games":36,"wr":0.7222222222222222}
{"g":36,"seed":20440225,"liveWin":true,"liveSeat":0,"steps":17,"ms":338,"liveWins":27,"games":37,"wr":0.7297297297297297}
{"g":37,"seed":20440225,"liveWin":true,"liveSeat":1,"steps":26,"ms":428,"liveWins":28,"games":38,"wr":0.7368421052631579}
{"g":38,"seed":20450198,"liveWin":true,"liveSeat":0,"steps":14,"ms":200,"liveWins":29,"games":39,"wr":0.7435897435897436}
{"g":39,"seed":20450198,"liveWin":false,"liveSeat":1,"steps":16,"ms":295,"liveWins":29,"games":40,"wr":0.725}
{"g":40,"seed":20460171,"liveWin":false,"liveSeat":0,"steps":19,"ms":73,"liveWins":29,"games":41,"wr":0.7073170731707317}
{"g":41,"seed":20460171,"liveWin":true,"liveSeat":1,"steps":19,"ms":67,"liveWins":30,"games":42,"wr":0.7142857142857143}
{"g":42,"seed":20470144,"liveWin":true,"liveSeat":0,"steps":26,"ms":650,"liveWins":31,"games":43,"wr":0.7209302325581395}
{"g":43,"seed":20470144,"liveWin":true,"liveSeat":1,"steps":21,"ms":390,"liveWins":32,"games":44,"wr":0.7272727272727273}
{"g":44,"seed":20480117,"liveWin":true,"liveSeat":0,"steps":20,"ms":304,"liveWins":33,"games":45,"wr":0.7333333333333333}
{"g":45,"seed":20480117,"liveWin":true,"liveSeat":1,"steps":21,"ms":224,"liveWins":34,"games":46,"wr":0.7391304347826086}
{"g":46,"seed":20490090,"liveWin":false,"liveSeat":0,"steps":19,"ms":679,"liveWins":34,"games":47,"wr":0.723404255319149}
{"g":47,"seed":20490090,"liveWin":true,"liveSeat":1,"steps":21,"ms":514,"liveWins":35,"games":48,"wr":0.7291666666666666}
{"g":48,"seed":20500063,"liveWin":true,"liveSeat":0,"steps":23,"ms":234,"liveWins":36,"games":49,"wr":0.7346938775510204}
{"g":49,"seed":20500063,"liveWin":true,"liveSeat":1,"steps":20,"ms":349,"liveWins":37,"games":50,"wr":0.74}
{"g":50,"seed":20510036,"liveWin":true,"liveSeat":0,"steps":28,"ms":234,"liveWins":38,"games":51,"wr":0.7450980392156863}
{"g":51,"seed":20510036,"liveWin":true,"liveSeat":1,"steps":17,"ms":174,"liveWins":39,"games":52,"wr":0.75}
{"g":52,"seed":20520009,"liveWin":false,"liveSeat":0,"steps":20,"ms":178,"liveWins":39,"games":53,"wr":0.7358490566037735}
{"g":53,"seed":20520009,"liveWin":false,"liveSeat":1,"steps":13,"ms":222,"liveWins":39,"games":54,"wr":0.7222222222222222}
{"g":54,"seed":20529982,"liveWin":true,"liveSeat":0,"steps":14,"ms":227,"liveWins":40,"games":55,"wr":0.7272727272727273}
{"g":55,"seed":20529982,"liveWin":false,"liveSeat":1,"steps":16,"ms":212,"liveWins":40,"games":56,"wr":0.7142857142857143}
{"g":56,"seed":20539955,"liveWin":true,"liveSeat":0,"steps":14,"ms":52,"liveWins":41,"games":57,"wr":0.7192982456140351}
{"g":57,"seed":20539955,"liveWin":false,"liveSeat":1,"steps":22,"ms":284,"liveWins":41,"games":58,"wr":0.7068965517241379}
{"g":58,"seed":20549928,"liveWin":false,"liveSeat":0,"steps":10,"ms":114,"liveWins":41,"games":59,"wr":0.6949152542372882}
{"g":59,"seed":20549928,"liveWin":true,"liveSeat":1,"steps":12,"ms":132,"liveWins":42,"games":60,"wr":0.7}
{"g":60,"seed":20559901,"liveWin":false,"liveSeat":0,"steps":23,"ms":87,"liveWins":42,"games":61,"wr":0.6885245901639344}
{"g":61,"seed":20559901,"liveWin":true,"liveSeat":1,"steps":23,"ms":81,"liveWins":43,"games":62,"wr":0.6935483870967742}
{"g":62,"seed":20569874,"liveWin":true,"liveSeat":0,"steps":17,"ms":877,"liveWins":44,"games":63,"wr":0.6984126984126984}
{"g":63,"seed":20569874,"liveWin":false,"liveSeat":1,"steps":13,"ms":177,"liveWins":44,"games":64,"wr":0.6875}
{"g":64,"seed":20579847,"liveWin":true,"liveSeat":0,"steps":17,"ms":220,"liveWins":45,"games":65,"wr":0.6923076923076923}
{"g":65,"seed":20579847,"liveWin":false,"liveSeat":1,"steps":21,"ms":475,"liveWins":45,"games":66,"wr":0.6818181818181818}
{"g":66,"seed":20589820,"liveWin":false,"liveSeat":0,"steps":18,"ms":160,"liveWins":45,"games":67,"wr":0.6716417910447762}
{"g":67,"seed":20589820,"liveWin":true,"liveSeat":1,"steps":18,"ms":160,"liveWins":46,"games":68,"wr":0.6764705882352942}
{"g":68,"seed":20599793,"liveWin":true,"liveSeat":0,"steps":20,"ms":167,"liveWins":47,"games":69,"wr":0.6811594202898551}
{"g":69,"seed":20599793,"liveWin":false,"liveSeat":1,"steps":20,"ms":164,"liveWins":47,"games":70,"wr":0.6714285714285714}
{"g":70,"seed":20609766,"liveWin":false,"liveSeat":0,"steps":25,"ms":285,"liveWins":47,"games":71,"wr":0.6619718309859155}
{"g":71,"seed":20609766,"liveWin":true,"liveSeat":1,"steps":23,"ms":376,"liveWins":48,"games":72,"wr":0.6666666666666666}
{"g":72,"seed":20619739,"liveWin":true,"liveSeat":0,"steps":19,"ms":55,"liveWins":49,"games":73,"wr":0.6712328767123288}
{"g":73,"seed":20619739,"liveWin":false,"liveSeat":1,"steps":19,"ms":60,"liveWins":49,"games":74,"wr":0.6621621621621622}
{"g":74,"seed":20629712,"liveWin":false,"liveSeat":0,"steps":19,"ms":407,"liveWins":49,"games":75,"wr":0.6533333333333333}
{"g":75,"seed":20629712,"liveWin":false,"liveSeat":1,"steps":28,"ms":276,"liveWins":49,"games":76,"wr":0.6447368421052632}
{"g":76,"seed":20639685,"liveWin":false,"liveSeat":0,"steps":18,"ms":303,"liveWins":49,"games":77,"wr":0.6363636363636364}
{"g":77,"seed":20639685,"liveWin":true,"liveSeat":1,"steps":18,"ms":291,"liveWins":50,"games":78,"wr":0.6410256410256411}
{"g":78,"seed":20649658,"liveWin":true,"liveSeat":0,"steps":19,"ms":226,"liveWins":51,"games":79,"wr":0.6455696202531646}
{"g":79,"seed":20649658,"liveWin":false,"liveSeat":1,"steps":25,"ms":173,"liveWins":51,"games":80,"wr":0.6375}
{"g":80,"seed":20659631,"liveWin":true,"liveSeat":0,"steps":20,"ms":130,"liveWins":52,"games":81,"wr":0.6419753086419753}
{"g":81,"seed":20659631,"liveWin":false,"liveSeat":1,"steps":20,"ms":127,"liveWins":52,"games":82,"wr":0.6341463414634146}
{"g":82,"seed":20669604,"liveWin":false,"liveSeat":0,"steps":12,"ms":126,"liveWins":52,"games":83,"wr":0.6265060240963856}
{"g":83,"seed":20669604,"liveWin":true,"liveSeat":1,"steps":12,"ms":130,"liveWins":53,"games":84,"wr":0.6309523809523809}
{"g":84,"seed":20679577,"liveWin":false,"liveSeat":0,"steps":24,"ms":188,"liveWins":53,"games":85,"wr":0.6235294117647059}
{"g":85,"seed":20679577,"liveWin":true,"liveSeat":1,"steps":18,"ms":57,"liveWins":54,"games":86,"wr":0.627906976744186}
{"g":86,"seed":20689550,"liveWin":false,"liveSeat":0,"steps":20,"ms":470,"liveWins":54,"games":87,"wr":0.6206896551724138}
{"g":87,"seed":20689550,"liveWin":true,"liveSeat":1,"steps":10,"ms":199,"liveWins":55,"games":88,"wr":0.625}
{"g":88,"seed":20699523,"liveWin":false,"liveSeat":0,"steps":10,"ms":415,"liveWins":55,"games":89,"wr":0.6179775280898876}
{"g":89,"seed":20699523,"liveWin":true,"liveSeat":1,"steps":12,"ms":176,"liveWins":56,"games":90,"wr":0.6222222222222222}
{"g":90,"seed":20709496,"liveWin":false,"liveSeat":0,"steps":18,"ms":257,"liveWins":56,"games":91,"wr":0.6153846153846154}
{"g":91,"seed":20709496,"liveWin":true,"liveSeat":1,"steps":12,"ms":69,"liveWins":57,"games":92,"wr":0.6195652173913043}
{"g":92,"seed":20719469,"liveWin":false,"liveSeat":0,"steps":25,"ms":220,"liveWins":57,"games":93,"wr":0.6129032258064516}
{"g":93,"seed":20719469,"liveWin":true,"liveSeat":1,"steps":25,"ms":210,"liveWins":58,"games":94,"wr":0.6170212765957447}
{"g":94,"seed":20729442,"liveWin":false,"liveSeat":0,"steps":18,"ms":325,"liveWins":58,"games":95,"wr":0.6105263157894737}
{"g":95,"seed":20729442,"liveWin":false,"liveSeat":1,"steps":15,"ms":58,"liveWins":58,"games":96,"wr":0.6041666666666666}
{"g":96,"seed":20739415,"liveWin":false,"liveSeat":0,"steps":23,"ms":119,"liveWins":58,"games":97,"wr":0.5979381443298969}
{"g":97,"seed":20739415,"liveWin":true,"liveSeat":1,"steps":17,"ms":144,"liveWins":59,"games":98,"wr":0.6020408163265306}
{"g":98,"seed":20749388,"liveWin":false,"liveSeat":0,"steps":19,"ms":137,"liveWins":59,"games":99,"wr":0.5959595959595959}
{"g":99,"seed":20749388,"liveWin":true,"liveSeat":1,"steps":19,"ms":137,"liveWins":60,"games":100,"wr":0.6}
=== FINAL ===
{
  "protocol": "fair-hidden-gm-BR-both-equal",
  "infoModel": "hidden",
  "perfectInfo": false,
  "hiddenInfo": true,
  "brBoth": true,
  "equalBudget": true,
  "games": 100,
  "liveWins": 60,
  "freezeWins": 40,
  "liveWinRate": 0.6,
  "seed0": 20260711,
  "ms": 24914,
  "live": {
    "id": "v9.1-probe-mbntie_all",
    "stamped": "2026-07-13T02:50:38Z",
    "label": "Grandmaster v9.1-probe mbntie_all"
  },
  "freeze": {
    "id": "v9.1",
    "stamped": "2026-07-13T02:50:38Z",
    "label": "Grandmaster v9.1 (ladder freeze)"
  },
  "freezeTag": "v91",
  "challTag": "p_mbntie_all",
  "opts": {
    "difficulty": "grandmaster",
    "useSearch": true,
    "perfectInfo": false,
    "hiddenInfo": true,
    "timeMs": 150,
    "iterations": 60,
    "maxSims": 120,
    "brTrials": 12,
    "bestResponse": true,
    "exactExploit": false,
    "exploit": true,
    "softSamples": 4,
    "maxBranch": 12,
    "mode": "auto",
    "strongSelf": false
  },
  "perGame": [
    {
      "seed": 20260711,
      "liveWin": true,
      "liveSeat": 0,
      "steps": 18,
      "ms": 465
    },
    {
      "seed": 20260711,
      "liveWin": false,
      "liveSeat": 1,
      "steps": 26,
      "ms": 654
    },
    {
      "seed": 20270684,
      "liveWin": false,
      "liveSeat": 0,
      "steps": 22,
      "ms": 342
    },
    {
      "seed": 20270684,
      "liveWin": true,
      "liveSeat": 1,
      "steps": 22,
      "ms": 402
    },
    {
      "seed": 20280657,
      "liveWin": true,
      "liveSeat": 0,
      "steps": 20,
      "ms": 325
    },
    {
      "seed": 20280657,
      "liveWin": true,
      "liveSeat": 1,
      "steps": 19,
      "ms": 244
    },
    {
      "seed": 20290630,
      "liveWin": true,
      "liveSeat": 0,
      "steps": 17,
      "ms": 126
    },
    {
      "seed": 20290630,
      "liveWin": true,
      "liveSeat": 1,
      "steps": 20,
      "ms": 116
    },
    {
      "seed": 20300603,
      "liveWin": false,
      "liveSeat": 0,
      "steps": 18,
      "ms": 328
    },
    {
      "seed": 20300603,
      "liveWin": true,
      "liveSeat": 1,
      "steps": 24,
      "ms": 191
    },
    {
      "seed": 20310576,
      "liveWin": true,
      "liveSeat": 0,
      "steps": 25,
      "ms": 385
    },
    {
      "seed": 20310576,
      "liveWin": true,
      "liveSeat": 1,
      "steps": 18,
      "ms": 178
    },
    {
      "seed": 20320549,
      "liveWin": false,
      "liveSeat": 0,
      "steps": 11,
      "ms": 113
    },
    {
      "seed": 20320549,
      "liveWin": true,
      "liveSeat": 1,
      "steps": 11,
      "ms": 116
    },
    {
      "seed": 20330522,
      "liveWin": true,
      "liveSeat": 0,
      "steps": 21,
      "ms": 150
    },
    {
      "seed": 20330522,
      "liveWin": true,
      "liveSeat": 1,
      "steps": 28,
      "ms": 343
    },
    {
      "seed": 20340495,
      "liveWin": false,
      "liveSeat": 0,
      "steps": 20,
      "ms": 191
    },
    {
      "seed": 20340495,
      "liveWin": true,
      "liveSeat": 1,
      "steps": 26,
      "ms": 269
    },
    {
      "seed": 20350468,
      "liveWin": true,
      "liveSeat": 0,
      "steps": 17,
      "ms": 350
    },
    {
      "seed": 20350468,
      "liveWin": true,
      "liveSeat": 1,
      "steps": 24,
      "ms": 397
    },
    {
      "seed": 20360441,
      "liveWin": true,
      "liveSeat": 0,
      "steps": 18,
      "ms": 305
    },
    {
      "seed": 20360441,
      "liveWin": false,
      "liveSeat": 1,
      "steps": 18,
      "ms": 184
    },
    {
      "seed": 20370414,
      "liveWin": true,
      "liveSeat": 0,
      "steps": 18,
      "ms": 94
    },
    {
      "seed": 20370414,
      "liveWin": false,
      "liveSeat": 1,
      "steps": 20,
      "ms": 143
    },
    {
      "seed": 20380387,
      "liveWin": false,
      "liveSeat": 0,
      "steps": 16,
      "ms": 153
    },
    {
      "seed": 20380387,
      "liveWin": true,
      "liveSeat": 1,
      "steps": 16,
      "ms": 152
    },
    {
      "seed": 20390360,
      "liveWin": true,
      "liveSeat": 0,
      "steps": 17,
      "ms": 306
    },
    {
      "seed": 20390360,
      "liveWin": false,
      "liveSeat": 1,
      "steps": 17,
      "ms": 345
    },
    {
      "seed": 20400333,
      "liveWin": true,
      "liveSeat": 0,
      "steps": 15,
      "ms": 259
    },
    {
      "seed": 20400333,
      "liveWin": true,
      "liveSeat": 1,
      "steps": 14,
      "ms": 585
    },
    {
      "seed": 20410306,
      "liveWin": true,
      "liveSeat": 0,
      "steps": 22,
      "ms": 196
    },
    {
      "seed": 20410306,
      "liveWin": true,
      "liveSeat": 1,
      "steps": 11,
      "ms": 137
    },
    {
      "seed": 20420279,
      "liveWin": true,
      "liveSeat": 0,
      "steps": 19,
      "ms": 301
    },
    {
      "seed": 20420279,
      "liveWin": true,
      "liveSeat": 1,
      "steps": 20,
      "ms": 326
    },
    {
      "seed": 20430252,
      "liveWin": false,
      "liveSeat": 0,
      "steps": 16,
      "ms": 218
    },
    {
      "seed": 20430252,
      "liveWin": true,
      "liveSeat": 1,
      "steps": 16,
      "ms": 210
    },
    {
      "seed": 20440225,
      "liveWin": true,
      "liveSeat": 0,
      "steps": 17,
      "ms": 338
    },
    {
      "seed": 20440225,
      "liveWin": true,
      "liveSeat": 1,
      "steps": 26,
      "ms": 428
    },
    {
      "seed": 20450198,
      "liveWin": true,
      "liveSeat": 0,
      "steps": 14,
      "ms": 200
    },
    {
      "seed": 20450198,
      "liveWin": false,
      "liveSeat": 1,
      "steps": 16,
      "ms": 295
    },
    {
      "seed": 20460171,
      "liveWin": false,
      "liveSeat": 0,
      "steps": 19,
      "ms": 73
    },
    {
      "seed": 20460171,
      "liveWin": true,
      "liveSeat": 1,
      "steps": 19,
      "ms": 67
    },
    {
      "seed": 20470144,
      "liveWin": true,
      "liveSeat": 0,
      "steps": 26,
      "ms": 650
    },
    {
      "seed": 20470144,
      "liveWin": true,
      "liveSeat": 1,
      "steps": 21,
      "ms": 390
    },
    {
      "seed": 20480117,
      "liveWin": true,
      "liveSeat": 0,
      "steps": 20,
      "ms": 304
    },
    {
      "seed": 20480117,
      "liveWin": true,
      "liveSeat": 1,
      "steps": 21,
      "ms": 224
    },
    {
      "seed": 20490090,
      "liveWin": false,
      "liveSeat": 0,
      "steps": 19,
      "ms": 679
    },
    {
      "seed": 20490090,
      "liveWin": true,
      "liveSeat": 1,
      "steps": 21,
      "ms": 514
    },
    {
      "seed": 20500063,
      "liveWin": true,
      "liveSeat": 0,
      "steps": 23,
      "ms": 234
    },
    {
      "seed": 20500063,
      "liveWin": true,
      "liveSeat": 1,
      "steps": 20,
      "ms": 349
    },
    {
      "seed": 20510036,
      "liveWin": true,
      "liveSeat": 0,
      "steps": 28,
      "ms": 234
    },
    {
      "seed": 20510036,
      "liveWin": true,
      "liveSeat": 1,
      "steps": 17,
      "ms": 174
    },
    {
      "seed": 20520009,
      "liveWin": false,
      "liveSeat": 0,
      "steps": 20,
      "ms": 178
    },
    {
      "seed": 20520009,
      "liveWin": false,
      "liveSeat": 1,
      "steps": 13,
      "ms": 222
    },
    {
      "seed": 20529982,
      "liveWin": true,
      "liveSeat": 0,
      "steps": 14,
      "ms": 227
    },
    {
      "seed": 20529982,
      "liveWin": false,
      "liveSeat": 1,
      "steps": 16,
      "ms": 212
    },
    {
      "seed": 20539955,
      "liveWin": true,
      "liveSeat": 0,
      "steps": 14,
      "ms": 52
    },
    {
      "seed": 20539955,
      "liveWin": false,
      "liveSeat": 1,
      "steps": 22,
      "ms": 284
    },
    {
      "seed": 20549928,
      "liveWin": false,
      "liveSeat": 0,
      "steps": 10,
      "ms": 114
    },
    {
      "seed": 20549928,
      "liveWin": true,
      "liveSeat": 1,
      "steps": 12,
      "ms": 132
    },
    {
      "seed": 20559901,
      "liveWin": false,
      "liveSeat": 0,
      "steps": 23,
      "ms": 87
    },
    {
      "seed": 20559901,
      "liveWin": true,
      "liveSeat": 1,
      "steps": 23,
      "ms": 81
    },
    {
      "seed": 20569874,
      "liveWin": true,
      "liveSeat": 0,
      "steps": 17,
      "ms": 877
    },
    {
      "seed": 20569874,
      "liveWin": false,
      "liveSeat": 1,
      "steps": 13,
      "ms": 177
    },
    {
      "seed": 20579847,
      "liveWin": true,
      "liveSeat": 0,
      "steps": 17,
      "ms": 220
    },
    {
      "seed": 20579847,
      "liveWin": false,
      "liveSeat": 1,
      "steps": 21,
      "ms": 475
    },
    {
      "seed": 20589820,
      "liveWin": false,
      "liveSeat": 0,
      "steps": 18,
      "ms": 160
    },
    {
      "seed": 20589820,
      "liveWin": true,
      "liveSeat": 1,
      "steps": 18,
      "ms": 160
    },
    {
      "seed": 20599793,
      "liveWin": true,
      "liveSeat": 0,
      "steps": 20,
      "ms": 167
    },
    {
      "seed": 20599793,
      "liveWin": false,
      "liveSeat": 1,
      "steps": 20,
      "ms": 164
    },
    {
      "seed": 20609766,
      "liveWin": false,
      "liveSeat": 0,
      "steps": 25,
      "ms": 285
    },
    {
      "seed": 20609766,
      "liveWin": true,
      "liveSeat": 1,
      "steps": 23,
      "ms": 376
    },
    {
      "seed": 20619739,
      "liveWin": true,
      "liveSeat": 0,
      "steps": 19,
      "ms": 55
    },
    {
      "seed": 20619739,
      "liveWin": false,
      "liveSeat": 1,
      "steps": 19,
      "ms": 60
    },
    {
      "seed": 20629712,
      "liveWin": false,
      "liveSeat": 0,
      "steps": 19,
      "ms": 407
    },
    {
      "seed": 20629712,
      "liveWin": false,
      "liveSeat": 1,
      "steps": 28,
      "ms": 276
    },
    {
      "seed": 20639685,
      "liveWin": false,
      "liveSeat": 0,
      "steps": 18,
      "ms": 303
    },
    {
      "seed": 20639685,
      "liveWin": true,
      "liveSeat": 1,
      "steps": 18,
      "ms": 291
    },
    {
      "seed": 20649658,
      "liveWin": true,
      "liveSeat": 0,
      "steps": 19,
      "ms": 226
    },
    {
      "seed": 20649658,
      "liveWin": false,
      "liveSeat": 1,
      "steps": 25,
      "ms": 173
    },
    {
      "seed": 20659631,
      "liveWin": true,
      "liveSeat": 0,
      "steps": 20,
      "ms": 130
    },
    {
      "seed": 20659631,
      "liveWin": false,
      "liveSeat": 1,
      "steps": 20,
      "ms": 127
    },
    {
      "seed": 20669604,
      "liveWin": false,
      "liveSeat": 0,
      "steps": 12,
      "ms": 126
    },
    {
      "seed": 20669604,
      "liveWin": true,
      "liveSeat": 1,
      "steps": 12,
      "ms": 130
    },
    {
      "seed": 20679577,
      "liveWin": false,
      "liveSeat": 0,
      "steps": 24,
      "ms": 188
    },
    {
      "seed": 20679577,
      "liveWin": true,
      "liveSeat": 1,
      "steps": 18,
      "ms": 57
    },
    {
      "seed": 20689550,
      "liveWin": false,
      "liveSeat": 0,
      "steps": 20,
      "ms": 470
    },
    {
      "seed": 20689550,
      "liveWin": true,
      "liveSeat": 1,
      "steps": 10,
      "ms": 199
    },
    {
      "seed": 20699523,
      "liveWin": false,
      "liveSeat": 0,
      "steps": 10,
      "ms": 415
    },
    {
      "seed": 20699523,
      "liveWin": true,
      "liveSeat": 1,
      "steps": 12,
      "ms": 176
    },
    {
      "seed": 20709496,
      "liveWin": false,
      "liveSeat": 0,
      "steps": 18,
      "ms": 257
    },
    {
      "seed": 20709496,
      "liveWin": true,
      "liveSeat": 1,
      "steps": 12,
      "ms": 69
    },
    {
      "seed": 20719469,
      "liveWin": false,
      "liveSeat": 0,
      "steps": 25,
      "ms": 220
    },
    {
      "seed": 20719469,
      "liveWin": true,
      "liveSeat": 1,
      "steps": 25,
      "ms": 210
    },
    {
      "seed": 20729442,
      "liveWin": false,
      "liveSeat": 0,
      "steps": 18,
      "ms": 325
    },
    {
      "seed": 20729442,
      "liveWin": false,
      "liveSeat": 1,
      "steps": 15,
      "ms": 58
    },
    {
      "seed": 20739415,
      "liveWin": false,
      "liveSeat": 0,
      "steps": 23,
      "ms": 119
    },
    {
      "seed": 20739415,
      "liveWin": true,
      "liveSeat": 1,
      "steps": 17,
      "ms": 144
    },
    {
      "seed": 20749388,
      "liveWin": false,
      "liveSeat": 0,
      "steps": 19,
      "ms": 137
    },
    {
      "seed": 20749388,
      "liveWin": true,
      "liveSeat": 1,
      "steps": 19,
      "ms": 137
    }
  ],
  "lossSeeds": [
    20260711,
    20270684,
    20300603,
    20320549,
    20340495,
    20360441,
    20370414,
    20380387,
    20390360,
    20430252,
    20450198,
    20460171,
    20490090,
    20520009,
    20520009,
    20529982,
    20539955,
    20549928,
    20559901,
    20569874,
    20579847,
    20589820,
    20599793,
    20609766,
    20619739,
    20629712,
    20629712,
    20639685,
    20649658,
    20659631,
    20669604,
    20679577,
    20689550,
    20699523,
    20709496,
    20719469,
    20729442,
    20729442,
    20739415,
    20749388
  ],
  "target": 0.7,
  "passed": false
}
wrote /Users/johnhoang/Developer/Grok/tieng-len/evolve/probe-p_mbntie_all-vs-v91-fair-both-n100.json
