{"start":true,"freeze":"v91","chall":"p_mbnest_fl_t3","live":{"id":"v9.1-probe-mbnest_fl_t3","stamped":"2026-07-13T02:50:38Z","label":"Grandmaster v9.1-probe mbnest_fl_t3"},"freezeBuild":{"id":"v9.1","stamped":"2026-07-13T02:50:38Z","label":"Grandmaster v9.1 (ladder freeze)"},"games":25,"seed0":20260711,"protocol":"fair-hidden-gm-BR-both-equal","opts":{"difficulty":"grandmaster","useSearch":true,"perfectInfo":false,"hiddenInfo":true,"timeMs":150,"iterations":60,"maxSims":120,"brTrials":12,"bestResponse":true,"exactExploit":false,"exploit":true,"softSamples":4,"maxBranch":12,"mode":"auto","strongSelf":false}}
{"g":0,"seed":20260711,"liveWin":true,"liveSeat":0,"steps":18,"ms":682,"liveWins":1,"games":1,"wr":1}
{"g":1,"seed":20260711,"liveWin":false,"liveSeat":1,"steps":26,"ms":1221,"liveWins":1,"games":2,"wr":0.5}
{"g":2,"seed":20270684,"liveWin":true,"liveSeat":0,"steps":17,"ms":529,"liveWins":2,"games":3,"wr":0.6666666666666666}
{"g":3,"seed":20270684,"liveWin":true,"liveSeat":1,"steps":22,"ms":581,"liveWins":3,"games":4,"wr":0.75}
{"g":4,"seed":20280657,"liveWin":true,"liveSeat":0,"steps":20,"ms":387,"liveWins":4,"games":5,"wr":0.8}
{"g":5,"seed":20280657,"liveWin":true,"liveSeat":1,"steps":19,"ms":311,"liveWins":5,"games":6,"wr":0.8333333333333334}
{"g":6,"seed":20290630,"liveWin":false,"liveSeat":0,"steps":20,"ms":236,"liveWins":5,"games":7,"wr":0.7142857142857143}
{"g":7,"seed":20290630,"liveWin":true,"liveSeat":1,"steps":20,"ms":259,"liveWins":6,"games":8,"wr":0.75}
{"g":8,"seed":20300603,"liveWin":false,"liveSeat":0,"steps":18,"ms":625,"liveWins":6,"games":9,"wr":0.6666666666666666}
{"g":9,"seed":20300603,"liveWin":true,"liveSeat":1,"steps":26,"ms":579,"liveWins":7,"games":10,"wr":0.7}
{"g":10,"seed":20310576,"liveWin":true,"liveSeat":0,"steps":25,"ms":691,"liveWins":8,"games":11,"wr":0.7272727272727273}
{"g":11,"seed":20310576,"liveWin":true,"liveSeat":1,"steps":18,"ms":329,"liveWins":9,"games":12,"wr":0.75}
{"g":12,"seed":20320549,"liveWin":false,"liveSeat":0,"steps":11,"ms":185,"liveWins":9,"games":13,"wr":0.6923076923076923}
{"g":13,"seed":20320549,"liveWin":true,"liveSeat":1,"steps":27,"ms":576,"liveWins":10,"games":14,"wr":0.7142857142857143}
{"g":14,"seed":20330522,"liveWin":true,"liveSeat":0,"steps":21,"ms":416,"liveWins":11,"games":15,"wr":0.7333333333333333}
{"g":15,"seed":20330522,"liveWin":false,"liveSeat":1,"steps":21,"ms":540,"liveWins":11,"games":16,"wr":0.6875}
{"g":16,"seed":20340495,"liveWin":false,"liveSeat":0,"steps":20,"ms":306,"liveWins":11,"games":17,"wr":0.6470588235294118}
{"g":17,"seed":20340495,"liveWin":true,"liveSeat":1,"steps":26,"ms":597,"liveWins":12,"games":18,"wr":0.6666666666666666}
{"g":18,"seed":20350468,"liveWin":false,"liveSeat":0,"steps":22,"ms":852,"liveWins":12,"games":19,"wr":0.631578947368421}
{"g":19,"seed":20350468,"liveWin":true,"liveSeat":1,"steps":24,"ms":592,"liveWins":13,"games":20,"wr":0.65}
{"g":20,"seed":20360441,"liveWin":true,"liveSeat":0,"steps":18,"ms":628,"liveWins":14,"games":21,"wr":0.6666666666666666}
{"g":21,"seed":20360441,"liveWin":false,"liveSeat":1,"steps":18,"ms":417,"liveWins":14,"games":22,"wr":0.6363636363636364}
{"g":22,"seed":20370414,"liveWin":true,"liveSeat":0,"steps":18,"ms":262,"liveWins":15,"games":23,"wr":0.6521739130434783}
{"g":23,"seed":20370414,"liveWin":false,"liveSeat":1,"steps":20,"ms":280,"liveWins":15,"games":24,"wr":0.625}
{"g":24,"seed":20380387,"liveWin":true,"liveSeat":0,"steps":5,"ms":164,"liveWins":16,"games":25,"wr":0.64}
{"g":25,"seed":20380387,"liveWin":true,"liveSeat":1,"steps":16,"ms":195,"liveWins":17,"games":26,"wr":0.6538461538461539}
{"g":26,"seed":20390360,"liveWin":true,"liveSeat":0,"steps":17,"ms":530,"liveWins":18,"games":27,"wr":0.6666666666666666}
{"g":27,"seed":20390360,"liveWin":true,"liveSeat":1,"steps":14,"ms":664,"liveWins":19,"games":28,"wr":0.6785714285714286}
{"g":28,"seed":20400333,"liveWin":true,"liveSeat":0,"steps":15,"ms":543,"liveWins":20,"games":29,"wr":0.6896551724137931}
{"g":29,"seed":20400333,"liveWin":true,"liveSeat":1,"steps":16,"ms":516,"liveWins":21,"games":30,"wr":0.7}
{"g":30,"seed":20410306,"liveWin":true,"liveSeat":0,"steps":22,"ms":519,"liveWins":22,"games":31,"wr":0.7096774193548387}
{"g":31,"seed":20410306,"liveWin":false,"liveSeat":1,"steps":22,"ms":623,"liveWins":22,"games":32,"wr":0.6875}
{"g":32,"seed":20420279,"liveWin":true,"liveSeat":0,"steps":19,"ms":693,"liveWins":23,"games":33,"wr":0.696969696969697}
{"g":33,"seed":20420279,"liveWin":true,"liveSeat":1,"steps":20,"ms":562,"liveWins":24,"games":34,"wr":0.7058823529411765}
{"g":34,"seed":20430252,"liveWin":true,"liveSeat":0,"steps":7,"ms":180,"liveWins":25,"games":35,"wr":0.7142857142857143}
{"g":35,"seed":20430252,"liveWin":false,"liveSeat":1,"steps":7,"ms":180,"liveWins":25,"games":36,"wr":0.6944444444444444}
{"g":36,"seed":20440225,"liveWin":true,"liveSeat":0,"steps":17,"ms":699,"liveWins":26,"games":37,"wr":0.7027027027027027}
{"g":37,"seed":20440225,"liveWin":true,"liveSeat":1,"steps":26,"ms":815,"liveWins":27,"games":38,"wr":0.7105263157894737}
{"g":38,"seed":20450198,"liveWin":true,"liveSeat":0,"steps":14,"ms":287,"liveWins":28,"games":39,"wr":0.717948717948718}
{"g":39,"seed":20450198,"liveWin":false,"liveSeat":1,"steps":16,"ms":1118,"liveWins":28,"games":40,"wr":0.7}
{"g":40,"seed":20460171,"liveWin":false,"liveSeat":0,"steps":19,"ms":119,"liveWins":28,"games":41,"wr":0.6829268292682927}
{"g":41,"seed":20460171,"liveWin":true,"liveSeat":1,"steps":19,"ms":251,"liveWins":29,"games":42,"wr":0.6904761904761905}
{"g":42,"seed":20470144,"liveWin":true,"liveSeat":0,"steps":26,"ms":976,"liveWins":30,"games":43,"wr":0.6976744186046512}
{"g":43,"seed":20470144,"liveWin":true,"liveSeat":1,"steps":17,"ms":627,"liveWins":31,"games":44,"wr":0.7045454545454546}
{"g":44,"seed":20480117,"liveWin":true,"liveSeat":0,"steps":18,"ms":626,"liveWins":32,"games":45,"wr":0.7111111111111111}
{"g":45,"seed":20480117,"liveWin":true,"liveSeat":1,"steps":21,"ms":387,"liveWins":33,"games":46,"wr":0.717391304347826}
{"g":46,"seed":20490090,"liveWin":false,"liveSeat":0,"steps":19,"ms":927,"liveWins":33,"games":47,"wr":0.7021276595744681}
{"g":47,"seed":20490090,"liveWin":true,"liveSeat":1,"steps":21,"ms":927,"liveWins":34,"games":48,"wr":0.7083333333333334}
{"g":48,"seed":20500063,"liveWin":false,"liveSeat":0,"steps":28,"ms":795,"liveWins":34,"games":49,"wr":0.6938775510204082}
{"g":49,"seed":20500063,"liveWin":false,"liveSeat":1,"steps":17,"ms":360,"liveWins":34,"games":50,"wr":0.68}
=== FINAL ===
{
  "protocol": "fair-hidden-gm-BR-both-equal",
  "infoModel": "hidden",
  "perfectInfo": false,
  "hiddenInfo": true,
  "brBoth": true,
  "equalBudget": true,
  "games": 50,
  "liveWins": 34,
  "freezeWins": 16,
  "liveWinRate": 0.68,
  "seed0": 20260711,
  "ms": 26387,
  "live": {
    "id": "v9.1-probe-mbnest_fl_t3",
    "stamped": "2026-07-13T02:50:38Z",
    "label": "Grandmaster v9.1-probe mbnest_fl_t3"
  },
  "freeze": {
    "id": "v9.1",
    "stamped": "2026-07-13T02:50:38Z",
    "label": "Grandmaster v9.1 (ladder freeze)"
  },
  "freezeTag": "v91",
  "challTag": "p_mbnest_fl_t3",
  "opts": {
    "difficulty": "grandmaster",
    "useSearch": true,
    "perfectInfo": false,
    "hiddenInfo": true,
    "timeMs": 150,
    "iterations": 60,
    "maxSims": 120,
    "brTrials": 12,
    "bestResponse": true,
    "exactExploit": false,
    "exploit": true,
    "softSamples": 4,
    "maxBranch": 12,
    "mode": "auto",
    "strongSelf": false
  },
  "perGame": [
    {
      "seed": 20260711,
      "liveWin": true,
      "liveSeat": 0,
      "steps": 18,
      "ms": 682
    },
    {
      "seed": 20260711,
      "liveWin": false,
      "liveSeat": 1,
      "steps": 26,
      "ms": 1221
    },
    {
      "seed": 20270684,
      "liveWin": true,
      "liveSeat": 0,
      "steps": 17,
      "ms": 529
    },
    {
      "seed": 20270684,
      "liveWin": true,
      "liveSeat": 1,
      "steps": 22,
      "ms": 581
    },
    {
      "seed": 20280657,
      "liveWin": true,
      "liveSeat": 0,
      "steps": 20,
      "ms": 387
    },
    {
      "seed": 20280657,
      "liveWin": true,
      "liveSeat": 1,
      "steps": 19,
      "ms": 311
    },
    {
      "seed": 20290630,
      "liveWin": false,
      "liveSeat": 0,
      "steps": 20,
      "ms": 236
    },
    {
      "seed": 20290630,
      "liveWin": true,
      "liveSeat": 1,
      "steps": 20,
      "ms": 259
    },
    {
      "seed": 20300603,
      "liveWin": false,
      "liveSeat": 0,
      "steps": 18,
      "ms": 625
    },
    {
      "seed": 20300603,
      "liveWin": true,
      "liveSeat": 1,
      "steps": 26,
      "ms": 579
    },
    {
      "seed": 20310576,
      "liveWin": true,
      "liveSeat": 0,
      "steps": 25,
      "ms": 691
    },
    {
      "seed": 20310576,
      "liveWin": true,
      "liveSeat": 1,
      "steps": 18,
      "ms": 329
    },
    {
      "seed": 20320549,
      "liveWin": false,
      "liveSeat": 0,
      "steps": 11,
      "ms": 185
    },
    {
      "seed": 20320549,
      "liveWin": true,
      "liveSeat": 1,
      "steps": 27,
      "ms": 576
    },
    {
      "seed": 20330522,
      "liveWin": true,
      "liveSeat": 0,
      "steps": 21,
      "ms": 416
    },
    {
      "seed": 20330522,
      "liveWin": false,
      "liveSeat": 1,
      "steps": 21,
      "ms": 540
    },
    {
      "seed": 20340495,
      "liveWin": false,
      "liveSeat": 0,
      "steps": 20,
      "ms": 306
    },
    {
      "seed": 20340495,
      "liveWin": true,
      "liveSeat": 1,
      "steps": 26,
      "ms": 597
    },
    {
      "seed": 20350468,
      "liveWin": false,
      "liveSeat": 0,
      "steps": 22,
      "ms": 852
    },
    {
      "seed": 20350468,
      "liveWin": true,
      "liveSeat": 1,
      "steps": 24,
      "ms": 592
    },
    {
      "seed": 20360441,
      "liveWin": true,
      "liveSeat": 0,
      "steps": 18,
      "ms": 628
    },
    {
      "seed": 20360441,
      "liveWin": false,
      "liveSeat": 1,
      "steps": 18,
      "ms": 417
    },
    {
      "seed": 20370414,
      "liveWin": true,
      "liveSeat": 0,
      "steps": 18,
      "ms": 262
    },
    {
      "seed": 20370414,
      "liveWin": false,
      "liveSeat": 1,
      "steps": 20,
      "ms": 280
    },
    {
      "seed": 20380387,
      "liveWin": true,
      "liveSeat": 0,
      "steps": 5,
      "ms": 164
    },
    {
      "seed": 20380387,
      "liveWin": true,
      "liveSeat": 1,
      "steps": 16,
      "ms": 195
    },
    {
      "seed": 20390360,
      "liveWin": true,
      "liveSeat": 0,
      "steps": 17,
      "ms": 530
    },
    {
      "seed": 20390360,
      "liveWin": true,
      "liveSeat": 1,
      "steps": 14,
      "ms": 664
    },
    {
      "seed": 20400333,
      "liveWin": true,
      "liveSeat": 0,
      "steps": 15,
      "ms": 543
    },
    {
      "seed": 20400333,
      "liveWin": true,
      "liveSeat": 1,
      "steps": 16,
      "ms": 516
    },
    {
      "seed": 20410306,
      "liveWin": true,
      "liveSeat": 0,
      "steps": 22,
      "ms": 519
    },
    {
      "seed": 20410306,
      "liveWin": false,
      "liveSeat": 1,
      "steps": 22,
      "ms": 623
    },
    {
      "seed": 20420279,
      "liveWin": true,
      "liveSeat": 0,
      "steps": 19,
      "ms": 693
    },
    {
      "seed": 20420279,
      "liveWin": true,
      "liveSeat": 1,
      "steps": 20,
      "ms": 562
    },
    {
      "seed": 20430252,
      "liveWin": true,
      "liveSeat": 0,
      "steps": 7,
      "ms": 180
    },
    {
      "seed": 20430252,
      "liveWin": false,
      "liveSeat": 1,
      "steps": 7,
      "ms": 180
    },
    {
      "seed": 20440225,
      "liveWin": true,
      "liveSeat": 0,
      "steps": 17,
      "ms": 699
    },
    {
      "seed": 20440225,
      "liveWin": true,
      "liveSeat": 1,
      "steps": 26,
      "ms": 815
    },
    {
      "seed": 20450198,
      "liveWin": true,
      "liveSeat": 0,
      "steps": 14,
      "ms": 287
    },
    {
      "seed": 20450198,
      "liveWin": false,
      "liveSeat": 1,
      "steps": 16,
      "ms": 1118
    },
    {
      "seed": 20460171,
      "liveWin": false,
      "liveSeat": 0,
      "steps": 19,
      "ms": 119
    },
    {
      "seed": 20460171,
      "liveWin": true,
      "liveSeat": 1,
      "steps": 19,
      "ms": 251
    },
    {
      "seed": 20470144,
      "liveWin": true,
      "liveSeat": 0,
      "steps": 26,
      "ms": 976
    },
    {
      "seed": 20470144,
      "liveWin": true,
      "liveSeat": 1,
      "steps": 17,
      "ms": 627
    },
    {
      "seed": 20480117,
      "liveWin": true,
      "liveSeat": 0,
      "steps": 18,
      "ms": 626
    },
    {
      "seed": 20480117,
      "liveWin": true,
      "liveSeat": 1,
      "steps": 21,
      "ms": 387
    },
    {
      "seed": 20490090,
      "liveWin": false,
      "liveSeat": 0,
      "steps": 19,
      "ms": 927
    },
    {
      "seed": 20490090,
      "liveWin": true,
      "liveSeat": 1,
      "steps": 21,
      "ms": 927
    },
    {
      "seed": 20500063,
      "liveWin": false,
      "liveSeat": 0,
      "steps": 28,
      "ms": 795
    },
    {
      "seed": 20500063,
      "liveWin": false,
      "liveSeat": 1,
      "steps": 17,
      "ms": 360
    }
  ],
  "lossSeeds": [
    20260711,
    20290630,
    20300603,
    20320549,
    20330522,
    20340495,
    20350468,
    20360441,
    20370414,
    20410306,
    20430252,
    20450198,
    20460171,
    20490090,
    20500063,
    20500063
  ],
  "target": 0.7,
  "passed": false
}
wrote /Users/johnhoang/Developer/Grok/tieng-len/evolve/probe-p_mbnest_fl_t3-vs-v91-fair-both-n50.json
