{"start":true,"freeze":"v91","chall":"p_mb_expfl","live":{"id":"v9.1-probe-mb_expfl","stamped":"2026-07-13T02:50:38Z","label":"Grandmaster v9.1-probe mb_expfl"},"freezeBuild":{"id":"v9.1","stamped":"2026-07-13T02:50:38Z","label":"Grandmaster v9.1 (ladder freeze)"},"games":25,"seed0":20260712,"protocol":"fair-hidden-gm-BR-both-equal","opts":{"difficulty":"grandmaster","useSearch":true,"perfectInfo":false,"hiddenInfo":true,"timeMs":150,"iterations":60,"maxSims":120,"brTrials":12,"bestResponse":true,"exactExploit":false,"exploit":true,"softSamples":4,"maxBranch":12,"mode":"auto","strongSelf":false}}
{"g":0,"seed":20260712,"liveWin":true,"liveSeat":0,"steps":16,"ms":194,"liveWins":1,"games":1,"wr":1}
{"g":1,"seed":20260712,"liveWin":false,"liveSeat":1,"steps":16,"ms":118,"liveWins":1,"games":2,"wr":0.5}
{"g":2,"seed":20270685,"liveWin":true,"liveSeat":0,"steps":13,"ms":112,"liveWins":2,"games":3,"wr":0.6666666666666666}
{"g":3,"seed":20270685,"liveWin":false,"liveSeat":1,"steps":13,"ms":196,"liveWins":2,"games":4,"wr":0.5}
{"g":4,"seed":20280658,"liveWin":true,"liveSeat":0,"steps":17,"ms":75,"liveWins":3,"games":5,"wr":0.6}
{"g":5,"seed":20280658,"liveWin":true,"liveSeat":1,"steps":18,"ms":202,"liveWins":4,"games":6,"wr":0.6666666666666666}
{"g":6,"seed":20290631,"liveWin":false,"liveSeat":0,"steps":22,"ms":304,"liveWins":4,"games":7,"wr":0.5714285714285714}
{"g":7,"seed":20290631,"liveWin":false,"liveSeat":1,"steps":23,"ms":246,"liveWins":4,"games":8,"wr":0.5}
{"g":8,"seed":20300604,"liveWin":true,"liveSeat":0,"steps":20,"ms":107,"liveWins":5,"games":9,"wr":0.5555555555555556}
{"g":9,"seed":20300604,"liveWin":true,"liveSeat":1,"steps":21,"ms":271,"liveWins":6,"games":10,"wr":0.6}
{"g":10,"seed":20310577,"liveWin":true,"liveSeat":0,"steps":14,"ms":389,"liveWins":7,"games":11,"wr":0.6363636363636364}
{"g":11,"seed":20310577,"liveWin":true,"liveSeat":1,"steps":21,"ms":470,"liveWins":8,"games":12,"wr":0.6666666666666666}
{"g":12,"seed":20320550,"liveWin":true,"liveSeat":0,"steps":18,"ms":410,"liveWins":9,"games":13,"wr":0.6923076923076923}
{"g":13,"seed":20320550,"liveWin":false,"liveSeat":1,"steps":18,"ms":359,"liveWins":9,"games":14,"wr":0.6428571428571429}
{"g":14,"seed":20330523,"liveWin":true,"liveSeat":0,"steps":21,"ms":217,"liveWins":10,"games":15,"wr":0.6666666666666666}
{"g":15,"seed":20330523,"liveWin":false,"liveSeat":1,"steps":21,"ms":231,"liveWins":10,"games":16,"wr":0.625}
{"g":16,"seed":20340496,"liveWin":true,"liveSeat":0,"steps":19,"ms":116,"liveWins":11,"games":17,"wr":0.6470588235294118}
{"g":17,"seed":20340496,"liveWin":false,"liveSeat":1,"steps":23,"ms":253,"liveWins":11,"games":18,"wr":0.6111111111111112}
{"g":18,"seed":20350469,"liveWin":false,"liveSeat":0,"steps":20,"ms":585,"liveWins":11,"games":19,"wr":0.5789473684210527}
{"g":19,"seed":20350469,"liveWin":true,"liveSeat":1,"steps":22,"ms":265,"liveWins":12,"games":20,"wr":0.6}
{"g":20,"seed":20360442,"liveWin":false,"liveSeat":0,"steps":17,"ms":153,"liveWins":12,"games":21,"wr":0.5714285714285714}
{"g":21,"seed":20360442,"liveWin":true,"liveSeat":1,"steps":23,"ms":128,"liveWins":13,"games":22,"wr":0.5909090909090909}
{"g":22,"seed":20370415,"liveWin":false,"liveSeat":0,"steps":21,"ms":129,"liveWins":13,"games":23,"wr":0.5652173913043478}
{"g":23,"seed":20370415,"liveWin":false,"liveSeat":1,"steps":24,"ms":189,"liveWins":13,"games":24,"wr":0.5416666666666666}
{"g":24,"seed":20380388,"liveWin":true,"liveSeat":0,"steps":14,"ms":154,"liveWins":14,"games":25,"wr":0.56}
{"g":25,"seed":20380388,"liveWin":false,"liveSeat":1,"steps":20,"ms":86,"liveWins":14,"games":26,"wr":0.5384615384615384}
{"g":26,"seed":20390361,"liveWin":false,"liveSeat":0,"steps":26,"ms":284,"liveWins":14,"games":27,"wr":0.5185185185185185}
{"g":27,"seed":20390361,"liveWin":true,"liveSeat":1,"steps":26,"ms":329,"liveWins":15,"games":28,"wr":0.5357142857142857}
{"g":28,"seed":20400334,"liveWin":true,"liveSeat":0,"steps":18,"ms":67,"liveWins":16,"games":29,"wr":0.5517241379310345}
{"g":29,"seed":20400334,"liveWin":true,"liveSeat":1,"steps":21,"ms":37,"liveWins":17,"games":30,"wr":0.5666666666666667}
{"g":30,"seed":20410307,"liveWin":false,"liveSeat":0,"steps":16,"ms":147,"liveWins":17,"games":31,"wr":0.5483870967741935}
{"g":31,"seed":20410307,"liveWin":true,"liveSeat":1,"steps":16,"ms":283,"liveWins":18,"games":32,"wr":0.5625}
{"g":32,"seed":20420280,"liveWin":true,"liveSeat":0,"steps":16,"ms":365,"liveWins":19,"games":33,"wr":0.5757575757575758}
{"g":33,"seed":20420280,"liveWin":false,"liveSeat":1,"steps":16,"ms":82,"liveWins":19,"games":34,"wr":0.5588235294117647}
{"g":34,"seed":20430253,"liveWin":true,"liveSeat":0,"steps":26,"ms":277,"liveWins":20,"games":35,"wr":0.5714285714285714}
{"g":35,"seed":20430253,"liveWin":false,"liveSeat":1,"steps":26,"ms":253,"liveWins":20,"games":36,"wr":0.5555555555555556}
{"g":36,"seed":20440226,"liveWin":true,"liveSeat":0,"steps":17,"ms":564,"liveWins":21,"games":37,"wr":0.5675675675675675}
{"g":37,"seed":20440226,"liveWin":true,"liveSeat":1,"steps":18,"ms":916,"liveWins":22,"games":38,"wr":0.5789473684210527}
{"g":38,"seed":20450199,"liveWin":false,"liveSeat":0,"steps":16,"ms":64,"liveWins":22,"games":39,"wr":0.5641025641025641}
{"g":39,"seed":20450199,"liveWin":false,"liveSeat":1,"steps":21,"ms":121,"liveWins":22,"games":40,"wr":0.55}
{"g":40,"seed":20460172,"liveWin":true,"liveSeat":0,"steps":15,"ms":84,"liveWins":23,"games":41,"wr":0.5609756097560976}
{"g":41,"seed":20460172,"liveWin":false,"liveSeat":1,"steps":17,"ms":147,"liveWins":23,"games":42,"wr":0.5476190476190477}
{"g":42,"seed":20470145,"liveWin":true,"liveSeat":0,"steps":15,"ms":211,"liveWins":24,"games":43,"wr":0.5581395348837209}
{"g":43,"seed":20470145,"liveWin":false,"liveSeat":1,"steps":15,"ms":331,"liveWins":24,"games":44,"wr":0.5454545454545454}
{"g":44,"seed":20480118,"liveWin":false,"liveSeat":0,"steps":15,"ms":130,"liveWins":24,"games":45,"wr":0.5333333333333333}
{"g":45,"seed":20480118,"liveWin":true,"liveSeat":1,"steps":9,"ms":4,"liveWins":25,"games":46,"wr":0.5434782608695652}
{"g":46,"seed":20490091,"liveWin":true,"liveSeat":0,"steps":25,"ms":42,"liveWins":26,"games":47,"wr":0.5531914893617021}
{"g":47,"seed":20490091,"liveWin":false,"liveSeat":1,"steps":25,"ms":85,"liveWins":26,"games":48,"wr":0.5416666666666666}
{"g":48,"seed":20500064,"liveWin":true,"liveSeat":0,"steps":17,"ms":842,"liveWins":27,"games":49,"wr":0.5510204081632653}
{"g":49,"seed":20500064,"liveWin":false,"liveSeat":1,"steps":17,"ms":863,"liveWins":27,"games":50,"wr":0.54}
=== FINAL ===
{
  "protocol": "fair-hidden-gm-BR-both-equal",
  "infoModel": "hidden",
  "perfectInfo": false,
  "hiddenInfo": true,
  "brBoth": true,
  "equalBudget": true,
  "games": 50,
  "liveWins": 27,
  "freezeWins": 23,
  "liveWinRate": 0.54,
  "seed0": 20260712,
  "ms": 12502,
  "live": {
    "id": "v9.1-probe-mb_expfl",
    "stamped": "2026-07-13T02:50:38Z",
    "label": "Grandmaster v9.1-probe mb_expfl"
  },
  "freeze": {
    "id": "v9.1",
    "stamped": "2026-07-13T02:50:38Z",
    "label": "Grandmaster v9.1 (ladder freeze)"
  },
  "freezeTag": "v91",
  "challTag": "p_mb_expfl",
  "opts": {
    "difficulty": "grandmaster",
    "useSearch": true,
    "perfectInfo": false,
    "hiddenInfo": true,
    "timeMs": 150,
    "iterations": 60,
    "maxSims": 120,
    "brTrials": 12,
    "bestResponse": true,
    "exactExploit": false,
    "exploit": true,
    "softSamples": 4,
    "maxBranch": 12,
    "mode": "auto",
    "strongSelf": false
  },
  "perGame": [
    {
      "seed": 20260712,
      "liveWin": true,
      "liveSeat": 0,
      "steps": 16,
      "ms": 194
    },
    {
      "seed": 20260712,
      "liveWin": false,
      "liveSeat": 1,
      "steps": 16,
      "ms": 118
    },
    {
      "seed": 20270685,
      "liveWin": true,
      "liveSeat": 0,
      "steps": 13,
      "ms": 112
    },
    {
      "seed": 20270685,
      "liveWin": false,
      "liveSeat": 1,
      "steps": 13,
      "ms": 196
    },
    {
      "seed": 20280658,
      "liveWin": true,
      "liveSeat": 0,
      "steps": 17,
      "ms": 75
    },
    {
      "seed": 20280658,
      "liveWin": true,
      "liveSeat": 1,
      "steps": 18,
      "ms": 202
    },
    {
      "seed": 20290631,
      "liveWin": false,
      "liveSeat": 0,
      "steps": 22,
      "ms": 304
    },
    {
      "seed": 20290631,
      "liveWin": false,
      "liveSeat": 1,
      "steps": 23,
      "ms": 246
    },
    {
      "seed": 20300604,
      "liveWin": true,
      "liveSeat": 0,
      "steps": 20,
      "ms": 107
    },
    {
      "seed": 20300604,
      "liveWin": true,
      "liveSeat": 1,
      "steps": 21,
      "ms": 271
    },
    {
      "seed": 20310577,
      "liveWin": true,
      "liveSeat": 0,
      "steps": 14,
      "ms": 389
    },
    {
      "seed": 20310577,
      "liveWin": true,
      "liveSeat": 1,
      "steps": 21,
      "ms": 470
    },
    {
      "seed": 20320550,
      "liveWin": true,
      "liveSeat": 0,
      "steps": 18,
      "ms": 410
    },
    {
      "seed": 20320550,
      "liveWin": false,
      "liveSeat": 1,
      "steps": 18,
      "ms": 359
    },
    {
      "seed": 20330523,
      "liveWin": true,
      "liveSeat": 0,
      "steps": 21,
      "ms": 217
    },
    {
      "seed": 20330523,
      "liveWin": false,
      "liveSeat": 1,
      "steps": 21,
      "ms": 231
    },
    {
      "seed": 20340496,
      "liveWin": true,
      "liveSeat": 0,
      "steps": 19,
      "ms": 116
    },
    {
      "seed": 20340496,
      "liveWin": false,
      "liveSeat": 1,
      "steps": 23,
      "ms": 253
    },
    {
      "seed": 20350469,
      "liveWin": false,
      "liveSeat": 0,
      "steps": 20,
      "ms": 585
    },
    {
      "seed": 20350469,
      "liveWin": true,
      "liveSeat": 1,
      "steps": 22,
      "ms": 265
    },
    {
      "seed": 20360442,
      "liveWin": false,
      "liveSeat": 0,
      "steps": 17,
      "ms": 153
    },
    {
      "seed": 20360442,
      "liveWin": true,
      "liveSeat": 1,
      "steps": 23,
      "ms": 128
    },
    {
      "seed": 20370415,
      "liveWin": false,
      "liveSeat": 0,
      "steps": 21,
      "ms": 129
    },
    {
      "seed": 20370415,
      "liveWin": false,
      "liveSeat": 1,
      "steps": 24,
      "ms": 189
    },
    {
      "seed": 20380388,
      "liveWin": true,
      "liveSeat": 0,
      "steps": 14,
      "ms": 154
    },
    {
      "seed": 20380388,
      "liveWin": false,
      "liveSeat": 1,
      "steps": 20,
      "ms": 86
    },
    {
      "seed": 20390361,
      "liveWin": false,
      "liveSeat": 0,
      "steps": 26,
      "ms": 284
    },
    {
      "seed": 20390361,
      "liveWin": true,
      "liveSeat": 1,
      "steps": 26,
      "ms": 329
    },
    {
      "seed": 20400334,
      "liveWin": true,
      "liveSeat": 0,
      "steps": 18,
      "ms": 67
    },
    {
      "seed": 20400334,
      "liveWin": true,
      "liveSeat": 1,
      "steps": 21,
      "ms": 37
    },
    {
      "seed": 20410307,
      "liveWin": false,
      "liveSeat": 0,
      "steps": 16,
      "ms": 147
    },
    {
      "seed": 20410307,
      "liveWin": true,
      "liveSeat": 1,
      "steps": 16,
      "ms": 283
    },
    {
      "seed": 20420280,
      "liveWin": true,
      "liveSeat": 0,
      "steps": 16,
      "ms": 365
    },
    {
      "seed": 20420280,
      "liveWin": false,
      "liveSeat": 1,
      "steps": 16,
      "ms": 82
    },
    {
      "seed": 20430253,
      "liveWin": true,
      "liveSeat": 0,
      "steps": 26,
      "ms": 277
    },
    {
      "seed": 20430253,
      "liveWin": false,
      "liveSeat": 1,
      "steps": 26,
      "ms": 253
    },
    {
      "seed": 20440226,
      "liveWin": true,
      "liveSeat": 0,
      "steps": 17,
      "ms": 564
    },
    {
      "seed": 20440226,
      "liveWin": true,
      "liveSeat": 1,
      "steps": 18,
      "ms": 916
    },
    {
      "seed": 20450199,
      "liveWin": false,
      "liveSeat": 0,
      "steps": 16,
      "ms": 64
    },
    {
      "seed": 20450199,
      "liveWin": false,
      "liveSeat": 1,
      "steps": 21,
      "ms": 121
    },
    {
      "seed": 20460172,
      "liveWin": true,
      "liveSeat": 0,
      "steps": 15,
      "ms": 84
    },
    {
      "seed": 20460172,
      "liveWin": false,
      "liveSeat": 1,
      "steps": 17,
      "ms": 147
    },
    {
      "seed": 20470145,
      "liveWin": true,
      "liveSeat": 0,
      "steps": 15,
      "ms": 211
    },
    {
      "seed": 20470145,
      "liveWin": false,
      "liveSeat": 1,
      "steps": 15,
      "ms": 331
    },
    {
      "seed": 20480118,
      "liveWin": false,
      "liveSeat": 0,
      "steps": 15,
      "ms": 130
    },
    {
      "seed": 20480118,
      "liveWin": true,
      "liveSeat": 1,
      "steps": 9,
      "ms": 4
    },
    {
      "seed": 20490091,
      "liveWin": true,
      "liveSeat": 0,
      "steps": 25,
      "ms": 42
    },
    {
      "seed": 20490091,
      "liveWin": false,
      "liveSeat": 1,
      "steps": 25,
      "ms": 85
    },
    {
      "seed": 20500064,
      "liveWin": true,
      "liveSeat": 0,
      "steps": 17,
      "ms": 842
    },
    {
      "seed": 20500064,
      "liveWin": false,
      "liveSeat": 1,
      "steps": 17,
      "ms": 863
    }
  ],
  "lossSeeds": [
    20260712,
    20270685,
    20290631,
    20290631,
    20320550,
    20330523,
    20340496,
    20350469,
    20360442,
    20370415,
    20370415,
    20380388,
    20390361,
    20410307,
    20420280,
    20430253,
    20450199,
    20450199,
    20460172,
    20470145,
    20480118,
    20490091,
    20500064
  ],
  "target": 0.7,
  "passed": false
}
wrote /Users/johnhoang/Developer/Grok/tieng-len/evolve/probe-p_mb_expfl-vs-v91-fair-both-s12-n50.json
