{"start":true,"freeze":"v91","chall":"p_mbnest","live":{"id":"v9.1-probe-mbnest","stamped":"2026-07-13T02:50:38Z","label":"Grandmaster v9.1-probe mbnest"},"freezeBuild":{"id":"v9.1","stamped":"2026-07-13T02:50:38Z","label":"Grandmaster v9.1 (ladder freeze)"},"games":25,"seed0":20260713,"protocol":"fair-hidden-gm-BR-both-equal","opts":{"difficulty":"grandmaster","useSearch":true,"perfectInfo":false,"hiddenInfo":true,"timeMs":150,"iterations":60,"maxSims":120,"brTrials":12,"bestResponse":true,"exactExploit":false,"exploit":true,"softSamples":4,"maxBranch":12,"mode":"auto","strongSelf":false}}
{"g":0,"seed":20260713,"liveWin":false,"liveSeat":0,"steps":24,"ms":686,"liveWins":0,"games":1,"wr":0}
{"g":1,"seed":20260713,"liveWin":false,"liveSeat":1,"steps":17,"ms":283,"liveWins":0,"games":2,"wr":0}
{"g":2,"seed":20270686,"liveWin":false,"liveSeat":0,"steps":17,"ms":633,"liveWins":0,"games":3,"wr":0}
{"g":3,"seed":20270686,"liveWin":true,"liveSeat":1,"steps":19,"ms":537,"liveWins":1,"games":4,"wr":0.25}
{"g":4,"seed":20280659,"liveWin":true,"liveSeat":0,"steps":21,"ms":308,"liveWins":2,"games":5,"wr":0.4}
{"g":5,"seed":20280659,"liveWin":true,"liveSeat":1,"steps":22,"ms":897,"liveWins":3,"games":6,"wr":0.5}
{"g":6,"seed":20290632,"liveWin":false,"liveSeat":0,"steps":28,"ms":377,"liveWins":3,"games":7,"wr":0.42857142857142855}
{"g":7,"seed":20290632,"liveWin":true,"liveSeat":1,"steps":24,"ms":498,"liveWins":4,"games":8,"wr":0.5}
{"g":8,"seed":20300605,"liveWin":true,"liveSeat":0,"steps":20,"ms":288,"liveWins":5,"games":9,"wr":0.5555555555555556}
{"g":9,"seed":20300605,"liveWin":true,"liveSeat":1,"steps":15,"ms":432,"liveWins":6,"games":10,"wr":0.6}
{"g":10,"seed":20310578,"liveWin":false,"liveSeat":0,"steps":16,"ms":128,"liveWins":6,"games":11,"wr":0.5454545454545454}
{"g":11,"seed":20310578,"liveWin":true,"liveSeat":1,"steps":18,"ms":156,"liveWins":7,"games":12,"wr":0.5833333333333334}
{"g":12,"seed":20320551,"liveWin":false,"liveSeat":0,"steps":25,"ms":253,"liveWins":7,"games":13,"wr":0.5384615384615384}
{"g":13,"seed":20320551,"liveWin":false,"liveSeat":1,"steps":20,"ms":286,"liveWins":7,"games":14,"wr":0.5}
{"g":14,"seed":20330524,"liveWin":false,"liveSeat":0,"steps":19,"ms":339,"liveWins":7,"games":15,"wr":0.4666666666666667}
{"g":15,"seed":20330524,"liveWin":true,"liveSeat":1,"steps":21,"ms":576,"liveWins":8,"games":16,"wr":0.5}
{"g":16,"seed":20340497,"liveWin":false,"liveSeat":0,"steps":21,"ms":791,"liveWins":8,"games":17,"wr":0.47058823529411764}
{"g":17,"seed":20340497,"liveWin":true,"liveSeat":1,"steps":21,"ms":776,"liveWins":9,"games":18,"wr":0.5}
{"g":18,"seed":20350470,"liveWin":true,"liveSeat":0,"steps":21,"ms":704,"liveWins":10,"games":19,"wr":0.5263157894736842}
{"g":19,"seed":20350470,"liveWin":true,"liveSeat":1,"steps":24,"ms":329,"liveWins":11,"games":20,"wr":0.55}
{"g":20,"seed":20360443,"liveWin":false,"liveSeat":0,"steps":23,"ms":437,"liveWins":11,"games":21,"wr":0.5238095238095238}
{"g":21,"seed":20360443,"liveWin":false,"liveSeat":1,"steps":22,"ms":315,"liveWins":11,"games":22,"wr":0.5}
{"g":22,"seed":20370416,"liveWin":true,"liveSeat":0,"steps":19,"ms":258,"liveWins":12,"games":23,"wr":0.5217391304347826}
{"g":23,"seed":20370416,"liveWin":false,"liveSeat":1,"steps":19,"ms":152,"liveWins":12,"games":24,"wr":0.5}
{"g":24,"seed":20380389,"liveWin":false,"liveSeat":0,"steps":25,"ms":613,"liveWins":12,"games":25,"wr":0.48}
{"g":25,"seed":20380389,"liveWin":false,"liveSeat":1,"steps":16,"ms":305,"liveWins":12,"games":26,"wr":0.46153846153846156}
{"g":26,"seed":20390362,"liveWin":false,"liveSeat":0,"steps":16,"ms":339,"liveWins":12,"games":27,"wr":0.4444444444444444}
{"g":27,"seed":20390362,"liveWin":true,"liveSeat":1,"steps":22,"ms":581,"liveWins":13,"games":28,"wr":0.4642857142857143}
{"g":28,"seed":20400335,"liveWin":false,"liveSeat":0,"steps":24,"ms":221,"liveWins":13,"games":29,"wr":0.4482758620689655}
{"g":29,"seed":20400335,"liveWin":true,"liveSeat":1,"steps":24,"ms":323,"liveWins":14,"games":30,"wr":0.4666666666666667}
{"g":30,"seed":20410308,"liveWin":true,"liveSeat":0,"steps":15,"ms":641,"liveWins":15,"games":31,"wr":0.4838709677419355}
{"g":31,"seed":20410308,"liveWin":false,"liveSeat":1,"steps":19,"ms":174,"liveWins":15,"games":32,"wr":0.46875}
{"g":32,"seed":20420281,"liveWin":false,"liveSeat":0,"steps":22,"ms":529,"liveWins":15,"games":33,"wr":0.45454545454545453}
{"g":33,"seed":20420281,"liveWin":false,"liveSeat":1,"steps":27,"ms":139,"liveWins":15,"games":34,"wr":0.4411764705882353}
{"g":34,"seed":20430254,"liveWin":false,"liveSeat":0,"steps":19,"ms":417,"liveWins":15,"games":35,"wr":0.42857142857142855}
{"g":35,"seed":20430254,"liveWin":false,"liveSeat":1,"steps":14,"ms":262,"liveWins":15,"games":36,"wr":0.4166666666666667}
{"g":36,"seed":20440227,"liveWin":false,"liveSeat":0,"steps":16,"ms":201,"liveWins":15,"games":37,"wr":0.40540540540540543}
{"g":37,"seed":20440227,"liveWin":true,"liveSeat":1,"steps":14,"ms":204,"liveWins":16,"games":38,"wr":0.42105263157894735}
{"g":38,"seed":20450200,"liveWin":false,"liveSeat":0,"steps":21,"ms":246,"liveWins":16,"games":39,"wr":0.41025641025641024}
{"g":39,"seed":20450200,"liveWin":true,"liveSeat":1,"steps":13,"ms":211,"liveWins":17,"games":40,"wr":0.425}
{"g":40,"seed":20460173,"liveWin":true,"liveSeat":0,"steps":32,"ms":274,"liveWins":18,"games":41,"wr":0.43902439024390244}
{"g":41,"seed":20460173,"liveWin":true,"liveSeat":1,"steps":21,"ms":550,"liveWins":19,"games":42,"wr":0.4523809523809524}
{"g":42,"seed":20470146,"liveWin":true,"liveSeat":0,"steps":23,"ms":278,"liveWins":20,"games":43,"wr":0.46511627906976744}
{"g":43,"seed":20470146,"liveWin":true,"liveSeat":1,"steps":22,"ms":402,"liveWins":21,"games":44,"wr":0.4772727272727273}
{"g":44,"seed":20480119,"liveWin":false,"liveSeat":0,"steps":18,"ms":371,"liveWins":21,"games":45,"wr":0.4666666666666667}
{"g":45,"seed":20480119,"liveWin":true,"liveSeat":1,"steps":18,"ms":293,"liveWins":22,"games":46,"wr":0.4782608695652174}
{"g":46,"seed":20490092,"liveWin":true,"liveSeat":0,"steps":21,"ms":150,"liveWins":23,"games":47,"wr":0.48936170212765956}
{"g":47,"seed":20490092,"liveWin":false,"liveSeat":1,"steps":21,"ms":306,"liveWins":23,"games":48,"wr":0.4791666666666667}
{"g":48,"seed":20500065,"liveWin":false,"liveSeat":0,"steps":21,"ms":638,"liveWins":23,"games":49,"wr":0.46938775510204084}
{"g":49,"seed":20500065,"liveWin":true,"liveSeat":1,"steps":25,"ms":746,"liveWins":24,"games":50,"wr":0.48}
=== FINAL ===
{
  "protocol": "fair-hidden-gm-BR-both-equal",
  "infoModel": "hidden",
  "perfectInfo": false,
  "hiddenInfo": true,
  "brBoth": true,
  "equalBudget": true,
  "games": 50,
  "liveWins": 24,
  "freezeWins": 26,
  "liveWinRate": 0.48,
  "seed0": 20260713,
  "ms": 19872,
  "live": {
    "id": "v9.1-probe-mbnest",
    "stamped": "2026-07-13T02:50:38Z",
    "label": "Grandmaster v9.1-probe mbnest"
  },
  "freeze": {
    "id": "v9.1",
    "stamped": "2026-07-13T02:50:38Z",
    "label": "Grandmaster v9.1 (ladder freeze)"
  },
  "freezeTag": "v91",
  "challTag": "p_mbnest",
  "opts": {
    "difficulty": "grandmaster",
    "useSearch": true,
    "perfectInfo": false,
    "hiddenInfo": true,
    "timeMs": 150,
    "iterations": 60,
    "maxSims": 120,
    "brTrials": 12,
    "bestResponse": true,
    "exactExploit": false,
    "exploit": true,
    "softSamples": 4,
    "maxBranch": 12,
    "mode": "auto",
    "strongSelf": false
  },
  "perGame": [
    {
      "seed": 20260713,
      "liveWin": false,
      "liveSeat": 0,
      "steps": 24,
      "ms": 686
    },
    {
      "seed": 20260713,
      "liveWin": false,
      "liveSeat": 1,
      "steps": 17,
      "ms": 283
    },
    {
      "seed": 20270686,
      "liveWin": false,
      "liveSeat": 0,
      "steps": 17,
      "ms": 633
    },
    {
      "seed": 20270686,
      "liveWin": true,
      "liveSeat": 1,
      "steps": 19,
      "ms": 537
    },
    {
      "seed": 20280659,
      "liveWin": true,
      "liveSeat": 0,
      "steps": 21,
      "ms": 308
    },
    {
      "seed": 20280659,
      "liveWin": true,
      "liveSeat": 1,
      "steps": 22,
      "ms": 897
    },
    {
      "seed": 20290632,
      "liveWin": false,
      "liveSeat": 0,
      "steps": 28,
      "ms": 377
    },
    {
      "seed": 20290632,
      "liveWin": true,
      "liveSeat": 1,
      "steps": 24,
      "ms": 498
    },
    {
      "seed": 20300605,
      "liveWin": true,
      "liveSeat": 0,
      "steps": 20,
      "ms": 288
    },
    {
      "seed": 20300605,
      "liveWin": true,
      "liveSeat": 1,
      "steps": 15,
      "ms": 432
    },
    {
      "seed": 20310578,
      "liveWin": false,
      "liveSeat": 0,
      "steps": 16,
      "ms": 128
    },
    {
      "seed": 20310578,
      "liveWin": true,
      "liveSeat": 1,
      "steps": 18,
      "ms": 156
    },
    {
      "seed": 20320551,
      "liveWin": false,
      "liveSeat": 0,
      "steps": 25,
      "ms": 253
    },
    {
      "seed": 20320551,
      "liveWin": false,
      "liveSeat": 1,
      "steps": 20,
      "ms": 286
    },
    {
      "seed": 20330524,
      "liveWin": false,
      "liveSeat": 0,
      "steps": 19,
      "ms": 339
    },
    {
      "seed": 20330524,
      "liveWin": true,
      "liveSeat": 1,
      "steps": 21,
      "ms": 576
    },
    {
      "seed": 20340497,
      "liveWin": false,
      "liveSeat": 0,
      "steps": 21,
      "ms": 791
    },
    {
      "seed": 20340497,
      "liveWin": true,
      "liveSeat": 1,
      "steps": 21,
      "ms": 776
    },
    {
      "seed": 20350470,
      "liveWin": true,
      "liveSeat": 0,
      "steps": 21,
      "ms": 704
    },
    {
      "seed": 20350470,
      "liveWin": true,
      "liveSeat": 1,
      "steps": 24,
      "ms": 329
    },
    {
      "seed": 20360443,
      "liveWin": false,
      "liveSeat": 0,
      "steps": 23,
      "ms": 437
    },
    {
      "seed": 20360443,
      "liveWin": false,
      "liveSeat": 1,
      "steps": 22,
      "ms": 315
    },
    {
      "seed": 20370416,
      "liveWin": true,
      "liveSeat": 0,
      "steps": 19,
      "ms": 258
    },
    {
      "seed": 20370416,
      "liveWin": false,
      "liveSeat": 1,
      "steps": 19,
      "ms": 152
    },
    {
      "seed": 20380389,
      "liveWin": false,
      "liveSeat": 0,
      "steps": 25,
      "ms": 613
    },
    {
      "seed": 20380389,
      "liveWin": false,
      "liveSeat": 1,
      "steps": 16,
      "ms": 305
    },
    {
      "seed": 20390362,
      "liveWin": false,
      "liveSeat": 0,
      "steps": 16,
      "ms": 339
    },
    {
      "seed": 20390362,
      "liveWin": true,
      "liveSeat": 1,
      "steps": 22,
      "ms": 581
    },
    {
      "seed": 20400335,
      "liveWin": false,
      "liveSeat": 0,
      "steps": 24,
      "ms": 221
    },
    {
      "seed": 20400335,
      "liveWin": true,
      "liveSeat": 1,
      "steps": 24,
      "ms": 323
    },
    {
      "seed": 20410308,
      "liveWin": true,
      "liveSeat": 0,
      "steps": 15,
      "ms": 641
    },
    {
      "seed": 20410308,
      "liveWin": false,
      "liveSeat": 1,
      "steps": 19,
      "ms": 174
    },
    {
      "seed": 20420281,
      "liveWin": false,
      "liveSeat": 0,
      "steps": 22,
      "ms": 529
    },
    {
      "seed": 20420281,
      "liveWin": false,
      "liveSeat": 1,
      "steps": 27,
      "ms": 139
    },
    {
      "seed": 20430254,
      "liveWin": false,
      "liveSeat": 0,
      "steps": 19,
      "ms": 417
    },
    {
      "seed": 20430254,
      "liveWin": false,
      "liveSeat": 1,
      "steps": 14,
      "ms": 262
    },
    {
      "seed": 20440227,
      "liveWin": false,
      "liveSeat": 0,
      "steps": 16,
      "ms": 201
    },
    {
      "seed": 20440227,
      "liveWin": true,
      "liveSeat": 1,
      "steps": 14,
      "ms": 204
    },
    {
      "seed": 20450200,
      "liveWin": false,
      "liveSeat": 0,
      "steps": 21,
      "ms": 246
    },
    {
      "seed": 20450200,
      "liveWin": true,
      "liveSeat": 1,
      "steps": 13,
      "ms": 211
    },
    {
      "seed": 20460173,
      "liveWin": true,
      "liveSeat": 0,
      "steps": 32,
      "ms": 274
    },
    {
      "seed": 20460173,
      "liveWin": true,
      "liveSeat": 1,
      "steps": 21,
      "ms": 550
    },
    {
      "seed": 20470146,
      "liveWin": true,
      "liveSeat": 0,
      "steps": 23,
      "ms": 278
    },
    {
      "seed": 20470146,
      "liveWin": true,
      "liveSeat": 1,
      "steps": 22,
      "ms": 402
    },
    {
      "seed": 20480119,
      "liveWin": false,
      "liveSeat": 0,
      "steps": 18,
      "ms": 371
    },
    {
      "seed": 20480119,
      "liveWin": true,
      "liveSeat": 1,
      "steps": 18,
      "ms": 293
    },
    {
      "seed": 20490092,
      "liveWin": true,
      "liveSeat": 0,
      "steps": 21,
      "ms": 150
    },
    {
      "seed": 20490092,
      "liveWin": false,
      "liveSeat": 1,
      "steps": 21,
      "ms": 306
    },
    {
      "seed": 20500065,
      "liveWin": false,
      "liveSeat": 0,
      "steps": 21,
      "ms": 638
    },
    {
      "seed": 20500065,
      "liveWin": true,
      "liveSeat": 1,
      "steps": 25,
      "ms": 746
    }
  ],
  "lossSeeds": [
    20260713,
    20260713,
    20270686,
    20290632,
    20310578,
    20320551,
    20320551,
    20330524,
    20340497,
    20360443,
    20360443,
    20370416,
    20380389,
    20380389,
    20390362,
    20400335,
    20410308,
    20420281,
    20420281,
    20430254,
    20430254,
    20440227,
    20450200,
    20480119,
    20490092,
    20500065
  ],
  "target": 0.7,
  "passed": false
}
wrote /Users/johnhoang/Developer/Grok/tieng-len/evolve/probe-p_mbnest-vs-v91-fair-both-s13-n50.json
