{"start":true,"freeze":"v91","chall":"p_mbnest_nopin","live":{"id":"v9.1-probe-mbnest_nopin","stamped":"2026-07-13T02:50:38Z","label":"Grandmaster v9.1-probe mbnest_nopin"},"freezeBuild":{"id":"v9.1","stamped":"2026-07-13T02:50:38Z","label":"Grandmaster v9.1 (ladder freeze)"},"games":50,"seed0":20260711,"protocol":"fair-hidden-gm-BR-both-equal","opts":{"difficulty":"grandmaster","useSearch":true,"perfectInfo":false,"hiddenInfo":true,"timeMs":150,"iterations":60,"maxSims":120,"brTrials":12,"bestResponse":true,"exactExploit":false,"exploit":true,"softSamples":4,"maxBranch":12,"mode":"auto","strongSelf":false}}
{"g":0,"seed":20260711,"liveWin":true,"liveSeat":0,"steps":18,"ms":551,"liveWins":1,"games":1,"wr":1}
{"g":1,"seed":20260711,"liveWin":false,"liveSeat":1,"steps":18,"ms":774,"liveWins":1,"games":2,"wr":0.5}
{"g":2,"seed":20270684,"liveWin":true,"liveSeat":0,"steps":17,"ms":521,"liveWins":2,"games":3,"wr":0.6666666666666666}
{"g":3,"seed":20270684,"liveWin":true,"liveSeat":1,"steps":22,"ms":530,"liveWins":3,"games":4,"wr":0.75}
{"g":4,"seed":20280657,"liveWin":true,"liveSeat":0,"steps":20,"ms":351,"liveWins":4,"games":5,"wr":0.8}
{"g":5,"seed":20280657,"liveWin":false,"liveSeat":1,"steps":18,"ms":439,"liveWins":4,"games":6,"wr":0.6666666666666666}
{"g":6,"seed":20290630,"liveWin":true,"liveSeat":0,"steps":17,"ms":219,"liveWins":5,"games":7,"wr":0.7142857142857143}
{"g":7,"seed":20290630,"liveWin":true,"liveSeat":1,"steps":20,"ms":213,"liveWins":6,"games":8,"wr":0.75}
{"g":8,"seed":20300603,"liveWin":false,"liveSeat":0,"steps":18,"ms":573,"liveWins":6,"games":9,"wr":0.6666666666666666}
{"g":9,"seed":20300603,"liveWin":true,"liveSeat":1,"steps":26,"ms":500,"liveWins":7,"games":10,"wr":0.7}
{"g":10,"seed":20310576,"liveWin":true,"liveSeat":0,"steps":25,"ms":658,"liveWins":8,"games":11,"wr":0.7272727272727273}
{"g":11,"seed":20310576,"liveWin":true,"liveSeat":1,"steps":18,"ms":271,"liveWins":9,"games":12,"wr":0.75}
{"g":12,"seed":20320549,"liveWin":false,"liveSeat":0,"steps":11,"ms":156,"liveWins":9,"games":13,"wr":0.6923076923076923}
{"g":13,"seed":20320549,"liveWin":true,"liveSeat":1,"steps":11,"ms":200,"liveWins":10,"games":14,"wr":0.7142857142857143}
{"g":14,"seed":20330522,"liveWin":false,"liveSeat":0,"steps":18,"ms":270,"liveWins":10,"games":15,"wr":0.6666666666666666}
{"g":15,"seed":20330522,"liveWin":false,"liveSeat":1,"steps":21,"ms":507,"liveWins":10,"games":16,"wr":0.625}
{"g":16,"seed":20340495,"liveWin":false,"liveSeat":0,"steps":20,"ms":273,"liveWins":10,"games":17,"wr":0.5882352941176471}
{"g":17,"seed":20340495,"liveWin":true,"liveSeat":1,"steps":26,"ms":528,"liveWins":11,"games":18,"wr":0.6111111111111112}
{"g":18,"seed":20350468,"liveWin":false,"liveSeat":0,"steps":22,"ms":493,"liveWins":11,"games":19,"wr":0.5789473684210527}
{"g":19,"seed":20350468,"liveWin":true,"liveSeat":1,"steps":24,"ms":526,"liveWins":12,"games":20,"wr":0.6}
{"g":20,"seed":20360441,"liveWin":true,"liveSeat":0,"steps":18,"ms":522,"liveWins":13,"games":21,"wr":0.6190476190476191}
{"g":21,"seed":20360441,"liveWin":false,"liveSeat":1,"steps":18,"ms":356,"liveWins":13,"games":22,"wr":0.5909090909090909}
{"g":22,"seed":20370414,"liveWin":true,"liveSeat":0,"steps":18,"ms":228,"liveWins":14,"games":23,"wr":0.6086956521739131}
{"g":23,"seed":20370414,"liveWin":false,"liveSeat":1,"steps":20,"ms":238,"liveWins":14,"games":24,"wr":0.5833333333333334}
{"g":24,"seed":20380387,"liveWin":true,"liveSeat":0,"steps":5,"ms":162,"liveWins":15,"games":25,"wr":0.6}
{"g":25,"seed":20380387,"liveWin":true,"liveSeat":1,"steps":16,"ms":183,"liveWins":16,"games":26,"wr":0.6153846153846154}
{"g":26,"seed":20390360,"liveWin":false,"liveSeat":0,"steps":12,"ms":472,"liveWins":16,"games":27,"wr":0.5925925925925926}
{"g":27,"seed":20390360,"liveWin":true,"liveSeat":1,"steps":14,"ms":574,"liveWins":17,"games":28,"wr":0.6071428571428571}
{"g":28,"seed":20400333,"liveWin":false,"liveSeat":0,"steps":18,"ms":385,"liveWins":17,"games":29,"wr":0.5862068965517241}
{"g":29,"seed":20400333,"liveWin":true,"liveSeat":1,"steps":16,"ms":429,"liveWins":18,"games":30,"wr":0.6}
{"g":30,"seed":20410306,"liveWin":true,"liveSeat":0,"steps":22,"ms":489,"liveWins":19,"games":31,"wr":0.6129032258064516}
{"g":31,"seed":20410306,"liveWin":true,"liveSeat":1,"steps":11,"ms":255,"liveWins":20,"games":32,"wr":0.625}
{"g":32,"seed":20420279,"liveWin":true,"liveSeat":0,"steps":19,"ms":598,"liveWins":21,"games":33,"wr":0.6363636363636364}
{"g":33,"seed":20420279,"liveWin":true,"liveSeat":1,"steps":20,"ms":453,"liveWins":22,"games":34,"wr":0.6470588235294118}
{"g":34,"seed":20430252,"liveWin":true,"liveSeat":0,"steps":7,"ms":283,"liveWins":23,"games":35,"wr":0.6571428571428571}
{"g":35,"seed":20430252,"liveWin":true,"liveSeat":1,"steps":18,"ms":287,"liveWins":24,"games":36,"wr":0.6666666666666666}
{"g":36,"seed":20440225,"liveWin":false,"liveSeat":0,"steps":22,"ms":840,"liveWins":24,"games":37,"wr":0.6486486486486487}
{"g":37,"seed":20440225,"liveWin":true,"liveSeat":1,"steps":26,"ms":728,"liveWins":25,"games":38,"wr":0.6578947368421053}
{"g":38,"seed":20450198,"liveWin":true,"liveSeat":0,"steps":14,"ms":257,"liveWins":26,"games":39,"wr":0.6666666666666666}
{"g":39,"seed":20450198,"liveWin":false,"liveSeat":1,"steps":14,"ms":212,"liveWins":26,"games":40,"wr":0.65}
{"g":40,"seed":20460171,"liveWin":false,"liveSeat":0,"steps":19,"ms":104,"liveWins":26,"games":41,"wr":0.6341463414634146}
{"g":41,"seed":20460171,"liveWin":true,"liveSeat":1,"steps":19,"ms":258,"liveWins":27,"games":42,"wr":0.6428571428571429}
{"g":42,"seed":20470144,"liveWin":true,"liveSeat":0,"steps":26,"ms":886,"liveWins":28,"games":43,"wr":0.6511627906976745}
{"g":43,"seed":20470144,"liveWin":true,"liveSeat":1,"steps":17,"ms":712,"liveWins":29,"games":44,"wr":0.6590909090909091}
{"g":44,"seed":20480117,"liveWin":true,"liveSeat":0,"steps":18,"ms":551,"liveWins":30,"games":45,"wr":0.6666666666666666}
{"g":45,"seed":20480117,"liveWin":true,"liveSeat":1,"steps":21,"ms":357,"liveWins":31,"games":46,"wr":0.6739130434782609}
{"g":46,"seed":20490090,"liveWin":false,"liveSeat":0,"steps":19,"ms":541,"liveWins":31,"games":47,"wr":0.6595744680851063}
{"g":47,"seed":20490090,"liveWin":true,"liveSeat":1,"steps":15,"ms":457,"liveWins":32,"games":48,"wr":0.6666666666666666}
{"g":48,"seed":20500063,"liveWin":false,"liveSeat":0,"steps":28,"ms":789,"liveWins":32,"games":49,"wr":0.6530612244897959}
{"g":49,"seed":20500063,"liveWin":false,"liveSeat":1,"steps":17,"ms":340,"liveWins":32,"games":50,"wr":0.64}
{"g":50,"seed":20510036,"liveWin":true,"liveSeat":0,"steps":24,"ms":375,"liveWins":33,"games":51,"wr":0.6470588235294118}
{"g":51,"seed":20510036,"liveWin":true,"liveSeat":1,"steps":17,"ms":299,"liveWins":34,"games":52,"wr":0.6538461538461539}
{"g":52,"seed":20520009,"liveWin":false,"liveSeat":0,"steps":22,"ms":388,"liveWins":34,"games":53,"wr":0.6415094339622641}
{"g":53,"seed":20520009,"liveWin":false,"liveSeat":1,"steps":13,"ms":337,"liveWins":34,"games":54,"wr":0.6296296296296297}
{"g":54,"seed":20529982,"liveWin":true,"liveSeat":0,"steps":14,"ms":366,"liveWins":35,"games":55,"wr":0.6363636363636364}
{"g":55,"seed":20529982,"liveWin":false,"liveSeat":1,"steps":10,"ms":524,"liveWins":35,"games":56,"wr":0.625}
{"g":56,"seed":20539955,"liveWin":true,"liveSeat":0,"steps":14,"ms":111,"liveWins":36,"games":57,"wr":0.631578947368421}
{"g":57,"seed":20539955,"liveWin":false,"liveSeat":1,"steps":14,"ms":219,"liveWins":36,"games":58,"wr":0.6206896551724138}
{"g":58,"seed":20549928,"liveWin":false,"liveSeat":0,"steps":10,"ms":256,"liveWins":36,"games":59,"wr":0.6101694915254238}
{"g":59,"seed":20549928,"liveWin":true,"liveSeat":1,"steps":10,"ms":229,"liveWins":37,"games":60,"wr":0.6166666666666667}
{"g":60,"seed":20559901,"liveWin":false,"liveSeat":0,"steps":23,"ms":295,"liveWins":37,"games":61,"wr":0.6065573770491803}
{"g":61,"seed":20559901,"liveWin":true,"liveSeat":1,"steps":23,"ms":170,"liveWins":38,"games":62,"wr":0.6129032258064516}
{"g":62,"seed":20569874,"liveWin":true,"liveSeat":0,"steps":15,"ms":350,"liveWins":39,"games":63,"wr":0.6190476190476191}
{"g":63,"seed":20569874,"liveWin":false,"liveSeat":1,"steps":13,"ms":242,"liveWins":39,"games":64,"wr":0.609375}
{"g":64,"seed":20579847,"liveWin":true,"liveSeat":0,"steps":17,"ms":565,"liveWins":40,"games":65,"wr":0.6153846153846154}
{"g":65,"seed":20579847,"liveWin":false,"liveSeat":1,"steps":21,"ms":655,"liveWins":40,"games":66,"wr":0.6060606060606061}
{"g":66,"seed":20589820,"liveWin":false,"liveSeat":0,"steps":18,"ms":285,"liveWins":40,"games":67,"wr":0.5970149253731343}
{"g":67,"seed":20589820,"liveWin":false,"liveSeat":1,"steps":13,"ms":408,"liveWins":40,"games":68,"wr":0.5882352941176471}
{"g":68,"seed":20599793,"liveWin":false,"liveSeat":0,"steps":21,"ms":373,"liveWins":40,"games":69,"wr":0.5797101449275363}
{"g":69,"seed":20599793,"liveWin":false,"liveSeat":1,"steps":20,"ms":205,"liveWins":40,"games":70,"wr":0.5714285714285714}
{"g":70,"seed":20609766,"liveWin":false,"liveSeat":0,"steps":25,"ms":464,"liveWins":40,"games":71,"wr":0.5633802816901409}
{"g":71,"seed":20609766,"liveWin":true,"liveSeat":1,"steps":19,"ms":427,"liveWins":41,"games":72,"wr":0.5694444444444444}
{"g":72,"seed":20619739,"liveWin":true,"liveSeat":0,"steps":19,"ms":202,"liveWins":42,"games":73,"wr":0.5753424657534246}
{"g":73,"seed":20619739,"liveWin":false,"liveSeat":1,"steps":19,"ms":138,"liveWins":42,"games":74,"wr":0.5675675675675675}
{"g":74,"seed":20629712,"liveWin":false,"liveSeat":0,"steps":13,"ms":339,"liveWins":42,"games":75,"wr":0.56}
{"g":75,"seed":20629712,"liveWin":false,"liveSeat":1,"steps":28,"ms":554,"liveWins":42,"games":76,"wr":0.5526315789473685}
{"g":76,"seed":20639685,"liveWin":false,"liveSeat":0,"steps":18,"ms":495,"liveWins":42,"games":77,"wr":0.5454545454545454}
{"g":77,"seed":20639685,"liveWin":true,"liveSeat":1,"steps":18,"ms":361,"liveWins":43,"games":78,"wr":0.5512820512820513}
{"g":78,"seed":20649658,"liveWin":true,"liveSeat":0,"steps":19,"ms":543,"liveWins":44,"games":79,"wr":0.5569620253164557}
{"g":79,"seed":20649658,"liveWin":false,"liveSeat":1,"steps":25,"ms":325,"liveWins":44,"games":80,"wr":0.55}
{"g":80,"seed":20659631,"liveWin":true,"liveSeat":0,"steps":20,"ms":310,"liveWins":45,"games":81,"wr":0.5555555555555556}
{"g":81,"seed":20659631,"liveWin":false,"liveSeat":1,"steps":20,"ms":429,"liveWins":45,"games":82,"wr":0.5487804878048781}
{"g":82,"seed":20669604,"liveWin":false,"liveSeat":0,"steps":12,"ms":199,"liveWins":45,"games":83,"wr":0.5421686746987951}
{"g":83,"seed":20669604,"liveWin":true,"liveSeat":1,"steps":12,"ms":192,"liveWins":46,"games":84,"wr":0.5476190476190477}
{"g":84,"seed":20679577,"liveWin":true,"liveSeat":0,"steps":21,"ms":508,"liveWins":47,"games":85,"wr":0.5529411764705883}
{"g":85,"seed":20679577,"liveWin":true,"liveSeat":1,"steps":18,"ms":123,"liveWins":48,"games":86,"wr":0.5581395348837209}
{"g":86,"seed":20689550,"liveWin":false,"liveSeat":0,"steps":20,"ms":361,"liveWins":48,"games":87,"wr":0.5517241379310345}
{"g":87,"seed":20689550,"liveWin":true,"liveSeat":1,"steps":10,"ms":261,"liveWins":49,"games":88,"wr":0.5568181818181818}
{"g":88,"seed":20699523,"liveWin":false,"liveSeat":0,"steps":12,"ms":255,"liveWins":49,"games":89,"wr":0.550561797752809}
{"g":89,"seed":20699523,"liveWin":true,"liveSeat":1,"steps":12,"ms":232,"liveWins":50,"games":90,"wr":0.5555555555555556}
{"g":90,"seed":20709496,"liveWin":false,"liveSeat":0,"steps":12,"ms":196,"liveWins":50,"games":91,"wr":0.5494505494505495}
{"g":91,"seed":20709496,"liveWin":true,"liveSeat":1,"steps":12,"ms":107,"liveWins":51,"games":92,"wr":0.5543478260869565}
{"g":92,"seed":20719469,"liveWin":true,"liveSeat":0,"steps":24,"ms":295,"liveWins":52,"games":93,"wr":0.5591397849462365}
{"g":93,"seed":20719469,"liveWin":false,"liveSeat":1,"steps":22,"ms":347,"liveWins":52,"games":94,"wr":0.5531914893617021}
{"g":94,"seed":20729442,"liveWin":false,"liveSeat":0,"steps":18,"ms":501,"liveWins":52,"games":95,"wr":0.5473684210526316}
{"g":95,"seed":20729442,"liveWin":true,"liveSeat":1,"steps":14,"ms":99,"liveWins":53,"games":96,"wr":0.5520833333333334}
{"g":96,"seed":20739415,"liveWin":false,"liveSeat":0,"steps":21,"ms":190,"liveWins":53,"games":97,"wr":0.5463917525773195}
{"g":97,"seed":20739415,"liveWin":true,"liveSeat":1,"steps":17,"ms":329,"liveWins":54,"games":98,"wr":0.5510204081632653}
{"g":98,"seed":20749388,"liveWin":false,"liveSeat":0,"steps":19,"ms":171,"liveWins":54,"games":99,"wr":0.5454545454545454}
{"g":99,"seed":20749388,"liveWin":true,"liveSeat":1,"steps":19,"ms":336,"liveWins":55,"games":100,"wr":0.55}
=== FINAL ===
{
  "protocol": "fair-hidden-gm-BR-both-equal",
  "infoModel": "hidden",
  "perfectInfo": false,
  "hiddenInfo": true,
  "brBoth": true,
  "equalBudget": true,
  "games": 100,
  "liveWins": 55,
  "freezeWins": 45,
  "liveWinRate": 0.55,
  "seed0": 20260711,
  "ms": 37476,
  "live": {
    "id": "v9.1-probe-mbnest_nopin",
    "stamped": "2026-07-13T02:50:38Z",
    "label": "Grandmaster v9.1-probe mbnest_nopin"
  },
  "freeze": {
    "id": "v9.1",
    "stamped": "2026-07-13T02:50:38Z",
    "label": "Grandmaster v9.1 (ladder freeze)"
  },
  "freezeTag": "v91",
  "challTag": "p_mbnest_nopin",
  "opts": {
    "difficulty": "grandmaster",
    "useSearch": true,
    "perfectInfo": false,
    "hiddenInfo": true,
    "timeMs": 150,
    "iterations": 60,
    "maxSims": 120,
    "brTrials": 12,
    "bestResponse": true,
    "exactExploit": false,
    "exploit": true,
    "softSamples": 4,
    "maxBranch": 12,
    "mode": "auto",
    "strongSelf": false
  },
  "perGame": [
    {
      "seed": 20260711,
      "liveWin": true,
      "liveSeat": 0,
      "steps": 18,
      "ms": 551
    },
    {
      "seed": 20260711,
      "liveWin": false,
      "liveSeat": 1,
      "steps": 18,
      "ms": 774
    },
    {
      "seed": 20270684,
      "liveWin": true,
      "liveSeat": 0,
      "steps": 17,
      "ms": 521
    },
    {
      "seed": 20270684,
      "liveWin": true,
      "liveSeat": 1,
      "steps": 22,
      "ms": 530
    },
    {
      "seed": 20280657,
      "liveWin": true,
      "liveSeat": 0,
      "steps": 20,
      "ms": 351
    },
    {
      "seed": 20280657,
      "liveWin": false,
      "liveSeat": 1,
      "steps": 18,
      "ms": 439
    },
    {
      "seed": 20290630,
      "liveWin": true,
      "liveSeat": 0,
      "steps": 17,
      "ms": 219
    },
    {
      "seed": 20290630,
      "liveWin": true,
      "liveSeat": 1,
      "steps": 20,
      "ms": 213
    },
    {
      "seed": 20300603,
      "liveWin": false,
      "liveSeat": 0,
      "steps": 18,
      "ms": 573
    },
    {
      "seed": 20300603,
      "liveWin": true,
      "liveSeat": 1,
      "steps": 26,
      "ms": 500
    },
    {
      "seed": 20310576,
      "liveWin": true,
      "liveSeat": 0,
      "steps": 25,
      "ms": 658
    },
    {
      "seed": 20310576,
      "liveWin": true,
      "liveSeat": 1,
      "steps": 18,
      "ms": 271
    },
    {
      "seed": 20320549,
      "liveWin": false,
      "liveSeat": 0,
      "steps": 11,
      "ms": 156
    },
    {
      "seed": 20320549,
      "liveWin": true,
      "liveSeat": 1,
      "steps": 11,
      "ms": 200
    },
    {
      "seed": 20330522,
      "liveWin": false,
      "liveSeat": 0,
      "steps": 18,
      "ms": 270
    },
    {
      "seed": 20330522,
      "liveWin": false,
      "liveSeat": 1,
      "steps": 21,
      "ms": 507
    },
    {
      "seed": 20340495,
      "liveWin": false,
      "liveSeat": 0,
      "steps": 20,
      "ms": 273
    },
    {
      "seed": 20340495,
      "liveWin": true,
      "liveSeat": 1,
      "steps": 26,
      "ms": 528
    },
    {
      "seed": 20350468,
      "liveWin": false,
      "liveSeat": 0,
      "steps": 22,
      "ms": 493
    },
    {
      "seed": 20350468,
      "liveWin": true,
      "liveSeat": 1,
      "steps": 24,
      "ms": 526
    },
    {
      "seed": 20360441,
      "liveWin": true,
      "liveSeat": 0,
      "steps": 18,
      "ms": 522
    },
    {
      "seed": 20360441,
      "liveWin": false,
      "liveSeat": 1,
      "steps": 18,
      "ms": 356
    },
    {
      "seed": 20370414,
      "liveWin": true,
      "liveSeat": 0,
      "steps": 18,
      "ms": 228
    },
    {
      "seed": 20370414,
      "liveWin": false,
      "liveSeat": 1,
      "steps": 20,
      "ms": 238
    },
    {
      "seed": 20380387,
      "liveWin": true,
      "liveSeat": 0,
      "steps": 5,
      "ms": 162
    },
    {
      "seed": 20380387,
      "liveWin": true,
      "liveSeat": 1,
      "steps": 16,
      "ms": 183
    },
    {
      "seed": 20390360,
      "liveWin": false,
      "liveSeat": 0,
      "steps": 12,
      "ms": 472
    },
    {
      "seed": 20390360,
      "liveWin": true,
      "liveSeat": 1,
      "steps": 14,
      "ms": 574
    },
    {
      "seed": 20400333,
      "liveWin": false,
      "liveSeat": 0,
      "steps": 18,
      "ms": 385
    },
    {
      "seed": 20400333,
      "liveWin": true,
      "liveSeat": 1,
      "steps": 16,
      "ms": 429
    },
    {
      "seed": 20410306,
      "liveWin": true,
      "liveSeat": 0,
      "steps": 22,
      "ms": 489
    },
    {
      "seed": 20410306,
      "liveWin": true,
      "liveSeat": 1,
      "steps": 11,
      "ms": 255
    },
    {
      "seed": 20420279,
      "liveWin": true,
      "liveSeat": 0,
      "steps": 19,
      "ms": 598
    },
    {
      "seed": 20420279,
      "liveWin": true,
      "liveSeat": 1,
      "steps": 20,
      "ms": 453
    },
    {
      "seed": 20430252,
      "liveWin": true,
      "liveSeat": 0,
      "steps": 7,
      "ms": 283
    },
    {
      "seed": 20430252,
      "liveWin": true,
      "liveSeat": 1,
      "steps": 18,
      "ms": 287
    },
    {
      "seed": 20440225,
      "liveWin": false,
      "liveSeat": 0,
      "steps": 22,
      "ms": 840
    },
    {
      "seed": 20440225,
      "liveWin": true,
      "liveSeat": 1,
      "steps": 26,
      "ms": 728
    },
    {
      "seed": 20450198,
      "liveWin": true,
      "liveSeat": 0,
      "steps": 14,
      "ms": 257
    },
    {
      "seed": 20450198,
      "liveWin": false,
      "liveSeat": 1,
      "steps": 14,
      "ms": 212
    },
    {
      "seed": 20460171,
      "liveWin": false,
      "liveSeat": 0,
      "steps": 19,
      "ms": 104
    },
    {
      "seed": 20460171,
      "liveWin": true,
      "liveSeat": 1,
      "steps": 19,
      "ms": 258
    },
    {
      "seed": 20470144,
      "liveWin": true,
      "liveSeat": 0,
      "steps": 26,
      "ms": 886
    },
    {
      "seed": 20470144,
      "liveWin": true,
      "liveSeat": 1,
      "steps": 17,
      "ms": 712
    },
    {
      "seed": 20480117,
      "liveWin": true,
      "liveSeat": 0,
      "steps": 18,
      "ms": 551
    },
    {
      "seed": 20480117,
      "liveWin": true,
      "liveSeat": 1,
      "steps": 21,
      "ms": 357
    },
    {
      "seed": 20490090,
      "liveWin": false,
      "liveSeat": 0,
      "steps": 19,
      "ms": 541
    },
    {
      "seed": 20490090,
      "liveWin": true,
      "liveSeat": 1,
      "steps": 15,
      "ms": 457
    },
    {
      "seed": 20500063,
      "liveWin": false,
      "liveSeat": 0,
      "steps": 28,
      "ms": 789
    },
    {
      "seed": 20500063,
      "liveWin": false,
      "liveSeat": 1,
      "steps": 17,
      "ms": 340
    },
    {
      "seed": 20510036,
      "liveWin": true,
      "liveSeat": 0,
      "steps": 24,
      "ms": 375
    },
    {
      "seed": 20510036,
      "liveWin": true,
      "liveSeat": 1,
      "steps": 17,
      "ms": 299
    },
    {
      "seed": 20520009,
      "liveWin": false,
      "liveSeat": 0,
      "steps": 22,
      "ms": 388
    },
    {
      "seed": 20520009,
      "liveWin": false,
      "liveSeat": 1,
      "steps": 13,
      "ms": 337
    },
    {
      "seed": 20529982,
      "liveWin": true,
      "liveSeat": 0,
      "steps": 14,
      "ms": 366
    },
    {
      "seed": 20529982,
      "liveWin": false,
      "liveSeat": 1,
      "steps": 10,
      "ms": 524
    },
    {
      "seed": 20539955,
      "liveWin": true,
      "liveSeat": 0,
      "steps": 14,
      "ms": 111
    },
    {
      "seed": 20539955,
      "liveWin": false,
      "liveSeat": 1,
      "steps": 14,
      "ms": 219
    },
    {
      "seed": 20549928,
      "liveWin": false,
      "liveSeat": 0,
      "steps": 10,
      "ms": 256
    },
    {
      "seed": 20549928,
      "liveWin": true,
      "liveSeat": 1,
      "steps": 10,
      "ms": 229
    },
    {
      "seed": 20559901,
      "liveWin": false,
      "liveSeat": 0,
      "steps": 23,
      "ms": 295
    },
    {
      "seed": 20559901,
      "liveWin": true,
      "liveSeat": 1,
      "steps": 23,
      "ms": 170
    },
    {
      "seed": 20569874,
      "liveWin": true,
      "liveSeat": 0,
      "steps": 15,
      "ms": 350
    },
    {
      "seed": 20569874,
      "liveWin": false,
      "liveSeat": 1,
      "steps": 13,
      "ms": 242
    },
    {
      "seed": 20579847,
      "liveWin": true,
      "liveSeat": 0,
      "steps": 17,
      "ms": 565
    },
    {
      "seed": 20579847,
      "liveWin": false,
      "liveSeat": 1,
      "steps": 21,
      "ms": 655
    },
    {
      "seed": 20589820,
      "liveWin": false,
      "liveSeat": 0,
      "steps": 18,
      "ms": 285
    },
    {
      "seed": 20589820,
      "liveWin": false,
      "liveSeat": 1,
      "steps": 13,
      "ms": 408
    },
    {
      "seed": 20599793,
      "liveWin": false,
      "liveSeat": 0,
      "steps": 21,
      "ms": 373
    },
    {
      "seed": 20599793,
      "liveWin": false,
      "liveSeat": 1,
      "steps": 20,
      "ms": 205
    },
    {
      "seed": 20609766,
      "liveWin": false,
      "liveSeat": 0,
      "steps": 25,
      "ms": 464
    },
    {
      "seed": 20609766,
      "liveWin": true,
      "liveSeat": 1,
      "steps": 19,
      "ms": 427
    },
    {
      "seed": 20619739,
      "liveWin": true,
      "liveSeat": 0,
      "steps": 19,
      "ms": 202
    },
    {
      "seed": 20619739,
      "liveWin": false,
      "liveSeat": 1,
      "steps": 19,
      "ms": 138
    },
    {
      "seed": 20629712,
      "liveWin": false,
      "liveSeat": 0,
      "steps": 13,
      "ms": 339
    },
    {
      "seed": 20629712,
      "liveWin": false,
      "liveSeat": 1,
      "steps": 28,
      "ms": 554
    },
    {
      "seed": 20639685,
      "liveWin": false,
      "liveSeat": 0,
      "steps": 18,
      "ms": 495
    },
    {
      "seed": 20639685,
      "liveWin": true,
      "liveSeat": 1,
      "steps": 18,
      "ms": 361
    },
    {
      "seed": 20649658,
      "liveWin": true,
      "liveSeat": 0,
      "steps": 19,
      "ms": 543
    },
    {
      "seed": 20649658,
      "liveWin": false,
      "liveSeat": 1,
      "steps": 25,
      "ms": 325
    },
    {
      "seed": 20659631,
      "liveWin": true,
      "liveSeat": 0,
      "steps": 20,
      "ms": 310
    },
    {
      "seed": 20659631,
      "liveWin": false,
      "liveSeat": 1,
      "steps": 20,
      "ms": 429
    },
    {
      "seed": 20669604,
      "liveWin": false,
      "liveSeat": 0,
      "steps": 12,
      "ms": 199
    },
    {
      "seed": 20669604,
      "liveWin": true,
      "liveSeat": 1,
      "steps": 12,
      "ms": 192
    },
    {
      "seed": 20679577,
      "liveWin": true,
      "liveSeat": 0,
      "steps": 21,
      "ms": 508
    },
    {
      "seed": 20679577,
      "liveWin": true,
      "liveSeat": 1,
      "steps": 18,
      "ms": 123
    },
    {
      "seed": 20689550,
      "liveWin": false,
      "liveSeat": 0,
      "steps": 20,
      "ms": 361
    },
    {
      "seed": 20689550,
      "liveWin": true,
      "liveSeat": 1,
      "steps": 10,
      "ms": 261
    },
    {
      "seed": 20699523,
      "liveWin": false,
      "liveSeat": 0,
      "steps": 12,
      "ms": 255
    },
    {
      "seed": 20699523,
      "liveWin": true,
      "liveSeat": 1,
      "steps": 12,
      "ms": 232
    },
    {
      "seed": 20709496,
      "liveWin": false,
      "liveSeat": 0,
      "steps": 12,
      "ms": 196
    },
    {
      "seed": 20709496,
      "liveWin": true,
      "liveSeat": 1,
      "steps": 12,
      "ms": 107
    },
    {
      "seed": 20719469,
      "liveWin": true,
      "liveSeat": 0,
      "steps": 24,
      "ms": 295
    },
    {
      "seed": 20719469,
      "liveWin": false,
      "liveSeat": 1,
      "steps": 22,
      "ms": 347
    },
    {
      "seed": 20729442,
      "liveWin": false,
      "liveSeat": 0,
      "steps": 18,
      "ms": 501
    },
    {
      "seed": 20729442,
      "liveWin": true,
      "liveSeat": 1,
      "steps": 14,
      "ms": 99
    },
    {
      "seed": 20739415,
      "liveWin": false,
      "liveSeat": 0,
      "steps": 21,
      "ms": 190
    },
    {
      "seed": 20739415,
      "liveWin": true,
      "liveSeat": 1,
      "steps": 17,
      "ms": 329
    },
    {
      "seed": 20749388,
      "liveWin": false,
      "liveSeat": 0,
      "steps": 19,
      "ms": 171
    },
    {
      "seed": 20749388,
      "liveWin": true,
      "liveSeat": 1,
      "steps": 19,
      "ms": 336
    }
  ],
  "lossSeeds": [
    20260711,
    20280657,
    20300603,
    20320549,
    20330522,
    20330522,
    20340495,
    20350468,
    20360441,
    20370414,
    20390360,
    20400333,
    20440225,
    20450198,
    20460171,
    20490090,
    20500063,
    20500063,
    20520009,
    20520009,
    20529982,
    20539955,
    20549928,
    20559901,
    20569874,
    20579847,
    20589820,
    20589820,
    20599793,
    20599793,
    20609766,
    20619739,
    20629712,
    20629712,
    20639685,
    20649658,
    20659631,
    20669604,
    20689550,
    20699523,
    20709496,
    20719469,
    20729442,
    20739415,
    20749388
  ],
  "target": 0.7,
  "passed": false
}
wrote /Users/johnhoang/Developer/Grok/tieng-len/evolve/probe-p_mbnest_nopin-vs-v91-fair-both-n100.json
