{"start":true,"freeze":"v91","chall":"p_mbpin_mint","live":{"id":"v9.1-probe-mbpin_mint","stamped":"2026-07-13T02:50:38Z","label":"Grandmaster v9.1-probe mbpin_mint"},"freezeBuild":{"id":"v9.1","stamped":"2026-07-13T02:50:38Z","label":"Grandmaster v9.1 (ladder freeze)"},"games":25,"seed0":20260711,"protocol":"fair-hidden-gm-BR-both-equal","opts":{"difficulty":"grandmaster","useSearch":true,"perfectInfo":false,"hiddenInfo":true,"timeMs":150,"iterations":60,"maxSims":120,"brTrials":12,"bestResponse":true,"exactExploit":false,"exploit":true,"softSamples":4,"maxBranch":12,"mode":"auto","strongSelf":false}}
{"g":0,"seed":20260711,"liveWin":true,"liveSeat":0,"steps":18,"ms":464,"liveWins":1,"games":1,"wr":1}
{"g":1,"seed":20260711,"liveWin":false,"liveSeat":1,"steps":20,"ms":362,"liveWins":1,"games":2,"wr":0.5}
{"g":2,"seed":20270684,"liveWin":false,"liveSeat":0,"steps":24,"ms":324,"liveWins":1,"games":3,"wr":0.3333333333333333}
{"g":3,"seed":20270684,"liveWin":true,"liveSeat":1,"steps":22,"ms":352,"liveWins":2,"games":4,"wr":0.5}
{"g":4,"seed":20280657,"liveWin":true,"liveSeat":0,"steps":18,"ms":259,"liveWins":3,"games":5,"wr":0.6}
{"g":5,"seed":20280657,"liveWin":true,"liveSeat":1,"steps":19,"ms":248,"liveWins":4,"games":6,"wr":0.6666666666666666}
{"g":6,"seed":20290630,"liveWin":false,"liveSeat":0,"steps":16,"ms":161,"liveWins":4,"games":7,"wr":0.5714285714285714}
{"g":7,"seed":20290630,"liveWin":true,"liveSeat":1,"steps":20,"ms":115,"liveWins":5,"games":8,"wr":0.625}
{"g":8,"seed":20300603,"liveWin":false,"liveSeat":0,"steps":18,"ms":364,"liveWins":5,"games":9,"wr":0.5555555555555556}
{"g":9,"seed":20300603,"liveWin":true,"liveSeat":1,"steps":24,"ms":188,"liveWins":6,"games":10,"wr":0.6}
{"g":10,"seed":20310576,"liveWin":false,"liveSeat":0,"steps":14,"ms":141,"liveWins":6,"games":11,"wr":0.5454545454545454}
{"g":11,"seed":20310576,"liveWin":true,"liveSeat":1,"steps":14,"ms":141,"liveWins":7,"games":12,"wr":0.5833333333333334}
{"g":12,"seed":20320549,"liveWin":false,"liveSeat":0,"steps":11,"ms":116,"liveWins":7,"games":13,"wr":0.5384615384615384}
{"g":13,"seed":20320549,"liveWin":true,"liveSeat":1,"steps":11,"ms":122,"liveWins":8,"games":14,"wr":0.5714285714285714}
{"g":14,"seed":20330522,"liveWin":true,"liveSeat":0,"steps":21,"ms":152,"liveWins":9,"games":15,"wr":0.6}
{"g":15,"seed":20330522,"liveWin":true,"liveSeat":1,"steps":28,"ms":360,"liveWins":10,"games":16,"wr":0.625}
{"g":16,"seed":20340495,"liveWin":false,"liveSeat":0,"steps":20,"ms":194,"liveWins":10,"games":17,"wr":0.5882352941176471}
{"g":17,"seed":20340495,"liveWin":true,"liveSeat":1,"steps":24,"ms":262,"liveWins":11,"games":18,"wr":0.6111111111111112}
{"g":18,"seed":20350468,"liveWin":false,"liveSeat":0,"steps":22,"ms":252,"liveWins":11,"games":19,"wr":0.5789473684210527}
{"g":19,"seed":20350468,"liveWin":true,"liveSeat":1,"steps":24,"ms":411,"liveWins":12,"games":20,"wr":0.6}
{"g":20,"seed":20360441,"liveWin":true,"liveSeat":0,"steps":18,"ms":315,"liveWins":13,"games":21,"wr":0.6190476190476191}
{"g":21,"seed":20360441,"liveWin":false,"liveSeat":1,"steps":18,"ms":186,"liveWins":13,"games":22,"wr":0.5909090909090909}
{"g":22,"seed":20370414,"liveWin":true,"liveSeat":0,"steps":20,"ms":154,"liveWins":14,"games":23,"wr":0.6086956521739131}
{"g":23,"seed":20370414,"liveWin":false,"liveSeat":1,"steps":20,"ms":151,"liveWins":14,"games":24,"wr":0.5833333333333334}
{"g":24,"seed":20380387,"liveWin":false,"liveSeat":0,"steps":16,"ms":376,"liveWins":14,"games":25,"wr":0.56}
{"g":25,"seed":20380387,"liveWin":true,"liveSeat":1,"steps":16,"ms":159,"liveWins":15,"games":26,"wr":0.5769230769230769}
{"g":26,"seed":20390360,"liveWin":false,"liveSeat":0,"steps":12,"ms":411,"liveWins":15,"games":27,"wr":0.5555555555555556}
{"g":27,"seed":20390360,"liveWin":false,"liveSeat":1,"steps":17,"ms":372,"liveWins":15,"games":28,"wr":0.5357142857142857}
{"g":28,"seed":20400333,"liveWin":true,"liveSeat":0,"steps":15,"ms":266,"liveWins":16,"games":29,"wr":0.5517241379310345}
{"g":29,"seed":20400333,"liveWin":true,"liveSeat":1,"steps":20,"ms":495,"liveWins":17,"games":30,"wr":0.5666666666666667}
{"g":30,"seed":20410306,"liveWin":true,"liveSeat":0,"steps":20,"ms":325,"liveWins":18,"games":31,"wr":0.5806451612903226}
{"g":31,"seed":20410306,"liveWin":true,"liveSeat":1,"steps":11,"ms":138,"liveWins":19,"games":32,"wr":0.59375}
{"g":32,"seed":20420279,"liveWin":true,"liveSeat":0,"steps":19,"ms":314,"liveWins":20,"games":33,"wr":0.6060606060606061}
{"g":33,"seed":20420279,"liveWin":true,"liveSeat":1,"steps":20,"ms":319,"liveWins":21,"games":34,"wr":0.6176470588235294}
{"g":34,"seed":20430252,"liveWin":false,"liveSeat":0,"steps":16,"ms":222,"liveWins":21,"games":35,"wr":0.6}
{"g":35,"seed":20430252,"liveWin":true,"liveSeat":1,"steps":16,"ms":218,"liveWins":22,"games":36,"wr":0.6111111111111112}
{"g":36,"seed":20440225,"liveWin":true,"liveSeat":0,"steps":17,"ms":356,"liveWins":23,"games":37,"wr":0.6216216216216216}
{"g":37,"seed":20440225,"liveWin":true,"liveSeat":1,"steps":22,"ms":394,"liveWins":24,"games":38,"wr":0.631578947368421}
{"g":38,"seed":20450198,"liveWin":true,"liveSeat":0,"steps":14,"ms":203,"liveWins":25,"games":39,"wr":0.6410256410256411}
{"g":39,"seed":20450198,"liveWin":false,"liveSeat":1,"steps":16,"ms":299,"liveWins":25,"games":40,"wr":0.625}
{"g":40,"seed":20460171,"liveWin":false,"liveSeat":0,"steps":19,"ms":75,"liveWins":25,"games":41,"wr":0.6097560975609756}
{"g":41,"seed":20460171,"liveWin":true,"liveSeat":1,"steps":19,"ms":74,"liveWins":26,"games":42,"wr":0.6190476190476191}
{"g":42,"seed":20470144,"liveWin":true,"liveSeat":0,"steps":28,"ms":494,"liveWins":27,"games":43,"wr":0.627906976744186}
{"g":43,"seed":20470144,"liveWin":false,"liveSeat":1,"steps":24,"ms":436,"liveWins":27,"games":44,"wr":0.6136363636363636}
{"g":44,"seed":20480117,"liveWin":false,"liveSeat":0,"steps":21,"ms":293,"liveWins":27,"games":45,"wr":0.6}
{"g":45,"seed":20480117,"liveWin":true,"liveSeat":1,"steps":21,"ms":280,"liveWins":28,"games":46,"wr":0.6086956521739131}
{"g":46,"seed":20490090,"liveWin":false,"liveSeat":0,"steps":19,"ms":531,"liveWins":28,"games":47,"wr":0.5957446808510638}
{"g":47,"seed":20490090,"liveWin":true,"liveSeat":1,"steps":17,"ms":470,"liveWins":29,"games":48,"wr":0.6041666666666666}
{"g":48,"seed":20500063,"liveWin":true,"liveSeat":0,"steps":17,"ms":228,"liveWins":30,"games":49,"wr":0.6122448979591837}
{"g":49,"seed":20500063,"liveWin":false,"liveSeat":1,"steps":17,"ms":218,"liveWins":30,"games":50,"wr":0.6}
=== FINAL ===
{
  "protocol": "fair-hidden-gm-BR-both-equal",
  "infoModel": "hidden",
  "perfectInfo": false,
  "hiddenInfo": true,
  "brBoth": true,
  "equalBudget": true,
  "games": 50,
  "liveWins": 30,
  "freezeWins": 20,
  "liveWinRate": 0.6,
  "seed0": 20260711,
  "ms": 13774,
  "live": {
    "id": "v9.1-probe-mbpin_mint",
    "stamped": "2026-07-13T02:50:38Z",
    "label": "Grandmaster v9.1-probe mbpin_mint"
  },
  "freeze": {
    "id": "v9.1",
    "stamped": "2026-07-13T02:50:38Z",
    "label": "Grandmaster v9.1 (ladder freeze)"
  },
  "freezeTag": "v91",
  "challTag": "p_mbpin_mint",
  "opts": {
    "difficulty": "grandmaster",
    "useSearch": true,
    "perfectInfo": false,
    "hiddenInfo": true,
    "timeMs": 150,
    "iterations": 60,
    "maxSims": 120,
    "brTrials": 12,
    "bestResponse": true,
    "exactExploit": false,
    "exploit": true,
    "softSamples": 4,
    "maxBranch": 12,
    "mode": "auto",
    "strongSelf": false
  },
  "perGame": [
    {
      "seed": 20260711,
      "liveWin": true,
      "liveSeat": 0,
      "steps": 18,
      "ms": 464
    },
    {
      "seed": 20260711,
      "liveWin": false,
      "liveSeat": 1,
      "steps": 20,
      "ms": 362
    },
    {
      "seed": 20270684,
      "liveWin": false,
      "liveSeat": 0,
      "steps": 24,
      "ms": 324
    },
    {
      "seed": 20270684,
      "liveWin": true,
      "liveSeat": 1,
      "steps": 22,
      "ms": 352
    },
    {
      "seed": 20280657,
      "liveWin": true,
      "liveSeat": 0,
      "steps": 18,
      "ms": 259
    },
    {
      "seed": 20280657,
      "liveWin": true,
      "liveSeat": 1,
      "steps": 19,
      "ms": 248
    },
    {
      "seed": 20290630,
      "liveWin": false,
      "liveSeat": 0,
      "steps": 16,
      "ms": 161
    },
    {
      "seed": 20290630,
      "liveWin": true,
      "liveSeat": 1,
      "steps": 20,
      "ms": 115
    },
    {
      "seed": 20300603,
      "liveWin": false,
      "liveSeat": 0,
      "steps": 18,
      "ms": 364
    },
    {
      "seed": 20300603,
      "liveWin": true,
      "liveSeat": 1,
      "steps": 24,
      "ms": 188
    },
    {
      "seed": 20310576,
      "liveWin": false,
      "liveSeat": 0,
      "steps": 14,
      "ms": 141
    },
    {
      "seed": 20310576,
      "liveWin": true,
      "liveSeat": 1,
      "steps": 14,
      "ms": 141
    },
    {
      "seed": 20320549,
      "liveWin": false,
      "liveSeat": 0,
      "steps": 11,
      "ms": 116
    },
    {
      "seed": 20320549,
      "liveWin": true,
      "liveSeat": 1,
      "steps": 11,
      "ms": 122
    },
    {
      "seed": 20330522,
      "liveWin": true,
      "liveSeat": 0,
      "steps": 21,
      "ms": 152
    },
    {
      "seed": 20330522,
      "liveWin": true,
      "liveSeat": 1,
      "steps": 28,
      "ms": 360
    },
    {
      "seed": 20340495,
      "liveWin": false,
      "liveSeat": 0,
      "steps": 20,
      "ms": 194
    },
    {
      "seed": 20340495,
      "liveWin": true,
      "liveSeat": 1,
      "steps": 24,
      "ms": 262
    },
    {
      "seed": 20350468,
      "liveWin": false,
      "liveSeat": 0,
      "steps": 22,
      "ms": 252
    },
    {
      "seed": 20350468,
      "liveWin": true,
      "liveSeat": 1,
      "steps": 24,
      "ms": 411
    },
    {
      "seed": 20360441,
      "liveWin": true,
      "liveSeat": 0,
      "steps": 18,
      "ms": 315
    },
    {
      "seed": 20360441,
      "liveWin": false,
      "liveSeat": 1,
      "steps": 18,
      "ms": 186
    },
    {
      "seed": 20370414,
      "liveWin": true,
      "liveSeat": 0,
      "steps": 20,
      "ms": 154
    },
    {
      "seed": 20370414,
      "liveWin": false,
      "liveSeat": 1,
      "steps": 20,
      "ms": 151
    },
    {
      "seed": 20380387,
      "liveWin": false,
      "liveSeat": 0,
      "steps": 16,
      "ms": 376
    },
    {
      "seed": 20380387,
      "liveWin": true,
      "liveSeat": 1,
      "steps": 16,
      "ms": 159
    },
    {
      "seed": 20390360,
      "liveWin": false,
      "liveSeat": 0,
      "steps": 12,
      "ms": 411
    },
    {
      "seed": 20390360,
      "liveWin": false,
      "liveSeat": 1,
      "steps": 17,
      "ms": 372
    },
    {
      "seed": 20400333,
      "liveWin": true,
      "liveSeat": 0,
      "steps": 15,
      "ms": 266
    },
    {
      "seed": 20400333,
      "liveWin": true,
      "liveSeat": 1,
      "steps": 20,
      "ms": 495
    },
    {
      "seed": 20410306,
      "liveWin": true,
      "liveSeat": 0,
      "steps": 20,
      "ms": 325
    },
    {
      "seed": 20410306,
      "liveWin": true,
      "liveSeat": 1,
      "steps": 11,
      "ms": 138
    },
    {
      "seed": 20420279,
      "liveWin": true,
      "liveSeat": 0,
      "steps": 19,
      "ms": 314
    },
    {
      "seed": 20420279,
      "liveWin": true,
      "liveSeat": 1,
      "steps": 20,
      "ms": 319
    },
    {
      "seed": 20430252,
      "liveWin": false,
      "liveSeat": 0,
      "steps": 16,
      "ms": 222
    },
    {
      "seed": 20430252,
      "liveWin": true,
      "liveSeat": 1,
      "steps": 16,
      "ms": 218
    },
    {
      "seed": 20440225,
      "liveWin": true,
      "liveSeat": 0,
      "steps": 17,
      "ms": 356
    },
    {
      "seed": 20440225,
      "liveWin": true,
      "liveSeat": 1,
      "steps": 22,
      "ms": 394
    },
    {
      "seed": 20450198,
      "liveWin": true,
      "liveSeat": 0,
      "steps": 14,
      "ms": 203
    },
    {
      "seed": 20450198,
      "liveWin": false,
      "liveSeat": 1,
      "steps": 16,
      "ms": 299
    },
    {
      "seed": 20460171,
      "liveWin": false,
      "liveSeat": 0,
      "steps": 19,
      "ms": 75
    },
    {
      "seed": 20460171,
      "liveWin": true,
      "liveSeat": 1,
      "steps": 19,
      "ms": 74
    },
    {
      "seed": 20470144,
      "liveWin": true,
      "liveSeat": 0,
      "steps": 28,
      "ms": 494
    },
    {
      "seed": 20470144,
      "liveWin": false,
      "liveSeat": 1,
      "steps": 24,
      "ms": 436
    },
    {
      "seed": 20480117,
      "liveWin": false,
      "liveSeat": 0,
      "steps": 21,
      "ms": 293
    },
    {
      "seed": 20480117,
      "liveWin": true,
      "liveSeat": 1,
      "steps": 21,
      "ms": 280
    },
    {
      "seed": 20490090,
      "liveWin": false,
      "liveSeat": 0,
      "steps": 19,
      "ms": 531
    },
    {
      "seed": 20490090,
      "liveWin": true,
      "liveSeat": 1,
      "steps": 17,
      "ms": 470
    },
    {
      "seed": 20500063,
      "liveWin": true,
      "liveSeat": 0,
      "steps": 17,
      "ms": 228
    },
    {
      "seed": 20500063,
      "liveWin": false,
      "liveSeat": 1,
      "steps": 17,
      "ms": 218
    }
  ],
  "lossSeeds": [
    20260711,
    20270684,
    20290630,
    20300603,
    20310576,
    20320549,
    20340495,
    20350468,
    20360441,
    20370414,
    20380387,
    20390360,
    20390360,
    20430252,
    20450198,
    20460171,
    20470144,
    20480117,
    20490090,
    20500063
  ],
  "target": 0.7,
  "passed": false
}
wrote /Users/johnhoang/Developer/Grok/tieng-len/evolve/probe-p_mbpin_mint-vs-v91-fair-both-n50.json
