{"start":true,"freeze":"v91","chall":"p_mbtwofold","live":{"id":"v9.1-probe-mbtwofold","stamped":"2026-07-13T02:50:38Z","label":"Grandmaster v9.1-probe mbtwofold"},"freezeBuild":{"id":"v9.1","stamped":"2026-07-13T02:50:38Z","label":"Grandmaster v9.1 (ladder freeze)"},"games":25,"seed0":20260712,"protocol":"fair-hidden-gm-BR-both-equal","opts":{"difficulty":"grandmaster","useSearch":true,"perfectInfo":false,"hiddenInfo":true,"timeMs":150,"iterations":60,"maxSims":120,"brTrials":12,"bestResponse":true,"exactExploit":false,"exploit":true,"softSamples":4,"maxBranch":12,"mode":"auto","strongSelf":false}}
{"g":0,"seed":20260712,"liveWin":true,"liveSeat":0,"steps":16,"ms":186,"liveWins":1,"games":1,"wr":1}
{"g":1,"seed":20260712,"liveWin":false,"liveSeat":1,"steps":16,"ms":169,"liveWins":1,"games":2,"wr":0.5}
{"g":2,"seed":20270685,"liveWin":true,"liveSeat":0,"steps":13,"ms":215,"liveWins":2,"games":3,"wr":0.6666666666666666}
{"g":3,"seed":20270685,"liveWin":false,"liveSeat":1,"steps":13,"ms":164,"liveWins":2,"games":4,"wr":0.5}
{"g":4,"seed":20280658,"liveWin":false,"liveSeat":0,"steps":12,"ms":196,"liveWins":2,"games":5,"wr":0.4}
{"g":5,"seed":20280658,"liveWin":true,"liveSeat":1,"steps":18,"ms":201,"liveWins":3,"games":6,"wr":0.5}
{"g":6,"seed":20290631,"liveWin":false,"liveSeat":0,"steps":22,"ms":317,"liveWins":3,"games":7,"wr":0.42857142857142855}
{"g":7,"seed":20290631,"liveWin":true,"liveSeat":1,"steps":18,"ms":312,"liveWins":4,"games":8,"wr":0.5}
{"g":8,"seed":20300604,"liveWin":true,"liveSeat":0,"steps":20,"ms":94,"liveWins":5,"games":9,"wr":0.5555555555555556}
{"g":9,"seed":20300604,"liveWin":false,"liveSeat":1,"steps":20,"ms":89,"liveWins":5,"games":10,"wr":0.5}
{"g":10,"seed":20310577,"liveWin":true,"liveSeat":0,"steps":14,"ms":489,"liveWins":6,"games":11,"wr":0.5454545454545454}
{"g":11,"seed":20310577,"liveWin":true,"liveSeat":1,"steps":21,"ms":482,"liveWins":7,"games":12,"wr":0.5833333333333334}
{"g":12,"seed":20320550,"liveWin":true,"liveSeat":0,"steps":18,"ms":396,"liveWins":8,"games":13,"wr":0.6153846153846154}
{"g":13,"seed":20320550,"liveWin":false,"liveSeat":1,"steps":18,"ms":397,"liveWins":8,"games":14,"wr":0.5714285714285714}
{"g":14,"seed":20330523,"liveWin":true,"liveSeat":0,"steps":21,"ms":228,"liveWins":9,"games":15,"wr":0.6}
{"g":15,"seed":20330523,"liveWin":false,"liveSeat":1,"steps":21,"ms":230,"liveWins":9,"games":16,"wr":0.5625}
{"g":16,"seed":20340496,"liveWin":true,"liveSeat":0,"steps":25,"ms":493,"liveWins":10,"games":17,"wr":0.5882352941176471}
{"g":17,"seed":20340496,"liveWin":false,"liveSeat":1,"steps":23,"ms":256,"liveWins":10,"games":18,"wr":0.5555555555555556}
{"g":18,"seed":20350469,"liveWin":false,"liveSeat":0,"steps":20,"ms":575,"liveWins":10,"games":19,"wr":0.5263157894736842}
{"g":19,"seed":20350469,"liveWin":true,"liveSeat":1,"steps":22,"ms":526,"liveWins":11,"games":20,"wr":0.55}
{"g":20,"seed":20360442,"liveWin":false,"liveSeat":0,"steps":17,"ms":151,"liveWins":11,"games":21,"wr":0.5238095238095238}
{"g":21,"seed":20360442,"liveWin":true,"liveSeat":1,"steps":23,"ms":151,"liveWins":12,"games":22,"wr":0.5454545454545454}
{"g":22,"seed":20370415,"liveWin":false,"liveSeat":0,"steps":21,"ms":214,"liveWins":12,"games":23,"wr":0.5217391304347826}
{"g":23,"seed":20370415,"liveWin":false,"liveSeat":1,"steps":24,"ms":190,"liveWins":12,"games":24,"wr":0.5}
{"g":24,"seed":20380388,"liveWin":true,"liveSeat":0,"steps":16,"ms":201,"liveWins":13,"games":25,"wr":0.52}
{"g":25,"seed":20380388,"liveWin":false,"liveSeat":1,"steps":18,"ms":200,"liveWins":13,"games":26,"wr":0.5}
{"g":26,"seed":20390361,"liveWin":false,"liveSeat":0,"steps":26,"ms":292,"liveWins":13,"games":27,"wr":0.48148148148148145}
{"g":27,"seed":20390361,"liveWin":true,"liveSeat":1,"steps":26,"ms":322,"liveWins":14,"games":28,"wr":0.5}
{"g":28,"seed":20400334,"liveWin":true,"liveSeat":0,"steps":18,"ms":62,"liveWins":15,"games":29,"wr":0.5172413793103449}
{"g":29,"seed":20400334,"liveWin":true,"liveSeat":1,"steps":21,"ms":61,"liveWins":16,"games":30,"wr":0.5333333333333333}
{"g":30,"seed":20410307,"liveWin":false,"liveSeat":0,"steps":16,"ms":276,"liveWins":16,"games":31,"wr":0.5161290322580645}
{"g":31,"seed":20410307,"liveWin":true,"liveSeat":1,"steps":16,"ms":283,"liveWins":17,"games":32,"wr":0.53125}
{"g":32,"seed":20420280,"liveWin":false,"liveSeat":0,"steps":23,"ms":456,"liveWins":17,"games":33,"wr":0.5151515151515151}
{"g":33,"seed":20420280,"liveWin":false,"liveSeat":1,"steps":14,"ms":375,"liveWins":17,"games":34,"wr":0.5}
{"g":34,"seed":20430253,"liveWin":true,"liveSeat":0,"steps":26,"ms":279,"liveWins":18,"games":35,"wr":0.5142857142857142}
{"g":35,"seed":20430253,"liveWin":false,"liveSeat":1,"steps":26,"ms":283,"liveWins":18,"games":36,"wr":0.5}
{"g":36,"seed":20440226,"liveWin":true,"liveSeat":0,"steps":17,"ms":818,"liveWins":19,"games":37,"wr":0.5135135135135135}
{"g":37,"seed":20440226,"liveWin":false,"liveSeat":1,"steps":21,"ms":776,"liveWins":19,"games":38,"wr":0.5}
{"g":38,"seed":20450199,"liveWin":true,"liveSeat":0,"steps":21,"ms":119,"liveWins":20,"games":39,"wr":0.5128205128205128}
{"g":39,"seed":20450199,"liveWin":false,"liveSeat":1,"steps":21,"ms":120,"liveWins":20,"games":40,"wr":0.5}
{"g":40,"seed":20460172,"liveWin":true,"liveSeat":0,"steps":15,"ms":145,"liveWins":21,"games":41,"wr":0.5121951219512195}
{"g":41,"seed":20460172,"liveWin":false,"liveSeat":1,"steps":17,"ms":147,"liveWins":21,"games":42,"wr":0.5}
{"g":42,"seed":20470145,"liveWin":true,"liveSeat":0,"steps":15,"ms":244,"liveWins":22,"games":43,"wr":0.5116279069767442}
{"g":43,"seed":20470145,"liveWin":false,"liveSeat":1,"steps":15,"ms":336,"liveWins":22,"games":44,"wr":0.5}
{"g":44,"seed":20480118,"liveWin":false,"liveSeat":0,"steps":15,"ms":127,"liveWins":22,"games":45,"wr":0.4888888888888889}
{"g":45,"seed":20480118,"liveWin":true,"liveSeat":1,"steps":15,"ms":121,"liveWins":23,"games":46,"wr":0.5}
{"g":46,"seed":20490091,"liveWin":true,"liveSeat":0,"steps":25,"ms":85,"liveWins":24,"games":47,"wr":0.5106382978723404}
{"g":47,"seed":20490091,"liveWin":false,"liveSeat":1,"steps":25,"ms":85,"liveWins":24,"games":48,"wr":0.5}
{"g":48,"seed":20500064,"liveWin":true,"liveSeat":0,"steps":17,"ms":877,"liveWins":25,"games":49,"wr":0.5102040816326531}
{"g":49,"seed":20500064,"liveWin":false,"liveSeat":1,"steps":17,"ms":855,"liveWins":25,"games":50,"wr":0.5}
=== FINAL ===
{
  "protocol": "fair-hidden-gm-BR-both-equal",
  "infoModel": "hidden",
  "perfectInfo": false,
  "hiddenInfo": true,
  "brBoth": true,
  "equalBudget": true,
  "games": 50,
  "liveWins": 25,
  "freezeWins": 25,
  "liveWinRate": 0.5,
  "seed0": 20260712,
  "ms": 14680,
  "live": {
    "id": "v9.1-probe-mbtwofold",
    "stamped": "2026-07-13T02:50:38Z",
    "label": "Grandmaster v9.1-probe mbtwofold"
  },
  "freeze": {
    "id": "v9.1",
    "stamped": "2026-07-13T02:50:38Z",
    "label": "Grandmaster v9.1 (ladder freeze)"
  },
  "freezeTag": "v91",
  "challTag": "p_mbtwofold",
  "opts": {
    "difficulty": "grandmaster",
    "useSearch": true,
    "perfectInfo": false,
    "hiddenInfo": true,
    "timeMs": 150,
    "iterations": 60,
    "maxSims": 120,
    "brTrials": 12,
    "bestResponse": true,
    "exactExploit": false,
    "exploit": true,
    "softSamples": 4,
    "maxBranch": 12,
    "mode": "auto",
    "strongSelf": false
  },
  "perGame": [
    {
      "seed": 20260712,
      "liveWin": true,
      "liveSeat": 0,
      "steps": 16,
      "ms": 186
    },
    {
      "seed": 20260712,
      "liveWin": false,
      "liveSeat": 1,
      "steps": 16,
      "ms": 169
    },
    {
      "seed": 20270685,
      "liveWin": true,
      "liveSeat": 0,
      "steps": 13,
      "ms": 215
    },
    {
      "seed": 20270685,
      "liveWin": false,
      "liveSeat": 1,
      "steps": 13,
      "ms": 164
    },
    {
      "seed": 20280658,
      "liveWin": false,
      "liveSeat": 0,
      "steps": 12,
      "ms": 196
    },
    {
      "seed": 20280658,
      "liveWin": true,
      "liveSeat": 1,
      "steps": 18,
      "ms": 201
    },
    {
      "seed": 20290631,
      "liveWin": false,
      "liveSeat": 0,
      "steps": 22,
      "ms": 317
    },
    {
      "seed": 20290631,
      "liveWin": true,
      "liveSeat": 1,
      "steps": 18,
      "ms": 312
    },
    {
      "seed": 20300604,
      "liveWin": true,
      "liveSeat": 0,
      "steps": 20,
      "ms": 94
    },
    {
      "seed": 20300604,
      "liveWin": false,
      "liveSeat": 1,
      "steps": 20,
      "ms": 89
    },
    {
      "seed": 20310577,
      "liveWin": true,
      "liveSeat": 0,
      "steps": 14,
      "ms": 489
    },
    {
      "seed": 20310577,
      "liveWin": true,
      "liveSeat": 1,
      "steps": 21,
      "ms": 482
    },
    {
      "seed": 20320550,
      "liveWin": true,
      "liveSeat": 0,
      "steps": 18,
      "ms": 396
    },
    {
      "seed": 20320550,
      "liveWin": false,
      "liveSeat": 1,
      "steps": 18,
      "ms": 397
    },
    {
      "seed": 20330523,
      "liveWin": true,
      "liveSeat": 0,
      "steps": 21,
      "ms": 228
    },
    {
      "seed": 20330523,
      "liveWin": false,
      "liveSeat": 1,
      "steps": 21,
      "ms": 230
    },
    {
      "seed": 20340496,
      "liveWin": true,
      "liveSeat": 0,
      "steps": 25,
      "ms": 493
    },
    {
      "seed": 20340496,
      "liveWin": false,
      "liveSeat": 1,
      "steps": 23,
      "ms": 256
    },
    {
      "seed": 20350469,
      "liveWin": false,
      "liveSeat": 0,
      "steps": 20,
      "ms": 575
    },
    {
      "seed": 20350469,
      "liveWin": true,
      "liveSeat": 1,
      "steps": 22,
      "ms": 526
    },
    {
      "seed": 20360442,
      "liveWin": false,
      "liveSeat": 0,
      "steps": 17,
      "ms": 151
    },
    {
      "seed": 20360442,
      "liveWin": true,
      "liveSeat": 1,
      "steps": 23,
      "ms": 151
    },
    {
      "seed": 20370415,
      "liveWin": false,
      "liveSeat": 0,
      "steps": 21,
      "ms": 214
    },
    {
      "seed": 20370415,
      "liveWin": false,
      "liveSeat": 1,
      "steps": 24,
      "ms": 190
    },
    {
      "seed": 20380388,
      "liveWin": true,
      "liveSeat": 0,
      "steps": 16,
      "ms": 201
    },
    {
      "seed": 20380388,
      "liveWin": false,
      "liveSeat": 1,
      "steps": 18,
      "ms": 200
    },
    {
      "seed": 20390361,
      "liveWin": false,
      "liveSeat": 0,
      "steps": 26,
      "ms": 292
    },
    {
      "seed": 20390361,
      "liveWin": true,
      "liveSeat": 1,
      "steps": 26,
      "ms": 322
    },
    {
      "seed": 20400334,
      "liveWin": true,
      "liveSeat": 0,
      "steps": 18,
      "ms": 62
    },
    {
      "seed": 20400334,
      "liveWin": true,
      "liveSeat": 1,
      "steps": 21,
      "ms": 61
    },
    {
      "seed": 20410307,
      "liveWin": false,
      "liveSeat": 0,
      "steps": 16,
      "ms": 276
    },
    {
      "seed": 20410307,
      "liveWin": true,
      "liveSeat": 1,
      "steps": 16,
      "ms": 283
    },
    {
      "seed": 20420280,
      "liveWin": false,
      "liveSeat": 0,
      "steps": 23,
      "ms": 456
    },
    {
      "seed": 20420280,
      "liveWin": false,
      "liveSeat": 1,
      "steps": 14,
      "ms": 375
    },
    {
      "seed": 20430253,
      "liveWin": true,
      "liveSeat": 0,
      "steps": 26,
      "ms": 279
    },
    {
      "seed": 20430253,
      "liveWin": false,
      "liveSeat": 1,
      "steps": 26,
      "ms": 283
    },
    {
      "seed": 20440226,
      "liveWin": true,
      "liveSeat": 0,
      "steps": 17,
      "ms": 818
    },
    {
      "seed": 20440226,
      "liveWin": false,
      "liveSeat": 1,
      "steps": 21,
      "ms": 776
    },
    {
      "seed": 20450199,
      "liveWin": true,
      "liveSeat": 0,
      "steps": 21,
      "ms": 119
    },
    {
      "seed": 20450199,
      "liveWin": false,
      "liveSeat": 1,
      "steps": 21,
      "ms": 120
    },
    {
      "seed": 20460172,
      "liveWin": true,
      "liveSeat": 0,
      "steps": 15,
      "ms": 145
    },
    {
      "seed": 20460172,
      "liveWin": false,
      "liveSeat": 1,
      "steps": 17,
      "ms": 147
    },
    {
      "seed": 20470145,
      "liveWin": true,
      "liveSeat": 0,
      "steps": 15,
      "ms": 244
    },
    {
      "seed": 20470145,
      "liveWin": false,
      "liveSeat": 1,
      "steps": 15,
      "ms": 336
    },
    {
      "seed": 20480118,
      "liveWin": false,
      "liveSeat": 0,
      "steps": 15,
      "ms": 127
    },
    {
      "seed": 20480118,
      "liveWin": true,
      "liveSeat": 1,
      "steps": 15,
      "ms": 121
    },
    {
      "seed": 20490091,
      "liveWin": true,
      "liveSeat": 0,
      "steps": 25,
      "ms": 85
    },
    {
      "seed": 20490091,
      "liveWin": false,
      "liveSeat": 1,
      "steps": 25,
      "ms": 85
    },
    {
      "seed": 20500064,
      "liveWin": true,
      "liveSeat": 0,
      "steps": 17,
      "ms": 877
    },
    {
      "seed": 20500064,
      "liveWin": false,
      "liveSeat": 1,
      "steps": 17,
      "ms": 855
    }
  ],
  "lossSeeds": [
    20260712,
    20270685,
    20280658,
    20290631,
    20300604,
    20320550,
    20330523,
    20340496,
    20350469,
    20360442,
    20370415,
    20370415,
    20380388,
    20390361,
    20410307,
    20420280,
    20420280,
    20430253,
    20440226,
    20450199,
    20460172,
    20470145,
    20480118,
    20490091,
    20500064
  ],
  "target": 0.7,
  "passed": false
}
wrote /Users/johnhoang/Developer/Grok/tieng-len/evolve/probe-p_mbtwofold-vs-v91-fair-both-s12-n50.json
