{"start":true,"freeze":"v91","chall":"p_mb_two_def","live":{"id":"v9.1-probe-mb_two_def","stamped":"2026-07-13T02:50:38Z","label":"Grandmaster v9.1-probe mb_two_def"},"freezeBuild":{"id":"v9.1","stamped":"2026-07-13T02:50:38Z","label":"Grandmaster v9.1 (ladder freeze)"},"games":25,"seed0":20260713,"protocol":"fair-hidden-gm-BR-both-equal","opts":{"difficulty":"grandmaster","useSearch":true,"perfectInfo":false,"hiddenInfo":true,"timeMs":150,"iterations":60,"maxSims":120,"brTrials":12,"bestResponse":true,"exactExploit":false,"exploit":true,"softSamples":4,"maxBranch":12,"mode":"auto","strongSelf":false}}
{"g":0,"seed":20260713,"liveWin":false,"liveSeat":0,"steps":24,"ms":502,"liveWins":0,"games":1,"wr":0}
{"g":1,"seed":20260713,"liveWin":false,"liveSeat":1,"steps":17,"ms":251,"liveWins":0,"games":2,"wr":0}
{"g":2,"seed":20270686,"liveWin":false,"liveSeat":0,"steps":17,"ms":561,"liveWins":0,"games":3,"wr":0}
{"g":3,"seed":20270686,"liveWin":true,"liveSeat":1,"steps":19,"ms":519,"liveWins":1,"games":4,"wr":0.25}
{"g":4,"seed":20280659,"liveWin":true,"liveSeat":0,"steps":21,"ms":186,"liveWins":2,"games":5,"wr":0.4}
{"g":5,"seed":20280659,"liveWin":true,"liveSeat":1,"steps":16,"ms":680,"liveWins":3,"games":6,"wr":0.5}
{"g":6,"seed":20290632,"liveWin":true,"liveSeat":0,"steps":21,"ms":296,"liveWins":4,"games":7,"wr":0.5714285714285714}
{"g":7,"seed":20290632,"liveWin":true,"liveSeat":1,"steps":20,"ms":297,"liveWins":5,"games":8,"wr":0.625}
{"g":8,"seed":20300605,"liveWin":true,"liveSeat":0,"steps":20,"ms":243,"liveWins":6,"games":9,"wr":0.6666666666666666}
{"g":9,"seed":20300605,"liveWin":false,"liveSeat":1,"steps":22,"ms":234,"liveWins":6,"games":10,"wr":0.6}
{"g":10,"seed":20310578,"liveWin":false,"liveSeat":0,"steps":16,"ms":99,"liveWins":6,"games":11,"wr":0.5454545454545454}
{"g":11,"seed":20310578,"liveWin":true,"liveSeat":1,"steps":18,"ms":109,"liveWins":7,"games":12,"wr":0.5833333333333334}
{"g":12,"seed":20320551,"liveWin":false,"liveSeat":0,"steps":25,"ms":161,"liveWins":7,"games":13,"wr":0.5384615384615384}
{"g":13,"seed":20320551,"liveWin":false,"liveSeat":1,"steps":20,"ms":168,"liveWins":7,"games":14,"wr":0.5}
{"g":14,"seed":20330524,"liveWin":false,"liveSeat":0,"steps":19,"ms":243,"liveWins":7,"games":15,"wr":0.4666666666666667}
{"g":15,"seed":20330524,"liveWin":true,"liveSeat":1,"steps":21,"ms":339,"liveWins":8,"games":16,"wr":0.5}
{"g":16,"seed":20340497,"liveWin":true,"liveSeat":0,"steps":22,"ms":878,"liveWins":9,"games":17,"wr":0.5294117647058824}
{"g":17,"seed":20340497,"liveWin":true,"liveSeat":1,"steps":21,"ms":679,"liveWins":10,"games":18,"wr":0.5555555555555556}
{"g":18,"seed":20350470,"liveWin":true,"liveSeat":0,"steps":13,"ms":375,"liveWins":11,"games":19,"wr":0.5789473684210527}
{"g":19,"seed":20350470,"liveWin":true,"liveSeat":1,"steps":24,"ms":344,"liveWins":12,"games":20,"wr":0.6}
{"g":20,"seed":20360443,"liveWin":false,"liveSeat":0,"steps":23,"ms":228,"liveWins":12,"games":21,"wr":0.5714285714285714}
{"g":21,"seed":20360443,"liveWin":false,"liveSeat":1,"steps":22,"ms":184,"liveWins":12,"games":22,"wr":0.5454545454545454}
{"g":22,"seed":20370416,"liveWin":true,"liveSeat":0,"steps":19,"ms":135,"liveWins":13,"games":23,"wr":0.5652173913043478}
{"g":23,"seed":20370416,"liveWin":false,"liveSeat":1,"steps":19,"ms":138,"liveWins":13,"games":24,"wr":0.5416666666666666}
{"g":24,"seed":20380389,"liveWin":true,"liveSeat":0,"steps":14,"ms":103,"liveWins":14,"games":25,"wr":0.56}
{"g":25,"seed":20380389,"liveWin":false,"liveSeat":1,"steps":14,"ms":105,"liveWins":14,"games":26,"wr":0.5384615384615384}
{"g":26,"seed":20390362,"liveWin":false,"liveSeat":0,"steps":16,"ms":204,"liveWins":14,"games":27,"wr":0.5185185185185185}
{"g":27,"seed":20390362,"liveWin":true,"liveSeat":1,"steps":22,"ms":455,"liveWins":15,"games":28,"wr":0.5357142857142857}
{"g":28,"seed":20400335,"liveWin":false,"liveSeat":0,"steps":24,"ms":427,"liveWins":15,"games":29,"wr":0.5172413793103449}
{"g":29,"seed":20400335,"liveWin":true,"liveSeat":1,"steps":24,"ms":173,"liveWins":16,"games":30,"wr":0.5333333333333333}
{"g":30,"seed":20410308,"liveWin":true,"liveSeat":0,"steps":15,"ms":514,"liveWins":17,"games":31,"wr":0.5483870967741935}
{"g":31,"seed":20410308,"liveWin":false,"liveSeat":1,"steps":19,"ms":135,"liveWins":17,"games":32,"wr":0.53125}
{"g":32,"seed":20420281,"liveWin":true,"liveSeat":0,"steps":23,"ms":171,"liveWins":18,"games":33,"wr":0.5454545454545454}
{"g":33,"seed":20420281,"liveWin":false,"liveSeat":1,"steps":27,"ms":148,"liveWins":18,"games":34,"wr":0.5294117647058824}
{"g":34,"seed":20430254,"liveWin":true,"liveSeat":0,"steps":18,"ms":224,"liveWins":19,"games":35,"wr":0.5428571428571428}
{"g":35,"seed":20430254,"liveWin":false,"liveSeat":1,"steps":14,"ms":200,"liveWins":19,"games":36,"wr":0.5277777777777778}
{"g":36,"seed":20440227,"liveWin":false,"liveSeat":0,"steps":20,"ms":418,"liveWins":19,"games":37,"wr":0.5135135135135135}
{"g":37,"seed":20440227,"liveWin":true,"liveSeat":1,"steps":14,"ms":151,"liveWins":20,"games":38,"wr":0.5263157894736842}
{"g":38,"seed":20450200,"liveWin":false,"liveSeat":0,"steps":21,"ms":113,"liveWins":20,"games":39,"wr":0.5128205128205128}
{"g":39,"seed":20450200,"liveWin":true,"liveSeat":1,"steps":13,"ms":141,"liveWins":21,"games":40,"wr":0.525}
{"g":40,"seed":20460173,"liveWin":true,"liveSeat":0,"steps":26,"ms":201,"liveWins":22,"games":41,"wr":0.5365853658536586}
{"g":41,"seed":20460173,"liveWin":true,"liveSeat":1,"steps":21,"ms":320,"liveWins":23,"games":42,"wr":0.5476190476190477}
{"g":42,"seed":20470146,"liveWin":true,"liveSeat":0,"steps":23,"ms":203,"liveWins":24,"games":43,"wr":0.5581395348837209}
{"g":43,"seed":20470146,"liveWin":false,"liveSeat":1,"steps":23,"ms":313,"liveWins":24,"games":44,"wr":0.5454545454545454}
{"g":44,"seed":20480119,"liveWin":true,"liveSeat":0,"steps":23,"ms":817,"liveWins":25,"games":45,"wr":0.5555555555555556}
{"g":45,"seed":20480119,"liveWin":true,"liveSeat":1,"steps":18,"ms":265,"liveWins":26,"games":46,"wr":0.5652173913043478}
{"g":46,"seed":20490092,"liveWin":true,"liveSeat":0,"steps":21,"ms":118,"liveWins":27,"games":47,"wr":0.574468085106383}
{"g":47,"seed":20490092,"liveWin":false,"liveSeat":1,"steps":21,"ms":149,"liveWins":27,"games":48,"wr":0.5625}
{"g":48,"seed":20500065,"liveWin":false,"liveSeat":0,"steps":27,"ms":725,"liveWins":27,"games":49,"wr":0.5510204081632653}
{"g":49,"seed":20500065,"liveWin":false,"liveSeat":1,"steps":22,"ms":643,"liveWins":27,"games":50,"wr":0.54}
=== FINAL ===
{
  "protocol": "fair-hidden-gm-BR-both-equal",
  "infoModel": "hidden",
  "perfectInfo": false,
  "hiddenInfo": true,
  "brBoth": true,
  "equalBudget": true,
  "games": 50,
  "liveWins": 27,
  "freezeWins": 23,
  "liveWinRate": 0.54,
  "seed0": 20260713,
  "ms": 15307,
  "live": {
    "id": "v9.1-probe-mb_two_def",
    "stamped": "2026-07-13T02:50:38Z",
    "label": "Grandmaster v9.1-probe mb_two_def"
  },
  "freeze": {
    "id": "v9.1",
    "stamped": "2026-07-13T02:50:38Z",
    "label": "Grandmaster v9.1 (ladder freeze)"
  },
  "freezeTag": "v91",
  "challTag": "p_mb_two_def",
  "opts": {
    "difficulty": "grandmaster",
    "useSearch": true,
    "perfectInfo": false,
    "hiddenInfo": true,
    "timeMs": 150,
    "iterations": 60,
    "maxSims": 120,
    "brTrials": 12,
    "bestResponse": true,
    "exactExploit": false,
    "exploit": true,
    "softSamples": 4,
    "maxBranch": 12,
    "mode": "auto",
    "strongSelf": false
  },
  "perGame": [
    {
      "seed": 20260713,
      "liveWin": false,
      "liveSeat": 0,
      "steps": 24,
      "ms": 502
    },
    {
      "seed": 20260713,
      "liveWin": false,
      "liveSeat": 1,
      "steps": 17,
      "ms": 251
    },
    {
      "seed": 20270686,
      "liveWin": false,
      "liveSeat": 0,
      "steps": 17,
      "ms": 561
    },
    {
      "seed": 20270686,
      "liveWin": true,
      "liveSeat": 1,
      "steps": 19,
      "ms": 519
    },
    {
      "seed": 20280659,
      "liveWin": true,
      "liveSeat": 0,
      "steps": 21,
      "ms": 186
    },
    {
      "seed": 20280659,
      "liveWin": true,
      "liveSeat": 1,
      "steps": 16,
      "ms": 680
    },
    {
      "seed": 20290632,
      "liveWin": true,
      "liveSeat": 0,
      "steps": 21,
      "ms": 296
    },
    {
      "seed": 20290632,
      "liveWin": true,
      "liveSeat": 1,
      "steps": 20,
      "ms": 297
    },
    {
      "seed": 20300605,
      "liveWin": true,
      "liveSeat": 0,
      "steps": 20,
      "ms": 243
    },
    {
      "seed": 20300605,
      "liveWin": false,
      "liveSeat": 1,
      "steps": 22,
      "ms": 234
    },
    {
      "seed": 20310578,
      "liveWin": false,
      "liveSeat": 0,
      "steps": 16,
      "ms": 99
    },
    {
      "seed": 20310578,
      "liveWin": true,
      "liveSeat": 1,
      "steps": 18,
      "ms": 109
    },
    {
      "seed": 20320551,
      "liveWin": false,
      "liveSeat": 0,
      "steps": 25,
      "ms": 161
    },
    {
      "seed": 20320551,
      "liveWin": false,
      "liveSeat": 1,
      "steps": 20,
      "ms": 168
    },
    {
      "seed": 20330524,
      "liveWin": false,
      "liveSeat": 0,
      "steps": 19,
      "ms": 243
    },
    {
      "seed": 20330524,
      "liveWin": true,
      "liveSeat": 1,
      "steps": 21,
      "ms": 339
    },
    {
      "seed": 20340497,
      "liveWin": true,
      "liveSeat": 0,
      "steps": 22,
      "ms": 878
    },
    {
      "seed": 20340497,
      "liveWin": true,
      "liveSeat": 1,
      "steps": 21,
      "ms": 679
    },
    {
      "seed": 20350470,
      "liveWin": true,
      "liveSeat": 0,
      "steps": 13,
      "ms": 375
    },
    {
      "seed": 20350470,
      "liveWin": true,
      "liveSeat": 1,
      "steps": 24,
      "ms": 344
    },
    {
      "seed": 20360443,
      "liveWin": false,
      "liveSeat": 0,
      "steps": 23,
      "ms": 228
    },
    {
      "seed": 20360443,
      "liveWin": false,
      "liveSeat": 1,
      "steps": 22,
      "ms": 184
    },
    {
      "seed": 20370416,
      "liveWin": true,
      "liveSeat": 0,
      "steps": 19,
      "ms": 135
    },
    {
      "seed": 20370416,
      "liveWin": false,
      "liveSeat": 1,
      "steps": 19,
      "ms": 138
    },
    {
      "seed": 20380389,
      "liveWin": true,
      "liveSeat": 0,
      "steps": 14,
      "ms": 103
    },
    {
      "seed": 20380389,
      "liveWin": false,
      "liveSeat": 1,
      "steps": 14,
      "ms": 105
    },
    {
      "seed": 20390362,
      "liveWin": false,
      "liveSeat": 0,
      "steps": 16,
      "ms": 204
    },
    {
      "seed": 20390362,
      "liveWin": true,
      "liveSeat": 1,
      "steps": 22,
      "ms": 455
    },
    {
      "seed": 20400335,
      "liveWin": false,
      "liveSeat": 0,
      "steps": 24,
      "ms": 427
    },
    {
      "seed": 20400335,
      "liveWin": true,
      "liveSeat": 1,
      "steps": 24,
      "ms": 173
    },
    {
      "seed": 20410308,
      "liveWin": true,
      "liveSeat": 0,
      "steps": 15,
      "ms": 514
    },
    {
      "seed": 20410308,
      "liveWin": false,
      "liveSeat": 1,
      "steps": 19,
      "ms": 135
    },
    {
      "seed": 20420281,
      "liveWin": true,
      "liveSeat": 0,
      "steps": 23,
      "ms": 171
    },
    {
      "seed": 20420281,
      "liveWin": false,
      "liveSeat": 1,
      "steps": 27,
      "ms": 148
    },
    {
      "seed": 20430254,
      "liveWin": true,
      "liveSeat": 0,
      "steps": 18,
      "ms": 224
    },
    {
      "seed": 20430254,
      "liveWin": false,
      "liveSeat": 1,
      "steps": 14,
      "ms": 200
    },
    {
      "seed": 20440227,
      "liveWin": false,
      "liveSeat": 0,
      "steps": 20,
      "ms": 418
    },
    {
      "seed": 20440227,
      "liveWin": true,
      "liveSeat": 1,
      "steps": 14,
      "ms": 151
    },
    {
      "seed": 20450200,
      "liveWin": false,
      "liveSeat": 0,
      "steps": 21,
      "ms": 113
    },
    {
      "seed": 20450200,
      "liveWin": true,
      "liveSeat": 1,
      "steps": 13,
      "ms": 141
    },
    {
      "seed": 20460173,
      "liveWin": true,
      "liveSeat": 0,
      "steps": 26,
      "ms": 201
    },
    {
      "seed": 20460173,
      "liveWin": true,
      "liveSeat": 1,
      "steps": 21,
      "ms": 320
    },
    {
      "seed": 20470146,
      "liveWin": true,
      "liveSeat": 0,
      "steps": 23,
      "ms": 203
    },
    {
      "seed": 20470146,
      "liveWin": false,
      "liveSeat": 1,
      "steps": 23,
      "ms": 313
    },
    {
      "seed": 20480119,
      "liveWin": true,
      "liveSeat": 0,
      "steps": 23,
      "ms": 817
    },
    {
      "seed": 20480119,
      "liveWin": true,
      "liveSeat": 1,
      "steps": 18,
      "ms": 265
    },
    {
      "seed": 20490092,
      "liveWin": true,
      "liveSeat": 0,
      "steps": 21,
      "ms": 118
    },
    {
      "seed": 20490092,
      "liveWin": false,
      "liveSeat": 1,
      "steps": 21,
      "ms": 149
    },
    {
      "seed": 20500065,
      "liveWin": false,
      "liveSeat": 0,
      "steps": 27,
      "ms": 725
    },
    {
      "seed": 20500065,
      "liveWin": false,
      "liveSeat": 1,
      "steps": 22,
      "ms": 643
    }
  ],
  "lossSeeds": [
    20260713,
    20260713,
    20270686,
    20300605,
    20310578,
    20320551,
    20320551,
    20330524,
    20360443,
    20360443,
    20370416,
    20380389,
    20390362,
    20400335,
    20410308,
    20420281,
    20430254,
    20440227,
    20450200,
    20470146,
    20490092,
    20500065,
    20500065
  ],
  "target": 0.7,
  "passed": false
}
wrote /Users/johnhoang/Developer/Grok/tieng-len/evolve/probe-p_mb_two_def-vs-v91-fair-both-s13-n50.json
