{"start":true,"freeze":"v91","chall":"p_mbtwopair","live":{"id":"v9.1-probe-mbtwopair","stamped":"2026-07-13T02:50:38Z","label":"Grandmaster v9.1-probe mbtwopair"},"freezeBuild":{"id":"v9.1","stamped":"2026-07-13T02:50:38Z","label":"Grandmaster v9.1 (ladder freeze)"},"games":25,"seed0":20260712,"protocol":"fair-hidden-gm-BR-both-equal","opts":{"difficulty":"grandmaster","useSearch":true,"perfectInfo":false,"hiddenInfo":true,"timeMs":150,"iterations":60,"maxSims":120,"brTrials":12,"bestResponse":true,"exactExploit":false,"exploit":true,"softSamples":4,"maxBranch":12,"mode":"auto","strongSelf":false}}
{"g":0,"seed":20260712,"liveWin":true,"liveSeat":0,"steps":16,"ms":182,"liveWins":1,"games":1,"wr":1}
{"g":1,"seed":20260712,"liveWin":false,"liveSeat":1,"steps":16,"ms":166,"liveWins":1,"games":2,"wr":0.5}
{"g":2,"seed":20270685,"liveWin":true,"liveSeat":0,"steps":13,"ms":207,"liveWins":2,"games":3,"wr":0.6666666666666666}
{"g":3,"seed":20270685,"liveWin":false,"liveSeat":1,"steps":13,"ms":156,"liveWins":2,"games":4,"wr":0.5}
{"g":4,"seed":20280658,"liveWin":false,"liveSeat":0,"steps":12,"ms":189,"liveWins":2,"games":5,"wr":0.4}
{"g":5,"seed":20280658,"liveWin":true,"liveSeat":1,"steps":18,"ms":196,"liveWins":3,"games":6,"wr":0.5}
{"g":6,"seed":20290631,"liveWin":false,"liveSeat":0,"steps":22,"ms":305,"liveWins":3,"games":7,"wr":0.42857142857142855}
{"g":7,"seed":20290631,"liveWin":true,"liveSeat":1,"steps":18,"ms":301,"liveWins":4,"games":8,"wr":0.5}
{"g":8,"seed":20300604,"liveWin":true,"liveSeat":0,"steps":20,"ms":97,"liveWins":5,"games":9,"wr":0.5555555555555556}
{"g":9,"seed":20300604,"liveWin":false,"liveSeat":1,"steps":20,"ms":90,"liveWins":5,"games":10,"wr":0.5}
{"g":10,"seed":20310577,"liveWin":false,"liveSeat":0,"steps":21,"ms":517,"liveWins":5,"games":11,"wr":0.45454545454545453}
{"g":11,"seed":20310577,"liveWin":true,"liveSeat":1,"steps":21,"ms":473,"liveWins":6,"games":12,"wr":0.5}
{"g":12,"seed":20320550,"liveWin":true,"liveSeat":0,"steps":18,"ms":382,"liveWins":7,"games":13,"wr":0.5384615384615384}
{"g":13,"seed":20320550,"liveWin":false,"liveSeat":1,"steps":18,"ms":374,"liveWins":7,"games":14,"wr":0.5}
{"g":14,"seed":20330523,"liveWin":true,"liveSeat":0,"steps":21,"ms":222,"liveWins":8,"games":15,"wr":0.5333333333333333}
{"g":15,"seed":20330523,"liveWin":false,"liveSeat":1,"steps":21,"ms":224,"liveWins":8,"games":16,"wr":0.5}
{"g":16,"seed":20340496,"liveWin":true,"liveSeat":0,"steps":25,"ms":477,"liveWins":9,"games":17,"wr":0.5294117647058824}
{"g":17,"seed":20340496,"liveWin":false,"liveSeat":1,"steps":23,"ms":245,"liveWins":9,"games":18,"wr":0.5}
{"g":18,"seed":20350469,"liveWin":false,"liveSeat":0,"steps":20,"ms":551,"liveWins":9,"games":19,"wr":0.47368421052631576}
{"g":19,"seed":20350469,"liveWin":true,"liveSeat":1,"steps":22,"ms":501,"liveWins":10,"games":20,"wr":0.5}
{"g":20,"seed":20360442,"liveWin":false,"liveSeat":0,"steps":17,"ms":147,"liveWins":10,"games":21,"wr":0.47619047619047616}
{"g":21,"seed":20360442,"liveWin":true,"liveSeat":1,"steps":23,"ms":148,"liveWins":11,"games":22,"wr":0.5}
{"g":22,"seed":20370415,"liveWin":false,"liveSeat":0,"steps":21,"ms":206,"liveWins":11,"games":23,"wr":0.4782608695652174}
{"g":23,"seed":20370415,"liveWin":false,"liveSeat":1,"steps":24,"ms":186,"liveWins":11,"games":24,"wr":0.4583333333333333}
{"g":24,"seed":20380388,"liveWin":true,"liveSeat":0,"steps":16,"ms":194,"liveWins":12,"games":25,"wr":0.48}
{"g":25,"seed":20380388,"liveWin":false,"liveSeat":1,"steps":18,"ms":194,"liveWins":12,"games":26,"wr":0.46153846153846156}
{"g":26,"seed":20390361,"liveWin":false,"liveSeat":0,"steps":26,"ms":283,"liveWins":12,"games":27,"wr":0.4444444444444444}
{"g":27,"seed":20390361,"liveWin":true,"liveSeat":1,"steps":22,"ms":270,"liveWins":13,"games":28,"wr":0.4642857142857143}
{"g":28,"seed":20400334,"liveWin":true,"liveSeat":0,"steps":18,"ms":62,"liveWins":14,"games":29,"wr":0.4827586206896552}
{"g":29,"seed":20400334,"liveWin":true,"liveSeat":1,"steps":21,"ms":56,"liveWins":15,"games":30,"wr":0.5}
{"g":30,"seed":20410307,"liveWin":false,"liveSeat":0,"steps":16,"ms":267,"liveWins":15,"games":31,"wr":0.4838709677419355}
{"g":31,"seed":20410307,"liveWin":true,"liveSeat":1,"steps":16,"ms":268,"liveWins":16,"games":32,"wr":0.5}
{"g":32,"seed":20420280,"liveWin":false,"liveSeat":0,"steps":23,"ms":444,"liveWins":16,"games":33,"wr":0.48484848484848486}
{"g":33,"seed":20420280,"liveWin":false,"liveSeat":1,"steps":14,"ms":362,"liveWins":16,"games":34,"wr":0.47058823529411764}
{"g":34,"seed":20430253,"liveWin":true,"liveSeat":0,"steps":26,"ms":270,"liveWins":17,"games":35,"wr":0.4857142857142857}
{"g":35,"seed":20430253,"liveWin":false,"liveSeat":1,"steps":26,"ms":262,"liveWins":17,"games":36,"wr":0.4722222222222222}
{"g":36,"seed":20440226,"liveWin":true,"liveSeat":0,"steps":17,"ms":787,"liveWins":18,"games":37,"wr":0.4864864864864865}
{"g":37,"seed":20440226,"liveWin":true,"liveSeat":1,"steps":18,"ms":910,"liveWins":19,"games":38,"wr":0.5}
{"g":38,"seed":20450199,"liveWin":true,"liveSeat":0,"steps":21,"ms":115,"liveWins":20,"games":39,"wr":0.5128205128205128}
{"g":39,"seed":20450199,"liveWin":false,"liveSeat":1,"steps":21,"ms":114,"liveWins":20,"games":40,"wr":0.5}
{"g":40,"seed":20460172,"liveWin":true,"liveSeat":0,"steps":15,"ms":139,"liveWins":21,"games":41,"wr":0.5121951219512195}
{"g":41,"seed":20460172,"liveWin":false,"liveSeat":1,"steps":17,"ms":141,"liveWins":21,"games":42,"wr":0.5}
{"g":42,"seed":20470145,"liveWin":true,"liveSeat":0,"steps":15,"ms":235,"liveWins":22,"games":43,"wr":0.5116279069767442}
{"g":43,"seed":20470145,"liveWin":false,"liveSeat":1,"steps":15,"ms":324,"liveWins":22,"games":44,"wr":0.5}
{"g":44,"seed":20480118,"liveWin":false,"liveSeat":0,"steps":15,"ms":123,"liveWins":22,"games":45,"wr":0.4888888888888889}
{"g":45,"seed":20480118,"liveWin":true,"liveSeat":1,"steps":15,"ms":117,"liveWins":23,"games":46,"wr":0.5}
{"g":46,"seed":20490091,"liveWin":true,"liveSeat":0,"steps":25,"ms":84,"liveWins":24,"games":47,"wr":0.5106382978723404}
{"g":47,"seed":20490091,"liveWin":false,"liveSeat":1,"steps":25,"ms":84,"liveWins":24,"games":48,"wr":0.5}
{"g":48,"seed":20500064,"liveWin":true,"liveSeat":0,"steps":17,"ms":874,"liveWins":25,"games":49,"wr":0.5102040816326531}
{"g":49,"seed":20500064,"liveWin":false,"liveSeat":1,"steps":17,"ms":830,"liveWins":25,"games":50,"wr":0.5}
=== FINAL ===
{
  "protocol": "fair-hidden-gm-BR-both-equal",
  "infoModel": "hidden",
  "perfectInfo": false,
  "hiddenInfo": true,
  "brBoth": true,
  "equalBudget": true,
  "games": 50,
  "liveWins": 25,
  "freezeWins": 25,
  "liveWinRate": 0.5,
  "seed0": 20260712,
  "ms": 14370,
  "live": {
    "id": "v9.1-probe-mbtwopair",
    "stamped": "2026-07-13T02:50:38Z",
    "label": "Grandmaster v9.1-probe mbtwopair"
  },
  "freeze": {
    "id": "v9.1",
    "stamped": "2026-07-13T02:50:38Z",
    "label": "Grandmaster v9.1 (ladder freeze)"
  },
  "freezeTag": "v91",
  "challTag": "p_mbtwopair",
  "opts": {
    "difficulty": "grandmaster",
    "useSearch": true,
    "perfectInfo": false,
    "hiddenInfo": true,
    "timeMs": 150,
    "iterations": 60,
    "maxSims": 120,
    "brTrials": 12,
    "bestResponse": true,
    "exactExploit": false,
    "exploit": true,
    "softSamples": 4,
    "maxBranch": 12,
    "mode": "auto",
    "strongSelf": false
  },
  "perGame": [
    {
      "seed": 20260712,
      "liveWin": true,
      "liveSeat": 0,
      "steps": 16,
      "ms": 182
    },
    {
      "seed": 20260712,
      "liveWin": false,
      "liveSeat": 1,
      "steps": 16,
      "ms": 166
    },
    {
      "seed": 20270685,
      "liveWin": true,
      "liveSeat": 0,
      "steps": 13,
      "ms": 207
    },
    {
      "seed": 20270685,
      "liveWin": false,
      "liveSeat": 1,
      "steps": 13,
      "ms": 156
    },
    {
      "seed": 20280658,
      "liveWin": false,
      "liveSeat": 0,
      "steps": 12,
      "ms": 189
    },
    {
      "seed": 20280658,
      "liveWin": true,
      "liveSeat": 1,
      "steps": 18,
      "ms": 196
    },
    {
      "seed": 20290631,
      "liveWin": false,
      "liveSeat": 0,
      "steps": 22,
      "ms": 305
    },
    {
      "seed": 20290631,
      "liveWin": true,
      "liveSeat": 1,
      "steps": 18,
      "ms": 301
    },
    {
      "seed": 20300604,
      "liveWin": true,
      "liveSeat": 0,
      "steps": 20,
      "ms": 97
    },
    {
      "seed": 20300604,
      "liveWin": false,
      "liveSeat": 1,
      "steps": 20,
      "ms": 90
    },
    {
      "seed": 20310577,
      "liveWin": false,
      "liveSeat": 0,
      "steps": 21,
      "ms": 517
    },
    {
      "seed": 20310577,
      "liveWin": true,
      "liveSeat": 1,
      "steps": 21,
      "ms": 473
    },
    {
      "seed": 20320550,
      "liveWin": true,
      "liveSeat": 0,
      "steps": 18,
      "ms": 382
    },
    {
      "seed": 20320550,
      "liveWin": false,
      "liveSeat": 1,
      "steps": 18,
      "ms": 374
    },
    {
      "seed": 20330523,
      "liveWin": true,
      "liveSeat": 0,
      "steps": 21,
      "ms": 222
    },
    {
      "seed": 20330523,
      "liveWin": false,
      "liveSeat": 1,
      "steps": 21,
      "ms": 224
    },
    {
      "seed": 20340496,
      "liveWin": true,
      "liveSeat": 0,
      "steps": 25,
      "ms": 477
    },
    {
      "seed": 20340496,
      "liveWin": false,
      "liveSeat": 1,
      "steps": 23,
      "ms": 245
    },
    {
      "seed": 20350469,
      "liveWin": false,
      "liveSeat": 0,
      "steps": 20,
      "ms": 551
    },
    {
      "seed": 20350469,
      "liveWin": true,
      "liveSeat": 1,
      "steps": 22,
      "ms": 501
    },
    {
      "seed": 20360442,
      "liveWin": false,
      "liveSeat": 0,
      "steps": 17,
      "ms": 147
    },
    {
      "seed": 20360442,
      "liveWin": true,
      "liveSeat": 1,
      "steps": 23,
      "ms": 148
    },
    {
      "seed": 20370415,
      "liveWin": false,
      "liveSeat": 0,
      "steps": 21,
      "ms": 206
    },
    {
      "seed": 20370415,
      "liveWin": false,
      "liveSeat": 1,
      "steps": 24,
      "ms": 186
    },
    {
      "seed": 20380388,
      "liveWin": true,
      "liveSeat": 0,
      "steps": 16,
      "ms": 194
    },
    {
      "seed": 20380388,
      "liveWin": false,
      "liveSeat": 1,
      "steps": 18,
      "ms": 194
    },
    {
      "seed": 20390361,
      "liveWin": false,
      "liveSeat": 0,
      "steps": 26,
      "ms": 283
    },
    {
      "seed": 20390361,
      "liveWin": true,
      "liveSeat": 1,
      "steps": 22,
      "ms": 270
    },
    {
      "seed": 20400334,
      "liveWin": true,
      "liveSeat": 0,
      "steps": 18,
      "ms": 62
    },
    {
      "seed": 20400334,
      "liveWin": true,
      "liveSeat": 1,
      "steps": 21,
      "ms": 56
    },
    {
      "seed": 20410307,
      "liveWin": false,
      "liveSeat": 0,
      "steps": 16,
      "ms": 267
    },
    {
      "seed": 20410307,
      "liveWin": true,
      "liveSeat": 1,
      "steps": 16,
      "ms": 268
    },
    {
      "seed": 20420280,
      "liveWin": false,
      "liveSeat": 0,
      "steps": 23,
      "ms": 444
    },
    {
      "seed": 20420280,
      "liveWin": false,
      "liveSeat": 1,
      "steps": 14,
      "ms": 362
    },
    {
      "seed": 20430253,
      "liveWin": true,
      "liveSeat": 0,
      "steps": 26,
      "ms": 270
    },
    {
      "seed": 20430253,
      "liveWin": false,
      "liveSeat": 1,
      "steps": 26,
      "ms": 262
    },
    {
      "seed": 20440226,
      "liveWin": true,
      "liveSeat": 0,
      "steps": 17,
      "ms": 787
    },
    {
      "seed": 20440226,
      "liveWin": true,
      "liveSeat": 1,
      "steps": 18,
      "ms": 910
    },
    {
      "seed": 20450199,
      "liveWin": true,
      "liveSeat": 0,
      "steps": 21,
      "ms": 115
    },
    {
      "seed": 20450199,
      "liveWin": false,
      "liveSeat": 1,
      "steps": 21,
      "ms": 114
    },
    {
      "seed": 20460172,
      "liveWin": true,
      "liveSeat": 0,
      "steps": 15,
      "ms": 139
    },
    {
      "seed": 20460172,
      "liveWin": false,
      "liveSeat": 1,
      "steps": 17,
      "ms": 141
    },
    {
      "seed": 20470145,
      "liveWin": true,
      "liveSeat": 0,
      "steps": 15,
      "ms": 235
    },
    {
      "seed": 20470145,
      "liveWin": false,
      "liveSeat": 1,
      "steps": 15,
      "ms": 324
    },
    {
      "seed": 20480118,
      "liveWin": false,
      "liveSeat": 0,
      "steps": 15,
      "ms": 123
    },
    {
      "seed": 20480118,
      "liveWin": true,
      "liveSeat": 1,
      "steps": 15,
      "ms": 117
    },
    {
      "seed": 20490091,
      "liveWin": true,
      "liveSeat": 0,
      "steps": 25,
      "ms": 84
    },
    {
      "seed": 20490091,
      "liveWin": false,
      "liveSeat": 1,
      "steps": 25,
      "ms": 84
    },
    {
      "seed": 20500064,
      "liveWin": true,
      "liveSeat": 0,
      "steps": 17,
      "ms": 874
    },
    {
      "seed": 20500064,
      "liveWin": false,
      "liveSeat": 1,
      "steps": 17,
      "ms": 830
    }
  ],
  "lossSeeds": [
    20260712,
    20270685,
    20280658,
    20290631,
    20300604,
    20310577,
    20320550,
    20330523,
    20340496,
    20350469,
    20360442,
    20370415,
    20370415,
    20380388,
    20390361,
    20410307,
    20420280,
    20420280,
    20430253,
    20450199,
    20460172,
    20470145,
    20480118,
    20490091,
    20500064
  ],
  "target": 0.7,
  "passed": false
}
wrote /Users/johnhoang/Developer/Grok/tieng-len/evolve/probe-p_mbtwopair-vs-v91-fair-both-s12-n50.json
