{"start":true,"freeze":"v91","chall":"p_mbpin","live":{"id":"v9.1-probe-mbpin","stamped":"2026-07-13T02:50:38Z","label":"Grandmaster v9.1-probe mbpin"},"freezeBuild":{"id":"v9.1","stamped":"2026-07-13T02:50:38Z","label":"Grandmaster v9.1 (ladder freeze)"},"games":25,"seed0":20260713,"protocol":"fair-hidden-gm-BR-both-equal","opts":{"difficulty":"grandmaster","useSearch":true,"perfectInfo":false,"hiddenInfo":true,"timeMs":150,"iterations":60,"maxSims":120,"brTrials":12,"bestResponse":true,"exactExploit":false,"exploit":true,"softSamples":4,"maxBranch":12,"mode":"auto","strongSelf":false}}
{"g":0,"seed":20260713,"liveWin":true,"liveSeat":0,"steps":17,"ms":277,"liveWins":1,"games":1,"wr":1}
{"g":1,"seed":20260713,"liveWin":false,"liveSeat":1,"steps":17,"ms":263,"liveWins":1,"games":2,"wr":0.5}
{"g":2,"seed":20270686,"liveWin":false,"liveSeat":0,"steps":17,"ms":462,"liveWins":1,"games":3,"wr":0.3333333333333333}
{"g":3,"seed":20270686,"liveWin":true,"liveSeat":1,"steps":19,"ms":371,"liveWins":2,"games":4,"wr":0.5}
{"g":4,"seed":20280659,"liveWin":true,"liveSeat":0,"steps":21,"ms":377,"liveWins":3,"games":5,"wr":0.6}
{"g":5,"seed":20280659,"liveWin":true,"liveSeat":1,"steps":22,"ms":577,"liveWins":4,"games":6,"wr":0.6666666666666666}
{"g":6,"seed":20290632,"liveWin":true,"liveSeat":0,"steps":23,"ms":203,"liveWins":5,"games":7,"wr":0.7142857142857143}
{"g":7,"seed":20290632,"liveWin":true,"liveSeat":1,"steps":20,"ms":238,"liveWins":6,"games":8,"wr":0.75}
{"g":8,"seed":20300605,"liveWin":true,"liveSeat":0,"steps":22,"ms":214,"liveWins":7,"games":9,"wr":0.7777777777777778}
{"g":9,"seed":20300605,"liveWin":false,"liveSeat":1,"steps":22,"ms":209,"liveWins":7,"games":10,"wr":0.7}
{"g":10,"seed":20310578,"liveWin":false,"liveSeat":0,"steps":18,"ms":81,"liveWins":7,"games":11,"wr":0.6363636363636364}
{"g":11,"seed":20310578,"liveWin":true,"liveSeat":1,"steps":18,"ms":63,"liveWins":8,"games":12,"wr":0.6666666666666666}
{"g":12,"seed":20320551,"liveWin":true,"liveSeat":0,"steps":20,"ms":135,"liveWins":9,"games":13,"wr":0.6923076923076923}
{"g":13,"seed":20320551,"liveWin":false,"liveSeat":1,"steps":20,"ms":131,"liveWins":9,"games":14,"wr":0.6428571428571429}
{"g":14,"seed":20330524,"liveWin":false,"liveSeat":0,"steps":19,"ms":198,"liveWins":9,"games":15,"wr":0.6}
{"g":15,"seed":20330524,"liveWin":true,"liveSeat":1,"steps":19,"ms":208,"liveWins":10,"games":16,"wr":0.625}
{"g":16,"seed":20340497,"liveWin":false,"liveSeat":0,"steps":21,"ms":613,"liveWins":10,"games":17,"wr":0.5882352941176471}
{"g":17,"seed":20340497,"liveWin":true,"liveSeat":1,"steps":21,"ms":617,"liveWins":11,"games":18,"wr":0.6111111111111112}
{"g":18,"seed":20350470,"liveWin":true,"liveSeat":0,"steps":17,"ms":295,"liveWins":12,"games":19,"wr":0.631578947368421}
{"g":19,"seed":20350470,"liveWin":true,"liveSeat":1,"steps":24,"ms":275,"liveWins":13,"games":20,"wr":0.65}
{"g":20,"seed":20360443,"liveWin":true,"liveSeat":0,"steps":22,"ms":143,"liveWins":14,"games":21,"wr":0.6666666666666666}
{"g":21,"seed":20360443,"liveWin":false,"liveSeat":1,"steps":14,"ms":138,"liveWins":14,"games":22,"wr":0.6363636363636364}
{"g":22,"seed":20370416,"liveWin":false,"liveSeat":0,"steps":20,"ms":171,"liveWins":14,"games":23,"wr":0.6086956521739131}
{"g":23,"seed":20370416,"liveWin":false,"liveSeat":1,"steps":19,"ms":104,"liveWins":14,"games":24,"wr":0.5833333333333334}
{"g":24,"seed":20380389,"liveWin":true,"liveSeat":0,"steps":14,"ms":79,"liveWins":15,"games":25,"wr":0.6}
{"g":25,"seed":20380389,"liveWin":false,"liveSeat":1,"steps":16,"ms":205,"liveWins":15,"games":26,"wr":0.5769230769230769}
{"g":26,"seed":20390362,"liveWin":false,"liveSeat":0,"steps":16,"ms":156,"liveWins":15,"games":27,"wr":0.5555555555555556}
{"g":27,"seed":20390362,"liveWin":true,"liveSeat":1,"steps":16,"ms":157,"liveWins":16,"games":28,"wr":0.5714285714285714}
{"g":28,"seed":20400335,"liveWin":false,"liveSeat":0,"steps":24,"ms":131,"liveWins":16,"games":29,"wr":0.5517241379310345}
{"g":29,"seed":20400335,"liveWin":true,"liveSeat":1,"steps":24,"ms":139,"liveWins":17,"games":30,"wr":0.5666666666666667}
{"g":30,"seed":20410308,"liveWin":true,"liveSeat":0,"steps":19,"ms":111,"liveWins":18,"games":31,"wr":0.5806451612903226}
{"g":31,"seed":20410308,"liveWin":false,"liveSeat":1,"steps":19,"ms":111,"liveWins":18,"games":32,"wr":0.5625}
{"g":32,"seed":20420281,"liveWin":true,"liveSeat":0,"steps":23,"ms":138,"liveWins":19,"games":33,"wr":0.5757575757575758}
{"g":33,"seed":20420281,"liveWin":false,"liveSeat":1,"steps":27,"ms":115,"liveWins":19,"games":34,"wr":0.5588235294117647}
{"g":34,"seed":20430254,"liveWin":true,"liveSeat":0,"steps":18,"ms":197,"liveWins":20,"games":35,"wr":0.5714285714285714}
{"g":35,"seed":20430254,"liveWin":false,"liveSeat":1,"steps":14,"ms":159,"liveWins":20,"games":36,"wr":0.5555555555555556}
{"g":36,"seed":20440227,"liveWin":false,"liveSeat":0,"steps":14,"ms":105,"liveWins":20,"games":37,"wr":0.5405405405405406}
{"g":37,"seed":20440227,"liveWin":true,"liveSeat":1,"steps":14,"ms":111,"liveWins":21,"games":38,"wr":0.5526315789473685}
{"g":38,"seed":20450200,"liveWin":false,"liveSeat":0,"steps":13,"ms":118,"liveWins":21,"games":39,"wr":0.5384615384615384}
{"g":39,"seed":20450200,"liveWin":true,"liveSeat":1,"steps":13,"ms":116,"liveWins":22,"games":40,"wr":0.55}
{"g":40,"seed":20460173,"liveWin":true,"liveSeat":0,"steps":22,"ms":167,"liveWins":23,"games":41,"wr":0.5609756097560976}
{"g":41,"seed":20460173,"liveWin":false,"liveSeat":1,"steps":18,"ms":205,"liveWins":23,"games":42,"wr":0.5476190476190477}
{"g":42,"seed":20470146,"liveWin":true,"liveSeat":0,"steps":25,"ms":169,"liveWins":24,"games":43,"wr":0.5581395348837209}
{"g":43,"seed":20470146,"liveWin":false,"liveSeat":1,"steps":23,"ms":220,"liveWins":24,"games":44,"wr":0.5454545454545454}
{"g":44,"seed":20480119,"liveWin":false,"liveSeat":0,"steps":18,"ms":215,"liveWins":24,"games":45,"wr":0.5333333333333333}
{"g":45,"seed":20480119,"liveWin":true,"liveSeat":1,"steps":18,"ms":206,"liveWins":25,"games":46,"wr":0.5434782608695652}
{"g":46,"seed":20490092,"liveWin":true,"liveSeat":0,"steps":21,"ms":98,"liveWins":26,"games":47,"wr":0.5531914893617021}
{"g":47,"seed":20490092,"liveWin":false,"liveSeat":1,"steps":23,"ms":87,"liveWins":26,"games":48,"wr":0.5416666666666666}
{"g":48,"seed":20500065,"liveWin":false,"liveSeat":0,"steps":25,"ms":547,"liveWins":26,"games":49,"wr":0.5306122448979592}
{"g":49,"seed":20500065,"liveWin":true,"liveSeat":1,"steps":17,"ms":509,"liveWins":27,"games":50,"wr":0.54}
=== FINAL ===
{
  "protocol": "fair-hidden-gm-BR-both-equal",
  "infoModel": "hidden",
  "perfectInfo": false,
  "hiddenInfo": true,
  "brBoth": true,
  "equalBudget": true,
  "games": 50,
  "liveWins": 27,
  "freezeWins": 23,
  "liveWinRate": 0.54,
  "seed0": 20260713,
  "ms": 10955,
  "live": {
    "id": "v9.1-probe-mbpin",
    "stamped": "2026-07-13T02:50:38Z",
    "label": "Grandmaster v9.1-probe mbpin"
  },
  "freeze": {
    "id": "v9.1",
    "stamped": "2026-07-13T02:50:38Z",
    "label": "Grandmaster v9.1 (ladder freeze)"
  },
  "freezeTag": "v91",
  "challTag": "p_mbpin",
  "opts": {
    "difficulty": "grandmaster",
    "useSearch": true,
    "perfectInfo": false,
    "hiddenInfo": true,
    "timeMs": 150,
    "iterations": 60,
    "maxSims": 120,
    "brTrials": 12,
    "bestResponse": true,
    "exactExploit": false,
    "exploit": true,
    "softSamples": 4,
    "maxBranch": 12,
    "mode": "auto",
    "strongSelf": false
  },
  "perGame": [
    {
      "seed": 20260713,
      "liveWin": true,
      "liveSeat": 0,
      "steps": 17,
      "ms": 277
    },
    {
      "seed": 20260713,
      "liveWin": false,
      "liveSeat": 1,
      "steps": 17,
      "ms": 263
    },
    {
      "seed": 20270686,
      "liveWin": false,
      "liveSeat": 0,
      "steps": 17,
      "ms": 462
    },
    {
      "seed": 20270686,
      "liveWin": true,
      "liveSeat": 1,
      "steps": 19,
      "ms": 371
    },
    {
      "seed": 20280659,
      "liveWin": true,
      "liveSeat": 0,
      "steps": 21,
      "ms": 377
    },
    {
      "seed": 20280659,
      "liveWin": true,
      "liveSeat": 1,
      "steps": 22,
      "ms": 577
    },
    {
      "seed": 20290632,
      "liveWin": true,
      "liveSeat": 0,
      "steps": 23,
      "ms": 203
    },
    {
      "seed": 20290632,
      "liveWin": true,
      "liveSeat": 1,
      "steps": 20,
      "ms": 238
    },
    {
      "seed": 20300605,
      "liveWin": true,
      "liveSeat": 0,
      "steps": 22,
      "ms": 214
    },
    {
      "seed": 20300605,
      "liveWin": false,
      "liveSeat": 1,
      "steps": 22,
      "ms": 209
    },
    {
      "seed": 20310578,
      "liveWin": false,
      "liveSeat": 0,
      "steps": 18,
      "ms": 81
    },
    {
      "seed": 20310578,
      "liveWin": true,
      "liveSeat": 1,
      "steps": 18,
      "ms": 63
    },
    {
      "seed": 20320551,
      "liveWin": true,
      "liveSeat": 0,
      "steps": 20,
      "ms": 135
    },
    {
      "seed": 20320551,
      "liveWin": false,
      "liveSeat": 1,
      "steps": 20,
      "ms": 131
    },
    {
      "seed": 20330524,
      "liveWin": false,
      "liveSeat": 0,
      "steps": 19,
      "ms": 198
    },
    {
      "seed": 20330524,
      "liveWin": true,
      "liveSeat": 1,
      "steps": 19,
      "ms": 208
    },
    {
      "seed": 20340497,
      "liveWin": false,
      "liveSeat": 0,
      "steps": 21,
      "ms": 613
    },
    {
      "seed": 20340497,
      "liveWin": true,
      "liveSeat": 1,
      "steps": 21,
      "ms": 617
    },
    {
      "seed": 20350470,
      "liveWin": true,
      "liveSeat": 0,
      "steps": 17,
      "ms": 295
    },
    {
      "seed": 20350470,
      "liveWin": true,
      "liveSeat": 1,
      "steps": 24,
      "ms": 275
    },
    {
      "seed": 20360443,
      "liveWin": true,
      "liveSeat": 0,
      "steps": 22,
      "ms": 143
    },
    {
      "seed": 20360443,
      "liveWin": false,
      "liveSeat": 1,
      "steps": 14,
      "ms": 138
    },
    {
      "seed": 20370416,
      "liveWin": false,
      "liveSeat": 0,
      "steps": 20,
      "ms": 171
    },
    {
      "seed": 20370416,
      "liveWin": false,
      "liveSeat": 1,
      "steps": 19,
      "ms": 104
    },
    {
      "seed": 20380389,
      "liveWin": true,
      "liveSeat": 0,
      "steps": 14,
      "ms": 79
    },
    {
      "seed": 20380389,
      "liveWin": false,
      "liveSeat": 1,
      "steps": 16,
      "ms": 205
    },
    {
      "seed": 20390362,
      "liveWin": false,
      "liveSeat": 0,
      "steps": 16,
      "ms": 156
    },
    {
      "seed": 20390362,
      "liveWin": true,
      "liveSeat": 1,
      "steps": 16,
      "ms": 157
    },
    {
      "seed": 20400335,
      "liveWin": false,
      "liveSeat": 0,
      "steps": 24,
      "ms": 131
    },
    {
      "seed": 20400335,
      "liveWin": true,
      "liveSeat": 1,
      "steps": 24,
      "ms": 139
    },
    {
      "seed": 20410308,
      "liveWin": true,
      "liveSeat": 0,
      "steps": 19,
      "ms": 111
    },
    {
      "seed": 20410308,
      "liveWin": false,
      "liveSeat": 1,
      "steps": 19,
      "ms": 111
    },
    {
      "seed": 20420281,
      "liveWin": true,
      "liveSeat": 0,
      "steps": 23,
      "ms": 138
    },
    {
      "seed": 20420281,
      "liveWin": false,
      "liveSeat": 1,
      "steps": 27,
      "ms": 115
    },
    {
      "seed": 20430254,
      "liveWin": true,
      "liveSeat": 0,
      "steps": 18,
      "ms": 197
    },
    {
      "seed": 20430254,
      "liveWin": false,
      "liveSeat": 1,
      "steps": 14,
      "ms": 159
    },
    {
      "seed": 20440227,
      "liveWin": false,
      "liveSeat": 0,
      "steps": 14,
      "ms": 105
    },
    {
      "seed": 20440227,
      "liveWin": true,
      "liveSeat": 1,
      "steps": 14,
      "ms": 111
    },
    {
      "seed": 20450200,
      "liveWin": false,
      "liveSeat": 0,
      "steps": 13,
      "ms": 118
    },
    {
      "seed": 20450200,
      "liveWin": true,
      "liveSeat": 1,
      "steps": 13,
      "ms": 116
    },
    {
      "seed": 20460173,
      "liveWin": true,
      "liveSeat": 0,
      "steps": 22,
      "ms": 167
    },
    {
      "seed": 20460173,
      "liveWin": false,
      "liveSeat": 1,
      "steps": 18,
      "ms": 205
    },
    {
      "seed": 20470146,
      "liveWin": true,
      "liveSeat": 0,
      "steps": 25,
      "ms": 169
    },
    {
      "seed": 20470146,
      "liveWin": false,
      "liveSeat": 1,
      "steps": 23,
      "ms": 220
    },
    {
      "seed": 20480119,
      "liveWin": false,
      "liveSeat": 0,
      "steps": 18,
      "ms": 215
    },
    {
      "seed": 20480119,
      "liveWin": true,
      "liveSeat": 1,
      "steps": 18,
      "ms": 206
    },
    {
      "seed": 20490092,
      "liveWin": true,
      "liveSeat": 0,
      "steps": 21,
      "ms": 98
    },
    {
      "seed": 20490092,
      "liveWin": false,
      "liveSeat": 1,
      "steps": 23,
      "ms": 87
    },
    {
      "seed": 20500065,
      "liveWin": false,
      "liveSeat": 0,
      "steps": 25,
      "ms": 547
    },
    {
      "seed": 20500065,
      "liveWin": true,
      "liveSeat": 1,
      "steps": 17,
      "ms": 509
    }
  ],
  "lossSeeds": [
    20260713,
    20270686,
    20300605,
    20310578,
    20320551,
    20330524,
    20340497,
    20360443,
    20370416,
    20370416,
    20380389,
    20390362,
    20400335,
    20410308,
    20420281,
    20430254,
    20440227,
    20450200,
    20460173,
    20470146,
    20480119,
    20490092,
    20500065
  ],
  "target": 0.7,
  "passed": false
}
wrote /Users/johnhoang/Developer/Grok/tieng-len/evolve/probe-p_mbpin-vs-v91-fair-both-s13-n50.json
