{"start":true,"freeze":"v91","chall":"p_mbovk","live":{"id":"v9.1-probe-mbovk","stamped":"2026-07-13T02:50:38Z","label":"Grandmaster v9.1-probe mbovk"},"freezeBuild":{"id":"v9.1","stamped":"2026-07-13T02:50:38Z","label":"Grandmaster v9.1 (ladder freeze)"},"games":25,"seed0":20260712,"protocol":"fair-hidden-gm-BR-both-equal","opts":{"difficulty":"grandmaster","useSearch":true,"perfectInfo":false,"hiddenInfo":true,"timeMs":150,"iterations":60,"maxSims":120,"brTrials":12,"bestResponse":true,"exactExploit":false,"exploit":true,"softSamples":4,"maxBranch":12,"mode":"auto","strongSelf":false}}
{"g":0,"seed":20260712,"liveWin":true,"liveSeat":0,"steps":16,"ms":196,"liveWins":1,"games":1,"wr":1}
{"g":1,"seed":20260712,"liveWin":false,"liveSeat":1,"steps":20,"ms":693,"liveWins":1,"games":2,"wr":0.5}
{"g":2,"seed":20270685,"liveWin":true,"liveSeat":0,"steps":13,"ms":194,"liveWins":2,"games":3,"wr":0.6666666666666666}
{"g":3,"seed":20270685,"liveWin":false,"liveSeat":1,"steps":13,"ms":166,"liveWins":2,"games":4,"wr":0.5}
{"g":4,"seed":20280658,"liveWin":false,"liveSeat":0,"steps":12,"ms":196,"liveWins":2,"games":5,"wr":0.4}
{"g":5,"seed":20280658,"liveWin":true,"liveSeat":1,"steps":20,"ms":233,"liveWins":3,"games":6,"wr":0.5}
{"g":6,"seed":20290631,"liveWin":true,"liveSeat":0,"steps":25,"ms":358,"liveWins":4,"games":7,"wr":0.5714285714285714}
{"g":7,"seed":20290631,"liveWin":true,"liveSeat":1,"steps":18,"ms":320,"liveWins":5,"games":8,"wr":0.625}
{"g":8,"seed":20300604,"liveWin":true,"liveSeat":0,"steps":20,"ms":96,"liveWins":6,"games":9,"wr":0.6666666666666666}
{"g":9,"seed":20300604,"liveWin":true,"liveSeat":1,"steps":19,"ms":301,"liveWins":7,"games":10,"wr":0.7}
{"g":10,"seed":20310577,"liveWin":true,"liveSeat":0,"steps":14,"ms":490,"liveWins":8,"games":11,"wr":0.7272727272727273}
{"g":11,"seed":20310577,"liveWin":false,"liveSeat":1,"steps":18,"ms":329,"liveWins":8,"games":12,"wr":0.6666666666666666}
{"g":12,"seed":20320550,"liveWin":true,"liveSeat":0,"steps":18,"ms":504,"liveWins":9,"games":13,"wr":0.6923076923076923}
{"g":13,"seed":20320550,"liveWin":true,"liveSeat":1,"steps":25,"ms":376,"liveWins":10,"games":14,"wr":0.7142857142857143}
{"g":14,"seed":20330523,"liveWin":true,"liveSeat":0,"steps":25,"ms":302,"liveWins":11,"games":15,"wr":0.7333333333333333}
{"g":15,"seed":20330523,"liveWin":false,"liveSeat":1,"steps":21,"ms":245,"liveWins":11,"games":16,"wr":0.6875}
{"g":16,"seed":20340496,"liveWin":true,"liveSeat":0,"steps":25,"ms":500,"liveWins":12,"games":17,"wr":0.7058823529411765}
{"g":17,"seed":20340496,"liveWin":false,"liveSeat":1,"steps":23,"ms":237,"liveWins":12,"games":18,"wr":0.6666666666666666}
{"g":18,"seed":20350469,"liveWin":false,"liveSeat":0,"steps":24,"ms":344,"liveWins":12,"games":19,"wr":0.631578947368421}
{"g":19,"seed":20350469,"liveWin":false,"liveSeat":1,"steps":27,"ms":514,"liveWins":12,"games":20,"wr":0.6}
{"g":20,"seed":20360442,"liveWin":false,"liveSeat":0,"steps":17,"ms":158,"liveWins":12,"games":21,"wr":0.5714285714285714}
{"g":21,"seed":20360442,"liveWin":true,"liveSeat":1,"steps":23,"ms":155,"liveWins":13,"games":22,"wr":0.5909090909090909}
{"g":22,"seed":20370415,"liveWin":true,"liveSeat":0,"steps":18,"ms":206,"liveWins":14,"games":23,"wr":0.6086956521739131}
{"g":23,"seed":20370415,"liveWin":false,"liveSeat":1,"steps":24,"ms":202,"liveWins":14,"games":24,"wr":0.5833333333333334}
{"g":24,"seed":20380388,"liveWin":true,"liveSeat":0,"steps":14,"ms":239,"liveWins":15,"games":25,"wr":0.6}
{"g":25,"seed":20380388,"liveWin":false,"liveSeat":1,"steps":18,"ms":190,"liveWins":15,"games":26,"wr":0.5769230769230769}
{"g":26,"seed":20390361,"liveWin":false,"liveSeat":0,"steps":26,"ms":248,"liveWins":15,"games":27,"wr":0.5555555555555556}
{"g":27,"seed":20390361,"liveWin":true,"liveSeat":1,"steps":24,"ms":261,"liveWins":16,"games":28,"wr":0.5714285714285714}
{"g":28,"seed":20400334,"liveWin":true,"liveSeat":0,"steps":18,"ms":65,"liveWins":17,"games":29,"wr":0.5862068965517241}
{"g":29,"seed":20400334,"liveWin":false,"liveSeat":1,"steps":18,"ms":286,"liveWins":17,"games":30,"wr":0.5666666666666667}
{"g":30,"seed":20410307,"liveWin":false,"liveSeat":0,"steps":16,"ms":280,"liveWins":17,"games":31,"wr":0.5483870967741935}
{"g":31,"seed":20410307,"liveWin":true,"liveSeat":1,"steps":16,"ms":280,"liveWins":18,"games":32,"wr":0.5625}
{"g":32,"seed":20420280,"liveWin":false,"liveSeat":0,"steps":19,"ms":457,"liveWins":18,"games":33,"wr":0.5454545454545454}
{"g":33,"seed":20420280,"liveWin":false,"liveSeat":1,"steps":14,"ms":373,"liveWins":18,"games":34,"wr":0.5294117647058824}
{"g":34,"seed":20430253,"liveWin":false,"liveSeat":0,"steps":23,"ms":358,"liveWins":18,"games":35,"wr":0.5142857142857142}
{"g":35,"seed":20430253,"liveWin":true,"liveSeat":1,"steps":23,"ms":305,"liveWins":19,"games":36,"wr":0.5277777777777778}
{"g":36,"seed":20440226,"liveWin":true,"liveSeat":0,"steps":23,"ms":973,"liveWins":20,"games":37,"wr":0.5405405405405406}
{"g":37,"seed":20440226,"liveWin":false,"liveSeat":1,"steps":25,"ms":921,"liveWins":20,"games":38,"wr":0.5263157894736842}
{"g":38,"seed":20450199,"liveWin":true,"liveSeat":0,"steps":21,"ms":125,"liveWins":21,"games":39,"wr":0.5384615384615384}
{"g":39,"seed":20450199,"liveWin":false,"liveSeat":1,"steps":21,"ms":122,"liveWins":21,"games":40,"wr":0.525}
{"g":40,"seed":20460172,"liveWin":true,"liveSeat":0,"steps":21,"ms":232,"liveWins":22,"games":41,"wr":0.5365853658536586}
{"g":41,"seed":20460172,"liveWin":false,"liveSeat":1,"steps":15,"ms":131,"liveWins":22,"games":42,"wr":0.5238095238095238}
{"g":42,"seed":20470145,"liveWin":true,"liveSeat":0,"steps":15,"ms":249,"liveWins":23,"games":43,"wr":0.5348837209302325}
{"g":43,"seed":20470145,"liveWin":false,"liveSeat":1,"steps":15,"ms":340,"liveWins":23,"games":44,"wr":0.5227272727272727}
{"g":44,"seed":20480118,"liveWin":false,"liveSeat":0,"steps":15,"ms":133,"liveWins":23,"games":45,"wr":0.5111111111111111}
{"g":45,"seed":20480118,"liveWin":true,"liveSeat":1,"steps":15,"ms":126,"liveWins":24,"games":46,"wr":0.5217391304347826}
{"g":46,"seed":20490091,"liveWin":true,"liveSeat":0,"steps":25,"ms":89,"liveWins":25,"games":47,"wr":0.5319148936170213}
{"g":47,"seed":20490091,"liveWin":false,"liveSeat":1,"steps":11,"ms":83,"liveWins":25,"games":48,"wr":0.5208333333333334}
{"g":48,"seed":20500064,"liveWin":true,"liveSeat":0,"steps":17,"ms":1060,"liveWins":26,"games":49,"wr":0.5306122448979592}
{"g":49,"seed":20500064,"liveWin":false,"liveSeat":1,"steps":15,"ms":861,"liveWins":26,"games":50,"wr":0.52}
=== FINAL ===
{
  "protocol": "fair-hidden-gm-BR-both-equal",
  "infoModel": "hidden",
  "perfectInfo": false,
  "hiddenInfo": true,
  "brBoth": true,
  "equalBudget": true,
  "games": 50,
  "liveWins": 26,
  "freezeWins": 24,
  "liveWinRate": 0.52,
  "seed0": 20260712,
  "ms": 16122,
  "live": {
    "id": "v9.1-probe-mbovk",
    "stamped": "2026-07-13T02:50:38Z",
    "label": "Grandmaster v9.1-probe mbovk"
  },
  "freeze": {
    "id": "v9.1",
    "stamped": "2026-07-13T02:50:38Z",
    "label": "Grandmaster v9.1 (ladder freeze)"
  },
  "freezeTag": "v91",
  "challTag": "p_mbovk",
  "opts": {
    "difficulty": "grandmaster",
    "useSearch": true,
    "perfectInfo": false,
    "hiddenInfo": true,
    "timeMs": 150,
    "iterations": 60,
    "maxSims": 120,
    "brTrials": 12,
    "bestResponse": true,
    "exactExploit": false,
    "exploit": true,
    "softSamples": 4,
    "maxBranch": 12,
    "mode": "auto",
    "strongSelf": false
  },
  "perGame": [
    {
      "seed": 20260712,
      "liveWin": true,
      "liveSeat": 0,
      "steps": 16,
      "ms": 196
    },
    {
      "seed": 20260712,
      "liveWin": false,
      "liveSeat": 1,
      "steps": 20,
      "ms": 693
    },
    {
      "seed": 20270685,
      "liveWin": true,
      "liveSeat": 0,
      "steps": 13,
      "ms": 194
    },
    {
      "seed": 20270685,
      "liveWin": false,
      "liveSeat": 1,
      "steps": 13,
      "ms": 166
    },
    {
      "seed": 20280658,
      "liveWin": false,
      "liveSeat": 0,
      "steps": 12,
      "ms": 196
    },
    {
      "seed": 20280658,
      "liveWin": true,
      "liveSeat": 1,
      "steps": 20,
      "ms": 233
    },
    {
      "seed": 20290631,
      "liveWin": true,
      "liveSeat": 0,
      "steps": 25,
      "ms": 358
    },
    {
      "seed": 20290631,
      "liveWin": true,
      "liveSeat": 1,
      "steps": 18,
      "ms": 320
    },
    {
      "seed": 20300604,
      "liveWin": true,
      "liveSeat": 0,
      "steps": 20,
      "ms": 96
    },
    {
      "seed": 20300604,
      "liveWin": true,
      "liveSeat": 1,
      "steps": 19,
      "ms": 301
    },
    {
      "seed": 20310577,
      "liveWin": true,
      "liveSeat": 0,
      "steps": 14,
      "ms": 490
    },
    {
      "seed": 20310577,
      "liveWin": false,
      "liveSeat": 1,
      "steps": 18,
      "ms": 329
    },
    {
      "seed": 20320550,
      "liveWin": true,
      "liveSeat": 0,
      "steps": 18,
      "ms": 504
    },
    {
      "seed": 20320550,
      "liveWin": true,
      "liveSeat": 1,
      "steps": 25,
      "ms": 376
    },
    {
      "seed": 20330523,
      "liveWin": true,
      "liveSeat": 0,
      "steps": 25,
      "ms": 302
    },
    {
      "seed": 20330523,
      "liveWin": false,
      "liveSeat": 1,
      "steps": 21,
      "ms": 245
    },
    {
      "seed": 20340496,
      "liveWin": true,
      "liveSeat": 0,
      "steps": 25,
      "ms": 500
    },
    {
      "seed": 20340496,
      "liveWin": false,
      "liveSeat": 1,
      "steps": 23,
      "ms": 237
    },
    {
      "seed": 20350469,
      "liveWin": false,
      "liveSeat": 0,
      "steps": 24,
      "ms": 344
    },
    {
      "seed": 20350469,
      "liveWin": false,
      "liveSeat": 1,
      "steps": 27,
      "ms": 514
    },
    {
      "seed": 20360442,
      "liveWin": false,
      "liveSeat": 0,
      "steps": 17,
      "ms": 158
    },
    {
      "seed": 20360442,
      "liveWin": true,
      "liveSeat": 1,
      "steps": 23,
      "ms": 155
    },
    {
      "seed": 20370415,
      "liveWin": true,
      "liveSeat": 0,
      "steps": 18,
      "ms": 206
    },
    {
      "seed": 20370415,
      "liveWin": false,
      "liveSeat": 1,
      "steps": 24,
      "ms": 202
    },
    {
      "seed": 20380388,
      "liveWin": true,
      "liveSeat": 0,
      "steps": 14,
      "ms": 239
    },
    {
      "seed": 20380388,
      "liveWin": false,
      "liveSeat": 1,
      "steps": 18,
      "ms": 190
    },
    {
      "seed": 20390361,
      "liveWin": false,
      "liveSeat": 0,
      "steps": 26,
      "ms": 248
    },
    {
      "seed": 20390361,
      "liveWin": true,
      "liveSeat": 1,
      "steps": 24,
      "ms": 261
    },
    {
      "seed": 20400334,
      "liveWin": true,
      "liveSeat": 0,
      "steps": 18,
      "ms": 65
    },
    {
      "seed": 20400334,
      "liveWin": false,
      "liveSeat": 1,
      "steps": 18,
      "ms": 286
    },
    {
      "seed": 20410307,
      "liveWin": false,
      "liveSeat": 0,
      "steps": 16,
      "ms": 280
    },
    {
      "seed": 20410307,
      "liveWin": true,
      "liveSeat": 1,
      "steps": 16,
      "ms": 280
    },
    {
      "seed": 20420280,
      "liveWin": false,
      "liveSeat": 0,
      "steps": 19,
      "ms": 457
    },
    {
      "seed": 20420280,
      "liveWin": false,
      "liveSeat": 1,
      "steps": 14,
      "ms": 373
    },
    {
      "seed": 20430253,
      "liveWin": false,
      "liveSeat": 0,
      "steps": 23,
      "ms": 358
    },
    {
      "seed": 20430253,
      "liveWin": true,
      "liveSeat": 1,
      "steps": 23,
      "ms": 305
    },
    {
      "seed": 20440226,
      "liveWin": true,
      "liveSeat": 0,
      "steps": 23,
      "ms": 973
    },
    {
      "seed": 20440226,
      "liveWin": false,
      "liveSeat": 1,
      "steps": 25,
      "ms": 921
    },
    {
      "seed": 20450199,
      "liveWin": true,
      "liveSeat": 0,
      "steps": 21,
      "ms": 125
    },
    {
      "seed": 20450199,
      "liveWin": false,
      "liveSeat": 1,
      "steps": 21,
      "ms": 122
    },
    {
      "seed": 20460172,
      "liveWin": true,
      "liveSeat": 0,
      "steps": 21,
      "ms": 232
    },
    {
      "seed": 20460172,
      "liveWin": false,
      "liveSeat": 1,
      "steps": 15,
      "ms": 131
    },
    {
      "seed": 20470145,
      "liveWin": true,
      "liveSeat": 0,
      "steps": 15,
      "ms": 249
    },
    {
      "seed": 20470145,
      "liveWin": false,
      "liveSeat": 1,
      "steps": 15,
      "ms": 340
    },
    {
      "seed": 20480118,
      "liveWin": false,
      "liveSeat": 0,
      "steps": 15,
      "ms": 133
    },
    {
      "seed": 20480118,
      "liveWin": true,
      "liveSeat": 1,
      "steps": 15,
      "ms": 126
    },
    {
      "seed": 20490091,
      "liveWin": true,
      "liveSeat": 0,
      "steps": 25,
      "ms": 89
    },
    {
      "seed": 20490091,
      "liveWin": false,
      "liveSeat": 1,
      "steps": 11,
      "ms": 83
    },
    {
      "seed": 20500064,
      "liveWin": true,
      "liveSeat": 0,
      "steps": 17,
      "ms": 1060
    },
    {
      "seed": 20500064,
      "liveWin": false,
      "liveSeat": 1,
      "steps": 15,
      "ms": 861
    }
  ],
  "lossSeeds": [
    20260712,
    20270685,
    20280658,
    20310577,
    20330523,
    20340496,
    20350469,
    20350469,
    20360442,
    20370415,
    20380388,
    20390361,
    20400334,
    20410307,
    20420280,
    20420280,
    20430253,
    20440226,
    20450199,
    20460172,
    20470145,
    20480118,
    20490091,
    20500064
  ],
  "target": 0.7,
  "passed": false
}
wrote /Users/johnhoang/Developer/Grok/tieng-len/evolve/probe-p_mbovk-vs-v91-fair-both-s12-n50.json
