{"start":true,"freeze":"v91","chall":"p_mbnest","live":{"id":"v9.1-probe-mbnest","stamped":"2026-07-13T02:50:38Z","label":"Grandmaster v9.1-probe mbnest"},"freezeBuild":{"id":"v9.1","stamped":"2026-07-13T02:50:38Z","label":"Grandmaster v9.1 (ladder freeze)"},"games":50,"seed0":20260711,"protocol":"fair-hidden-gm-BR-both-equal","opts":{"difficulty":"grandmaster","useSearch":true,"perfectInfo":false,"hiddenInfo":true,"timeMs":200,"iterations":60,"maxSims":120,"brTrials":20,"bestResponse":true,"exactExploit":false,"exploit":true,"softSamples":8,"maxBranch":20,"mode":"auto","strongSelf":false}}
{"g":0,"seed":20260711,"liveWin":true,"liveSeat":0,"steps":18,"ms":812,"liveWins":1,"games":1,"wr":1}
{"g":1,"seed":20260711,"liveWin":false,"liveSeat":1,"steps":30,"ms":1016,"liveWins":1,"games":2,"wr":0.5}
{"g":2,"seed":20270684,"liveWin":true,"liveSeat":0,"steps":17,"ms":681,"liveWins":2,"games":3,"wr":0.6666666666666666}
{"g":3,"seed":20270684,"liveWin":true,"liveSeat":1,"steps":24,"ms":769,"liveWins":3,"games":4,"wr":0.75}
{"g":4,"seed":20280657,"liveWin":true,"liveSeat":0,"steps":20,"ms":512,"liveWins":4,"games":5,"wr":0.8}
{"g":5,"seed":20280657,"liveWin":true,"liveSeat":1,"steps":19,"ms":416,"liveWins":5,"games":6,"wr":0.8333333333333334}
{"g":6,"seed":20290630,"liveWin":true,"liveSeat":0,"steps":17,"ms":313,"liveWins":6,"games":7,"wr":0.8571428571428571}
{"g":7,"seed":20290630,"liveWin":false,"liveSeat":1,"steps":19,"ms":490,"liveWins":6,"games":8,"wr":0.75}
{"g":8,"seed":20300603,"liveWin":false,"liveSeat":0,"steps":18,"ms":863,"liveWins":6,"games":9,"wr":0.6666666666666666}
{"g":9,"seed":20300603,"liveWin":true,"liveSeat":1,"steps":26,"ms":1008,"liveWins":7,"games":10,"wr":0.7}
{"g":10,"seed":20310576,"liveWin":true,"liveSeat":0,"steps":25,"ms":899,"liveWins":8,"games":11,"wr":0.7272727272727273}
{"g":11,"seed":20310576,"liveWin":true,"liveSeat":1,"steps":18,"ms":391,"liveWins":9,"games":12,"wr":0.75}
{"g":12,"seed":20320549,"liveWin":false,"liveSeat":0,"steps":11,"ms":255,"liveWins":9,"games":13,"wr":0.6923076923076923}
{"g":13,"seed":20320549,"liveWin":true,"liveSeat":1,"steps":27,"ms":648,"liveWins":10,"games":14,"wr":0.7142857142857143}
{"g":14,"seed":20330522,"liveWin":true,"liveSeat":0,"steps":21,"ms":560,"liveWins":11,"games":15,"wr":0.7333333333333333}
{"g":15,"seed":20330522,"liveWin":false,"liveSeat":1,"steps":21,"ms":705,"liveWins":11,"games":16,"wr":0.6875}
{"g":16,"seed":20340495,"liveWin":false,"liveSeat":0,"steps":20,"ms":406,"liveWins":11,"games":17,"wr":0.6470588235294118}
{"g":17,"seed":20340495,"liveWin":true,"liveSeat":1,"steps":26,"ms":760,"liveWins":12,"games":18,"wr":0.6666666666666666}
{"g":18,"seed":20350468,"liveWin":false,"liveSeat":0,"steps":22,"ms":1132,"liveWins":12,"games":19,"wr":0.631578947368421}
{"g":19,"seed":20350468,"liveWin":true,"liveSeat":1,"steps":24,"ms":797,"liveWins":13,"games":20,"wr":0.65}
{"g":20,"seed":20360441,"liveWin":true,"liveSeat":0,"steps":18,"ms":753,"liveWins":14,"games":21,"wr":0.6666666666666666}
{"g":21,"seed":20360441,"liveWin":false,"liveSeat":1,"steps":18,"ms":518,"liveWins":14,"games":22,"wr":0.6363636363636364}
{"g":22,"seed":20370414,"liveWin":true,"liveSeat":0,"steps":18,"ms":329,"liveWins":15,"games":23,"wr":0.6521739130434783}
{"g":23,"seed":20370414,"liveWin":false,"liveSeat":1,"steps":20,"ms":416,"liveWins":15,"games":24,"wr":0.625}
{"g":24,"seed":20380387,"liveWin":true,"liveSeat":0,"steps":5,"ms":237,"liveWins":16,"games":25,"wr":0.64}
{"g":25,"seed":20380387,"liveWin":true,"liveSeat":1,"steps":16,"ms":240,"liveWins":17,"games":26,"wr":0.6538461538461539}
{"g":26,"seed":20390360,"liveWin":true,"liveSeat":0,"steps":17,"ms":663,"liveWins":18,"games":27,"wr":0.6666666666666666}
{"g":27,"seed":20390360,"liveWin":true,"liveSeat":1,"steps":14,"ms":836,"liveWins":19,"games":28,"wr":0.6785714285714286}
{"g":28,"seed":20400333,"liveWin":true,"liveSeat":0,"steps":15,"ms":684,"liveWins":20,"games":29,"wr":0.6896551724137931}
{"g":29,"seed":20400333,"liveWin":true,"liveSeat":1,"steps":16,"ms":629,"liveWins":21,"games":30,"wr":0.7}
{"g":30,"seed":20410306,"liveWin":true,"liveSeat":0,"steps":22,"ms":682,"liveWins":22,"games":31,"wr":0.7096774193548387}
{"g":31,"seed":20410306,"liveWin":false,"liveSeat":1,"steps":22,"ms":745,"liveWins":22,"games":32,"wr":0.6875}
{"g":32,"seed":20420279,"liveWin":true,"liveSeat":0,"steps":19,"ms":867,"liveWins":23,"games":33,"wr":0.696969696969697}
{"g":33,"seed":20420279,"liveWin":true,"liveSeat":1,"steps":20,"ms":647,"liveWins":24,"games":34,"wr":0.7058823529411765}
{"g":34,"seed":20430252,"liveWin":true,"liveSeat":0,"steps":7,"ms":418,"liveWins":25,"games":35,"wr":0.7142857142857143}
{"g":35,"seed":20430252,"liveWin":false,"liveSeat":1,"steps":7,"ms":222,"liveWins":25,"games":36,"wr":0.6944444444444444}
{"g":36,"seed":20440225,"liveWin":true,"liveSeat":0,"steps":17,"ms":934,"liveWins":26,"games":37,"wr":0.7027027027027027}
{"g":37,"seed":20440225,"liveWin":true,"liveSeat":1,"steps":26,"ms":1070,"liveWins":27,"games":38,"wr":0.7105263157894737}
{"g":38,"seed":20450198,"liveWin":true,"liveSeat":0,"steps":14,"ms":357,"liveWins":28,"games":39,"wr":0.717948717948718}
{"g":39,"seed":20450198,"liveWin":false,"liveSeat":1,"steps":16,"ms":1415,"liveWins":28,"games":40,"wr":0.7}
{"g":40,"seed":20460171,"liveWin":false,"liveSeat":0,"steps":19,"ms":158,"liveWins":28,"games":41,"wr":0.6829268292682927}
{"g":41,"seed":20460171,"liveWin":true,"liveSeat":1,"steps":19,"ms":363,"liveWins":29,"games":42,"wr":0.6904761904761905}
{"g":42,"seed":20470144,"liveWin":true,"liveSeat":0,"steps":26,"ms":1235,"liveWins":30,"games":43,"wr":0.6976744186046512}
{"g":43,"seed":20470144,"liveWin":true,"liveSeat":1,"steps":17,"ms":1008,"liveWins":31,"games":44,"wr":0.7045454545454546}
{"g":44,"seed":20480117,"liveWin":true,"liveSeat":0,"steps":18,"ms":792,"liveWins":32,"games":45,"wr":0.7111111111111111}
{"g":45,"seed":20480117,"liveWin":true,"liveSeat":1,"steps":21,"ms":516,"liveWins":33,"games":46,"wr":0.717391304347826}
{"g":46,"seed":20490090,"liveWin":false,"liveSeat":0,"steps":19,"ms":774,"liveWins":33,"games":47,"wr":0.7021276595744681}
{"g":47,"seed":20490090,"liveWin":true,"liveSeat":1,"steps":21,"ms":1268,"liveWins":34,"games":48,"wr":0.7083333333333334}
{"g":48,"seed":20500063,"liveWin":false,"liveSeat":0,"steps":28,"ms":1065,"liveWins":34,"games":49,"wr":0.6938775510204082}
{"g":49,"seed":20500063,"liveWin":false,"liveSeat":1,"steps":17,"ms":458,"liveWins":34,"games":50,"wr":0.68}
{"g":50,"seed":20510036,"liveWin":true,"liveSeat":0,"steps":24,"ms":559,"liveWins":35,"games":51,"wr":0.6862745098039216}
{"g":51,"seed":20510036,"liveWin":true,"liveSeat":1,"steps":19,"ms":684,"liveWins":36,"games":52,"wr":0.6923076923076923}
{"g":52,"seed":20520009,"liveWin":false,"liveSeat":0,"steps":22,"ms":574,"liveWins":36,"games":53,"wr":0.6792452830188679}
{"g":53,"seed":20520009,"liveWin":false,"liveSeat":1,"steps":13,"ms":541,"liveWins":36,"games":54,"wr":0.6666666666666666}
{"g":54,"seed":20529982,"liveWin":true,"liveSeat":0,"steps":14,"ms":514,"liveWins":37,"games":55,"wr":0.6727272727272727}
{"g":55,"seed":20529982,"liveWin":false,"liveSeat":1,"steps":16,"ms":501,"liveWins":37,"games":56,"wr":0.6607142857142857}
{"g":56,"seed":20539955,"liveWin":true,"liveSeat":0,"steps":14,"ms":149,"liveWins":38,"games":57,"wr":0.6666666666666666}
{"g":57,"seed":20539955,"liveWin":false,"liveSeat":1,"steps":14,"ms":297,"liveWins":38,"games":58,"wr":0.6551724137931034}
{"g":58,"seed":20549928,"liveWin":false,"liveSeat":0,"steps":12,"ms":355,"liveWins":38,"games":59,"wr":0.6440677966101694}
{"g":59,"seed":20549928,"liveWin":true,"liveSeat":1,"steps":10,"ms":313,"liveWins":39,"games":60,"wr":0.65}
{"g":60,"seed":20559901,"liveWin":false,"liveSeat":0,"steps":23,"ms":389,"liveWins":39,"games":61,"wr":0.639344262295082}
{"g":61,"seed":20559901,"liveWin":true,"liveSeat":1,"steps":23,"ms":217,"liveWins":40,"games":62,"wr":0.6451612903225806}
{"g":62,"seed":20569874,"liveWin":true,"liveSeat":0,"steps":15,"ms":496,"liveWins":41,"games":63,"wr":0.6507936507936508}
{"g":63,"seed":20569874,"liveWin":false,"liveSeat":1,"steps":13,"ms":338,"liveWins":41,"games":64,"wr":0.640625}
{"g":64,"seed":20579847,"liveWin":true,"liveSeat":0,"steps":17,"ms":756,"liveWins":42,"games":65,"wr":0.6461538461538462}
{"g":65,"seed":20579847,"liveWin":false,"liveSeat":1,"steps":21,"ms":867,"liveWins":42,"games":66,"wr":0.6363636363636364}
{"g":66,"seed":20589820,"liveWin":false,"liveSeat":0,"steps":18,"ms":376,"liveWins":42,"games":67,"wr":0.6268656716417911}
{"g":67,"seed":20589820,"liveWin":false,"liveSeat":1,"steps":13,"ms":550,"liveWins":42,"games":68,"wr":0.6176470588235294}
{"g":68,"seed":20599793,"liveWin":false,"liveSeat":0,"steps":21,"ms":441,"liveWins":42,"games":69,"wr":0.6086956521739131}
{"g":69,"seed":20599793,"liveWin":false,"liveSeat":1,"steps":20,"ms":273,"liveWins":42,"games":70,"wr":0.6}
{"g":70,"seed":20609766,"liveWin":false,"liveSeat":0,"steps":25,"ms":685,"liveWins":42,"games":71,"wr":0.5915492957746479}
{"g":71,"seed":20609766,"liveWin":true,"liveSeat":1,"steps":23,"ms":754,"liveWins":43,"games":72,"wr":0.5972222222222222}
{"g":72,"seed":20619739,"liveWin":true,"liveSeat":0,"steps":19,"ms":280,"liveWins":44,"games":73,"wr":0.6027397260273972}
{"g":73,"seed":20619739,"liveWin":false,"liveSeat":1,"steps":19,"ms":188,"liveWins":44,"games":74,"wr":0.5945945945945946}
{"g":74,"seed":20629712,"liveWin":false,"liveSeat":0,"steps":13,"ms":478,"liveWins":44,"games":75,"wr":0.5866666666666667}
{"g":75,"seed":20629712,"liveWin":false,"liveSeat":1,"steps":28,"ms":769,"liveWins":44,"games":76,"wr":0.5789473684210527}
{"g":76,"seed":20639685,"liveWin":false,"liveSeat":0,"steps":18,"ms":664,"liveWins":44,"games":77,"wr":0.5714285714285714}
{"g":77,"seed":20639685,"liveWin":true,"liveSeat":1,"steps":18,"ms":487,"liveWins":45,"games":78,"wr":0.5769230769230769}
{"g":78,"seed":20649658,"liveWin":true,"liveSeat":0,"steps":19,"ms":725,"liveWins":46,"games":79,"wr":0.5822784810126582}
{"g":79,"seed":20649658,"liveWin":false,"liveSeat":1,"steps":25,"ms":445,"liveWins":46,"games":80,"wr":0.575}
{"g":80,"seed":20659631,"liveWin":true,"liveSeat":0,"steps":20,"ms":421,"liveWins":47,"games":81,"wr":0.5802469135802469}
{"g":81,"seed":20659631,"liveWin":false,"liveSeat":1,"steps":20,"ms":605,"liveWins":47,"games":82,"wr":0.573170731707317}
{"g":82,"seed":20669604,"liveWin":false,"liveSeat":0,"steps":16,"ms":613,"liveWins":47,"games":83,"wr":0.5662650602409639}
{"g":83,"seed":20669604,"liveWin":true,"liveSeat":1,"steps":12,"ms":305,"liveWins":48,"games":84,"wr":0.5714285714285714}
{"g":84,"seed":20679577,"liveWin":true,"liveSeat":0,"steps":21,"ms":717,"liveWins":49,"games":85,"wr":0.5764705882352941}
{"g":85,"seed":20679577,"liveWin":true,"liveSeat":1,"steps":18,"ms":161,"liveWins":50,"games":86,"wr":0.5813953488372093}
{"g":86,"seed":20689550,"liveWin":false,"liveSeat":0,"steps":22,"ms":876,"liveWins":50,"games":87,"wr":0.5747126436781609}
{"g":87,"seed":20689550,"liveWin":true,"liveSeat":1,"steps":10,"ms":319,"liveWins":51,"games":88,"wr":0.5795454545454546}
{"g":88,"seed":20699523,"liveWin":false,"liveSeat":0,"steps":10,"ms":1486,"liveWins":51,"games":89,"wr":0.5730337078651685}
{"g":89,"seed":20699523,"liveWin":true,"liveSeat":1,"steps":12,"ms":407,"liveWins":52,"games":90,"wr":0.5777777777777777}
{"g":90,"seed":20709496,"liveWin":false,"liveSeat":0,"steps":12,"ms":263,"liveWins":52,"games":91,"wr":0.5714285714285714}
{"g":91,"seed":20709496,"liveWin":true,"liveSeat":1,"steps":12,"ms":144,"liveWins":53,"games":92,"wr":0.5760869565217391}
{"g":92,"seed":20719469,"liveWin":true,"liveSeat":0,"steps":24,"ms":418,"liveWins":54,"games":93,"wr":0.5806451612903226}
{"g":93,"seed":20719469,"liveWin":false,"liveSeat":1,"steps":22,"ms":499,"liveWins":54,"games":94,"wr":0.574468085106383}
{"g":94,"seed":20729442,"liveWin":false,"liveSeat":0,"steps":18,"ms":764,"liveWins":54,"games":95,"wr":0.5684210526315789}
{"g":95,"seed":20729442,"liveWin":true,"liveSeat":1,"steps":14,"ms":142,"liveWins":55,"games":96,"wr":0.5729166666666666}
{"g":96,"seed":20739415,"liveWin":false,"liveSeat":0,"steps":21,"ms":246,"liveWins":55,"games":97,"wr":0.5670103092783505}
{"g":97,"seed":20739415,"liveWin":true,"liveSeat":1,"steps":17,"ms":469,"liveWins":56,"games":98,"wr":0.5714285714285714}
{"g":98,"seed":20749388,"liveWin":false,"liveSeat":0,"steps":19,"ms":279,"liveWins":56,"games":99,"wr":0.5656565656565656}
{"g":99,"seed":20749388,"liveWin":true,"liveSeat":1,"steps":19,"ms":417,"liveWins":57,"games":100,"wr":0.57}
=== FINAL ===
{
  "protocol": "fair-hidden-gm-BR-both-equal",
  "infoModel": "hidden",
  "perfectInfo": false,
  "hiddenInfo": true,
  "brBoth": true,
  "equalBudget": true,
  "games": 100,
  "liveWins": 57,
  "freezeWins": 43,
  "liveWinRate": 0.57,
  "seed0": 20260711,
  "ms": 57982,
  "live": {
    "id": "v9.1-probe-mbnest",
    "stamped": "2026-07-13T02:50:38Z",
    "label": "Grandmaster v9.1-probe mbnest"
  },
  "freeze": {
    "id": "v9.1",
    "stamped": "2026-07-13T02:50:38Z",
    "label": "Grandmaster v9.1 (ladder freeze)"
  },
  "freezeTag": "v91",
  "challTag": "p_mbnest",
  "opts": {
    "difficulty": "grandmaster",
    "useSearch": true,
    "perfectInfo": false,
    "hiddenInfo": true,
    "timeMs": 200,
    "iterations": 60,
    "maxSims": 120,
    "brTrials": 20,
    "bestResponse": true,
    "exactExploit": false,
    "exploit": true,
    "softSamples": 8,
    "maxBranch": 20,
    "mode": "auto",
    "strongSelf": false
  },
  "perGame": [
    {
      "seed": 20260711,
      "liveWin": true,
      "liveSeat": 0,
      "steps": 18,
      "ms": 812
    },
    {
      "seed": 20260711,
      "liveWin": false,
      "liveSeat": 1,
      "steps": 30,
      "ms": 1016
    },
    {
      "seed": 20270684,
      "liveWin": true,
      "liveSeat": 0,
      "steps": 17,
      "ms": 681
    },
    {
      "seed": 20270684,
      "liveWin": true,
      "liveSeat": 1,
      "steps": 24,
      "ms": 769
    },
    {
      "seed": 20280657,
      "liveWin": true,
      "liveSeat": 0,
      "steps": 20,
      "ms": 512
    },
    {
      "seed": 20280657,
      "liveWin": true,
      "liveSeat": 1,
      "steps": 19,
      "ms": 416
    },
    {
      "seed": 20290630,
      "liveWin": true,
      "liveSeat": 0,
      "steps": 17,
      "ms": 313
    },
    {
      "seed": 20290630,
      "liveWin": false,
      "liveSeat": 1,
      "steps": 19,
      "ms": 490
    },
    {
      "seed": 20300603,
      "liveWin": false,
      "liveSeat": 0,
      "steps": 18,
      "ms": 863
    },
    {
      "seed": 20300603,
      "liveWin": true,
      "liveSeat": 1,
      "steps": 26,
      "ms": 1008
    },
    {
      "seed": 20310576,
      "liveWin": true,
      "liveSeat": 0,
      "steps": 25,
      "ms": 899
    },
    {
      "seed": 20310576,
      "liveWin": true,
      "liveSeat": 1,
      "steps": 18,
      "ms": 391
    },
    {
      "seed": 20320549,
      "liveWin": false,
      "liveSeat": 0,
      "steps": 11,
      "ms": 255
    },
    {
      "seed": 20320549,
      "liveWin": true,
      "liveSeat": 1,
      "steps": 27,
      "ms": 648
    },
    {
      "seed": 20330522,
      "liveWin": true,
      "liveSeat": 0,
      "steps": 21,
      "ms": 560
    },
    {
      "seed": 20330522,
      "liveWin": false,
      "liveSeat": 1,
      "steps": 21,
      "ms": 705
    },
    {
      "seed": 20340495,
      "liveWin": false,
      "liveSeat": 0,
      "steps": 20,
      "ms": 406
    },
    {
      "seed": 20340495,
      "liveWin": true,
      "liveSeat": 1,
      "steps": 26,
      "ms": 760
    },
    {
      "seed": 20350468,
      "liveWin": false,
      "liveSeat": 0,
      "steps": 22,
      "ms": 1132
    },
    {
      "seed": 20350468,
      "liveWin": true,
      "liveSeat": 1,
      "steps": 24,
      "ms": 797
    },
    {
      "seed": 20360441,
      "liveWin": true,
      "liveSeat": 0,
      "steps": 18,
      "ms": 753
    },
    {
      "seed": 20360441,
      "liveWin": false,
      "liveSeat": 1,
      "steps": 18,
      "ms": 518
    },
    {
      "seed": 20370414,
      "liveWin": true,
      "liveSeat": 0,
      "steps": 18,
      "ms": 329
    },
    {
      "seed": 20370414,
      "liveWin": false,
      "liveSeat": 1,
      "steps": 20,
      "ms": 416
    },
    {
      "seed": 20380387,
      "liveWin": true,
      "liveSeat": 0,
      "steps": 5,
      "ms": 237
    },
    {
      "seed": 20380387,
      "liveWin": true,
      "liveSeat": 1,
      "steps": 16,
      "ms": 240
    },
    {
      "seed": 20390360,
      "liveWin": true,
      "liveSeat": 0,
      "steps": 17,
      "ms": 663
    },
    {
      "seed": 20390360,
      "liveWin": true,
      "liveSeat": 1,
      "steps": 14,
      "ms": 836
    },
    {
      "seed": 20400333,
      "liveWin": true,
      "liveSeat": 0,
      "steps": 15,
      "ms": 684
    },
    {
      "seed": 20400333,
      "liveWin": true,
      "liveSeat": 1,
      "steps": 16,
      "ms": 629
    },
    {
      "seed": 20410306,
      "liveWin": true,
      "liveSeat": 0,
      "steps": 22,
      "ms": 682
    },
    {
      "seed": 20410306,
      "liveWin": false,
      "liveSeat": 1,
      "steps": 22,
      "ms": 745
    },
    {
      "seed": 20420279,
      "liveWin": true,
      "liveSeat": 0,
      "steps": 19,
      "ms": 867
    },
    {
      "seed": 20420279,
      "liveWin": true,
      "liveSeat": 1,
      "steps": 20,
      "ms": 647
    },
    {
      "seed": 20430252,
      "liveWin": true,
      "liveSeat": 0,
      "steps": 7,
      "ms": 418
    },
    {
      "seed": 20430252,
      "liveWin": false,
      "liveSeat": 1,
      "steps": 7,
      "ms": 222
    },
    {
      "seed": 20440225,
      "liveWin": true,
      "liveSeat": 0,
      "steps": 17,
      "ms": 934
    },
    {
      "seed": 20440225,
      "liveWin": true,
      "liveSeat": 1,
      "steps": 26,
      "ms": 1070
    },
    {
      "seed": 20450198,
      "liveWin": true,
      "liveSeat": 0,
      "steps": 14,
      "ms": 357
    },
    {
      "seed": 20450198,
      "liveWin": false,
      "liveSeat": 1,
      "steps": 16,
      "ms": 1415
    },
    {
      "seed": 20460171,
      "liveWin": false,
      "liveSeat": 0,
      "steps": 19,
      "ms": 158
    },
    {
      "seed": 20460171,
      "liveWin": true,
      "liveSeat": 1,
      "steps": 19,
      "ms": 363
    },
    {
      "seed": 20470144,
      "liveWin": true,
      "liveSeat": 0,
      "steps": 26,
      "ms": 1235
    },
    {
      "seed": 20470144,
      "liveWin": true,
      "liveSeat": 1,
      "steps": 17,
      "ms": 1008
    },
    {
      "seed": 20480117,
      "liveWin": true,
      "liveSeat": 0,
      "steps": 18,
      "ms": 792
    },
    {
      "seed": 20480117,
      "liveWin": true,
      "liveSeat": 1,
      "steps": 21,
      "ms": 516
    },
    {
      "seed": 20490090,
      "liveWin": false,
      "liveSeat": 0,
      "steps": 19,
      "ms": 774
    },
    {
      "seed": 20490090,
      "liveWin": true,
      "liveSeat": 1,
      "steps": 21,
      "ms": 1268
    },
    {
      "seed": 20500063,
      "liveWin": false,
      "liveSeat": 0,
      "steps": 28,
      "ms": 1065
    },
    {
      "seed": 20500063,
      "liveWin": false,
      "liveSeat": 1,
      "steps": 17,
      "ms": 458
    },
    {
      "seed": 20510036,
      "liveWin": true,
      "liveSeat": 0,
      "steps": 24,
      "ms": 559
    },
    {
      "seed": 20510036,
      "liveWin": true,
      "liveSeat": 1,
      "steps": 19,
      "ms": 684
    },
    {
      "seed": 20520009,
      "liveWin": false,
      "liveSeat": 0,
      "steps": 22,
      "ms": 574
    },
    {
      "seed": 20520009,
      "liveWin": false,
      "liveSeat": 1,
      "steps": 13,
      "ms": 541
    },
    {
      "seed": 20529982,
      "liveWin": true,
      "liveSeat": 0,
      "steps": 14,
      "ms": 514
    },
    {
      "seed": 20529982,
      "liveWin": false,
      "liveSeat": 1,
      "steps": 16,
      "ms": 501
    },
    {
      "seed": 20539955,
      "liveWin": true,
      "liveSeat": 0,
      "steps": 14,
      "ms": 149
    },
    {
      "seed": 20539955,
      "liveWin": false,
      "liveSeat": 1,
      "steps": 14,
      "ms": 297
    },
    {
      "seed": 20549928,
      "liveWin": false,
      "liveSeat": 0,
      "steps": 12,
      "ms": 355
    },
    {
      "seed": 20549928,
      "liveWin": true,
      "liveSeat": 1,
      "steps": 10,
      "ms": 313
    },
    {
      "seed": 20559901,
      "liveWin": false,
      "liveSeat": 0,
      "steps": 23,
      "ms": 389
    },
    {
      "seed": 20559901,
      "liveWin": true,
      "liveSeat": 1,
      "steps": 23,
      "ms": 217
    },
    {
      "seed": 20569874,
      "liveWin": true,
      "liveSeat": 0,
      "steps": 15,
      "ms": 496
    },
    {
      "seed": 20569874,
      "liveWin": false,
      "liveSeat": 1,
      "steps": 13,
      "ms": 338
    },
    {
      "seed": 20579847,
      "liveWin": true,
      "liveSeat": 0,
      "steps": 17,
      "ms": 756
    },
    {
      "seed": 20579847,
      "liveWin": false,
      "liveSeat": 1,
      "steps": 21,
      "ms": 867
    },
    {
      "seed": 20589820,
      "liveWin": false,
      "liveSeat": 0,
      "steps": 18,
      "ms": 376
    },
    {
      "seed": 20589820,
      "liveWin": false,
      "liveSeat": 1,
      "steps": 13,
      "ms": 550
    },
    {
      "seed": 20599793,
      "liveWin": false,
      "liveSeat": 0,
      "steps": 21,
      "ms": 441
    },
    {
      "seed": 20599793,
      "liveWin": false,
      "liveSeat": 1,
      "steps": 20,
      "ms": 273
    },
    {
      "seed": 20609766,
      "liveWin": false,
      "liveSeat": 0,
      "steps": 25,
      "ms": 685
    },
    {
      "seed": 20609766,
      "liveWin": true,
      "liveSeat": 1,
      "steps": 23,
      "ms": 754
    },
    {
      "seed": 20619739,
      "liveWin": true,
      "liveSeat": 0,
      "steps": 19,
      "ms": 280
    },
    {
      "seed": 20619739,
      "liveWin": false,
      "liveSeat": 1,
      "steps": 19,
      "ms": 188
    },
    {
      "seed": 20629712,
      "liveWin": false,
      "liveSeat": 0,
      "steps": 13,
      "ms": 478
    },
    {
      "seed": 20629712,
      "liveWin": false,
      "liveSeat": 1,
      "steps": 28,
      "ms": 769
    },
    {
      "seed": 20639685,
      "liveWin": false,
      "liveSeat": 0,
      "steps": 18,
      "ms": 664
    },
    {
      "seed": 20639685,
      "liveWin": true,
      "liveSeat": 1,
      "steps": 18,
      "ms": 487
    },
    {
      "seed": 20649658,
      "liveWin": true,
      "liveSeat": 0,
      "steps": 19,
      "ms": 725
    },
    {
      "seed": 20649658,
      "liveWin": false,
      "liveSeat": 1,
      "steps": 25,
      "ms": 445
    },
    {
      "seed": 20659631,
      "liveWin": true,
      "liveSeat": 0,
      "steps": 20,
      "ms": 421
    },
    {
      "seed": 20659631,
      "liveWin": false,
      "liveSeat": 1,
      "steps": 20,
      "ms": 605
    },
    {
      "seed": 20669604,
      "liveWin": false,
      "liveSeat": 0,
      "steps": 16,
      "ms": 613
    },
    {
      "seed": 20669604,
      "liveWin": true,
      "liveSeat": 1,
      "steps": 12,
      "ms": 305
    },
    {
      "seed": 20679577,
      "liveWin": true,
      "liveSeat": 0,
      "steps": 21,
      "ms": 717
    },
    {
      "seed": 20679577,
      "liveWin": true,
      "liveSeat": 1,
      "steps": 18,
      "ms": 161
    },
    {
      "seed": 20689550,
      "liveWin": false,
      "liveSeat": 0,
      "steps": 22,
      "ms": 876
    },
    {
      "seed": 20689550,
      "liveWin": true,
      "liveSeat": 1,
      "steps": 10,
      "ms": 319
    },
    {
      "seed": 20699523,
      "liveWin": false,
      "liveSeat": 0,
      "steps": 10,
      "ms": 1486
    },
    {
      "seed": 20699523,
      "liveWin": true,
      "liveSeat": 1,
      "steps": 12,
      "ms": 407
    },
    {
      "seed": 20709496,
      "liveWin": false,
      "liveSeat": 0,
      "steps": 12,
      "ms": 263
    },
    {
      "seed": 20709496,
      "liveWin": true,
      "liveSeat": 1,
      "steps": 12,
      "ms": 144
    },
    {
      "seed": 20719469,
      "liveWin": true,
      "liveSeat": 0,
      "steps": 24,
      "ms": 418
    },
    {
      "seed": 20719469,
      "liveWin": false,
      "liveSeat": 1,
      "steps": 22,
      "ms": 499
    },
    {
      "seed": 20729442,
      "liveWin": false,
      "liveSeat": 0,
      "steps": 18,
      "ms": 764
    },
    {
      "seed": 20729442,
      "liveWin": true,
      "liveSeat": 1,
      "steps": 14,
      "ms": 142
    },
    {
      "seed": 20739415,
      "liveWin": false,
      "liveSeat": 0,
      "steps": 21,
      "ms": 246
    },
    {
      "seed": 20739415,
      "liveWin": true,
      "liveSeat": 1,
      "steps": 17,
      "ms": 469
    },
    {
      "seed": 20749388,
      "liveWin": false,
      "liveSeat": 0,
      "steps": 19,
      "ms": 279
    },
    {
      "seed": 20749388,
      "liveWin": true,
      "liveSeat": 1,
      "steps": 19,
      "ms": 417
    }
  ],
  "lossSeeds": [
    20260711,
    20290630,
    20300603,
    20320549,
    20330522,
    20340495,
    20350468,
    20360441,
    20370414,
    20410306,
    20430252,
    20450198,
    20460171,
    20490090,
    20500063,
    20500063,
    20520009,
    20520009,
    20529982,
    20539955,
    20549928,
    20559901,
    20569874,
    20579847,
    20589820,
    20589820,
    20599793,
    20599793,
    20609766,
    20619739,
    20629712,
    20629712,
    20639685,
    20649658,
    20659631,
    20669604,
    20689550,
    20699523,
    20709496,
    20719469,
    20729442,
    20739415,
    20749388
  ],
  "target": 0.7,
  "passed": false
}
wrote /Users/johnhoang/Developer/Grok/tieng-len/evolve/probe-p_mbnest-dense-n100.json
