{"start":true,"freeze":"v91","chall":"p_mbnest_ovk","live":{"id":"v9.1-probe-mbnest_ovk","stamped":"2026-07-13T02:50:38Z","label":"Grandmaster v9.1-probe mbnest_ovk"},"freezeBuild":{"id":"v9.1","stamped":"2026-07-13T02:50:38Z","label":"Grandmaster v9.1 (ladder freeze)"},"games":25,"seed0":20260713,"protocol":"fair-hidden-gm-BR-both-equal","opts":{"difficulty":"grandmaster","useSearch":true,"perfectInfo":false,"hiddenInfo":true,"timeMs":150,"iterations":60,"maxSims":120,"brTrials":12,"bestResponse":true,"exactExploit":false,"exploit":true,"softSamples":4,"maxBranch":12,"mode":"auto","strongSelf":false}}
{"g":0,"seed":20260713,"liveWin":false,"liveSeat":0,"steps":24,"ms":685,"liveWins":0,"games":1,"wr":0}
{"g":1,"seed":20260713,"liveWin":false,"liveSeat":1,"steps":17,"ms":278,"liveWins":0,"games":2,"wr":0}
{"g":2,"seed":20270686,"liveWin":false,"liveSeat":0,"steps":17,"ms":845,"liveWins":0,"games":3,"wr":0}
{"g":3,"seed":20270686,"liveWin":false,"liveSeat":1,"steps":22,"ms":533,"liveWins":0,"games":4,"wr":0}
{"g":4,"seed":20280659,"liveWin":true,"liveSeat":0,"steps":21,"ms":318,"liveWins":1,"games":5,"wr":0.2}
{"g":5,"seed":20280659,"liveWin":true,"liveSeat":1,"steps":22,"ms":906,"liveWins":2,"games":6,"wr":0.3333333333333333}
{"g":6,"seed":20290632,"liveWin":false,"liveSeat":0,"steps":28,"ms":385,"liveWins":2,"games":7,"wr":0.2857142857142857}
{"g":7,"seed":20290632,"liveWin":true,"liveSeat":1,"steps":24,"ms":519,"liveWins":3,"games":8,"wr":0.375}
{"g":8,"seed":20300605,"liveWin":true,"liveSeat":0,"steps":20,"ms":292,"liveWins":4,"games":9,"wr":0.4444444444444444}
{"g":9,"seed":20300605,"liveWin":true,"liveSeat":1,"steps":15,"ms":434,"liveWins":5,"games":10,"wr":0.5}
{"g":10,"seed":20310578,"liveWin":false,"liveSeat":0,"steps":16,"ms":136,"liveWins":5,"games":11,"wr":0.45454545454545453}
{"g":11,"seed":20310578,"liveWin":true,"liveSeat":1,"steps":18,"ms":164,"liveWins":6,"games":12,"wr":0.5}
{"g":12,"seed":20320551,"liveWin":false,"liveSeat":0,"steps":25,"ms":255,"liveWins":6,"games":13,"wr":0.46153846153846156}
{"g":13,"seed":20320551,"liveWin":false,"liveSeat":1,"steps":20,"ms":294,"liveWins":6,"games":14,"wr":0.42857142857142855}
{"g":14,"seed":20330524,"liveWin":false,"liveSeat":0,"steps":19,"ms":348,"liveWins":6,"games":15,"wr":0.4}
{"g":15,"seed":20330524,"liveWin":true,"liveSeat":1,"steps":21,"ms":602,"liveWins":7,"games":16,"wr":0.4375}
{"g":16,"seed":20340497,"liveWin":false,"liveSeat":0,"steps":21,"ms":800,"liveWins":7,"games":17,"wr":0.4117647058823529}
{"g":17,"seed":20340497,"liveWin":true,"liveSeat":1,"steps":21,"ms":777,"liveWins":8,"games":18,"wr":0.4444444444444444}
{"g":18,"seed":20350470,"liveWin":true,"liveSeat":0,"steps":21,"ms":711,"liveWins":9,"games":19,"wr":0.47368421052631576}
{"g":19,"seed":20350470,"liveWin":true,"liveSeat":1,"steps":24,"ms":435,"liveWins":10,"games":20,"wr":0.5}
{"g":20,"seed":20360443,"liveWin":false,"liveSeat":0,"steps":23,"ms":442,"liveWins":10,"games":21,"wr":0.47619047619047616}
{"g":21,"seed":20360443,"liveWin":false,"liveSeat":1,"steps":22,"ms":315,"liveWins":10,"games":22,"wr":0.45454545454545453}
{"g":22,"seed":20370416,"liveWin":true,"liveSeat":0,"steps":19,"ms":264,"liveWins":11,"games":23,"wr":0.4782608695652174}
{"g":23,"seed":20370416,"liveWin":false,"liveSeat":1,"steps":19,"ms":154,"liveWins":11,"games":24,"wr":0.4583333333333333}
{"g":24,"seed":20380389,"liveWin":false,"liveSeat":0,"steps":25,"ms":623,"liveWins":11,"games":25,"wr":0.44}
{"g":25,"seed":20380389,"liveWin":false,"liveSeat":1,"steps":16,"ms":312,"liveWins":11,"games":26,"wr":0.4230769230769231}
{"g":26,"seed":20390362,"liveWin":false,"liveSeat":0,"steps":16,"ms":340,"liveWins":11,"games":27,"wr":0.4074074074074074}
{"g":27,"seed":20390362,"liveWin":true,"liveSeat":1,"steps":22,"ms":594,"liveWins":12,"games":28,"wr":0.42857142857142855}
{"g":28,"seed":20400335,"liveWin":false,"liveSeat":0,"steps":24,"ms":223,"liveWins":12,"games":29,"wr":0.41379310344827586}
{"g":29,"seed":20400335,"liveWin":true,"liveSeat":1,"steps":24,"ms":323,"liveWins":13,"games":30,"wr":0.43333333333333335}
{"g":30,"seed":20410308,"liveWin":false,"liveSeat":0,"steps":22,"ms":539,"liveWins":13,"games":31,"wr":0.41935483870967744}
{"g":31,"seed":20410308,"liveWin":false,"liveSeat":1,"steps":19,"ms":176,"liveWins":13,"games":32,"wr":0.40625}
{"g":32,"seed":20420281,"liveWin":false,"liveSeat":0,"steps":22,"ms":523,"liveWins":13,"games":33,"wr":0.3939393939393939}
{"g":33,"seed":20420281,"liveWin":false,"liveSeat":1,"steps":27,"ms":136,"liveWins":13,"games":34,"wr":0.38235294117647056}
{"g":34,"seed":20430254,"liveWin":false,"liveSeat":0,"steps":19,"ms":416,"liveWins":13,"games":35,"wr":0.37142857142857144}
{"g":35,"seed":20430254,"liveWin":false,"liveSeat":1,"steps":14,"ms":264,"liveWins":13,"games":36,"wr":0.3611111111111111}
{"g":36,"seed":20440227,"liveWin":false,"liveSeat":0,"steps":16,"ms":200,"liveWins":13,"games":37,"wr":0.35135135135135137}
{"g":37,"seed":20440227,"liveWin":true,"liveSeat":1,"steps":14,"ms":204,"liveWins":14,"games":38,"wr":0.3684210526315789}
{"g":38,"seed":20450200,"liveWin":false,"liveSeat":0,"steps":21,"ms":246,"liveWins":14,"games":39,"wr":0.358974358974359}
{"g":39,"seed":20450200,"liveWin":true,"liveSeat":1,"steps":13,"ms":211,"liveWins":15,"games":40,"wr":0.375}
{"g":40,"seed":20460173,"liveWin":false,"liveSeat":0,"steps":25,"ms":422,"liveWins":15,"games":41,"wr":0.36585365853658536}
{"g":41,"seed":20460173,"liveWin":true,"liveSeat":1,"steps":21,"ms":553,"liveWins":16,"games":42,"wr":0.38095238095238093}
{"g":42,"seed":20470146,"liveWin":true,"liveSeat":0,"steps":23,"ms":281,"liveWins":17,"games":43,"wr":0.3953488372093023}
{"g":43,"seed":20470146,"liveWin":true,"liveSeat":1,"steps":22,"ms":404,"liveWins":18,"games":44,"wr":0.4090909090909091}
{"g":44,"seed":20480119,"liveWin":false,"liveSeat":0,"steps":18,"ms":374,"liveWins":18,"games":45,"wr":0.4}
{"g":45,"seed":20480119,"liveWin":true,"liveSeat":1,"steps":18,"ms":283,"liveWins":19,"games":46,"wr":0.41304347826086957}
{"g":46,"seed":20490092,"liveWin":false,"liveSeat":0,"steps":18,"ms":160,"liveWins":19,"games":47,"wr":0.40425531914893614}
{"g":47,"seed":20490092,"liveWin":false,"liveSeat":1,"steps":21,"ms":303,"liveWins":19,"games":48,"wr":0.3958333333333333}
{"g":48,"seed":20500065,"liveWin":false,"liveSeat":0,"steps":21,"ms":635,"liveWins":19,"games":49,"wr":0.3877551020408163}
{"g":49,"seed":20500065,"liveWin":true,"liveSeat":1,"steps":25,"ms":769,"liveWins":20,"games":50,"wr":0.4}
=== FINAL ===
{
  "protocol": "fair-hidden-gm-BR-both-equal",
  "infoModel": "hidden",
  "perfectInfo": false,
  "hiddenInfo": true,
  "brBoth": true,
  "equalBudget": true,
  "games": 50,
  "liveWins": 20,
  "freezeWins": 30,
  "liveWinRate": 0.4,
  "seed0": 20260713,
  "ms": 20424,
  "live": {
    "id": "v9.1-probe-mbnest_ovk",
    "stamped": "2026-07-13T02:50:38Z",
    "label": "Grandmaster v9.1-probe mbnest_ovk"
  },
  "freeze": {
    "id": "v9.1",
    "stamped": "2026-07-13T02:50:38Z",
    "label": "Grandmaster v9.1 (ladder freeze)"
  },
  "freezeTag": "v91",
  "challTag": "p_mbnest_ovk",
  "opts": {
    "difficulty": "grandmaster",
    "useSearch": true,
    "perfectInfo": false,
    "hiddenInfo": true,
    "timeMs": 150,
    "iterations": 60,
    "maxSims": 120,
    "brTrials": 12,
    "bestResponse": true,
    "exactExploit": false,
    "exploit": true,
    "softSamples": 4,
    "maxBranch": 12,
    "mode": "auto",
    "strongSelf": false
  },
  "perGame": [
    {
      "seed": 20260713,
      "liveWin": false,
      "liveSeat": 0,
      "steps": 24,
      "ms": 685
    },
    {
      "seed": 20260713,
      "liveWin": false,
      "liveSeat": 1,
      "steps": 17,
      "ms": 278
    },
    {
      "seed": 20270686,
      "liveWin": false,
      "liveSeat": 0,
      "steps": 17,
      "ms": 845
    },
    {
      "seed": 20270686,
      "liveWin": false,
      "liveSeat": 1,
      "steps": 22,
      "ms": 533
    },
    {
      "seed": 20280659,
      "liveWin": true,
      "liveSeat": 0,
      "steps": 21,
      "ms": 318
    },
    {
      "seed": 20280659,
      "liveWin": true,
      "liveSeat": 1,
      "steps": 22,
      "ms": 906
    },
    {
      "seed": 20290632,
      "liveWin": false,
      "liveSeat": 0,
      "steps": 28,
      "ms": 385
    },
    {
      "seed": 20290632,
      "liveWin": true,
      "liveSeat": 1,
      "steps": 24,
      "ms": 519
    },
    {
      "seed": 20300605,
      "liveWin": true,
      "liveSeat": 0,
      "steps": 20,
      "ms": 292
    },
    {
      "seed": 20300605,
      "liveWin": true,
      "liveSeat": 1,
      "steps": 15,
      "ms": 434
    },
    {
      "seed": 20310578,
      "liveWin": false,
      "liveSeat": 0,
      "steps": 16,
      "ms": 136
    },
    {
      "seed": 20310578,
      "liveWin": true,
      "liveSeat": 1,
      "steps": 18,
      "ms": 164
    },
    {
      "seed": 20320551,
      "liveWin": false,
      "liveSeat": 0,
      "steps": 25,
      "ms": 255
    },
    {
      "seed": 20320551,
      "liveWin": false,
      "liveSeat": 1,
      "steps": 20,
      "ms": 294
    },
    {
      "seed": 20330524,
      "liveWin": false,
      "liveSeat": 0,
      "steps": 19,
      "ms": 348
    },
    {
      "seed": 20330524,
      "liveWin": true,
      "liveSeat": 1,
      "steps": 21,
      "ms": 602
    },
    {
      "seed": 20340497,
      "liveWin": false,
      "liveSeat": 0,
      "steps": 21,
      "ms": 800
    },
    {
      "seed": 20340497,
      "liveWin": true,
      "liveSeat": 1,
      "steps": 21,
      "ms": 777
    },
    {
      "seed": 20350470,
      "liveWin": true,
      "liveSeat": 0,
      "steps": 21,
      "ms": 711
    },
    {
      "seed": 20350470,
      "liveWin": true,
      "liveSeat": 1,
      "steps": 24,
      "ms": 435
    },
    {
      "seed": 20360443,
      "liveWin": false,
      "liveSeat": 0,
      "steps": 23,
      "ms": 442
    },
    {
      "seed": 20360443,
      "liveWin": false,
      "liveSeat": 1,
      "steps": 22,
      "ms": 315
    },
    {
      "seed": 20370416,
      "liveWin": true,
      "liveSeat": 0,
      "steps": 19,
      "ms": 264
    },
    {
      "seed": 20370416,
      "liveWin": false,
      "liveSeat": 1,
      "steps": 19,
      "ms": 154
    },
    {
      "seed": 20380389,
      "liveWin": false,
      "liveSeat": 0,
      "steps": 25,
      "ms": 623
    },
    {
      "seed": 20380389,
      "liveWin": false,
      "liveSeat": 1,
      "steps": 16,
      "ms": 312
    },
    {
      "seed": 20390362,
      "liveWin": false,
      "liveSeat": 0,
      "steps": 16,
      "ms": 340
    },
    {
      "seed": 20390362,
      "liveWin": true,
      "liveSeat": 1,
      "steps": 22,
      "ms": 594
    },
    {
      "seed": 20400335,
      "liveWin": false,
      "liveSeat": 0,
      "steps": 24,
      "ms": 223
    },
    {
      "seed": 20400335,
      "liveWin": true,
      "liveSeat": 1,
      "steps": 24,
      "ms": 323
    },
    {
      "seed": 20410308,
      "liveWin": false,
      "liveSeat": 0,
      "steps": 22,
      "ms": 539
    },
    {
      "seed": 20410308,
      "liveWin": false,
      "liveSeat": 1,
      "steps": 19,
      "ms": 176
    },
    {
      "seed": 20420281,
      "liveWin": false,
      "liveSeat": 0,
      "steps": 22,
      "ms": 523
    },
    {
      "seed": 20420281,
      "liveWin": false,
      "liveSeat": 1,
      "steps": 27,
      "ms": 136
    },
    {
      "seed": 20430254,
      "liveWin": false,
      "liveSeat": 0,
      "steps": 19,
      "ms": 416
    },
    {
      "seed": 20430254,
      "liveWin": false,
      "liveSeat": 1,
      "steps": 14,
      "ms": 264
    },
    {
      "seed": 20440227,
      "liveWin": false,
      "liveSeat": 0,
      "steps": 16,
      "ms": 200
    },
    {
      "seed": 20440227,
      "liveWin": true,
      "liveSeat": 1,
      "steps": 14,
      "ms": 204
    },
    {
      "seed": 20450200,
      "liveWin": false,
      "liveSeat": 0,
      "steps": 21,
      "ms": 246
    },
    {
      "seed": 20450200,
      "liveWin": true,
      "liveSeat": 1,
      "steps": 13,
      "ms": 211
    },
    {
      "seed": 20460173,
      "liveWin": false,
      "liveSeat": 0,
      "steps": 25,
      "ms": 422
    },
    {
      "seed": 20460173,
      "liveWin": true,
      "liveSeat": 1,
      "steps": 21,
      "ms": 553
    },
    {
      "seed": 20470146,
      "liveWin": true,
      "liveSeat": 0,
      "steps": 23,
      "ms": 281
    },
    {
      "seed": 20470146,
      "liveWin": true,
      "liveSeat": 1,
      "steps": 22,
      "ms": 404
    },
    {
      "seed": 20480119,
      "liveWin": false,
      "liveSeat": 0,
      "steps": 18,
      "ms": 374
    },
    {
      "seed": 20480119,
      "liveWin": true,
      "liveSeat": 1,
      "steps": 18,
      "ms": 283
    },
    {
      "seed": 20490092,
      "liveWin": false,
      "liveSeat": 0,
      "steps": 18,
      "ms": 160
    },
    {
      "seed": 20490092,
      "liveWin": false,
      "liveSeat": 1,
      "steps": 21,
      "ms": 303
    },
    {
      "seed": 20500065,
      "liveWin": false,
      "liveSeat": 0,
      "steps": 21,
      "ms": 635
    },
    {
      "seed": 20500065,
      "liveWin": true,
      "liveSeat": 1,
      "steps": 25,
      "ms": 769
    }
  ],
  "lossSeeds": [
    20260713,
    20260713,
    20270686,
    20270686,
    20290632,
    20310578,
    20320551,
    20320551,
    20330524,
    20340497,
    20360443,
    20360443,
    20370416,
    20380389,
    20380389,
    20390362,
    20400335,
    20410308,
    20410308,
    20420281,
    20420281,
    20430254,
    20430254,
    20440227,
    20450200,
    20460173,
    20480119,
    20490092,
    20490092,
    20500065
  ],
  "target": 0.7,
  "passed": false
}
wrote /Users/johnhoang/Developer/Grok/tieng-len/evolve/probe-p_mbnest_ovk-vs-v91-fair-both-s13-n50.json
