{"start":true,"freeze":"v91","chall":"p_mbnest_co2","live":{"id":"v9.1-probe-mbnest_co2","stamped":"2026-07-13T02:50:38Z","label":"Grandmaster v9.1-probe mbnest_co2"},"freezeBuild":{"id":"v9.1","stamped":"2026-07-13T02:50:38Z","label":"Grandmaster v9.1 (ladder freeze)"},"games":50,"seed0":20260711,"protocol":"fair-hidden-gm-BR-both-equal","opts":{"difficulty":"grandmaster","useSearch":true,"perfectInfo":false,"hiddenInfo":true,"timeMs":150,"iterations":60,"maxSims":120,"brTrials":12,"bestResponse":true,"exactExploit":false,"exploit":true,"softSamples":4,"maxBranch":12,"mode":"auto","strongSelf":false}}
{"g":0,"seed":20260711,"liveWin":true,"liveSeat":0,"steps":18,"ms":474,"liveWins":1,"games":1,"wr":1}
{"g":1,"seed":20260711,"liveWin":false,"liveSeat":1,"steps":26,"ms":731,"liveWins":1,"games":2,"wr":0.5}
{"g":2,"seed":20270684,"liveWin":false,"liveSeat":0,"steps":22,"ms":398,"liveWins":1,"games":3,"wr":0.3333333333333333}
{"g":3,"seed":20270684,"liveWin":true,"liveSeat":1,"steps":22,"ms":408,"liveWins":2,"games":4,"wr":0.5}
{"g":4,"seed":20280657,"liveWin":true,"liveSeat":0,"steps":20,"ms":343,"liveWins":3,"games":5,"wr":0.6}
{"g":5,"seed":20280657,"liveWin":true,"liveSeat":1,"steps":19,"ms":251,"liveWins":4,"games":6,"wr":0.6666666666666666}
{"g":6,"seed":20290630,"liveWin":true,"liveSeat":0,"steps":17,"ms":156,"liveWins":5,"games":7,"wr":0.7142857142857143}
{"g":7,"seed":20290630,"liveWin":true,"liveSeat":1,"steps":20,"ms":120,"liveWins":6,"games":8,"wr":0.75}
{"g":8,"seed":20300603,"liveWin":false,"liveSeat":0,"steps":18,"ms":339,"liveWins":6,"games":9,"wr":0.6666666666666666}
{"g":9,"seed":20300603,"liveWin":true,"liveSeat":1,"steps":24,"ms":196,"liveWins":7,"games":10,"wr":0.7}
{"g":10,"seed":20310576,"liveWin":true,"liveSeat":0,"steps":25,"ms":399,"liveWins":8,"games":11,"wr":0.7272727272727273}
{"g":11,"seed":20310576,"liveWin":true,"liveSeat":1,"steps":18,"ms":178,"liveWins":9,"games":12,"wr":0.75}
{"g":12,"seed":20320549,"liveWin":false,"liveSeat":0,"steps":11,"ms":112,"liveWins":9,"games":13,"wr":0.6923076923076923}
{"g":13,"seed":20320549,"liveWin":true,"liveSeat":1,"steps":11,"ms":131,"liveWins":10,"games":14,"wr":0.7142857142857143}
{"g":14,"seed":20330522,"liveWin":true,"liveSeat":0,"steps":21,"ms":203,"liveWins":11,"games":15,"wr":0.7333333333333333}
{"g":15,"seed":20330522,"liveWin":true,"liveSeat":1,"steps":28,"ms":354,"liveWins":12,"games":16,"wr":0.75}
{"g":16,"seed":20340495,"liveWin":false,"liveSeat":0,"steps":20,"ms":216,"liveWins":12,"games":17,"wr":0.7058823529411765}
{"g":17,"seed":20340495,"liveWin":true,"liveSeat":1,"steps":26,"ms":325,"liveWins":13,"games":18,"wr":0.7222222222222222}
{"g":18,"seed":20350468,"liveWin":true,"liveSeat":0,"steps":17,"ms":392,"liveWins":14,"games":19,"wr":0.7368421052631579}
{"g":19,"seed":20350468,"liveWin":true,"liveSeat":1,"steps":24,"ms":421,"liveWins":15,"games":20,"wr":0.75}
{"g":20,"seed":20360441,"liveWin":true,"liveSeat":0,"steps":18,"ms":303,"liveWins":16,"games":21,"wr":0.7619047619047619}
{"g":21,"seed":20360441,"liveWin":false,"liveSeat":1,"steps":18,"ms":371,"liveWins":16,"games":22,"wr":0.7272727272727273}
{"g":22,"seed":20370414,"liveWin":true,"liveSeat":0,"steps":18,"ms":106,"liveWins":17,"games":23,"wr":0.7391304347826086}
{"g":23,"seed":20370414,"liveWin":false,"liveSeat":1,"steps":20,"ms":155,"liveWins":17,"games":24,"wr":0.7083333333333334}
{"g":24,"seed":20380387,"liveWin":false,"liveSeat":0,"steps":16,"ms":152,"liveWins":17,"games":25,"wr":0.68}
{"g":25,"seed":20380387,"liveWin":true,"liveSeat":1,"steps":16,"ms":149,"liveWins":18,"games":26,"wr":0.6923076923076923}
{"g":26,"seed":20390360,"liveWin":true,"liveSeat":0,"steps":17,"ms":304,"liveWins":19,"games":27,"wr":0.7037037037037037}
{"g":27,"seed":20390360,"liveWin":false,"liveSeat":1,"steps":17,"ms":344,"liveWins":19,"games":28,"wr":0.6785714285714286}
{"g":28,"seed":20400333,"liveWin":true,"liveSeat":0,"steps":15,"ms":258,"liveWins":20,"games":29,"wr":0.6896551724137931}
{"g":29,"seed":20400333,"liveWin":true,"liveSeat":1,"steps":14,"ms":583,"liveWins":21,"games":30,"wr":0.7}
{"g":30,"seed":20410306,"liveWin":true,"liveSeat":0,"steps":22,"ms":249,"liveWins":22,"games":31,"wr":0.7096774193548387}
{"g":31,"seed":20410306,"liveWin":true,"liveSeat":1,"steps":11,"ms":140,"liveWins":23,"games":32,"wr":0.71875}
{"g":32,"seed":20420279,"liveWin":true,"liveSeat":0,"steps":19,"ms":311,"liveWins":24,"games":33,"wr":0.7272727272727273}
{"g":33,"seed":20420279,"liveWin":true,"liveSeat":1,"steps":20,"ms":365,"liveWins":25,"games":34,"wr":0.7352941176470589}
{"g":34,"seed":20430252,"liveWin":false,"liveSeat":0,"steps":16,"ms":217,"liveWins":25,"games":35,"wr":0.7142857142857143}
{"g":35,"seed":20430252,"liveWin":true,"liveSeat":1,"steps":16,"ms":215,"liveWins":26,"games":36,"wr":0.7222222222222222}
{"g":36,"seed":20440225,"liveWin":true,"liveSeat":0,"steps":17,"ms":339,"liveWins":27,"games":37,"wr":0.7297297297297297}
{"g":37,"seed":20440225,"liveWin":true,"liveSeat":1,"steps":26,"ms":466,"liveWins":28,"games":38,"wr":0.7368421052631579}
{"g":38,"seed":20450198,"liveWin":true,"liveSeat":0,"steps":14,"ms":199,"liveWins":29,"games":39,"wr":0.7435897435897436}
{"g":39,"seed":20450198,"liveWin":false,"liveSeat":1,"steps":16,"ms":287,"liveWins":29,"games":40,"wr":0.725}
{"g":40,"seed":20460171,"liveWin":false,"liveSeat":0,"steps":19,"ms":75,"liveWins":29,"games":41,"wr":0.7073170731707317}
{"g":41,"seed":20460171,"liveWin":true,"liveSeat":1,"steps":19,"ms":151,"liveWins":30,"games":42,"wr":0.7142857142857143}
{"g":42,"seed":20470144,"liveWin":true,"liveSeat":0,"steps":26,"ms":645,"liveWins":31,"games":43,"wr":0.7209302325581395}
{"g":43,"seed":20470144,"liveWin":true,"liveSeat":1,"steps":21,"ms":448,"liveWins":32,"games":44,"wr":0.7272727272727273}
{"g":44,"seed":20480117,"liveWin":true,"liveSeat":0,"steps":20,"ms":345,"liveWins":33,"games":45,"wr":0.7333333333333333}
{"g":45,"seed":20480117,"liveWin":true,"liveSeat":1,"steps":21,"ms":258,"liveWins":34,"games":46,"wr":0.7391304347826086}
{"g":46,"seed":20490090,"liveWin":false,"liveSeat":0,"steps":19,"ms":436,"liveWins":34,"games":47,"wr":0.723404255319149}
{"g":47,"seed":20490090,"liveWin":true,"liveSeat":1,"steps":21,"ms":565,"liveWins":35,"games":48,"wr":0.7291666666666666}
{"g":48,"seed":20500063,"liveWin":false,"liveSeat":0,"steps":28,"ms":440,"liveWins":35,"games":49,"wr":0.7142857142857143}
{"g":49,"seed":20500063,"liveWin":true,"liveSeat":1,"steps":20,"ms":363,"liveWins":36,"games":50,"wr":0.72}
{"g":50,"seed":20510036,"liveWin":true,"liveSeat":0,"steps":24,"ms":293,"liveWins":37,"games":51,"wr":0.7254901960784313}
{"g":51,"seed":20510036,"liveWin":true,"liveSeat":1,"steps":17,"ms":181,"liveWins":38,"games":52,"wr":0.7307692307692307}
{"g":52,"seed":20520009,"liveWin":false,"liveSeat":0,"steps":20,"ms":182,"liveWins":38,"games":53,"wr":0.7169811320754716}
{"g":53,"seed":20520009,"liveWin":false,"liveSeat":1,"steps":13,"ms":260,"liveWins":38,"games":54,"wr":0.7037037037037037}
{"g":54,"seed":20529982,"liveWin":true,"liveSeat":0,"steps":14,"ms":241,"liveWins":39,"games":55,"wr":0.7090909090909091}
{"g":55,"seed":20529982,"liveWin":false,"liveSeat":1,"steps":16,"ms":237,"liveWins":39,"games":56,"wr":0.6964285714285714}
{"g":56,"seed":20539955,"liveWin":true,"liveSeat":0,"steps":14,"ms":56,"liveWins":40,"games":57,"wr":0.7017543859649122}
{"g":57,"seed":20539955,"liveWin":false,"liveSeat":1,"steps":22,"ms":446,"liveWins":40,"games":58,"wr":0.6896551724137931}
{"g":58,"seed":20549928,"liveWin":false,"liveSeat":0,"steps":10,"ms":108,"liveWins":40,"games":59,"wr":0.6779661016949152}
{"g":59,"seed":20549928,"liveWin":true,"liveSeat":1,"steps":12,"ms":131,"liveWins":41,"games":60,"wr":0.6833333333333333}
{"g":60,"seed":20559901,"liveWin":false,"liveSeat":0,"steps":23,"ms":92,"liveWins":41,"games":61,"wr":0.6721311475409836}
{"g":61,"seed":20559901,"liveWin":true,"liveSeat":1,"steps":23,"ms":140,"liveWins":42,"games":62,"wr":0.6774193548387096}
{"g":62,"seed":20569874,"liveWin":true,"liveSeat":0,"steps":13,"ms":207,"liveWins":43,"games":63,"wr":0.6825396825396826}
{"g":63,"seed":20569874,"liveWin":false,"liveSeat":1,"steps":13,"ms":182,"liveWins":43,"games":64,"wr":0.671875}
{"g":64,"seed":20579847,"liveWin":true,"liveSeat":0,"steps":17,"ms":298,"liveWins":44,"games":65,"wr":0.676923076923077}
{"g":65,"seed":20579847,"liveWin":false,"liveSeat":1,"steps":21,"ms":540,"liveWins":44,"games":66,"wr":0.6666666666666666}
{"g":66,"seed":20589820,"liveWin":false,"liveSeat":0,"steps":18,"ms":204,"liveWins":44,"games":67,"wr":0.6567164179104478}
{"g":67,"seed":20589820,"liveWin":false,"liveSeat":1,"steps":13,"ms":229,"liveWins":44,"games":68,"wr":0.6470588235294118}
{"g":68,"seed":20599793,"liveWin":true,"liveSeat":0,"steps":20,"ms":214,"liveWins":45,"games":69,"wr":0.6521739130434783}
{"g":69,"seed":20599793,"liveWin":true,"liveSeat":1,"steps":23,"ms":660,"liveWins":46,"games":70,"wr":0.6571428571428571}
{"g":70,"seed":20609766,"liveWin":false,"liveSeat":0,"steps":25,"ms":289,"liveWins":46,"games":71,"wr":0.647887323943662}
{"g":71,"seed":20609766,"liveWin":true,"liveSeat":1,"steps":23,"ms":461,"liveWins":47,"games":72,"wr":0.6527777777777778}
{"g":72,"seed":20619739,"liveWin":true,"liveSeat":0,"steps":19,"ms":59,"liveWins":48,"games":73,"wr":0.6575342465753424}
{"g":73,"seed":20619739,"liveWin":false,"liveSeat":1,"steps":19,"ms":63,"liveWins":48,"games":74,"wr":0.6486486486486487}
{"g":74,"seed":20629712,"liveWin":false,"liveSeat":0,"steps":13,"ms":177,"liveWins":48,"games":75,"wr":0.64}
{"g":75,"seed":20629712,"liveWin":false,"liveSeat":1,"steps":28,"ms":317,"liveWins":48,"games":76,"wr":0.631578947368421}
{"g":76,"seed":20639685,"liveWin":false,"liveSeat":0,"steps":18,"ms":318,"liveWins":48,"games":77,"wr":0.6233766233766234}
{"g":77,"seed":20639685,"liveWin":true,"liveSeat":1,"steps":18,"ms":301,"liveWins":49,"games":78,"wr":0.6282051282051282}
{"g":78,"seed":20649658,"liveWin":true,"liveSeat":0,"steps":19,"ms":281,"liveWins":50,"games":79,"wr":0.6329113924050633}
{"g":79,"seed":20649658,"liveWin":false,"liveSeat":1,"steps":25,"ms":194,"liveWins":50,"games":80,"wr":0.625}
{"g":80,"seed":20659631,"liveWin":true,"liveSeat":0,"steps":20,"ms":133,"liveWins":51,"games":81,"wr":0.6296296296296297}
{"g":81,"seed":20659631,"liveWin":false,"liveSeat":1,"steps":20,"ms":182,"liveWins":51,"games":82,"wr":0.6219512195121951}
{"g":82,"seed":20669604,"liveWin":false,"liveSeat":0,"steps":12,"ms":177,"liveWins":51,"games":83,"wr":0.6144578313253012}
{"g":83,"seed":20669604,"liveWin":true,"liveSeat":1,"steps":12,"ms":145,"liveWins":52,"games":84,"wr":0.6190476190476191}
{"g":84,"seed":20679577,"liveWin":true,"liveSeat":0,"steps":21,"ms":237,"liveWins":53,"games":85,"wr":0.6235294117647059}
{"g":85,"seed":20679577,"liveWin":true,"liveSeat":1,"steps":18,"ms":59,"liveWins":54,"games":86,"wr":0.627906976744186}
{"g":86,"seed":20689550,"liveWin":false,"liveSeat":0,"steps":20,"ms":511,"liveWins":54,"games":87,"wr":0.6206896551724138}
{"g":87,"seed":20689550,"liveWin":true,"liveSeat":1,"steps":10,"ms":214,"liveWins":55,"games":88,"wr":0.625}
{"g":88,"seed":20699523,"liveWin":false,"liveSeat":0,"steps":10,"ms":431,"liveWins":55,"games":89,"wr":0.6179775280898876}
{"g":89,"seed":20699523,"liveWin":true,"liveSeat":1,"steps":12,"ms":192,"liveWins":56,"games":90,"wr":0.6222222222222222}
{"g":90,"seed":20709496,"liveWin":false,"liveSeat":0,"steps":18,"ms":307,"liveWins":56,"games":91,"wr":0.6153846153846154}
{"g":91,"seed":20709496,"liveWin":true,"liveSeat":1,"steps":12,"ms":74,"liveWins":57,"games":92,"wr":0.6195652173913043}
{"g":92,"seed":20719469,"liveWin":false,"liveSeat":0,"steps":25,"ms":264,"liveWins":57,"games":93,"wr":0.6129032258064516}
{"g":93,"seed":20719469,"liveWin":false,"liveSeat":1,"steps":22,"ms":207,"liveWins":57,"games":94,"wr":0.6063829787234043}
{"g":94,"seed":20729442,"liveWin":false,"liveSeat":0,"steps":18,"ms":337,"liveWins":57,"games":95,"wr":0.6}
{"g":95,"seed":20729442,"liveWin":false,"liveSeat":1,"steps":15,"ms":60,"liveWins":57,"games":96,"wr":0.59375}
{"g":96,"seed":20739415,"liveWin":false,"liveSeat":0,"steps":23,"ms":122,"liveWins":57,"games":97,"wr":0.5876288659793815}
{"g":97,"seed":20739415,"liveWin":true,"liveSeat":1,"steps":17,"ms":187,"liveWins":58,"games":98,"wr":0.5918367346938775}
{"g":98,"seed":20749388,"liveWin":false,"liveSeat":0,"steps":19,"ms":141,"liveWins":58,"games":99,"wr":0.5858585858585859}
{"g":99,"seed":20749388,"liveWin":true,"liveSeat":1,"steps":19,"ms":203,"liveWins":59,"games":100,"wr":0.59}
=== FINAL ===
{
  "protocol": "fair-hidden-gm-BR-both-equal",
  "infoModel": "hidden",
  "perfectInfo": false,
  "hiddenInfo": true,
  "brBoth": true,
  "equalBudget": true,
  "games": 100,
  "liveWins": 59,
  "freezeWins": 41,
  "liveWinRate": 0.59,
  "seed0": 20260711,
  "ms": 26964,
  "live": {
    "id": "v9.1-probe-mbnest_co2",
    "stamped": "2026-07-13T02:50:38Z",
    "label": "Grandmaster v9.1-probe mbnest_co2"
  },
  "freeze": {
    "id": "v9.1",
    "stamped": "2026-07-13T02:50:38Z",
    "label": "Grandmaster v9.1 (ladder freeze)"
  },
  "freezeTag": "v91",
  "challTag": "p_mbnest_co2",
  "opts": {
    "difficulty": "grandmaster",
    "useSearch": true,
    "perfectInfo": false,
    "hiddenInfo": true,
    "timeMs": 150,
    "iterations": 60,
    "maxSims": 120,
    "brTrials": 12,
    "bestResponse": true,
    "exactExploit": false,
    "exploit": true,
    "softSamples": 4,
    "maxBranch": 12,
    "mode": "auto",
    "strongSelf": false
  },
  "perGame": [
    {
      "seed": 20260711,
      "liveWin": true,
      "liveSeat": 0,
      "steps": 18,
      "ms": 474
    },
    {
      "seed": 20260711,
      "liveWin": false,
      "liveSeat": 1,
      "steps": 26,
      "ms": 731
    },
    {
      "seed": 20270684,
      "liveWin": false,
      "liveSeat": 0,
      "steps": 22,
      "ms": 398
    },
    {
      "seed": 20270684,
      "liveWin": true,
      "liveSeat": 1,
      "steps": 22,
      "ms": 408
    },
    {
      "seed": 20280657,
      "liveWin": true,
      "liveSeat": 0,
      "steps": 20,
      "ms": 343
    },
    {
      "seed": 20280657,
      "liveWin": true,
      "liveSeat": 1,
      "steps": 19,
      "ms": 251
    },
    {
      "seed": 20290630,
      "liveWin": true,
      "liveSeat": 0,
      "steps": 17,
      "ms": 156
    },
    {
      "seed": 20290630,
      "liveWin": true,
      "liveSeat": 1,
      "steps": 20,
      "ms": 120
    },
    {
      "seed": 20300603,
      "liveWin": false,
      "liveSeat": 0,
      "steps": 18,
      "ms": 339
    },
    {
      "seed": 20300603,
      "liveWin": true,
      "liveSeat": 1,
      "steps": 24,
      "ms": 196
    },
    {
      "seed": 20310576,
      "liveWin": true,
      "liveSeat": 0,
      "steps": 25,
      "ms": 399
    },
    {
      "seed": 20310576,
      "liveWin": true,
      "liveSeat": 1,
      "steps": 18,
      "ms": 178
    },
    {
      "seed": 20320549,
      "liveWin": false,
      "liveSeat": 0,
      "steps": 11,
      "ms": 112
    },
    {
      "seed": 20320549,
      "liveWin": true,
      "liveSeat": 1,
      "steps": 11,
      "ms": 131
    },
    {
      "seed": 20330522,
      "liveWin": true,
      "liveSeat": 0,
      "steps": 21,
      "ms": 203
    },
    {
      "seed": 20330522,
      "liveWin": true,
      "liveSeat": 1,
      "steps": 28,
      "ms": 354
    },
    {
      "seed": 20340495,
      "liveWin": false,
      "liveSeat": 0,
      "steps": 20,
      "ms": 216
    },
    {
      "seed": 20340495,
      "liveWin": true,
      "liveSeat": 1,
      "steps": 26,
      "ms": 325
    },
    {
      "seed": 20350468,
      "liveWin": true,
      "liveSeat": 0,
      "steps": 17,
      "ms": 392
    },
    {
      "seed": 20350468,
      "liveWin": true,
      "liveSeat": 1,
      "steps": 24,
      "ms": 421
    },
    {
      "seed": 20360441,
      "liveWin": true,
      "liveSeat": 0,
      "steps": 18,
      "ms": 303
    },
    {
      "seed": 20360441,
      "liveWin": false,
      "liveSeat": 1,
      "steps": 18,
      "ms": 371
    },
    {
      "seed": 20370414,
      "liveWin": true,
      "liveSeat": 0,
      "steps": 18,
      "ms": 106
    },
    {
      "seed": 20370414,
      "liveWin": false,
      "liveSeat": 1,
      "steps": 20,
      "ms": 155
    },
    {
      "seed": 20380387,
      "liveWin": false,
      "liveSeat": 0,
      "steps": 16,
      "ms": 152
    },
    {
      "seed": 20380387,
      "liveWin": true,
      "liveSeat": 1,
      "steps": 16,
      "ms": 149
    },
    {
      "seed": 20390360,
      "liveWin": true,
      "liveSeat": 0,
      "steps": 17,
      "ms": 304
    },
    {
      "seed": 20390360,
      "liveWin": false,
      "liveSeat": 1,
      "steps": 17,
      "ms": 344
    },
    {
      "seed": 20400333,
      "liveWin": true,
      "liveSeat": 0,
      "steps": 15,
      "ms": 258
    },
    {
      "seed": 20400333,
      "liveWin": true,
      "liveSeat": 1,
      "steps": 14,
      "ms": 583
    },
    {
      "seed": 20410306,
      "liveWin": true,
      "liveSeat": 0,
      "steps": 22,
      "ms": 249
    },
    {
      "seed": 20410306,
      "liveWin": true,
      "liveSeat": 1,
      "steps": 11,
      "ms": 140
    },
    {
      "seed": 20420279,
      "liveWin": true,
      "liveSeat": 0,
      "steps": 19,
      "ms": 311
    },
    {
      "seed": 20420279,
      "liveWin": true,
      "liveSeat": 1,
      "steps": 20,
      "ms": 365
    },
    {
      "seed": 20430252,
      "liveWin": false,
      "liveSeat": 0,
      "steps": 16,
      "ms": 217
    },
    {
      "seed": 20430252,
      "liveWin": true,
      "liveSeat": 1,
      "steps": 16,
      "ms": 215
    },
    {
      "seed": 20440225,
      "liveWin": true,
      "liveSeat": 0,
      "steps": 17,
      "ms": 339
    },
    {
      "seed": 20440225,
      "liveWin": true,
      "liveSeat": 1,
      "steps": 26,
      "ms": 466
    },
    {
      "seed": 20450198,
      "liveWin": true,
      "liveSeat": 0,
      "steps": 14,
      "ms": 199
    },
    {
      "seed": 20450198,
      "liveWin": false,
      "liveSeat": 1,
      "steps": 16,
      "ms": 287
    },
    {
      "seed": 20460171,
      "liveWin": false,
      "liveSeat": 0,
      "steps": 19,
      "ms": 75
    },
    {
      "seed": 20460171,
      "liveWin": true,
      "liveSeat": 1,
      "steps": 19,
      "ms": 151
    },
    {
      "seed": 20470144,
      "liveWin": true,
      "liveSeat": 0,
      "steps": 26,
      "ms": 645
    },
    {
      "seed": 20470144,
      "liveWin": true,
      "liveSeat": 1,
      "steps": 21,
      "ms": 448
    },
    {
      "seed": 20480117,
      "liveWin": true,
      "liveSeat": 0,
      "steps": 20,
      "ms": 345
    },
    {
      "seed": 20480117,
      "liveWin": true,
      "liveSeat": 1,
      "steps": 21,
      "ms": 258
    },
    {
      "seed": 20490090,
      "liveWin": false,
      "liveSeat": 0,
      "steps": 19,
      "ms": 436
    },
    {
      "seed": 20490090,
      "liveWin": true,
      "liveSeat": 1,
      "steps": 21,
      "ms": 565
    },
    {
      "seed": 20500063,
      "liveWin": false,
      "liveSeat": 0,
      "steps": 28,
      "ms": 440
    },
    {
      "seed": 20500063,
      "liveWin": true,
      "liveSeat": 1,
      "steps": 20,
      "ms": 363
    },
    {
      "seed": 20510036,
      "liveWin": true,
      "liveSeat": 0,
      "steps": 24,
      "ms": 293
    },
    {
      "seed": 20510036,
      "liveWin": true,
      "liveSeat": 1,
      "steps": 17,
      "ms": 181
    },
    {
      "seed": 20520009,
      "liveWin": false,
      "liveSeat": 0,
      "steps": 20,
      "ms": 182
    },
    {
      "seed": 20520009,
      "liveWin": false,
      "liveSeat": 1,
      "steps": 13,
      "ms": 260
    },
    {
      "seed": 20529982,
      "liveWin": true,
      "liveSeat": 0,
      "steps": 14,
      "ms": 241
    },
    {
      "seed": 20529982,
      "liveWin": false,
      "liveSeat": 1,
      "steps": 16,
      "ms": 237
    },
    {
      "seed": 20539955,
      "liveWin": true,
      "liveSeat": 0,
      "steps": 14,
      "ms": 56
    },
    {
      "seed": 20539955,
      "liveWin": false,
      "liveSeat": 1,
      "steps": 22,
      "ms": 446
    },
    {
      "seed": 20549928,
      "liveWin": false,
      "liveSeat": 0,
      "steps": 10,
      "ms": 108
    },
    {
      "seed": 20549928,
      "liveWin": true,
      "liveSeat": 1,
      "steps": 12,
      "ms": 131
    },
    {
      "seed": 20559901,
      "liveWin": false,
      "liveSeat": 0,
      "steps": 23,
      "ms": 92
    },
    {
      "seed": 20559901,
      "liveWin": true,
      "liveSeat": 1,
      "steps": 23,
      "ms": 140
    },
    {
      "seed": 20569874,
      "liveWin": true,
      "liveSeat": 0,
      "steps": 13,
      "ms": 207
    },
    {
      "seed": 20569874,
      "liveWin": false,
      "liveSeat": 1,
      "steps": 13,
      "ms": 182
    },
    {
      "seed": 20579847,
      "liveWin": true,
      "liveSeat": 0,
      "steps": 17,
      "ms": 298
    },
    {
      "seed": 20579847,
      "liveWin": false,
      "liveSeat": 1,
      "steps": 21,
      "ms": 540
    },
    {
      "seed": 20589820,
      "liveWin": false,
      "liveSeat": 0,
      "steps": 18,
      "ms": 204
    },
    {
      "seed": 20589820,
      "liveWin": false,
      "liveSeat": 1,
      "steps": 13,
      "ms": 229
    },
    {
      "seed": 20599793,
      "liveWin": true,
      "liveSeat": 0,
      "steps": 20,
      "ms": 214
    },
    {
      "seed": 20599793,
      "liveWin": true,
      "liveSeat": 1,
      "steps": 23,
      "ms": 660
    },
    {
      "seed": 20609766,
      "liveWin": false,
      "liveSeat": 0,
      "steps": 25,
      "ms": 289
    },
    {
      "seed": 20609766,
      "liveWin": true,
      "liveSeat": 1,
      "steps": 23,
      "ms": 461
    },
    {
      "seed": 20619739,
      "liveWin": true,
      "liveSeat": 0,
      "steps": 19,
      "ms": 59
    },
    {
      "seed": 20619739,
      "liveWin": false,
      "liveSeat": 1,
      "steps": 19,
      "ms": 63
    },
    {
      "seed": 20629712,
      "liveWin": false,
      "liveSeat": 0,
      "steps": 13,
      "ms": 177
    },
    {
      "seed": 20629712,
      "liveWin": false,
      "liveSeat": 1,
      "steps": 28,
      "ms": 317
    },
    {
      "seed": 20639685,
      "liveWin": false,
      "liveSeat": 0,
      "steps": 18,
      "ms": 318
    },
    {
      "seed": 20639685,
      "liveWin": true,
      "liveSeat": 1,
      "steps": 18,
      "ms": 301
    },
    {
      "seed": 20649658,
      "liveWin": true,
      "liveSeat": 0,
      "steps": 19,
      "ms": 281
    },
    {
      "seed": 20649658,
      "liveWin": false,
      "liveSeat": 1,
      "steps": 25,
      "ms": 194
    },
    {
      "seed": 20659631,
      "liveWin": true,
      "liveSeat": 0,
      "steps": 20,
      "ms": 133
    },
    {
      "seed": 20659631,
      "liveWin": false,
      "liveSeat": 1,
      "steps": 20,
      "ms": 182
    },
    {
      "seed": 20669604,
      "liveWin": false,
      "liveSeat": 0,
      "steps": 12,
      "ms": 177
    },
    {
      "seed": 20669604,
      "liveWin": true,
      "liveSeat": 1,
      "steps": 12,
      "ms": 145
    },
    {
      "seed": 20679577,
      "liveWin": true,
      "liveSeat": 0,
      "steps": 21,
      "ms": 237
    },
    {
      "seed": 20679577,
      "liveWin": true,
      "liveSeat": 1,
      "steps": 18,
      "ms": 59
    },
    {
      "seed": 20689550,
      "liveWin": false,
      "liveSeat": 0,
      "steps": 20,
      "ms": 511
    },
    {
      "seed": 20689550,
      "liveWin": true,
      "liveSeat": 1,
      "steps": 10,
      "ms": 214
    },
    {
      "seed": 20699523,
      "liveWin": false,
      "liveSeat": 0,
      "steps": 10,
      "ms": 431
    },
    {
      "seed": 20699523,
      "liveWin": true,
      "liveSeat": 1,
      "steps": 12,
      "ms": 192
    },
    {
      "seed": 20709496,
      "liveWin": false,
      "liveSeat": 0,
      "steps": 18,
      "ms": 307
    },
    {
      "seed": 20709496,
      "liveWin": true,
      "liveSeat": 1,
      "steps": 12,
      "ms": 74
    },
    {
      "seed": 20719469,
      "liveWin": false,
      "liveSeat": 0,
      "steps": 25,
      "ms": 264
    },
    {
      "seed": 20719469,
      "liveWin": false,
      "liveSeat": 1,
      "steps": 22,
      "ms": 207
    },
    {
      "seed": 20729442,
      "liveWin": false,
      "liveSeat": 0,
      "steps": 18,
      "ms": 337
    },
    {
      "seed": 20729442,
      "liveWin": false,
      "liveSeat": 1,
      "steps": 15,
      "ms": 60
    },
    {
      "seed": 20739415,
      "liveWin": false,
      "liveSeat": 0,
      "steps": 23,
      "ms": 122
    },
    {
      "seed": 20739415,
      "liveWin": true,
      "liveSeat": 1,
      "steps": 17,
      "ms": 187
    },
    {
      "seed": 20749388,
      "liveWin": false,
      "liveSeat": 0,
      "steps": 19,
      "ms": 141
    },
    {
      "seed": 20749388,
      "liveWin": true,
      "liveSeat": 1,
      "steps": 19,
      "ms": 203
    }
  ],
  "lossSeeds": [
    20260711,
    20270684,
    20300603,
    20320549,
    20340495,
    20360441,
    20370414,
    20380387,
    20390360,
    20430252,
    20450198,
    20460171,
    20490090,
    20500063,
    20520009,
    20520009,
    20529982,
    20539955,
    20549928,
    20559901,
    20569874,
    20579847,
    20589820,
    20589820,
    20609766,
    20619739,
    20629712,
    20629712,
    20639685,
    20649658,
    20659631,
    20669604,
    20689550,
    20699523,
    20709496,
    20719469,
    20719469,
    20729442,
    20729442,
    20739415,
    20749388
  ],
  "target": 0.7,
  "passed": false
}
wrote /Users/johnhoang/Developer/Grok/tieng-len/evolve/probe-p_mbnest_co2-vs-v91-fair-both-n100.json
