{"start":true,"freeze":"v91","chall":"p_mbnest_co_cr","live":{"id":"v9.1-probe-mbnest_co_cr","stamped":"2026-07-13T02:50:38Z","label":"Grandmaster v9.1-probe mbnest_co_cr"},"freezeBuild":{"id":"v9.1","stamped":"2026-07-13T02:50:38Z","label":"Grandmaster v9.1 (ladder freeze)"},"games":25,"seed0":20260711,"protocol":"fair-hidden-gm-BR-both-equal","opts":{"difficulty":"grandmaster","useSearch":true,"perfectInfo":false,"hiddenInfo":true,"timeMs":150,"iterations":60,"maxSims":120,"brTrials":12,"bestResponse":true,"exactExploit":false,"exploit":true,"softSamples":4,"maxBranch":12,"mode":"auto","strongSelf":false}}
{"g":0,"seed":20260711,"liveWin":true,"liveSeat":0,"steps":18,"ms":707,"liveWins":1,"games":1,"wr":1}
{"g":1,"seed":20260711,"liveWin":false,"liveSeat":1,"steps":26,"ms":994,"liveWins":1,"games":2,"wr":0.5}
{"g":2,"seed":20270684,"liveWin":false,"liveSeat":0,"steps":22,"ms":546,"liveWins":1,"games":3,"wr":0.3333333333333333}
{"g":3,"seed":20270684,"liveWin":true,"liveSeat":1,"steps":22,"ms":533,"liveWins":2,"games":4,"wr":0.5}
{"g":4,"seed":20280657,"liveWin":true,"liveSeat":0,"steps":20,"ms":268,"liveWins":3,"games":5,"wr":0.6}
{"g":5,"seed":20280657,"liveWin":true,"liveSeat":1,"steps":19,"ms":253,"liveWins":4,"games":6,"wr":0.6666666666666666}
{"g":6,"seed":20290630,"liveWin":false,"liveSeat":0,"steps":20,"ms":213,"liveWins":4,"games":7,"wr":0.5714285714285714}
{"g":7,"seed":20290630,"liveWin":true,"liveSeat":1,"steps":20,"ms":149,"liveWins":5,"games":8,"wr":0.625}
{"g":8,"seed":20300603,"liveWin":false,"liveSeat":0,"steps":18,"ms":458,"liveWins":5,"games":9,"wr":0.5555555555555556}
{"g":9,"seed":20300603,"liveWin":true,"liveSeat":1,"steps":24,"ms":243,"liveWins":6,"games":10,"wr":0.6}
{"g":10,"seed":20310576,"liveWin":false,"liveSeat":0,"steps":16,"ms":217,"liveWins":6,"games":11,"wr":0.5454545454545454}
{"g":11,"seed":20310576,"liveWin":true,"liveSeat":1,"steps":18,"ms":224,"liveWins":7,"games":12,"wr":0.5833333333333334}
{"g":12,"seed":20320549,"liveWin":false,"liveSeat":0,"steps":11,"ms":157,"liveWins":7,"games":13,"wr":0.5384615384615384}
{"g":13,"seed":20320549,"liveWin":true,"liveSeat":1,"steps":11,"ms":170,"liveWins":8,"games":14,"wr":0.5714285714285714}
{"g":14,"seed":20330522,"liveWin":true,"liveSeat":0,"steps":21,"ms":264,"liveWins":9,"games":15,"wr":0.6}
{"g":15,"seed":20330522,"liveWin":true,"liveSeat":1,"steps":28,"ms":462,"liveWins":10,"games":16,"wr":0.625}
{"g":16,"seed":20340495,"liveWin":false,"liveSeat":0,"steps":20,"ms":271,"liveWins":10,"games":17,"wr":0.5882352941176471}
{"g":17,"seed":20340495,"liveWin":true,"liveSeat":1,"steps":26,"ms":441,"liveWins":11,"games":18,"wr":0.6111111111111112}
{"g":18,"seed":20350468,"liveWin":false,"liveSeat":0,"steps":22,"ms":321,"liveWins":11,"games":19,"wr":0.5789473684210527}
{"g":19,"seed":20350468,"liveWin":true,"liveSeat":1,"steps":24,"ms":552,"liveWins":12,"games":20,"wr":0.6}
{"g":20,"seed":20360441,"liveWin":true,"liveSeat":0,"steps":18,"ms":419,"liveWins":13,"games":21,"wr":0.6190476190476191}
{"g":21,"seed":20360441,"liveWin":false,"liveSeat":1,"steps":18,"ms":462,"liveWins":13,"games":22,"wr":0.5909090909090909}
{"g":22,"seed":20370414,"liveWin":true,"liveSeat":0,"steps":18,"ms":145,"liveWins":14,"games":23,"wr":0.6086956521739131}
{"g":23,"seed":20370414,"liveWin":false,"liveSeat":1,"steps":20,"ms":211,"liveWins":14,"games":24,"wr":0.5833333333333334}
{"g":24,"seed":20380387,"liveWin":false,"liveSeat":0,"steps":16,"ms":189,"liveWins":14,"games":25,"wr":0.56}
{"g":25,"seed":20380387,"liveWin":true,"liveSeat":1,"steps":16,"ms":190,"liveWins":15,"games":26,"wr":0.5769230769230769}
{"g":26,"seed":20390360,"liveWin":true,"liveSeat":0,"steps":17,"ms":414,"liveWins":16,"games":27,"wr":0.5925925925925926}
{"g":27,"seed":20390360,"liveWin":true,"liveSeat":1,"steps":14,"ms":423,"liveWins":17,"games":28,"wr":0.6071428571428571}
{"g":28,"seed":20400333,"liveWin":true,"liveSeat":0,"steps":15,"ms":337,"liveWins":18,"games":29,"wr":0.6206896551724138}
{"g":29,"seed":20400333,"liveWin":true,"liveSeat":1,"steps":16,"ms":348,"liveWins":19,"games":30,"wr":0.6333333333333333}
{"g":30,"seed":20410306,"liveWin":true,"liveSeat":0,"steps":22,"ms":367,"liveWins":20,"games":31,"wr":0.6451612903225806}
{"g":31,"seed":20410306,"liveWin":true,"liveSeat":1,"steps":11,"ms":200,"liveWins":21,"games":32,"wr":0.65625}
{"g":32,"seed":20420279,"liveWin":true,"liveSeat":0,"steps":19,"ms":451,"liveWins":22,"games":33,"wr":0.6666666666666666}
{"g":33,"seed":20420279,"liveWin":true,"liveSeat":1,"steps":20,"ms":488,"liveWins":23,"games":34,"wr":0.6764705882352942}
{"g":34,"seed":20430252,"liveWin":false,"liveSeat":0,"steps":16,"ms":262,"liveWins":23,"games":35,"wr":0.6571428571428571}
{"g":35,"seed":20430252,"liveWin":true,"liveSeat":1,"steps":16,"ms":267,"liveWins":24,"games":36,"wr":0.6666666666666666}
{"g":36,"seed":20440225,"liveWin":true,"liveSeat":0,"steps":17,"ms":462,"liveWins":25,"games":37,"wr":0.6756756756756757}
{"g":37,"seed":20440225,"liveWin":true,"liveSeat":1,"steps":26,"ms":629,"liveWins":26,"games":38,"wr":0.6842105263157895}
{"g":38,"seed":20450198,"liveWin":true,"liveSeat":0,"steps":14,"ms":197,"liveWins":27,"games":39,"wr":0.6923076923076923}
{"g":39,"seed":20450198,"liveWin":false,"liveSeat":1,"steps":16,"ms":418,"liveWins":27,"games":40,"wr":0.675}
{"g":40,"seed":20460171,"liveWin":false,"liveSeat":0,"steps":19,"ms":109,"liveWins":27,"games":41,"wr":0.6585365853658537}
{"g":41,"seed":20460171,"liveWin":true,"liveSeat":1,"steps":19,"ms":218,"liveWins":28,"games":42,"wr":0.6666666666666666}
{"g":42,"seed":20470144,"liveWin":true,"liveSeat":0,"steps":26,"ms":833,"liveWins":29,"games":43,"wr":0.6744186046511628}
{"g":43,"seed":20470144,"liveWin":true,"liveSeat":1,"steps":21,"ms":560,"liveWins":30,"games":44,"wr":0.6818181818181818}
{"g":44,"seed":20480117,"liveWin":false,"liveSeat":0,"steps":21,"ms":461,"liveWins":30,"games":45,"wr":0.6666666666666666}
{"g":45,"seed":20480117,"liveWin":true,"liveSeat":1,"steps":21,"ms":385,"liveWins":31,"games":46,"wr":0.6739130434782609}
{"g":46,"seed":20490090,"liveWin":false,"liveSeat":0,"steps":19,"ms":571,"liveWins":31,"games":47,"wr":0.6595744680851063}
{"g":47,"seed":20490090,"liveWin":true,"liveSeat":1,"steps":17,"ms":602,"liveWins":32,"games":48,"wr":0.6666666666666666}
{"g":48,"seed":20500063,"liveWin":false,"liveSeat":0,"steps":28,"ms":671,"liveWins":32,"games":49,"wr":0.6530612244897959}
{"g":49,"seed":20500063,"liveWin":true,"liveSeat":1,"steps":20,"ms":530,"liveWins":33,"games":50,"wr":0.66}
=== FINAL ===
{
  "protocol": "fair-hidden-gm-BR-both-equal",
  "infoModel": "hidden",
  "perfectInfo": false,
  "hiddenInfo": true,
  "brBoth": true,
  "equalBudget": true,
  "games": 50,
  "liveWins": 33,
  "freezeWins": 17,
  "liveWinRate": 0.66,
  "seed0": 20260711,
  "ms": 19281,
  "live": {
    "id": "v9.1-probe-mbnest_co_cr",
    "stamped": "2026-07-13T02:50:38Z",
    "label": "Grandmaster v9.1-probe mbnest_co_cr"
  },
  "freeze": {
    "id": "v9.1",
    "stamped": "2026-07-13T02:50:38Z",
    "label": "Grandmaster v9.1 (ladder freeze)"
  },
  "freezeTag": "v91",
  "challTag": "p_mbnest_co_cr",
  "opts": {
    "difficulty": "grandmaster",
    "useSearch": true,
    "perfectInfo": false,
    "hiddenInfo": true,
    "timeMs": 150,
    "iterations": 60,
    "maxSims": 120,
    "brTrials": 12,
    "bestResponse": true,
    "exactExploit": false,
    "exploit": true,
    "softSamples": 4,
    "maxBranch": 12,
    "mode": "auto",
    "strongSelf": false
  },
  "perGame": [
    {
      "seed": 20260711,
      "liveWin": true,
      "liveSeat": 0,
      "steps": 18,
      "ms": 707
    },
    {
      "seed": 20260711,
      "liveWin": false,
      "liveSeat": 1,
      "steps": 26,
      "ms": 994
    },
    {
      "seed": 20270684,
      "liveWin": false,
      "liveSeat": 0,
      "steps": 22,
      "ms": 546
    },
    {
      "seed": 20270684,
      "liveWin": true,
      "liveSeat": 1,
      "steps": 22,
      "ms": 533
    },
    {
      "seed": 20280657,
      "liveWin": true,
      "liveSeat": 0,
      "steps": 20,
      "ms": 268
    },
    {
      "seed": 20280657,
      "liveWin": true,
      "liveSeat": 1,
      "steps": 19,
      "ms": 253
    },
    {
      "seed": 20290630,
      "liveWin": false,
      "liveSeat": 0,
      "steps": 20,
      "ms": 213
    },
    {
      "seed": 20290630,
      "liveWin": true,
      "liveSeat": 1,
      "steps": 20,
      "ms": 149
    },
    {
      "seed": 20300603,
      "liveWin": false,
      "liveSeat": 0,
      "steps": 18,
      "ms": 458
    },
    {
      "seed": 20300603,
      "liveWin": true,
      "liveSeat": 1,
      "steps": 24,
      "ms": 243
    },
    {
      "seed": 20310576,
      "liveWin": false,
      "liveSeat": 0,
      "steps": 16,
      "ms": 217
    },
    {
      "seed": 20310576,
      "liveWin": true,
      "liveSeat": 1,
      "steps": 18,
      "ms": 224
    },
    {
      "seed": 20320549,
      "liveWin": false,
      "liveSeat": 0,
      "steps": 11,
      "ms": 157
    },
    {
      "seed": 20320549,
      "liveWin": true,
      "liveSeat": 1,
      "steps": 11,
      "ms": 170
    },
    {
      "seed": 20330522,
      "liveWin": true,
      "liveSeat": 0,
      "steps": 21,
      "ms": 264
    },
    {
      "seed": 20330522,
      "liveWin": true,
      "liveSeat": 1,
      "steps": 28,
      "ms": 462
    },
    {
      "seed": 20340495,
      "liveWin": false,
      "liveSeat": 0,
      "steps": 20,
      "ms": 271
    },
    {
      "seed": 20340495,
      "liveWin": true,
      "liveSeat": 1,
      "steps": 26,
      "ms": 441
    },
    {
      "seed": 20350468,
      "liveWin": false,
      "liveSeat": 0,
      "steps": 22,
      "ms": 321
    },
    {
      "seed": 20350468,
      "liveWin": true,
      "liveSeat": 1,
      "steps": 24,
      "ms": 552
    },
    {
      "seed": 20360441,
      "liveWin": true,
      "liveSeat": 0,
      "steps": 18,
      "ms": 419
    },
    {
      "seed": 20360441,
      "liveWin": false,
      "liveSeat": 1,
      "steps": 18,
      "ms": 462
    },
    {
      "seed": 20370414,
      "liveWin": true,
      "liveSeat": 0,
      "steps": 18,
      "ms": 145
    },
    {
      "seed": 20370414,
      "liveWin": false,
      "liveSeat": 1,
      "steps": 20,
      "ms": 211
    },
    {
      "seed": 20380387,
      "liveWin": false,
      "liveSeat": 0,
      "steps": 16,
      "ms": 189
    },
    {
      "seed": 20380387,
      "liveWin": true,
      "liveSeat": 1,
      "steps": 16,
      "ms": 190
    },
    {
      "seed": 20390360,
      "liveWin": true,
      "liveSeat": 0,
      "steps": 17,
      "ms": 414
    },
    {
      "seed": 20390360,
      "liveWin": true,
      "liveSeat": 1,
      "steps": 14,
      "ms": 423
    },
    {
      "seed": 20400333,
      "liveWin": true,
      "liveSeat": 0,
      "steps": 15,
      "ms": 337
    },
    {
      "seed": 20400333,
      "liveWin": true,
      "liveSeat": 1,
      "steps": 16,
      "ms": 348
    },
    {
      "seed": 20410306,
      "liveWin": true,
      "liveSeat": 0,
      "steps": 22,
      "ms": 367
    },
    {
      "seed": 20410306,
      "liveWin": true,
      "liveSeat": 1,
      "steps": 11,
      "ms": 200
    },
    {
      "seed": 20420279,
      "liveWin": true,
      "liveSeat": 0,
      "steps": 19,
      "ms": 451
    },
    {
      "seed": 20420279,
      "liveWin": true,
      "liveSeat": 1,
      "steps": 20,
      "ms": 488
    },
    {
      "seed": 20430252,
      "liveWin": false,
      "liveSeat": 0,
      "steps": 16,
      "ms": 262
    },
    {
      "seed": 20430252,
      "liveWin": true,
      "liveSeat": 1,
      "steps": 16,
      "ms": 267
    },
    {
      "seed": 20440225,
      "liveWin": true,
      "liveSeat": 0,
      "steps": 17,
      "ms": 462
    },
    {
      "seed": 20440225,
      "liveWin": true,
      "liveSeat": 1,
      "steps": 26,
      "ms": 629
    },
    {
      "seed": 20450198,
      "liveWin": true,
      "liveSeat": 0,
      "steps": 14,
      "ms": 197
    },
    {
      "seed": 20450198,
      "liveWin": false,
      "liveSeat": 1,
      "steps": 16,
      "ms": 418
    },
    {
      "seed": 20460171,
      "liveWin": false,
      "liveSeat": 0,
      "steps": 19,
      "ms": 109
    },
    {
      "seed": 20460171,
      "liveWin": true,
      "liveSeat": 1,
      "steps": 19,
      "ms": 218
    },
    {
      "seed": 20470144,
      "liveWin": true,
      "liveSeat": 0,
      "steps": 26,
      "ms": 833
    },
    {
      "seed": 20470144,
      "liveWin": true,
      "liveSeat": 1,
      "steps": 21,
      "ms": 560
    },
    {
      "seed": 20480117,
      "liveWin": false,
      "liveSeat": 0,
      "steps": 21,
      "ms": 461
    },
    {
      "seed": 20480117,
      "liveWin": true,
      "liveSeat": 1,
      "steps": 21,
      "ms": 385
    },
    {
      "seed": 20490090,
      "liveWin": false,
      "liveSeat": 0,
      "steps": 19,
      "ms": 571
    },
    {
      "seed": 20490090,
      "liveWin": true,
      "liveSeat": 1,
      "steps": 17,
      "ms": 602
    },
    {
      "seed": 20500063,
      "liveWin": false,
      "liveSeat": 0,
      "steps": 28,
      "ms": 671
    },
    {
      "seed": 20500063,
      "liveWin": true,
      "liveSeat": 1,
      "steps": 20,
      "ms": 530
    }
  ],
  "lossSeeds": [
    20260711,
    20270684,
    20290630,
    20300603,
    20310576,
    20320549,
    20340495,
    20350468,
    20360441,
    20370414,
    20380387,
    20430252,
    20450198,
    20460171,
    20480117,
    20490090,
    20500063
  ],
  "target": 0.7,
  "passed": false
}
wrote /Users/johnhoang/Developer/Grok/tieng-len/evolve/probe-p_mbnest_co_cr-vs-v91-fair-both-n50.json
