{"start":true,"freeze":"v91","chall":"p_mb_two_def","live":{"id":"v9.1-probe-mb_two_def","stamped":"2026-07-13T02:50:38Z","label":"Grandmaster v9.1-probe mb_two_def"},"freezeBuild":{"id":"v9.1","stamped":"2026-07-13T02:50:38Z","label":"Grandmaster v9.1 (ladder freeze)"},"games":25,"seed0":20260711,"protocol":"fair-hidden-gm-BR-both-equal","opts":{"difficulty":"grandmaster","useSearch":true,"perfectInfo":false,"hiddenInfo":true,"timeMs":150,"iterations":60,"maxSims":120,"brTrials":12,"bestResponse":true,"exactExploit":false,"exploit":true,"softSamples":4,"maxBranch":12,"mode":"auto","strongSelf":false}}
{"g":0,"seed":20260711,"liveWin":true,"liveSeat":0,"steps":18,"ms":562,"liveWins":1,"games":1,"wr":1}
{"g":1,"seed":20260711,"liveWin":false,"liveSeat":1,"steps":26,"ms":808,"liveWins":1,"games":2,"wr":0.5}
{"g":2,"seed":20270684,"liveWin":false,"liveSeat":0,"steps":22,"ms":399,"liveWins":1,"games":3,"wr":0.3333333333333333}
{"g":3,"seed":20270684,"liveWin":true,"liveSeat":1,"steps":22,"ms":495,"liveWins":2,"games":4,"wr":0.5}
{"g":4,"seed":20280657,"liveWin":true,"liveSeat":0,"steps":20,"ms":252,"liveWins":3,"games":5,"wr":0.6}
{"g":5,"seed":20280657,"liveWin":true,"liveSeat":1,"steps":19,"ms":266,"liveWins":4,"games":6,"wr":0.6666666666666666}
{"g":6,"seed":20290630,"liveWin":true,"liveSeat":0,"steps":17,"ms":145,"liveWins":5,"games":7,"wr":0.7142857142857143}
{"g":7,"seed":20290630,"liveWin":true,"liveSeat":1,"steps":20,"ms":142,"liveWins":6,"games":8,"wr":0.75}
{"g":8,"seed":20300603,"liveWin":false,"liveSeat":0,"steps":18,"ms":393,"liveWins":6,"games":9,"wr":0.6666666666666666}
{"g":9,"seed":20300603,"liveWin":true,"liveSeat":1,"steps":24,"ms":229,"liveWins":7,"games":10,"wr":0.7}
{"g":10,"seed":20310576,"liveWin":true,"liveSeat":0,"steps":25,"ms":444,"liveWins":8,"games":11,"wr":0.7272727272727273}
{"g":11,"seed":20310576,"liveWin":true,"liveSeat":1,"steps":18,"ms":218,"liveWins":9,"games":12,"wr":0.75}
{"g":12,"seed":20320549,"liveWin":false,"liveSeat":0,"steps":11,"ms":143,"liveWins":9,"games":13,"wr":0.6923076923076923}
{"g":13,"seed":20320549,"liveWin":true,"liveSeat":1,"steps":11,"ms":134,"liveWins":10,"games":14,"wr":0.7142857142857143}
{"g":14,"seed":20330522,"liveWin":true,"liveSeat":0,"steps":21,"ms":179,"liveWins":11,"games":15,"wr":0.7333333333333333}
{"g":15,"seed":20330522,"liveWin":true,"liveSeat":1,"steps":28,"ms":426,"liveWins":12,"games":16,"wr":0.75}
{"g":16,"seed":20340495,"liveWin":false,"liveSeat":0,"steps":20,"ms":232,"liveWins":12,"games":17,"wr":0.7058823529411765}
{"g":17,"seed":20340495,"liveWin":true,"liveSeat":1,"steps":26,"ms":338,"liveWins":13,"games":18,"wr":0.7222222222222222}
{"g":18,"seed":20350468,"liveWin":true,"liveSeat":0,"steps":17,"ms":408,"liveWins":14,"games":19,"wr":0.7368421052631579}
{"g":19,"seed":20350468,"liveWin":true,"liveSeat":1,"steps":24,"ms":501,"liveWins":15,"games":20,"wr":0.75}
{"g":20,"seed":20360441,"liveWin":true,"liveSeat":0,"steps":18,"ms":387,"liveWins":16,"games":21,"wr":0.7619047619047619}
{"g":21,"seed":20360441,"liveWin":false,"liveSeat":1,"steps":18,"ms":226,"liveWins":16,"games":22,"wr":0.7272727272727273}
{"g":22,"seed":20370414,"liveWin":true,"liveSeat":0,"steps":18,"ms":110,"liveWins":17,"games":23,"wr":0.7391304347826086}
{"g":23,"seed":20370414,"liveWin":false,"liveSeat":1,"steps":20,"ms":181,"liveWins":17,"games":24,"wr":0.7083333333333334}
{"g":24,"seed":20380387,"liveWin":false,"liveSeat":0,"steps":16,"ms":189,"liveWins":17,"games":25,"wr":0.68}
{"g":25,"seed":20380387,"liveWin":true,"liveSeat":1,"steps":16,"ms":192,"liveWins":18,"games":26,"wr":0.6923076923076923}
{"g":26,"seed":20390360,"liveWin":true,"liveSeat":0,"steps":17,"ms":379,"liveWins":19,"games":27,"wr":0.7037037037037037}
{"g":27,"seed":20390360,"liveWin":true,"liveSeat":1,"steps":14,"ms":393,"liveWins":20,"games":28,"wr":0.7142857142857143}
{"g":28,"seed":20400333,"liveWin":true,"liveSeat":0,"steps":15,"ms":310,"liveWins":21,"games":29,"wr":0.7241379310344828}
{"g":29,"seed":20400333,"liveWin":true,"liveSeat":1,"steps":14,"ms":712,"liveWins":22,"games":30,"wr":0.7333333333333333}
{"g":30,"seed":20410306,"liveWin":true,"liveSeat":0,"steps":22,"ms":234,"liveWins":23,"games":31,"wr":0.7419354838709677}
{"g":31,"seed":20410306,"liveWin":true,"liveSeat":1,"steps":11,"ms":169,"liveWins":24,"games":32,"wr":0.75}
{"g":32,"seed":20420279,"liveWin":true,"liveSeat":0,"steps":19,"ms":367,"liveWins":25,"games":33,"wr":0.7575757575757576}
{"g":33,"seed":20420279,"liveWin":true,"liveSeat":1,"steps":20,"ms":393,"liveWins":26,"games":34,"wr":0.7647058823529411}
{"g":34,"seed":20430252,"liveWin":false,"liveSeat":0,"steps":16,"ms":233,"liveWins":26,"games":35,"wr":0.7428571428571429}
{"g":35,"seed":20430252,"liveWin":true,"liveSeat":1,"steps":16,"ms":218,"liveWins":27,"games":36,"wr":0.75}
{"g":36,"seed":20440225,"liveWin":true,"liveSeat":0,"steps":17,"ms":423,"liveWins":28,"games":37,"wr":0.7567567567567568}
{"g":37,"seed":20440225,"liveWin":true,"liveSeat":1,"steps":26,"ms":538,"liveWins":29,"games":38,"wr":0.7631578947368421}
{"g":38,"seed":20450198,"liveWin":true,"liveSeat":0,"steps":14,"ms":190,"liveWins":30,"games":39,"wr":0.7692307692307693}
{"g":39,"seed":20450198,"liveWin":false,"liveSeat":1,"steps":16,"ms":372,"liveWins":30,"games":40,"wr":0.75}
{"g":40,"seed":20460171,"liveWin":false,"liveSeat":0,"steps":19,"ms":88,"liveWins":30,"games":41,"wr":0.7317073170731707}
{"g":41,"seed":20460171,"liveWin":true,"liveSeat":1,"steps":19,"ms":83,"liveWins":31,"games":42,"wr":0.7380952380952381}
{"g":42,"seed":20470144,"liveWin":true,"liveSeat":0,"steps":26,"ms":764,"liveWins":32,"games":43,"wr":0.7441860465116279}
{"g":43,"seed":20470144,"liveWin":true,"liveSeat":1,"steps":21,"ms":449,"liveWins":33,"games":44,"wr":0.75}
{"g":44,"seed":20480117,"liveWin":true,"liveSeat":0,"steps":20,"ms":400,"liveWins":34,"games":45,"wr":0.7555555555555555}
{"g":45,"seed":20480117,"liveWin":true,"liveSeat":1,"steps":21,"ms":288,"liveWins":35,"games":46,"wr":0.7608695652173914}
{"g":46,"seed":20490090,"liveWin":false,"liveSeat":0,"steps":19,"ms":838,"liveWins":35,"games":47,"wr":0.7446808510638298}
{"g":47,"seed":20490090,"liveWin":true,"liveSeat":1,"steps":21,"ms":610,"liveWins":36,"games":48,"wr":0.75}
{"g":48,"seed":20500063,"liveWin":true,"liveSeat":0,"steps":23,"ms":297,"liveWins":37,"games":49,"wr":0.7551020408163265}
{"g":49,"seed":20500063,"liveWin":true,"liveSeat":1,"steps":20,"ms":434,"liveWins":38,"games":50,"wr":0.76}
=== FINAL ===
{
  "protocol": "fair-hidden-gm-BR-both-equal",
  "infoModel": "hidden",
  "perfectInfo": false,
  "hiddenInfo": true,
  "brBoth": true,
  "equalBudget": true,
  "games": 50,
  "liveWins": 38,
  "freezeWins": 12,
  "liveWinRate": 0.76,
  "seed0": 20260711,
  "ms": 17202,
  "live": {
    "id": "v9.1-probe-mb_two_def",
    "stamped": "2026-07-13T02:50:38Z",
    "label": "Grandmaster v9.1-probe mb_two_def"
  },
  "freeze": {
    "id": "v9.1",
    "stamped": "2026-07-13T02:50:38Z",
    "label": "Grandmaster v9.1 (ladder freeze)"
  },
  "freezeTag": "v91",
  "challTag": "p_mb_two_def",
  "opts": {
    "difficulty": "grandmaster",
    "useSearch": true,
    "perfectInfo": false,
    "hiddenInfo": true,
    "timeMs": 150,
    "iterations": 60,
    "maxSims": 120,
    "brTrials": 12,
    "bestResponse": true,
    "exactExploit": false,
    "exploit": true,
    "softSamples": 4,
    "maxBranch": 12,
    "mode": "auto",
    "strongSelf": false
  },
  "perGame": [
    {
      "seed": 20260711,
      "liveWin": true,
      "liveSeat": 0,
      "steps": 18,
      "ms": 562
    },
    {
      "seed": 20260711,
      "liveWin": false,
      "liveSeat": 1,
      "steps": 26,
      "ms": 808
    },
    {
      "seed": 20270684,
      "liveWin": false,
      "liveSeat": 0,
      "steps": 22,
      "ms": 399
    },
    {
      "seed": 20270684,
      "liveWin": true,
      "liveSeat": 1,
      "steps": 22,
      "ms": 495
    },
    {
      "seed": 20280657,
      "liveWin": true,
      "liveSeat": 0,
      "steps": 20,
      "ms": 252
    },
    {
      "seed": 20280657,
      "liveWin": true,
      "liveSeat": 1,
      "steps": 19,
      "ms": 266
    },
    {
      "seed": 20290630,
      "liveWin": true,
      "liveSeat": 0,
      "steps": 17,
      "ms": 145
    },
    {
      "seed": 20290630,
      "liveWin": true,
      "liveSeat": 1,
      "steps": 20,
      "ms": 142
    },
    {
      "seed": 20300603,
      "liveWin": false,
      "liveSeat": 0,
      "steps": 18,
      "ms": 393
    },
    {
      "seed": 20300603,
      "liveWin": true,
      "liveSeat": 1,
      "steps": 24,
      "ms": 229
    },
    {
      "seed": 20310576,
      "liveWin": true,
      "liveSeat": 0,
      "steps": 25,
      "ms": 444
    },
    {
      "seed": 20310576,
      "liveWin": true,
      "liveSeat": 1,
      "steps": 18,
      "ms": 218
    },
    {
      "seed": 20320549,
      "liveWin": false,
      "liveSeat": 0,
      "steps": 11,
      "ms": 143
    },
    {
      "seed": 20320549,
      "liveWin": true,
      "liveSeat": 1,
      "steps": 11,
      "ms": 134
    },
    {
      "seed": 20330522,
      "liveWin": true,
      "liveSeat": 0,
      "steps": 21,
      "ms": 179
    },
    {
      "seed": 20330522,
      "liveWin": true,
      "liveSeat": 1,
      "steps": 28,
      "ms": 426
    },
    {
      "seed": 20340495,
      "liveWin": false,
      "liveSeat": 0,
      "steps": 20,
      "ms": 232
    },
    {
      "seed": 20340495,
      "liveWin": true,
      "liveSeat": 1,
      "steps": 26,
      "ms": 338
    },
    {
      "seed": 20350468,
      "liveWin": true,
      "liveSeat": 0,
      "steps": 17,
      "ms": 408
    },
    {
      "seed": 20350468,
      "liveWin": true,
      "liveSeat": 1,
      "steps": 24,
      "ms": 501
    },
    {
      "seed": 20360441,
      "liveWin": true,
      "liveSeat": 0,
      "steps": 18,
      "ms": 387
    },
    {
      "seed": 20360441,
      "liveWin": false,
      "liveSeat": 1,
      "steps": 18,
      "ms": 226
    },
    {
      "seed": 20370414,
      "liveWin": true,
      "liveSeat": 0,
      "steps": 18,
      "ms": 110
    },
    {
      "seed": 20370414,
      "liveWin": false,
      "liveSeat": 1,
      "steps": 20,
      "ms": 181
    },
    {
      "seed": 20380387,
      "liveWin": false,
      "liveSeat": 0,
      "steps": 16,
      "ms": 189
    },
    {
      "seed": 20380387,
      "liveWin": true,
      "liveSeat": 1,
      "steps": 16,
      "ms": 192
    },
    {
      "seed": 20390360,
      "liveWin": true,
      "liveSeat": 0,
      "steps": 17,
      "ms": 379
    },
    {
      "seed": 20390360,
      "liveWin": true,
      "liveSeat": 1,
      "steps": 14,
      "ms": 393
    },
    {
      "seed": 20400333,
      "liveWin": true,
      "liveSeat": 0,
      "steps": 15,
      "ms": 310
    },
    {
      "seed": 20400333,
      "liveWin": true,
      "liveSeat": 1,
      "steps": 14,
      "ms": 712
    },
    {
      "seed": 20410306,
      "liveWin": true,
      "liveSeat": 0,
      "steps": 22,
      "ms": 234
    },
    {
      "seed": 20410306,
      "liveWin": true,
      "liveSeat": 1,
      "steps": 11,
      "ms": 169
    },
    {
      "seed": 20420279,
      "liveWin": true,
      "liveSeat": 0,
      "steps": 19,
      "ms": 367
    },
    {
      "seed": 20420279,
      "liveWin": true,
      "liveSeat": 1,
      "steps": 20,
      "ms": 393
    },
    {
      "seed": 20430252,
      "liveWin": false,
      "liveSeat": 0,
      "steps": 16,
      "ms": 233
    },
    {
      "seed": 20430252,
      "liveWin": true,
      "liveSeat": 1,
      "steps": 16,
      "ms": 218
    },
    {
      "seed": 20440225,
      "liveWin": true,
      "liveSeat": 0,
      "steps": 17,
      "ms": 423
    },
    {
      "seed": 20440225,
      "liveWin": true,
      "liveSeat": 1,
      "steps": 26,
      "ms": 538
    },
    {
      "seed": 20450198,
      "liveWin": true,
      "liveSeat": 0,
      "steps": 14,
      "ms": 190
    },
    {
      "seed": 20450198,
      "liveWin": false,
      "liveSeat": 1,
      "steps": 16,
      "ms": 372
    },
    {
      "seed": 20460171,
      "liveWin": false,
      "liveSeat": 0,
      "steps": 19,
      "ms": 88
    },
    {
      "seed": 20460171,
      "liveWin": true,
      "liveSeat": 1,
      "steps": 19,
      "ms": 83
    },
    {
      "seed": 20470144,
      "liveWin": true,
      "liveSeat": 0,
      "steps": 26,
      "ms": 764
    },
    {
      "seed": 20470144,
      "liveWin": true,
      "liveSeat": 1,
      "steps": 21,
      "ms": 449
    },
    {
      "seed": 20480117,
      "liveWin": true,
      "liveSeat": 0,
      "steps": 20,
      "ms": 400
    },
    {
      "seed": 20480117,
      "liveWin": true,
      "liveSeat": 1,
      "steps": 21,
      "ms": 288
    },
    {
      "seed": 20490090,
      "liveWin": false,
      "liveSeat": 0,
      "steps": 19,
      "ms": 838
    },
    {
      "seed": 20490090,
      "liveWin": true,
      "liveSeat": 1,
      "steps": 21,
      "ms": 610
    },
    {
      "seed": 20500063,
      "liveWin": true,
      "liveSeat": 0,
      "steps": 23,
      "ms": 297
    },
    {
      "seed": 20500063,
      "liveWin": true,
      "liveSeat": 1,
      "steps": 20,
      "ms": 434
    }
  ],
  "lossSeeds": [
    20260711,
    20270684,
    20300603,
    20320549,
    20340495,
    20360441,
    20370414,
    20380387,
    20430252,
    20450198,
    20460171,
    20490090
  ],
  "target": 0.7,
  "passed": true
}
wrote /Users/johnhoang/Developer/Grok/tieng-len/evolve/probe-p_mb_two_def-vs-v91-fair-both-n50.json
