{"start":true,"freeze":"v91","chall":"p_mbntie","live":{"id":"v9.1-probe-mbntie","stamped":"2026-07-13T02:50:38Z","label":"Grandmaster v9.1-probe mbntie"},"freezeBuild":{"id":"v9.1","stamped":"2026-07-13T02:50:38Z","label":"Grandmaster v9.1 (ladder freeze)"},"games":25,"seed0":20260713,"protocol":"fair-hidden-gm-BR-both-equal","opts":{"difficulty":"grandmaster","useSearch":true,"perfectInfo":false,"hiddenInfo":true,"timeMs":150,"iterations":60,"maxSims":120,"brTrials":12,"bestResponse":true,"exactExploit":false,"exploit":true,"softSamples":4,"maxBranch":12,"mode":"auto","strongSelf":false}}
{"g":0,"seed":20260713,"liveWin":false,"liveSeat":0,"steps":24,"ms":356,"liveWins":0,"games":1,"wr":0}
{"g":1,"seed":20260713,"liveWin":false,"liveSeat":1,"steps":17,"ms":250,"liveWins":0,"games":2,"wr":0}
{"g":2,"seed":20270686,"liveWin":false,"liveSeat":0,"steps":17,"ms":526,"liveWins":0,"games":3,"wr":0}
{"g":3,"seed":20270686,"liveWin":true,"liveSeat":1,"steps":19,"ms":503,"liveWins":1,"games":4,"wr":0.25}
{"g":4,"seed":20280659,"liveWin":true,"liveSeat":0,"steps":21,"ms":179,"liveWins":2,"games":5,"wr":0.4}
{"g":5,"seed":20280659,"liveWin":true,"liveSeat":1,"steps":16,"ms":620,"liveWins":3,"games":6,"wr":0.5}
{"g":6,"seed":20290632,"liveWin":true,"liveSeat":0,"steps":21,"ms":274,"liveWins":4,"games":7,"wr":0.5714285714285714}
{"g":7,"seed":20290632,"liveWin":true,"liveSeat":1,"steps":20,"ms":277,"liveWins":5,"games":8,"wr":0.625}
{"g":8,"seed":20300605,"liveWin":true,"liveSeat":0,"steps":20,"ms":225,"liveWins":6,"games":9,"wr":0.6666666666666666}
{"g":9,"seed":20300605,"liveWin":false,"liveSeat":1,"steps":22,"ms":230,"liveWins":6,"games":10,"wr":0.6}
{"g":10,"seed":20310578,"liveWin":false,"liveSeat":0,"steps":16,"ms":97,"liveWins":6,"games":11,"wr":0.5454545454545454}
{"g":11,"seed":20310578,"liveWin":true,"liveSeat":1,"steps":18,"ms":98,"liveWins":7,"games":12,"wr":0.5833333333333334}
{"g":12,"seed":20320551,"liveWin":false,"liveSeat":0,"steps":25,"ms":165,"liveWins":7,"games":13,"wr":0.5384615384615384}
{"g":13,"seed":20320551,"liveWin":false,"liveSeat":1,"steps":20,"ms":154,"liveWins":7,"games":14,"wr":0.5}
{"g":14,"seed":20330524,"liveWin":false,"liveSeat":0,"steps":19,"ms":243,"liveWins":7,"games":15,"wr":0.4666666666666667}
{"g":15,"seed":20330524,"liveWin":true,"liveSeat":1,"steps":21,"ms":296,"liveWins":8,"games":16,"wr":0.5}
{"g":16,"seed":20340497,"liveWin":false,"liveSeat":0,"steps":19,"ms":577,"liveWins":8,"games":17,"wr":0.47058823529411764}
{"g":17,"seed":20340497,"liveWin":true,"liveSeat":1,"steps":21,"ms":639,"liveWins":9,"games":18,"wr":0.5}
{"g":18,"seed":20350470,"liveWin":true,"liveSeat":0,"steps":15,"ms":342,"liveWins":10,"games":19,"wr":0.5263157894736842}
{"g":19,"seed":20350470,"liveWin":true,"liveSeat":1,"steps":24,"ms":317,"liveWins":11,"games":20,"wr":0.55}
{"g":20,"seed":20360443,"liveWin":true,"liveSeat":0,"steps":22,"ms":168,"liveWins":12,"games":21,"wr":0.5714285714285714}
{"g":21,"seed":20360443,"liveWin":false,"liveSeat":1,"steps":22,"ms":167,"liveWins":12,"games":22,"wr":0.5454545454545454}
{"g":22,"seed":20370416,"liveWin":true,"liveSeat":0,"steps":19,"ms":124,"liveWins":13,"games":23,"wr":0.5652173913043478}
{"g":23,"seed":20370416,"liveWin":false,"liveSeat":1,"steps":19,"ms":123,"liveWins":13,"games":24,"wr":0.5416666666666666}
{"g":24,"seed":20380389,"liveWin":true,"liveSeat":0,"steps":14,"ms":95,"liveWins":14,"games":25,"wr":0.56}
{"g":25,"seed":20380389,"liveWin":false,"liveSeat":1,"steps":14,"ms":92,"liveWins":14,"games":26,"wr":0.5384615384615384}
{"g":26,"seed":20390362,"liveWin":false,"liveSeat":0,"steps":16,"ms":187,"liveWins":14,"games":27,"wr":0.5185185185185185}
{"g":27,"seed":20390362,"liveWin":true,"liveSeat":1,"steps":16,"ms":189,"liveWins":15,"games":28,"wr":0.5357142857142857}
{"g":28,"seed":20400335,"liveWin":false,"liveSeat":0,"steps":24,"ms":403,"liveWins":15,"games":29,"wr":0.5172413793103449}
{"g":29,"seed":20400335,"liveWin":true,"liveSeat":1,"steps":24,"ms":171,"liveWins":16,"games":30,"wr":0.5333333333333333}
{"g":30,"seed":20410308,"liveWin":true,"liveSeat":0,"steps":19,"ms":134,"liveWins":17,"games":31,"wr":0.5483870967741935}
{"g":31,"seed":20410308,"liveWin":false,"liveSeat":1,"steps":19,"ms":131,"liveWins":17,"games":32,"wr":0.53125}
{"g":32,"seed":20420281,"liveWin":true,"liveSeat":0,"steps":23,"ms":161,"liveWins":18,"games":33,"wr":0.5454545454545454}
{"g":33,"seed":20420281,"liveWin":false,"liveSeat":1,"steps":27,"ms":138,"liveWins":18,"games":34,"wr":0.5294117647058824}
{"g":34,"seed":20430254,"liveWin":true,"liveSeat":0,"steps":18,"ms":212,"liveWins":19,"games":35,"wr":0.5428571428571428}
{"g":35,"seed":20430254,"liveWin":false,"liveSeat":1,"steps":14,"ms":188,"liveWins":19,"games":36,"wr":0.5277777777777778}
{"g":36,"seed":20440227,"liveWin":false,"liveSeat":0,"steps":14,"ms":123,"liveWins":19,"games":37,"wr":0.5135135135135135}
{"g":37,"seed":20440227,"liveWin":true,"liveSeat":1,"steps":14,"ms":138,"liveWins":20,"games":38,"wr":0.5263157894736842}
{"g":38,"seed":20450200,"liveWin":false,"liveSeat":0,"steps":21,"ms":112,"liveWins":20,"games":39,"wr":0.5128205128205128}
{"g":39,"seed":20450200,"liveWin":true,"liveSeat":1,"steps":13,"ms":142,"liveWins":21,"games":40,"wr":0.525}
{"g":40,"seed":20460173,"liveWin":true,"liveSeat":0,"steps":26,"ms":188,"liveWins":22,"games":41,"wr":0.5365853658536586}
{"g":41,"seed":20460173,"liveWin":true,"liveSeat":1,"steps":21,"ms":299,"liveWins":23,"games":42,"wr":0.5476190476190477}
{"g":42,"seed":20470146,"liveWin":true,"liveSeat":0,"steps":25,"ms":203,"liveWins":24,"games":43,"wr":0.5581395348837209}
{"g":43,"seed":20470146,"liveWin":false,"liveSeat":1,"steps":23,"ms":296,"liveWins":24,"games":44,"wr":0.5454545454545454}
{"g":44,"seed":20480119,"liveWin":true,"liveSeat":0,"steps":9,"ms":214,"liveWins":25,"games":45,"wr":0.5555555555555556}
{"g":45,"seed":20480119,"liveWin":true,"liveSeat":1,"steps":18,"ms":258,"liveWins":26,"games":46,"wr":0.5652173913043478}
{"g":46,"seed":20490092,"liveWin":true,"liveSeat":0,"steps":21,"ms":120,"liveWins":27,"games":47,"wr":0.574468085106383}
{"g":47,"seed":20490092,"liveWin":false,"liveSeat":1,"steps":21,"ms":145,"liveWins":27,"games":48,"wr":0.5625}
{"g":48,"seed":20500065,"liveWin":false,"liveSeat":0,"steps":27,"ms":713,"liveWins":27,"games":49,"wr":0.5510204081632653}
{"g":49,"seed":20500065,"liveWin":true,"liveSeat":1,"steps":17,"ms":582,"liveWins":28,"games":50,"wr":0.56}
=== FINAL ===
{
  "protocol": "fair-hidden-gm-BR-both-equal",
  "infoModel": "hidden",
  "perfectInfo": false,
  "hiddenInfo": true,
  "brBoth": true,
  "equalBudget": true,
  "games": 50,
  "liveWins": 28,
  "freezeWins": 22,
  "liveWinRate": 0.56,
  "seed0": 20260713,
  "ms": 12606,
  "live": {
    "id": "v9.1-probe-mbntie",
    "stamped": "2026-07-13T02:50:38Z",
    "label": "Grandmaster v9.1-probe mbntie"
  },
  "freeze": {
    "id": "v9.1",
    "stamped": "2026-07-13T02:50:38Z",
    "label": "Grandmaster v9.1 (ladder freeze)"
  },
  "freezeTag": "v91",
  "challTag": "p_mbntie",
  "opts": {
    "difficulty": "grandmaster",
    "useSearch": true,
    "perfectInfo": false,
    "hiddenInfo": true,
    "timeMs": 150,
    "iterations": 60,
    "maxSims": 120,
    "brTrials": 12,
    "bestResponse": true,
    "exactExploit": false,
    "exploit": true,
    "softSamples": 4,
    "maxBranch": 12,
    "mode": "auto",
    "strongSelf": false
  },
  "perGame": [
    {
      "seed": 20260713,
      "liveWin": false,
      "liveSeat": 0,
      "steps": 24,
      "ms": 356
    },
    {
      "seed": 20260713,
      "liveWin": false,
      "liveSeat": 1,
      "steps": 17,
      "ms": 250
    },
    {
      "seed": 20270686,
      "liveWin": false,
      "liveSeat": 0,
      "steps": 17,
      "ms": 526
    },
    {
      "seed": 20270686,
      "liveWin": true,
      "liveSeat": 1,
      "steps": 19,
      "ms": 503
    },
    {
      "seed": 20280659,
      "liveWin": true,
      "liveSeat": 0,
      "steps": 21,
      "ms": 179
    },
    {
      "seed": 20280659,
      "liveWin": true,
      "liveSeat": 1,
      "steps": 16,
      "ms": 620
    },
    {
      "seed": 20290632,
      "liveWin": true,
      "liveSeat": 0,
      "steps": 21,
      "ms": 274
    },
    {
      "seed": 20290632,
      "liveWin": true,
      "liveSeat": 1,
      "steps": 20,
      "ms": 277
    },
    {
      "seed": 20300605,
      "liveWin": true,
      "liveSeat": 0,
      "steps": 20,
      "ms": 225
    },
    {
      "seed": 20300605,
      "liveWin": false,
      "liveSeat": 1,
      "steps": 22,
      "ms": 230
    },
    {
      "seed": 20310578,
      "liveWin": false,
      "liveSeat": 0,
      "steps": 16,
      "ms": 97
    },
    {
      "seed": 20310578,
      "liveWin": true,
      "liveSeat": 1,
      "steps": 18,
      "ms": 98
    },
    {
      "seed": 20320551,
      "liveWin": false,
      "liveSeat": 0,
      "steps": 25,
      "ms": 165
    },
    {
      "seed": 20320551,
      "liveWin": false,
      "liveSeat": 1,
      "steps": 20,
      "ms": 154
    },
    {
      "seed": 20330524,
      "liveWin": false,
      "liveSeat": 0,
      "steps": 19,
      "ms": 243
    },
    {
      "seed": 20330524,
      "liveWin": true,
      "liveSeat": 1,
      "steps": 21,
      "ms": 296
    },
    {
      "seed": 20340497,
      "liveWin": false,
      "liveSeat": 0,
      "steps": 19,
      "ms": 577
    },
    {
      "seed": 20340497,
      "liveWin": true,
      "liveSeat": 1,
      "steps": 21,
      "ms": 639
    },
    {
      "seed": 20350470,
      "liveWin": true,
      "liveSeat": 0,
      "steps": 15,
      "ms": 342
    },
    {
      "seed": 20350470,
      "liveWin": true,
      "liveSeat": 1,
      "steps": 24,
      "ms": 317
    },
    {
      "seed": 20360443,
      "liveWin": true,
      "liveSeat": 0,
      "steps": 22,
      "ms": 168
    },
    {
      "seed": 20360443,
      "liveWin": false,
      "liveSeat": 1,
      "steps": 22,
      "ms": 167
    },
    {
      "seed": 20370416,
      "liveWin": true,
      "liveSeat": 0,
      "steps": 19,
      "ms": 124
    },
    {
      "seed": 20370416,
      "liveWin": false,
      "liveSeat": 1,
      "steps": 19,
      "ms": 123
    },
    {
      "seed": 20380389,
      "liveWin": true,
      "liveSeat": 0,
      "steps": 14,
      "ms": 95
    },
    {
      "seed": 20380389,
      "liveWin": false,
      "liveSeat": 1,
      "steps": 14,
      "ms": 92
    },
    {
      "seed": 20390362,
      "liveWin": false,
      "liveSeat": 0,
      "steps": 16,
      "ms": 187
    },
    {
      "seed": 20390362,
      "liveWin": true,
      "liveSeat": 1,
      "steps": 16,
      "ms": 189
    },
    {
      "seed": 20400335,
      "liveWin": false,
      "liveSeat": 0,
      "steps": 24,
      "ms": 403
    },
    {
      "seed": 20400335,
      "liveWin": true,
      "liveSeat": 1,
      "steps": 24,
      "ms": 171
    },
    {
      "seed": 20410308,
      "liveWin": true,
      "liveSeat": 0,
      "steps": 19,
      "ms": 134
    },
    {
      "seed": 20410308,
      "liveWin": false,
      "liveSeat": 1,
      "steps": 19,
      "ms": 131
    },
    {
      "seed": 20420281,
      "liveWin": true,
      "liveSeat": 0,
      "steps": 23,
      "ms": 161
    },
    {
      "seed": 20420281,
      "liveWin": false,
      "liveSeat": 1,
      "steps": 27,
      "ms": 138
    },
    {
      "seed": 20430254,
      "liveWin": true,
      "liveSeat": 0,
      "steps": 18,
      "ms": 212
    },
    {
      "seed": 20430254,
      "liveWin": false,
      "liveSeat": 1,
      "steps": 14,
      "ms": 188
    },
    {
      "seed": 20440227,
      "liveWin": false,
      "liveSeat": 0,
      "steps": 14,
      "ms": 123
    },
    {
      "seed": 20440227,
      "liveWin": true,
      "liveSeat": 1,
      "steps": 14,
      "ms": 138
    },
    {
      "seed": 20450200,
      "liveWin": false,
      "liveSeat": 0,
      "steps": 21,
      "ms": 112
    },
    {
      "seed": 20450200,
      "liveWin": true,
      "liveSeat": 1,
      "steps": 13,
      "ms": 142
    },
    {
      "seed": 20460173,
      "liveWin": true,
      "liveSeat": 0,
      "steps": 26,
      "ms": 188
    },
    {
      "seed": 20460173,
      "liveWin": true,
      "liveSeat": 1,
      "steps": 21,
      "ms": 299
    },
    {
      "seed": 20470146,
      "liveWin": true,
      "liveSeat": 0,
      "steps": 25,
      "ms": 203
    },
    {
      "seed": 20470146,
      "liveWin": false,
      "liveSeat": 1,
      "steps": 23,
      "ms": 296
    },
    {
      "seed": 20480119,
      "liveWin": true,
      "liveSeat": 0,
      "steps": 9,
      "ms": 214
    },
    {
      "seed": 20480119,
      "liveWin": true,
      "liveSeat": 1,
      "steps": 18,
      "ms": 258
    },
    {
      "seed": 20490092,
      "liveWin": true,
      "liveSeat": 0,
      "steps": 21,
      "ms": 120
    },
    {
      "seed": 20490092,
      "liveWin": false,
      "liveSeat": 1,
      "steps": 21,
      "ms": 145
    },
    {
      "seed": 20500065,
      "liveWin": false,
      "liveSeat": 0,
      "steps": 27,
      "ms": 713
    },
    {
      "seed": 20500065,
      "liveWin": true,
      "liveSeat": 1,
      "steps": 17,
      "ms": 582
    }
  ],
  "lossSeeds": [
    20260713,
    20260713,
    20270686,
    20300605,
    20310578,
    20320551,
    20320551,
    20330524,
    20340497,
    20360443,
    20370416,
    20380389,
    20390362,
    20400335,
    20410308,
    20420281,
    20430254,
    20440227,
    20450200,
    20470146,
    20490092,
    20500065
  ],
  "target": 0.7,
  "passed": false
}
wrote /Users/johnhoang/Developer/Grok/tieng-len/evolve/probe-p_mbntie-vs-v91-fair-both-s13-n50.json
