{"start":true,"freeze":"v91","chall":"p_mb_two_ovk","live":{"id":"v9.1-probe-mb_two_ovk","stamped":"2026-07-13T02:50:38Z","label":"Grandmaster v9.1-probe mb_two_ovk"},"freezeBuild":{"id":"v9.1","stamped":"2026-07-13T02:50:38Z","label":"Grandmaster v9.1 (ladder freeze)"},"games":25,"seed0":20260712,"protocol":"fair-hidden-gm-BR-both-equal","opts":{"difficulty":"grandmaster","useSearch":true,"perfectInfo":false,"hiddenInfo":true,"timeMs":150,"iterations":60,"maxSims":120,"brTrials":12,"bestResponse":true,"exactExploit":false,"exploit":true,"softSamples":4,"maxBranch":12,"mode":"auto","strongSelf":false}}
{"g":0,"seed":20260712,"liveWin":true,"liveSeat":0,"steps":16,"ms":227,"liveWins":1,"games":1,"wr":1}
{"g":1,"seed":20260712,"liveWin":false,"liveSeat":1,"steps":20,"ms":751,"liveWins":1,"games":2,"wr":0.5}
{"g":2,"seed":20270685,"liveWin":true,"liveSeat":0,"steps":13,"ms":206,"liveWins":2,"games":3,"wr":0.6666666666666666}
{"g":3,"seed":20270685,"liveWin":false,"liveSeat":1,"steps":13,"ms":175,"liveWins":2,"games":4,"wr":0.5}
{"g":4,"seed":20280658,"liveWin":false,"liveSeat":0,"steps":12,"ms":210,"liveWins":2,"games":5,"wr":0.4}
{"g":5,"seed":20280658,"liveWin":true,"liveSeat":1,"steps":20,"ms":227,"liveWins":3,"games":6,"wr":0.5}
{"g":6,"seed":20290631,"liveWin":true,"liveSeat":0,"steps":25,"ms":379,"liveWins":4,"games":7,"wr":0.5714285714285714}
{"g":7,"seed":20290631,"liveWin":true,"liveSeat":1,"steps":18,"ms":335,"liveWins":5,"games":8,"wr":0.625}
{"g":8,"seed":20300604,"liveWin":true,"liveSeat":0,"steps":20,"ms":100,"liveWins":6,"games":9,"wr":0.6666666666666666}
{"g":9,"seed":20300604,"liveWin":true,"liveSeat":1,"steps":19,"ms":324,"liveWins":7,"games":10,"wr":0.7}
{"g":10,"seed":20310577,"liveWin":true,"liveSeat":0,"steps":14,"ms":503,"liveWins":8,"games":11,"wr":0.7272727272727273}
{"g":11,"seed":20310577,"liveWin":false,"liveSeat":1,"steps":18,"ms":373,"liveWins":8,"games":12,"wr":0.6666666666666666}
{"g":12,"seed":20320550,"liveWin":true,"liveSeat":0,"steps":18,"ms":540,"liveWins":9,"games":13,"wr":0.6923076923076923}
{"g":13,"seed":20320550,"liveWin":true,"liveSeat":1,"steps":25,"ms":381,"liveWins":10,"games":14,"wr":0.7142857142857143}
{"g":14,"seed":20330523,"liveWin":true,"liveSeat":0,"steps":25,"ms":328,"liveWins":11,"games":15,"wr":0.7333333333333333}
{"g":15,"seed":20330523,"liveWin":false,"liveSeat":1,"steps":21,"ms":265,"liveWins":11,"games":16,"wr":0.6875}
{"g":16,"seed":20340496,"liveWin":true,"liveSeat":0,"steps":25,"ms":513,"liveWins":12,"games":17,"wr":0.7058823529411765}
{"g":17,"seed":20340496,"liveWin":false,"liveSeat":1,"steps":23,"ms":246,"liveWins":12,"games":18,"wr":0.6666666666666666}
{"g":18,"seed":20350469,"liveWin":true,"liveSeat":0,"steps":19,"ms":365,"liveWins":13,"games":19,"wr":0.6842105263157895}
{"g":19,"seed":20350469,"liveWin":false,"liveSeat":1,"steps":27,"ms":579,"liveWins":13,"games":20,"wr":0.65}
{"g":20,"seed":20360442,"liveWin":false,"liveSeat":0,"steps":17,"ms":174,"liveWins":13,"games":21,"wr":0.6190476190476191}
{"g":21,"seed":20360442,"liveWin":true,"liveSeat":1,"steps":23,"ms":173,"liveWins":14,"games":22,"wr":0.6363636363636364}
{"g":22,"seed":20370415,"liveWin":true,"liveSeat":0,"steps":18,"ms":221,"liveWins":15,"games":23,"wr":0.6521739130434783}
{"g":23,"seed":20370415,"liveWin":false,"liveSeat":1,"steps":24,"ms":224,"liveWins":15,"games":24,"wr":0.625}
{"g":24,"seed":20380388,"liveWin":true,"liveSeat":0,"steps":14,"ms":250,"liveWins":16,"games":25,"wr":0.64}
{"g":25,"seed":20380388,"liveWin":false,"liveSeat":1,"steps":18,"ms":206,"liveWins":16,"games":26,"wr":0.6153846153846154}
{"g":26,"seed":20390361,"liveWin":false,"liveSeat":0,"steps":26,"ms":280,"liveWins":16,"games":27,"wr":0.5925925925925926}
{"g":27,"seed":20390361,"liveWin":true,"liveSeat":1,"steps":24,"ms":290,"liveWins":17,"games":28,"wr":0.6071428571428571}
{"g":28,"seed":20400334,"liveWin":true,"liveSeat":0,"steps":18,"ms":74,"liveWins":18,"games":29,"wr":0.6206896551724138}
{"g":29,"seed":20400334,"liveWin":false,"liveSeat":1,"steps":18,"ms":309,"liveWins":18,"games":30,"wr":0.6}
{"g":30,"seed":20410307,"liveWin":false,"liveSeat":0,"steps":16,"ms":309,"liveWins":18,"games":31,"wr":0.5806451612903226}
{"g":31,"seed":20410307,"liveWin":true,"liveSeat":1,"steps":16,"ms":306,"liveWins":19,"games":32,"wr":0.59375}
{"g":32,"seed":20420280,"liveWin":false,"liveSeat":0,"steps":19,"ms":468,"liveWins":19,"games":33,"wr":0.5757575757575758}
{"g":33,"seed":20420280,"liveWin":false,"liveSeat":1,"steps":14,"ms":397,"liveWins":19,"games":34,"wr":0.5588235294117647}
{"g":34,"seed":20430253,"liveWin":false,"liveSeat":0,"steps":23,"ms":400,"liveWins":19,"games":35,"wr":0.5428571428571428}
{"g":35,"seed":20430253,"liveWin":true,"liveSeat":1,"steps":23,"ms":323,"liveWins":20,"games":36,"wr":0.5555555555555556}
{"g":36,"seed":20440226,"liveWin":true,"liveSeat":0,"steps":23,"ms":1061,"liveWins":21,"games":37,"wr":0.5675675675675675}
{"g":37,"seed":20440226,"liveWin":false,"liveSeat":1,"steps":21,"ms":816,"liveWins":21,"games":38,"wr":0.5526315789473685}
{"g":38,"seed":20450199,"liveWin":true,"liveSeat":0,"steps":21,"ms":140,"liveWins":22,"games":39,"wr":0.5641025641025641}
{"g":39,"seed":20450199,"liveWin":false,"liveSeat":1,"steps":21,"ms":131,"liveWins":22,"games":40,"wr":0.55}
{"g":40,"seed":20460172,"liveWin":true,"liveSeat":0,"steps":21,"ms":255,"liveWins":23,"games":41,"wr":0.5609756097560976}
{"g":41,"seed":20460172,"liveWin":false,"liveSeat":1,"steps":15,"ms":143,"liveWins":23,"games":42,"wr":0.5476190476190477}
{"g":42,"seed":20470145,"liveWin":true,"liveSeat":0,"steps":15,"ms":275,"liveWins":24,"games":43,"wr":0.5581395348837209}
{"g":43,"seed":20470145,"liveWin":false,"liveSeat":1,"steps":15,"ms":365,"liveWins":24,"games":44,"wr":0.5454545454545454}
{"g":44,"seed":20480118,"liveWin":false,"liveSeat":0,"steps":15,"ms":144,"liveWins":24,"games":45,"wr":0.5333333333333333}
{"g":45,"seed":20480118,"liveWin":true,"liveSeat":1,"steps":15,"ms":138,"liveWins":25,"games":46,"wr":0.5434782608695652}
{"g":46,"seed":20490091,"liveWin":true,"liveSeat":0,"steps":25,"ms":101,"liveWins":26,"games":47,"wr":0.5531914893617021}
{"g":47,"seed":20490091,"liveWin":false,"liveSeat":1,"steps":25,"ms":103,"liveWins":26,"games":48,"wr":0.5416666666666666}
{"g":48,"seed":20500064,"liveWin":true,"liveSeat":0,"steps":17,"ms":1106,"liveWins":27,"games":49,"wr":0.5510204081632653}
{"g":49,"seed":20500064,"liveWin":false,"liveSeat":1,"steps":15,"ms":931,"liveWins":27,"games":50,"wr":0.54}
=== FINAL ===
{
  "protocol": "fair-hidden-gm-BR-both-equal",
  "infoModel": "hidden",
  "perfectInfo": false,
  "hiddenInfo": true,
  "brBoth": true,
  "equalBudget": true,
  "games": 50,
  "liveWins": 27,
  "freezeWins": 23,
  "liveWinRate": 0.54,
  "seed0": 20260712,
  "ms": 17174,
  "live": {
    "id": "v9.1-probe-mb_two_ovk",
    "stamped": "2026-07-13T02:50:38Z",
    "label": "Grandmaster v9.1-probe mb_two_ovk"
  },
  "freeze": {
    "id": "v9.1",
    "stamped": "2026-07-13T02:50:38Z",
    "label": "Grandmaster v9.1 (ladder freeze)"
  },
  "freezeTag": "v91",
  "challTag": "p_mb_two_ovk",
  "opts": {
    "difficulty": "grandmaster",
    "useSearch": true,
    "perfectInfo": false,
    "hiddenInfo": true,
    "timeMs": 150,
    "iterations": 60,
    "maxSims": 120,
    "brTrials": 12,
    "bestResponse": true,
    "exactExploit": false,
    "exploit": true,
    "softSamples": 4,
    "maxBranch": 12,
    "mode": "auto",
    "strongSelf": false
  },
  "perGame": [
    {
      "seed": 20260712,
      "liveWin": true,
      "liveSeat": 0,
      "steps": 16,
      "ms": 227
    },
    {
      "seed": 20260712,
      "liveWin": false,
      "liveSeat": 1,
      "steps": 20,
      "ms": 751
    },
    {
      "seed": 20270685,
      "liveWin": true,
      "liveSeat": 0,
      "steps": 13,
      "ms": 206
    },
    {
      "seed": 20270685,
      "liveWin": false,
      "liveSeat": 1,
      "steps": 13,
      "ms": 175
    },
    {
      "seed": 20280658,
      "liveWin": false,
      "liveSeat": 0,
      "steps": 12,
      "ms": 210
    },
    {
      "seed": 20280658,
      "liveWin": true,
      "liveSeat": 1,
      "steps": 20,
      "ms": 227
    },
    {
      "seed": 20290631,
      "liveWin": true,
      "liveSeat": 0,
      "steps": 25,
      "ms": 379
    },
    {
      "seed": 20290631,
      "liveWin": true,
      "liveSeat": 1,
      "steps": 18,
      "ms": 335
    },
    {
      "seed": 20300604,
      "liveWin": true,
      "liveSeat": 0,
      "steps": 20,
      "ms": 100
    },
    {
      "seed": 20300604,
      "liveWin": true,
      "liveSeat": 1,
      "steps": 19,
      "ms": 324
    },
    {
      "seed": 20310577,
      "liveWin": true,
      "liveSeat": 0,
      "steps": 14,
      "ms": 503
    },
    {
      "seed": 20310577,
      "liveWin": false,
      "liveSeat": 1,
      "steps": 18,
      "ms": 373
    },
    {
      "seed": 20320550,
      "liveWin": true,
      "liveSeat": 0,
      "steps": 18,
      "ms": 540
    },
    {
      "seed": 20320550,
      "liveWin": true,
      "liveSeat": 1,
      "steps": 25,
      "ms": 381
    },
    {
      "seed": 20330523,
      "liveWin": true,
      "liveSeat": 0,
      "steps": 25,
      "ms": 328
    },
    {
      "seed": 20330523,
      "liveWin": false,
      "liveSeat": 1,
      "steps": 21,
      "ms": 265
    },
    {
      "seed": 20340496,
      "liveWin": true,
      "liveSeat": 0,
      "steps": 25,
      "ms": 513
    },
    {
      "seed": 20340496,
      "liveWin": false,
      "liveSeat": 1,
      "steps": 23,
      "ms": 246
    },
    {
      "seed": 20350469,
      "liveWin": true,
      "liveSeat": 0,
      "steps": 19,
      "ms": 365
    },
    {
      "seed": 20350469,
      "liveWin": false,
      "liveSeat": 1,
      "steps": 27,
      "ms": 579
    },
    {
      "seed": 20360442,
      "liveWin": false,
      "liveSeat": 0,
      "steps": 17,
      "ms": 174
    },
    {
      "seed": 20360442,
      "liveWin": true,
      "liveSeat": 1,
      "steps": 23,
      "ms": 173
    },
    {
      "seed": 20370415,
      "liveWin": true,
      "liveSeat": 0,
      "steps": 18,
      "ms": 221
    },
    {
      "seed": 20370415,
      "liveWin": false,
      "liveSeat": 1,
      "steps": 24,
      "ms": 224
    },
    {
      "seed": 20380388,
      "liveWin": true,
      "liveSeat": 0,
      "steps": 14,
      "ms": 250
    },
    {
      "seed": 20380388,
      "liveWin": false,
      "liveSeat": 1,
      "steps": 18,
      "ms": 206
    },
    {
      "seed": 20390361,
      "liveWin": false,
      "liveSeat": 0,
      "steps": 26,
      "ms": 280
    },
    {
      "seed": 20390361,
      "liveWin": true,
      "liveSeat": 1,
      "steps": 24,
      "ms": 290
    },
    {
      "seed": 20400334,
      "liveWin": true,
      "liveSeat": 0,
      "steps": 18,
      "ms": 74
    },
    {
      "seed": 20400334,
      "liveWin": false,
      "liveSeat": 1,
      "steps": 18,
      "ms": 309
    },
    {
      "seed": 20410307,
      "liveWin": false,
      "liveSeat": 0,
      "steps": 16,
      "ms": 309
    },
    {
      "seed": 20410307,
      "liveWin": true,
      "liveSeat": 1,
      "steps": 16,
      "ms": 306
    },
    {
      "seed": 20420280,
      "liveWin": false,
      "liveSeat": 0,
      "steps": 19,
      "ms": 468
    },
    {
      "seed": 20420280,
      "liveWin": false,
      "liveSeat": 1,
      "steps": 14,
      "ms": 397
    },
    {
      "seed": 20430253,
      "liveWin": false,
      "liveSeat": 0,
      "steps": 23,
      "ms": 400
    },
    {
      "seed": 20430253,
      "liveWin": true,
      "liveSeat": 1,
      "steps": 23,
      "ms": 323
    },
    {
      "seed": 20440226,
      "liveWin": true,
      "liveSeat": 0,
      "steps": 23,
      "ms": 1061
    },
    {
      "seed": 20440226,
      "liveWin": false,
      "liveSeat": 1,
      "steps": 21,
      "ms": 816
    },
    {
      "seed": 20450199,
      "liveWin": true,
      "liveSeat": 0,
      "steps": 21,
      "ms": 140
    },
    {
      "seed": 20450199,
      "liveWin": false,
      "liveSeat": 1,
      "steps": 21,
      "ms": 131
    },
    {
      "seed": 20460172,
      "liveWin": true,
      "liveSeat": 0,
      "steps": 21,
      "ms": 255
    },
    {
      "seed": 20460172,
      "liveWin": false,
      "liveSeat": 1,
      "steps": 15,
      "ms": 143
    },
    {
      "seed": 20470145,
      "liveWin": true,
      "liveSeat": 0,
      "steps": 15,
      "ms": 275
    },
    {
      "seed": 20470145,
      "liveWin": false,
      "liveSeat": 1,
      "steps": 15,
      "ms": 365
    },
    {
      "seed": 20480118,
      "liveWin": false,
      "liveSeat": 0,
      "steps": 15,
      "ms": 144
    },
    {
      "seed": 20480118,
      "liveWin": true,
      "liveSeat": 1,
      "steps": 15,
      "ms": 138
    },
    {
      "seed": 20490091,
      "liveWin": true,
      "liveSeat": 0,
      "steps": 25,
      "ms": 101
    },
    {
      "seed": 20490091,
      "liveWin": false,
      "liveSeat": 1,
      "steps": 25,
      "ms": 103
    },
    {
      "seed": 20500064,
      "liveWin": true,
      "liveSeat": 0,
      "steps": 17,
      "ms": 1106
    },
    {
      "seed": 20500064,
      "liveWin": false,
      "liveSeat": 1,
      "steps": 15,
      "ms": 931
    }
  ],
  "lossSeeds": [
    20260712,
    20270685,
    20280658,
    20310577,
    20330523,
    20340496,
    20350469,
    20360442,
    20370415,
    20380388,
    20390361,
    20400334,
    20410307,
    20420280,
    20420280,
    20430253,
    20440226,
    20450199,
    20460172,
    20470145,
    20480118,
    20490091,
    20500064
  ],
  "target": 0.7,
  "passed": false
}
wrote /Users/johnhoang/Developer/Grok/tieng-len/evolve/probe-p_mb_two_ovk-vs-v91-fair-both-s12-n50.json
