{"start":true,"freeze":"v91","chall":"p_mb_two_ovk","live":{"id":"v9.1-probe-mb_two_ovk","stamped":"2026-07-13T02:50:38Z","label":"Grandmaster v9.1-probe mb_two_ovk"},"freezeBuild":{"id":"v9.1","stamped":"2026-07-13T02:50:38Z","label":"Grandmaster v9.1 (ladder freeze)"},"games":25,"seed0":20260713,"protocol":"fair-hidden-gm-BR-both-equal","opts":{"difficulty":"grandmaster","useSearch":true,"perfectInfo":false,"hiddenInfo":true,"timeMs":150,"iterations":60,"maxSims":120,"brTrials":12,"bestResponse":true,"exactExploit":false,"exploit":true,"softSamples":4,"maxBranch":12,"mode":"auto","strongSelf":false}}
{"g":0,"seed":20260713,"liveWin":false,"liveSeat":0,"steps":24,"ms":513,"liveWins":0,"games":1,"wr":0}
{"g":1,"seed":20260713,"liveWin":false,"liveSeat":1,"steps":17,"ms":241,"liveWins":0,"games":2,"wr":0}
{"g":2,"seed":20270686,"liveWin":false,"liveSeat":0,"steps":19,"ms":791,"liveWins":0,"games":3,"wr":0}
{"g":3,"seed":20270686,"liveWin":true,"liveSeat":1,"steps":19,"ms":533,"liveWins":1,"games":4,"wr":0.25}
{"g":4,"seed":20280659,"liveWin":true,"liveSeat":0,"steps":21,"ms":185,"liveWins":2,"games":5,"wr":0.4}
{"g":5,"seed":20280659,"liveWin":true,"liveSeat":1,"steps":22,"ms":774,"liveWins":3,"games":6,"wr":0.5}
{"g":6,"seed":20290632,"liveWin":true,"liveSeat":0,"steps":21,"ms":295,"liveWins":4,"games":7,"wr":0.5714285714285714}
{"g":7,"seed":20290632,"liveWin":true,"liveSeat":1,"steps":20,"ms":287,"liveWins":5,"games":8,"wr":0.625}
{"g":8,"seed":20300605,"liveWin":true,"liveSeat":0,"steps":20,"ms":233,"liveWins":6,"games":9,"wr":0.6666666666666666}
{"g":9,"seed":20300605,"liveWin":false,"liveSeat":1,"steps":22,"ms":246,"liveWins":6,"games":10,"wr":0.6}
{"g":10,"seed":20310578,"liveWin":false,"liveSeat":0,"steps":16,"ms":100,"liveWins":6,"games":11,"wr":0.5454545454545454}
{"g":11,"seed":20310578,"liveWin":true,"liveSeat":1,"steps":18,"ms":100,"liveWins":7,"games":12,"wr":0.5833333333333334}
{"g":12,"seed":20320551,"liveWin":false,"liveSeat":0,"steps":25,"ms":169,"liveWins":7,"games":13,"wr":0.5384615384615384}
{"g":13,"seed":20320551,"liveWin":false,"liveSeat":1,"steps":20,"ms":162,"liveWins":7,"games":14,"wr":0.5}
{"g":14,"seed":20330524,"liveWin":false,"liveSeat":0,"steps":19,"ms":245,"liveWins":7,"games":15,"wr":0.4666666666666667}
{"g":15,"seed":20330524,"liveWin":true,"liveSeat":1,"steps":21,"ms":333,"liveWins":8,"games":16,"wr":0.5}
{"g":16,"seed":20340497,"liveWin":true,"liveSeat":0,"steps":22,"ms":875,"liveWins":9,"games":17,"wr":0.5294117647058824}
{"g":17,"seed":20340497,"liveWin":true,"liveSeat":1,"steps":21,"ms":691,"liveWins":10,"games":18,"wr":0.5555555555555556}
{"g":18,"seed":20350470,"liveWin":true,"liveSeat":0,"steps":21,"ms":432,"liveWins":11,"games":19,"wr":0.5789473684210527}
{"g":19,"seed":20350470,"liveWin":false,"liveSeat":1,"steps":17,"ms":384,"liveWins":11,"games":20,"wr":0.55}
{"g":20,"seed":20360443,"liveWin":false,"liveSeat":0,"steps":23,"ms":225,"liveWins":11,"games":21,"wr":0.5238095238095238}
{"g":21,"seed":20360443,"liveWin":false,"liveSeat":1,"steps":22,"ms":174,"liveWins":11,"games":22,"wr":0.5}
{"g":22,"seed":20370416,"liveWin":true,"liveSeat":0,"steps":19,"ms":128,"liveWins":12,"games":23,"wr":0.5217391304347826}
{"g":23,"seed":20370416,"liveWin":false,"liveSeat":1,"steps":19,"ms":135,"liveWins":12,"games":24,"wr":0.5}
{"g":24,"seed":20380389,"liveWin":true,"liveSeat":0,"steps":14,"ms":97,"liveWins":13,"games":25,"wr":0.52}
{"g":25,"seed":20380389,"liveWin":false,"liveSeat":1,"steps":14,"ms":97,"liveWins":13,"games":26,"wr":0.5}
{"g":26,"seed":20390362,"liveWin":false,"liveSeat":0,"steps":16,"ms":191,"liveWins":13,"games":27,"wr":0.48148148148148145}
{"g":27,"seed":20390362,"liveWin":true,"liveSeat":1,"steps":22,"ms":440,"liveWins":14,"games":28,"wr":0.5}
{"g":28,"seed":20400335,"liveWin":false,"liveSeat":0,"steps":24,"ms":425,"liveWins":14,"games":29,"wr":0.4827586206896552}
{"g":29,"seed":20400335,"liveWin":true,"liveSeat":1,"steps":24,"ms":188,"liveWins":15,"games":30,"wr":0.5}
{"g":30,"seed":20410308,"liveWin":false,"liveSeat":0,"steps":22,"ms":450,"liveWins":15,"games":31,"wr":0.4838709677419355}
{"g":31,"seed":20410308,"liveWin":false,"liveSeat":1,"steps":19,"ms":144,"liveWins":15,"games":32,"wr":0.46875}
{"g":32,"seed":20420281,"liveWin":true,"liveSeat":0,"steps":23,"ms":189,"liveWins":16,"games":33,"wr":0.48484848484848486}
{"g":33,"seed":20420281,"liveWin":false,"liveSeat":1,"steps":27,"ms":152,"liveWins":16,"games":34,"wr":0.47058823529411764}
{"g":34,"seed":20430254,"liveWin":true,"liveSeat":0,"steps":18,"ms":226,"liveWins":17,"games":35,"wr":0.4857142857142857}
{"g":35,"seed":20430254,"liveWin":false,"liveSeat":1,"steps":14,"ms":215,"liveWins":17,"games":36,"wr":0.4722222222222222}
{"g":36,"seed":20440227,"liveWin":false,"liveSeat":0,"steps":20,"ms":418,"liveWins":17,"games":37,"wr":0.4594594594594595}
{"g":37,"seed":20440227,"liveWin":true,"liveSeat":1,"steps":14,"ms":150,"liveWins":18,"games":38,"wr":0.47368421052631576}
{"g":38,"seed":20450200,"liveWin":false,"liveSeat":0,"steps":21,"ms":117,"liveWins":18,"games":39,"wr":0.46153846153846156}
{"g":39,"seed":20450200,"liveWin":true,"liveSeat":1,"steps":13,"ms":160,"liveWins":19,"games":40,"wr":0.475}
{"g":40,"seed":20460173,"liveWin":false,"liveSeat":0,"steps":25,"ms":369,"liveWins":19,"games":41,"wr":0.4634146341463415}
{"g":41,"seed":20460173,"liveWin":true,"liveSeat":1,"steps":21,"ms":323,"liveWins":20,"games":42,"wr":0.47619047619047616}
{"g":42,"seed":20470146,"liveWin":true,"liveSeat":0,"steps":23,"ms":205,"liveWins":21,"games":43,"wr":0.4883720930232558}
{"g":43,"seed":20470146,"liveWin":true,"liveSeat":1,"steps":22,"ms":356,"liveWins":22,"games":44,"wr":0.5}
{"g":44,"seed":20480119,"liveWin":true,"liveSeat":0,"steps":23,"ms":835,"liveWins":23,"games":45,"wr":0.5111111111111111}
{"g":45,"seed":20480119,"liveWin":true,"liveSeat":1,"steps":18,"ms":284,"liveWins":24,"games":46,"wr":0.5217391304347826}
{"g":46,"seed":20490092,"liveWin":true,"liveSeat":0,"steps":21,"ms":128,"liveWins":25,"games":47,"wr":0.5319148936170213}
{"g":47,"seed":20490092,"liveWin":false,"liveSeat":1,"steps":21,"ms":153,"liveWins":25,"games":48,"wr":0.5208333333333334}
{"g":48,"seed":20500065,"liveWin":false,"liveSeat":0,"steps":27,"ms":784,"liveWins":25,"games":49,"wr":0.5102040816326531}
{"g":49,"seed":20500065,"liveWin":false,"liveSeat":1,"steps":22,"ms":627,"liveWins":25,"games":50,"wr":0.5}
=== FINAL ===
{
  "protocol": "fair-hidden-gm-BR-both-equal",
  "infoModel": "hidden",
  "perfectInfo": false,
  "hiddenInfo": true,
  "brBoth": true,
  "equalBudget": true,
  "games": 50,
  "liveWins": 25,
  "freezeWins": 25,
  "liveWinRate": 0.5,
  "seed0": 20260713,
  "ms": 16002,
  "live": {
    "id": "v9.1-probe-mb_two_ovk",
    "stamped": "2026-07-13T02:50:38Z",
    "label": "Grandmaster v9.1-probe mb_two_ovk"
  },
  "freeze": {
    "id": "v9.1",
    "stamped": "2026-07-13T02:50:38Z",
    "label": "Grandmaster v9.1 (ladder freeze)"
  },
  "freezeTag": "v91",
  "challTag": "p_mb_two_ovk",
  "opts": {
    "difficulty": "grandmaster",
    "useSearch": true,
    "perfectInfo": false,
    "hiddenInfo": true,
    "timeMs": 150,
    "iterations": 60,
    "maxSims": 120,
    "brTrials": 12,
    "bestResponse": true,
    "exactExploit": false,
    "exploit": true,
    "softSamples": 4,
    "maxBranch": 12,
    "mode": "auto",
    "strongSelf": false
  },
  "perGame": [
    {
      "seed": 20260713,
      "liveWin": false,
      "liveSeat": 0,
      "steps": 24,
      "ms": 513
    },
    {
      "seed": 20260713,
      "liveWin": false,
      "liveSeat": 1,
      "steps": 17,
      "ms": 241
    },
    {
      "seed": 20270686,
      "liveWin": false,
      "liveSeat": 0,
      "steps": 19,
      "ms": 791
    },
    {
      "seed": 20270686,
      "liveWin": true,
      "liveSeat": 1,
      "steps": 19,
      "ms": 533
    },
    {
      "seed": 20280659,
      "liveWin": true,
      "liveSeat": 0,
      "steps": 21,
      "ms": 185
    },
    {
      "seed": 20280659,
      "liveWin": true,
      "liveSeat": 1,
      "steps": 22,
      "ms": 774
    },
    {
      "seed": 20290632,
      "liveWin": true,
      "liveSeat": 0,
      "steps": 21,
      "ms": 295
    },
    {
      "seed": 20290632,
      "liveWin": true,
      "liveSeat": 1,
      "steps": 20,
      "ms": 287
    },
    {
      "seed": 20300605,
      "liveWin": true,
      "liveSeat": 0,
      "steps": 20,
      "ms": 233
    },
    {
      "seed": 20300605,
      "liveWin": false,
      "liveSeat": 1,
      "steps": 22,
      "ms": 246
    },
    {
      "seed": 20310578,
      "liveWin": false,
      "liveSeat": 0,
      "steps": 16,
      "ms": 100
    },
    {
      "seed": 20310578,
      "liveWin": true,
      "liveSeat": 1,
      "steps": 18,
      "ms": 100
    },
    {
      "seed": 20320551,
      "liveWin": false,
      "liveSeat": 0,
      "steps": 25,
      "ms": 169
    },
    {
      "seed": 20320551,
      "liveWin": false,
      "liveSeat": 1,
      "steps": 20,
      "ms": 162
    },
    {
      "seed": 20330524,
      "liveWin": false,
      "liveSeat": 0,
      "steps": 19,
      "ms": 245
    },
    {
      "seed": 20330524,
      "liveWin": true,
      "liveSeat": 1,
      "steps": 21,
      "ms": 333
    },
    {
      "seed": 20340497,
      "liveWin": true,
      "liveSeat": 0,
      "steps": 22,
      "ms": 875
    },
    {
      "seed": 20340497,
      "liveWin": true,
      "liveSeat": 1,
      "steps": 21,
      "ms": 691
    },
    {
      "seed": 20350470,
      "liveWin": true,
      "liveSeat": 0,
      "steps": 21,
      "ms": 432
    },
    {
      "seed": 20350470,
      "liveWin": false,
      "liveSeat": 1,
      "steps": 17,
      "ms": 384
    },
    {
      "seed": 20360443,
      "liveWin": false,
      "liveSeat": 0,
      "steps": 23,
      "ms": 225
    },
    {
      "seed": 20360443,
      "liveWin": false,
      "liveSeat": 1,
      "steps": 22,
      "ms": 174
    },
    {
      "seed": 20370416,
      "liveWin": true,
      "liveSeat": 0,
      "steps": 19,
      "ms": 128
    },
    {
      "seed": 20370416,
      "liveWin": false,
      "liveSeat": 1,
      "steps": 19,
      "ms": 135
    },
    {
      "seed": 20380389,
      "liveWin": true,
      "liveSeat": 0,
      "steps": 14,
      "ms": 97
    },
    {
      "seed": 20380389,
      "liveWin": false,
      "liveSeat": 1,
      "steps": 14,
      "ms": 97
    },
    {
      "seed": 20390362,
      "liveWin": false,
      "liveSeat": 0,
      "steps": 16,
      "ms": 191
    },
    {
      "seed": 20390362,
      "liveWin": true,
      "liveSeat": 1,
      "steps": 22,
      "ms": 440
    },
    {
      "seed": 20400335,
      "liveWin": false,
      "liveSeat": 0,
      "steps": 24,
      "ms": 425
    },
    {
      "seed": 20400335,
      "liveWin": true,
      "liveSeat": 1,
      "steps": 24,
      "ms": 188
    },
    {
      "seed": 20410308,
      "liveWin": false,
      "liveSeat": 0,
      "steps": 22,
      "ms": 450
    },
    {
      "seed": 20410308,
      "liveWin": false,
      "liveSeat": 1,
      "steps": 19,
      "ms": 144
    },
    {
      "seed": 20420281,
      "liveWin": true,
      "liveSeat": 0,
      "steps": 23,
      "ms": 189
    },
    {
      "seed": 20420281,
      "liveWin": false,
      "liveSeat": 1,
      "steps": 27,
      "ms": 152
    },
    {
      "seed": 20430254,
      "liveWin": true,
      "liveSeat": 0,
      "steps": 18,
      "ms": 226
    },
    {
      "seed": 20430254,
      "liveWin": false,
      "liveSeat": 1,
      "steps": 14,
      "ms": 215
    },
    {
      "seed": 20440227,
      "liveWin": false,
      "liveSeat": 0,
      "steps": 20,
      "ms": 418
    },
    {
      "seed": 20440227,
      "liveWin": true,
      "liveSeat": 1,
      "steps": 14,
      "ms": 150
    },
    {
      "seed": 20450200,
      "liveWin": false,
      "liveSeat": 0,
      "steps": 21,
      "ms": 117
    },
    {
      "seed": 20450200,
      "liveWin": true,
      "liveSeat": 1,
      "steps": 13,
      "ms": 160
    },
    {
      "seed": 20460173,
      "liveWin": false,
      "liveSeat": 0,
      "steps": 25,
      "ms": 369
    },
    {
      "seed": 20460173,
      "liveWin": true,
      "liveSeat": 1,
      "steps": 21,
      "ms": 323
    },
    {
      "seed": 20470146,
      "liveWin": true,
      "liveSeat": 0,
      "steps": 23,
      "ms": 205
    },
    {
      "seed": 20470146,
      "liveWin": true,
      "liveSeat": 1,
      "steps": 22,
      "ms": 356
    },
    {
      "seed": 20480119,
      "liveWin": true,
      "liveSeat": 0,
      "steps": 23,
      "ms": 835
    },
    {
      "seed": 20480119,
      "liveWin": true,
      "liveSeat": 1,
      "steps": 18,
      "ms": 284
    },
    {
      "seed": 20490092,
      "liveWin": true,
      "liveSeat": 0,
      "steps": 21,
      "ms": 128
    },
    {
      "seed": 20490092,
      "liveWin": false,
      "liveSeat": 1,
      "steps": 21,
      "ms": 153
    },
    {
      "seed": 20500065,
      "liveWin": false,
      "liveSeat": 0,
      "steps": 27,
      "ms": 784
    },
    {
      "seed": 20500065,
      "liveWin": false,
      "liveSeat": 1,
      "steps": 22,
      "ms": 627
    }
  ],
  "lossSeeds": [
    20260713,
    20260713,
    20270686,
    20300605,
    20310578,
    20320551,
    20320551,
    20330524,
    20350470,
    20360443,
    20360443,
    20370416,
    20380389,
    20390362,
    20400335,
    20410308,
    20410308,
    20420281,
    20430254,
    20440227,
    20450200,
    20460173,
    20490092,
    20500065,
    20500065
  ],
  "target": 0.7,
  "passed": false
}
wrote /Users/johnhoang/Developer/Grok/tieng-len/evolve/probe-p_mb_two_ovk-vs-v91-fair-both-s13-n50.json
