{"start":true,"freeze":"v91","chall":"p_mbshort","live":{"id":"v9.1-probe-mbshort","stamped":"2026-07-13T02:50:38Z","label":"Grandmaster v9.1-probe mbshort"},"freezeBuild":{"id":"v9.1","stamped":"2026-07-13T02:50:38Z","label":"Grandmaster v9.1 (ladder freeze)"},"games":25,"seed0":20260712,"protocol":"fair-hidden-gm-BR-both-equal","opts":{"difficulty":"grandmaster","useSearch":true,"perfectInfo":false,"hiddenInfo":true,"timeMs":150,"iterations":60,"maxSims":120,"brTrials":12,"bestResponse":true,"exactExploit":false,"exploit":true,"softSamples":4,"maxBranch":12,"mode":"auto","strongSelf":false}}
{"g":0,"seed":20260712,"liveWin":true,"liveSeat":0,"steps":16,"ms":171,"liveWins":1,"games":1,"wr":1}
{"g":1,"seed":20260712,"liveWin":false,"liveSeat":1,"steps":16,"ms":145,"liveWins":1,"games":2,"wr":0.5}
{"g":2,"seed":20270685,"liveWin":true,"liveSeat":0,"steps":13,"ms":198,"liveWins":2,"games":3,"wr":0.6666666666666666}
{"g":3,"seed":20270685,"liveWin":false,"liveSeat":1,"steps":13,"ms":143,"liveWins":2,"games":4,"wr":0.5}
{"g":4,"seed":20280658,"liveWin":false,"liveSeat":0,"steps":12,"ms":184,"liveWins":2,"games":5,"wr":0.4}
{"g":5,"seed":20280658,"liveWin":true,"liveSeat":1,"steps":18,"ms":180,"liveWins":3,"games":6,"wr":0.5}
{"g":6,"seed":20290631,"liveWin":false,"liveSeat":0,"steps":22,"ms":278,"liveWins":3,"games":7,"wr":0.42857142857142855}
{"g":7,"seed":20290631,"liveWin":false,"liveSeat":1,"steps":19,"ms":287,"liveWins":3,"games":8,"wr":0.375}
{"g":8,"seed":20300604,"liveWin":true,"liveSeat":0,"steps":20,"ms":83,"liveWins":4,"games":9,"wr":0.4444444444444444}
{"g":9,"seed":20300604,"liveWin":false,"liveSeat":1,"steps":20,"ms":83,"liveWins":4,"games":10,"wr":0.4}
{"g":10,"seed":20310577,"liveWin":false,"liveSeat":0,"steps":21,"ms":496,"liveWins":4,"games":11,"wr":0.36363636363636365}
{"g":11,"seed":20310577,"liveWin":true,"liveSeat":1,"steps":21,"ms":482,"liveWins":5,"games":12,"wr":0.4166666666666667}
{"g":12,"seed":20320550,"liveWin":true,"liveSeat":0,"steps":18,"ms":361,"liveWins":6,"games":13,"wr":0.46153846153846156}
{"g":13,"seed":20320550,"liveWin":false,"liveSeat":1,"steps":16,"ms":443,"liveWins":6,"games":14,"wr":0.42857142857142855}
{"g":14,"seed":20330523,"liveWin":true,"liveSeat":0,"steps":21,"ms":210,"liveWins":7,"games":15,"wr":0.4666666666666667}
{"g":15,"seed":20330523,"liveWin":false,"liveSeat":1,"steps":21,"ms":210,"liveWins":7,"games":16,"wr":0.4375}
{"g":16,"seed":20340496,"liveWin":true,"liveSeat":0,"steps":25,"ms":453,"liveWins":8,"games":17,"wr":0.47058823529411764}
{"g":17,"seed":20340496,"liveWin":false,"liveSeat":1,"steps":23,"ms":233,"liveWins":8,"games":18,"wr":0.4444444444444444}
{"g":18,"seed":20350469,"liveWin":false,"liveSeat":0,"steps":20,"ms":535,"liveWins":8,"games":19,"wr":0.42105263157894735}
{"g":19,"seed":20350469,"liveWin":true,"liveSeat":1,"steps":22,"ms":485,"liveWins":9,"games":20,"wr":0.45}
{"g":20,"seed":20360442,"liveWin":false,"liveSeat":0,"steps":17,"ms":142,"liveWins":9,"games":21,"wr":0.42857142857142855}
{"g":21,"seed":20360442,"liveWin":true,"liveSeat":1,"steps":23,"ms":139,"liveWins":10,"games":22,"wr":0.45454545454545453}
{"g":22,"seed":20370415,"liveWin":false,"liveSeat":0,"steps":21,"ms":201,"liveWins":10,"games":23,"wr":0.43478260869565216}
{"g":23,"seed":20370415,"liveWin":false,"liveSeat":1,"steps":24,"ms":176,"liveWins":10,"games":24,"wr":0.4166666666666667}
{"g":24,"seed":20380388,"liveWin":true,"liveSeat":0,"steps":16,"ms":186,"liveWins":11,"games":25,"wr":0.44}
{"g":25,"seed":20380388,"liveWin":false,"liveSeat":1,"steps":18,"ms":172,"liveWins":11,"games":26,"wr":0.4230769230769231}
{"g":26,"seed":20390361,"liveWin":false,"liveSeat":0,"steps":26,"ms":273,"liveWins":11,"games":27,"wr":0.4074074074074074}
{"g":27,"seed":20390361,"liveWin":true,"liveSeat":1,"steps":26,"ms":306,"liveWins":12,"games":28,"wr":0.42857142857142855}
{"g":28,"seed":20400334,"liveWin":true,"liveSeat":0,"steps":18,"ms":60,"liveWins":13,"games":29,"wr":0.4482758620689655}
{"g":29,"seed":20400334,"liveWin":true,"liveSeat":1,"steps":21,"ms":55,"liveWins":14,"games":30,"wr":0.4666666666666667}
{"g":30,"seed":20410307,"liveWin":false,"liveSeat":0,"steps":16,"ms":254,"liveWins":14,"games":31,"wr":0.45161290322580644}
{"g":31,"seed":20410307,"liveWin":true,"liveSeat":1,"steps":16,"ms":254,"liveWins":15,"games":32,"wr":0.46875}
{"g":32,"seed":20420280,"liveWin":false,"liveSeat":0,"steps":23,"ms":421,"liveWins":15,"games":33,"wr":0.45454545454545453}
{"g":33,"seed":20420280,"liveWin":false,"liveSeat":1,"steps":14,"ms":351,"liveWins":15,"games":34,"wr":0.4411764705882353}
{"g":34,"seed":20430253,"liveWin":true,"liveSeat":0,"steps":26,"ms":260,"liveWins":16,"games":35,"wr":0.45714285714285713}
{"g":35,"seed":20430253,"liveWin":false,"liveSeat":1,"steps":26,"ms":263,"liveWins":16,"games":36,"wr":0.4444444444444444}
{"g":36,"seed":20440226,"liveWin":true,"liveSeat":0,"steps":17,"ms":757,"liveWins":17,"games":37,"wr":0.4594594594594595}
{"g":37,"seed":20440226,"liveWin":true,"liveSeat":1,"steps":18,"ms":918,"liveWins":18,"games":38,"wr":0.47368421052631576}
{"g":38,"seed":20450199,"liveWin":true,"liveSeat":0,"steps":21,"ms":109,"liveWins":19,"games":39,"wr":0.48717948717948717}
{"g":39,"seed":20450199,"liveWin":false,"liveSeat":1,"steps":21,"ms":112,"liveWins":19,"games":40,"wr":0.475}
{"g":40,"seed":20460172,"liveWin":true,"liveSeat":0,"steps":15,"ms":134,"liveWins":20,"games":41,"wr":0.4878048780487805}
{"g":41,"seed":20460172,"liveWin":false,"liveSeat":1,"steps":17,"ms":133,"liveWins":20,"games":42,"wr":0.47619047619047616}
{"g":42,"seed":20470145,"liveWin":false,"liveSeat":0,"steps":22,"ms":270,"liveWins":20,"games":43,"wr":0.46511627906976744}
{"g":43,"seed":20470145,"liveWin":false,"liveSeat":1,"steps":15,"ms":308,"liveWins":20,"games":44,"wr":0.45454545454545453}
{"g":44,"seed":20480118,"liveWin":false,"liveSeat":0,"steps":15,"ms":114,"liveWins":20,"games":45,"wr":0.4444444444444444}
{"g":45,"seed":20480118,"liveWin":true,"liveSeat":1,"steps":15,"ms":108,"liveWins":21,"games":46,"wr":0.45652173913043476}
{"g":46,"seed":20490091,"liveWin":true,"liveSeat":0,"steps":25,"ms":76,"liveWins":22,"games":47,"wr":0.46808510638297873}
{"g":47,"seed":20490091,"liveWin":false,"liveSeat":1,"steps":25,"ms":76,"liveWins":22,"games":48,"wr":0.4583333333333333}
{"g":48,"seed":20500064,"liveWin":true,"liveSeat":0,"steps":17,"ms":839,"liveWins":23,"games":49,"wr":0.46938775510204084}
{"g":49,"seed":20500064,"liveWin":false,"liveSeat":1,"steps":17,"ms":818,"liveWins":23,"games":50,"wr":0.46}
=== FINAL ===
{
  "protocol": "fair-hidden-gm-BR-both-equal",
  "infoModel": "hidden",
  "perfectInfo": false,
  "hiddenInfo": true,
  "brBoth": true,
  "equalBudget": true,
  "games": 50,
  "liveWins": 23,
  "freezeWins": 27,
  "liveWinRate": 0.46,
  "seed0": 20260712,
  "ms": 13965,
  "live": {
    "id": "v9.1-probe-mbshort",
    "stamped": "2026-07-13T02:50:38Z",
    "label": "Grandmaster v9.1-probe mbshort"
  },
  "freeze": {
    "id": "v9.1",
    "stamped": "2026-07-13T02:50:38Z",
    "label": "Grandmaster v9.1 (ladder freeze)"
  },
  "freezeTag": "v91",
  "challTag": "p_mbshort",
  "opts": {
    "difficulty": "grandmaster",
    "useSearch": true,
    "perfectInfo": false,
    "hiddenInfo": true,
    "timeMs": 150,
    "iterations": 60,
    "maxSims": 120,
    "brTrials": 12,
    "bestResponse": true,
    "exactExploit": false,
    "exploit": true,
    "softSamples": 4,
    "maxBranch": 12,
    "mode": "auto",
    "strongSelf": false
  },
  "perGame": [
    {
      "seed": 20260712,
      "liveWin": true,
      "liveSeat": 0,
      "steps": 16,
      "ms": 171
    },
    {
      "seed": 20260712,
      "liveWin": false,
      "liveSeat": 1,
      "steps": 16,
      "ms": 145
    },
    {
      "seed": 20270685,
      "liveWin": true,
      "liveSeat": 0,
      "steps": 13,
      "ms": 198
    },
    {
      "seed": 20270685,
      "liveWin": false,
      "liveSeat": 1,
      "steps": 13,
      "ms": 143
    },
    {
      "seed": 20280658,
      "liveWin": false,
      "liveSeat": 0,
      "steps": 12,
      "ms": 184
    },
    {
      "seed": 20280658,
      "liveWin": true,
      "liveSeat": 1,
      "steps": 18,
      "ms": 180
    },
    {
      "seed": 20290631,
      "liveWin": false,
      "liveSeat": 0,
      "steps": 22,
      "ms": 278
    },
    {
      "seed": 20290631,
      "liveWin": false,
      "liveSeat": 1,
      "steps": 19,
      "ms": 287
    },
    {
      "seed": 20300604,
      "liveWin": true,
      "liveSeat": 0,
      "steps": 20,
      "ms": 83
    },
    {
      "seed": 20300604,
      "liveWin": false,
      "liveSeat": 1,
      "steps": 20,
      "ms": 83
    },
    {
      "seed": 20310577,
      "liveWin": false,
      "liveSeat": 0,
      "steps": 21,
      "ms": 496
    },
    {
      "seed": 20310577,
      "liveWin": true,
      "liveSeat": 1,
      "steps": 21,
      "ms": 482
    },
    {
      "seed": 20320550,
      "liveWin": true,
      "liveSeat": 0,
      "steps": 18,
      "ms": 361
    },
    {
      "seed": 20320550,
      "liveWin": false,
      "liveSeat": 1,
      "steps": 16,
      "ms": 443
    },
    {
      "seed": 20330523,
      "liveWin": true,
      "liveSeat": 0,
      "steps": 21,
      "ms": 210
    },
    {
      "seed": 20330523,
      "liveWin": false,
      "liveSeat": 1,
      "steps": 21,
      "ms": 210
    },
    {
      "seed": 20340496,
      "liveWin": true,
      "liveSeat": 0,
      "steps": 25,
      "ms": 453
    },
    {
      "seed": 20340496,
      "liveWin": false,
      "liveSeat": 1,
      "steps": 23,
      "ms": 233
    },
    {
      "seed": 20350469,
      "liveWin": false,
      "liveSeat": 0,
      "steps": 20,
      "ms": 535
    },
    {
      "seed": 20350469,
      "liveWin": true,
      "liveSeat": 1,
      "steps": 22,
      "ms": 485
    },
    {
      "seed": 20360442,
      "liveWin": false,
      "liveSeat": 0,
      "steps": 17,
      "ms": 142
    },
    {
      "seed": 20360442,
      "liveWin": true,
      "liveSeat": 1,
      "steps": 23,
      "ms": 139
    },
    {
      "seed": 20370415,
      "liveWin": false,
      "liveSeat": 0,
      "steps": 21,
      "ms": 201
    },
    {
      "seed": 20370415,
      "liveWin": false,
      "liveSeat": 1,
      "steps": 24,
      "ms": 176
    },
    {
      "seed": 20380388,
      "liveWin": true,
      "liveSeat": 0,
      "steps": 16,
      "ms": 186
    },
    {
      "seed": 20380388,
      "liveWin": false,
      "liveSeat": 1,
      "steps": 18,
      "ms": 172
    },
    {
      "seed": 20390361,
      "liveWin": false,
      "liveSeat": 0,
      "steps": 26,
      "ms": 273
    },
    {
      "seed": 20390361,
      "liveWin": true,
      "liveSeat": 1,
      "steps": 26,
      "ms": 306
    },
    {
      "seed": 20400334,
      "liveWin": true,
      "liveSeat": 0,
      "steps": 18,
      "ms": 60
    },
    {
      "seed": 20400334,
      "liveWin": true,
      "liveSeat": 1,
      "steps": 21,
      "ms": 55
    },
    {
      "seed": 20410307,
      "liveWin": false,
      "liveSeat": 0,
      "steps": 16,
      "ms": 254
    },
    {
      "seed": 20410307,
      "liveWin": true,
      "liveSeat": 1,
      "steps": 16,
      "ms": 254
    },
    {
      "seed": 20420280,
      "liveWin": false,
      "liveSeat": 0,
      "steps": 23,
      "ms": 421
    },
    {
      "seed": 20420280,
      "liveWin": false,
      "liveSeat": 1,
      "steps": 14,
      "ms": 351
    },
    {
      "seed": 20430253,
      "liveWin": true,
      "liveSeat": 0,
      "steps": 26,
      "ms": 260
    },
    {
      "seed": 20430253,
      "liveWin": false,
      "liveSeat": 1,
      "steps": 26,
      "ms": 263
    },
    {
      "seed": 20440226,
      "liveWin": true,
      "liveSeat": 0,
      "steps": 17,
      "ms": 757
    },
    {
      "seed": 20440226,
      "liveWin": true,
      "liveSeat": 1,
      "steps": 18,
      "ms": 918
    },
    {
      "seed": 20450199,
      "liveWin": true,
      "liveSeat": 0,
      "steps": 21,
      "ms": 109
    },
    {
      "seed": 20450199,
      "liveWin": false,
      "liveSeat": 1,
      "steps": 21,
      "ms": 112
    },
    {
      "seed": 20460172,
      "liveWin": true,
      "liveSeat": 0,
      "steps": 15,
      "ms": 134
    },
    {
      "seed": 20460172,
      "liveWin": false,
      "liveSeat": 1,
      "steps": 17,
      "ms": 133
    },
    {
      "seed": 20470145,
      "liveWin": false,
      "liveSeat": 0,
      "steps": 22,
      "ms": 270
    },
    {
      "seed": 20470145,
      "liveWin": false,
      "liveSeat": 1,
      "steps": 15,
      "ms": 308
    },
    {
      "seed": 20480118,
      "liveWin": false,
      "liveSeat": 0,
      "steps": 15,
      "ms": 114
    },
    {
      "seed": 20480118,
      "liveWin": true,
      "liveSeat": 1,
      "steps": 15,
      "ms": 108
    },
    {
      "seed": 20490091,
      "liveWin": true,
      "liveSeat": 0,
      "steps": 25,
      "ms": 76
    },
    {
      "seed": 20490091,
      "liveWin": false,
      "liveSeat": 1,
      "steps": 25,
      "ms": 76
    },
    {
      "seed": 20500064,
      "liveWin": true,
      "liveSeat": 0,
      "steps": 17,
      "ms": 839
    },
    {
      "seed": 20500064,
      "liveWin": false,
      "liveSeat": 1,
      "steps": 17,
      "ms": 818
    }
  ],
  "lossSeeds": [
    20260712,
    20270685,
    20280658,
    20290631,
    20290631,
    20300604,
    20310577,
    20320550,
    20330523,
    20340496,
    20350469,
    20360442,
    20370415,
    20370415,
    20380388,
    20390361,
    20410307,
    20420280,
    20420280,
    20430253,
    20450199,
    20460172,
    20470145,
    20470145,
    20480118,
    20490091,
    20500064
  ],
  "target": 0.7,
  "passed": false
}
wrote /Users/johnhoang/Developer/Grok/tieng-len/evolve/probe-p_mbshort-vs-v91-fair-both-s12-n50.json
