{"start":true,"freeze":"v91","chall":"p_flshort","live":{"id":"v9.1-probe-flshort","stamped":"2026-07-13T02:50:38Z","label":"Grandmaster v9.1-probe flshort"},"freezeBuild":{"id":"v9.1","stamped":"2026-07-13T02:50:38Z","label":"Grandmaster v9.1 (ladder freeze)"},"games":25,"seed0":20260712,"protocol":"fair-hidden-gm-BR-both-equal","opts":{"difficulty":"grandmaster","useSearch":true,"perfectInfo":false,"hiddenInfo":true,"timeMs":150,"iterations":60,"maxSims":120,"brTrials":12,"bestResponse":true,"exactExploit":false,"exploit":true,"softSamples":4,"maxBranch":12,"mode":"auto","strongSelf":false}}
{"g":0,"seed":20260712,"liveWin":true,"liveSeat":0,"steps":16,"ms":165,"liveWins":1,"games":1,"wr":1}
{"g":1,"seed":20260712,"liveWin":false,"liveSeat":1,"steps":16,"ms":146,"liveWins":1,"games":2,"wr":0.5}
{"g":2,"seed":20270685,"liveWin":true,"liveSeat":0,"steps":13,"ms":174,"liveWins":2,"games":3,"wr":0.6666666666666666}
{"g":3,"seed":20270685,"liveWin":false,"liveSeat":1,"steps":13,"ms":147,"liveWins":2,"games":4,"wr":0.5}
{"g":4,"seed":20280658,"liveWin":false,"liveSeat":0,"steps":18,"ms":188,"liveWins":2,"games":5,"wr":0.4}
{"g":5,"seed":20280658,"liveWin":true,"liveSeat":1,"steps":18,"ms":183,"liveWins":3,"games":6,"wr":0.5}
{"g":6,"seed":20290631,"liveWin":false,"liveSeat":0,"steps":18,"ms":293,"liveWins":3,"games":7,"wr":0.42857142857142855}
{"g":7,"seed":20290631,"liveWin":false,"liveSeat":1,"steps":19,"ms":271,"liveWins":3,"games":8,"wr":0.375}
{"g":8,"seed":20300604,"liveWin":true,"liveSeat":0,"steps":20,"ms":84,"liveWins":4,"games":9,"wr":0.4444444444444444}
{"g":9,"seed":20300604,"liveWin":false,"liveSeat":1,"steps":20,"ms":80,"liveWins":4,"games":10,"wr":0.4}
{"g":10,"seed":20310577,"liveWin":false,"liveSeat":0,"steps":21,"ms":490,"liveWins":4,"games":11,"wr":0.36363636363636365}
{"g":11,"seed":20310577,"liveWin":true,"liveSeat":1,"steps":21,"ms":483,"liveWins":5,"games":12,"wr":0.4166666666666667}
{"g":12,"seed":20320550,"liveWin":true,"liveSeat":0,"steps":18,"ms":348,"liveWins":6,"games":13,"wr":0.46153846153846156}
{"g":13,"seed":20320550,"liveWin":false,"liveSeat":1,"steps":16,"ms":431,"liveWins":6,"games":14,"wr":0.42857142857142855}
{"g":14,"seed":20330523,"liveWin":true,"liveSeat":0,"steps":21,"ms":212,"liveWins":7,"games":15,"wr":0.4666666666666667}
{"g":15,"seed":20330523,"liveWin":false,"liveSeat":1,"steps":21,"ms":207,"liveWins":7,"games":16,"wr":0.4375}
{"g":16,"seed":20340496,"liveWin":true,"liveSeat":0,"steps":23,"ms":221,"liveWins":8,"games":17,"wr":0.47058823529411764}
{"g":17,"seed":20340496,"liveWin":false,"liveSeat":1,"steps":23,"ms":222,"liveWins":8,"games":18,"wr":0.4444444444444444}
{"g":18,"seed":20350469,"liveWin":false,"liveSeat":0,"steps":20,"ms":527,"liveWins":8,"games":19,"wr":0.42105263157894735}
{"g":19,"seed":20350469,"liveWin":true,"liveSeat":1,"steps":20,"ms":526,"liveWins":9,"games":20,"wr":0.45}
{"g":20,"seed":20360442,"liveWin":false,"liveSeat":0,"steps":23,"ms":136,"liveWins":9,"games":21,"wr":0.42857142857142855}
{"g":21,"seed":20360442,"liveWin":true,"liveSeat":1,"steps":23,"ms":136,"liveWins":10,"games":22,"wr":0.45454545454545453}
{"g":22,"seed":20370415,"liveWin":false,"liveSeat":0,"steps":21,"ms":176,"liveWins":10,"games":23,"wr":0.43478260869565216}
{"g":23,"seed":20370415,"liveWin":true,"liveSeat":1,"steps":21,"ms":171,"liveWins":11,"games":24,"wr":0.4583333333333333}
{"g":24,"seed":20380388,"liveWin":true,"liveSeat":0,"steps":18,"ms":180,"liveWins":12,"games":25,"wr":0.48}
{"g":25,"seed":20380388,"liveWin":false,"liveSeat":1,"steps":18,"ms":169,"liveWins":12,"games":26,"wr":0.46153846153846156}
{"g":26,"seed":20390361,"liveWin":false,"liveSeat":0,"steps":26,"ms":257,"liveWins":12,"games":27,"wr":0.4444444444444444}
{"g":27,"seed":20390361,"liveWin":true,"liveSeat":1,"steps":26,"ms":288,"liveWins":13,"games":28,"wr":0.4642857142857143}
{"g":28,"seed":20400334,"liveWin":false,"liveSeat":0,"steps":21,"ms":54,"liveWins":13,"games":29,"wr":0.4482758620689655}
{"g":29,"seed":20400334,"liveWin":true,"liveSeat":1,"steps":21,"ms":54,"liveWins":14,"games":30,"wr":0.4666666666666667}
{"g":30,"seed":20410307,"liveWin":false,"liveSeat":0,"steps":16,"ms":244,"liveWins":14,"games":31,"wr":0.45161290322580644}
{"g":31,"seed":20410307,"liveWin":true,"liveSeat":1,"steps":16,"ms":244,"liveWins":15,"games":32,"wr":0.46875}
{"g":32,"seed":20420280,"liveWin":true,"liveSeat":0,"steps":20,"ms":357,"liveWins":16,"games":33,"wr":0.48484848484848486}
{"g":33,"seed":20420280,"liveWin":false,"liveSeat":1,"steps":14,"ms":358,"liveWins":16,"games":34,"wr":0.47058823529411764}
{"g":34,"seed":20430253,"liveWin":true,"liveSeat":0,"steps":26,"ms":250,"liveWins":17,"games":35,"wr":0.4857142857142857}
{"g":35,"seed":20430253,"liveWin":false,"liveSeat":1,"steps":26,"ms":249,"liveWins":17,"games":36,"wr":0.4722222222222222}
{"g":36,"seed":20440226,"liveWin":false,"liveSeat":0,"steps":18,"ms":883,"liveWins":17,"games":37,"wr":0.4594594594594595}
{"g":37,"seed":20440226,"liveWin":true,"liveSeat":1,"steps":12,"ms":642,"liveWins":18,"games":38,"wr":0.47368421052631576}
{"g":38,"seed":20450199,"liveWin":true,"liveSeat":0,"steps":21,"ms":106,"liveWins":19,"games":39,"wr":0.48717948717948717}
{"g":39,"seed":20450199,"liveWin":false,"liveSeat":1,"steps":21,"ms":105,"liveWins":19,"games":40,"wr":0.475}
{"g":40,"seed":20460172,"liveWin":true,"liveSeat":0,"steps":15,"ms":125,"liveWins":20,"games":41,"wr":0.4878048780487805}
{"g":41,"seed":20460172,"liveWin":false,"liveSeat":1,"steps":15,"ms":126,"liveWins":20,"games":42,"wr":0.47619047619047616}
{"g":42,"seed":20470145,"liveWin":false,"liveSeat":0,"steps":22,"ms":256,"liveWins":20,"games":43,"wr":0.46511627906976744}
{"g":43,"seed":20470145,"liveWin":false,"liveSeat":1,"steps":15,"ms":217,"liveWins":20,"games":44,"wr":0.45454545454545453}
{"g":44,"seed":20480118,"liveWin":false,"liveSeat":0,"steps":15,"ms":112,"liveWins":20,"games":45,"wr":0.4444444444444444}
{"g":45,"seed":20480118,"liveWin":true,"liveSeat":1,"steps":15,"ms":111,"liveWins":21,"games":46,"wr":0.45652173913043476}
{"g":46,"seed":20490091,"liveWin":true,"liveSeat":0,"steps":25,"ms":276,"liveWins":22,"games":47,"wr":0.46808510638297873}
{"g":47,"seed":20490091,"liveWin":false,"liveSeat":1,"steps":25,"ms":74,"liveWins":22,"games":48,"wr":0.4583333333333333}
{"g":48,"seed":20500064,"liveWin":true,"liveSeat":0,"steps":17,"ms":832,"liveWins":23,"games":49,"wr":0.46938775510204084}
{"g":49,"seed":20500064,"liveWin":false,"liveSeat":1,"steps":17,"ms":828,"liveWins":23,"games":50,"wr":0.46}
=== FINAL ===
{
  "protocol": "fair-hidden-gm-BR-both-equal",
  "infoModel": "hidden",
  "perfectInfo": false,
  "hiddenInfo": true,
  "brBoth": true,
  "equalBudget": true,
  "games": 50,
  "liveWins": 23,
  "freezeWins": 27,
  "liveWinRate": 0.46,
  "seed0": 20260712,
  "ms": 13429,
  "live": {
    "id": "v9.1-probe-flshort",
    "stamped": "2026-07-13T02:50:38Z",
    "label": "Grandmaster v9.1-probe flshort"
  },
  "freeze": {
    "id": "v9.1",
    "stamped": "2026-07-13T02:50:38Z",
    "label": "Grandmaster v9.1 (ladder freeze)"
  },
  "freezeTag": "v91",
  "challTag": "p_flshort",
  "opts": {
    "difficulty": "grandmaster",
    "useSearch": true,
    "perfectInfo": false,
    "hiddenInfo": true,
    "timeMs": 150,
    "iterations": 60,
    "maxSims": 120,
    "brTrials": 12,
    "bestResponse": true,
    "exactExploit": false,
    "exploit": true,
    "softSamples": 4,
    "maxBranch": 12,
    "mode": "auto",
    "strongSelf": false
  },
  "perGame": [
    {
      "seed": 20260712,
      "liveWin": true,
      "liveSeat": 0,
      "steps": 16,
      "ms": 165
    },
    {
      "seed": 20260712,
      "liveWin": false,
      "liveSeat": 1,
      "steps": 16,
      "ms": 146
    },
    {
      "seed": 20270685,
      "liveWin": true,
      "liveSeat": 0,
      "steps": 13,
      "ms": 174
    },
    {
      "seed": 20270685,
      "liveWin": false,
      "liveSeat": 1,
      "steps": 13,
      "ms": 147
    },
    {
      "seed": 20280658,
      "liveWin": false,
      "liveSeat": 0,
      "steps": 18,
      "ms": 188
    },
    {
      "seed": 20280658,
      "liveWin": true,
      "liveSeat": 1,
      "steps": 18,
      "ms": 183
    },
    {
      "seed": 20290631,
      "liveWin": false,
      "liveSeat": 0,
      "steps": 18,
      "ms": 293
    },
    {
      "seed": 20290631,
      "liveWin": false,
      "liveSeat": 1,
      "steps": 19,
      "ms": 271
    },
    {
      "seed": 20300604,
      "liveWin": true,
      "liveSeat": 0,
      "steps": 20,
      "ms": 84
    },
    {
      "seed": 20300604,
      "liveWin": false,
      "liveSeat": 1,
      "steps": 20,
      "ms": 80
    },
    {
      "seed": 20310577,
      "liveWin": false,
      "liveSeat": 0,
      "steps": 21,
      "ms": 490
    },
    {
      "seed": 20310577,
      "liveWin": true,
      "liveSeat": 1,
      "steps": 21,
      "ms": 483
    },
    {
      "seed": 20320550,
      "liveWin": true,
      "liveSeat": 0,
      "steps": 18,
      "ms": 348
    },
    {
      "seed": 20320550,
      "liveWin": false,
      "liveSeat": 1,
      "steps": 16,
      "ms": 431
    },
    {
      "seed": 20330523,
      "liveWin": true,
      "liveSeat": 0,
      "steps": 21,
      "ms": 212
    },
    {
      "seed": 20330523,
      "liveWin": false,
      "liveSeat": 1,
      "steps": 21,
      "ms": 207
    },
    {
      "seed": 20340496,
      "liveWin": true,
      "liveSeat": 0,
      "steps": 23,
      "ms": 221
    },
    {
      "seed": 20340496,
      "liveWin": false,
      "liveSeat": 1,
      "steps": 23,
      "ms": 222
    },
    {
      "seed": 20350469,
      "liveWin": false,
      "liveSeat": 0,
      "steps": 20,
      "ms": 527
    },
    {
      "seed": 20350469,
      "liveWin": true,
      "liveSeat": 1,
      "steps": 20,
      "ms": 526
    },
    {
      "seed": 20360442,
      "liveWin": false,
      "liveSeat": 0,
      "steps": 23,
      "ms": 136
    },
    {
      "seed": 20360442,
      "liveWin": true,
      "liveSeat": 1,
      "steps": 23,
      "ms": 136
    },
    {
      "seed": 20370415,
      "liveWin": false,
      "liveSeat": 0,
      "steps": 21,
      "ms": 176
    },
    {
      "seed": 20370415,
      "liveWin": true,
      "liveSeat": 1,
      "steps": 21,
      "ms": 171
    },
    {
      "seed": 20380388,
      "liveWin": true,
      "liveSeat": 0,
      "steps": 18,
      "ms": 180
    },
    {
      "seed": 20380388,
      "liveWin": false,
      "liveSeat": 1,
      "steps": 18,
      "ms": 169
    },
    {
      "seed": 20390361,
      "liveWin": false,
      "liveSeat": 0,
      "steps": 26,
      "ms": 257
    },
    {
      "seed": 20390361,
      "liveWin": true,
      "liveSeat": 1,
      "steps": 26,
      "ms": 288
    },
    {
      "seed": 20400334,
      "liveWin": false,
      "liveSeat": 0,
      "steps": 21,
      "ms": 54
    },
    {
      "seed": 20400334,
      "liveWin": true,
      "liveSeat": 1,
      "steps": 21,
      "ms": 54
    },
    {
      "seed": 20410307,
      "liveWin": false,
      "liveSeat": 0,
      "steps": 16,
      "ms": 244
    },
    {
      "seed": 20410307,
      "liveWin": true,
      "liveSeat": 1,
      "steps": 16,
      "ms": 244
    },
    {
      "seed": 20420280,
      "liveWin": true,
      "liveSeat": 0,
      "steps": 20,
      "ms": 357
    },
    {
      "seed": 20420280,
      "liveWin": false,
      "liveSeat": 1,
      "steps": 14,
      "ms": 358
    },
    {
      "seed": 20430253,
      "liveWin": true,
      "liveSeat": 0,
      "steps": 26,
      "ms": 250
    },
    {
      "seed": 20430253,
      "liveWin": false,
      "liveSeat": 1,
      "steps": 26,
      "ms": 249
    },
    {
      "seed": 20440226,
      "liveWin": false,
      "liveSeat": 0,
      "steps": 18,
      "ms": 883
    },
    {
      "seed": 20440226,
      "liveWin": true,
      "liveSeat": 1,
      "steps": 12,
      "ms": 642
    },
    {
      "seed": 20450199,
      "liveWin": true,
      "liveSeat": 0,
      "steps": 21,
      "ms": 106
    },
    {
      "seed": 20450199,
      "liveWin": false,
      "liveSeat": 1,
      "steps": 21,
      "ms": 105
    },
    {
      "seed": 20460172,
      "liveWin": true,
      "liveSeat": 0,
      "steps": 15,
      "ms": 125
    },
    {
      "seed": 20460172,
      "liveWin": false,
      "liveSeat": 1,
      "steps": 15,
      "ms": 126
    },
    {
      "seed": 20470145,
      "liveWin": false,
      "liveSeat": 0,
      "steps": 22,
      "ms": 256
    },
    {
      "seed": 20470145,
      "liveWin": false,
      "liveSeat": 1,
      "steps": 15,
      "ms": 217
    },
    {
      "seed": 20480118,
      "liveWin": false,
      "liveSeat": 0,
      "steps": 15,
      "ms": 112
    },
    {
      "seed": 20480118,
      "liveWin": true,
      "liveSeat": 1,
      "steps": 15,
      "ms": 111
    },
    {
      "seed": 20490091,
      "liveWin": true,
      "liveSeat": 0,
      "steps": 25,
      "ms": 276
    },
    {
      "seed": 20490091,
      "liveWin": false,
      "liveSeat": 1,
      "steps": 25,
      "ms": 74
    },
    {
      "seed": 20500064,
      "liveWin": true,
      "liveSeat": 0,
      "steps": 17,
      "ms": 832
    },
    {
      "seed": 20500064,
      "liveWin": false,
      "liveSeat": 1,
      "steps": 17,
      "ms": 828
    }
  ],
  "lossSeeds": [
    20260712,
    20270685,
    20280658,
    20290631,
    20290631,
    20300604,
    20310577,
    20320550,
    20330523,
    20340496,
    20350469,
    20360442,
    20370415,
    20380388,
    20390361,
    20400334,
    20410307,
    20420280,
    20430253,
    20440226,
    20450199,
    20460172,
    20470145,
    20470145,
    20480118,
    20490091,
    20500064
  ],
  "target": 0.7,
  "passed": false
}
wrote /Users/johnhoang/Developer/Grok/tieng-len/evolve/probe-p_flshort-vs-v91-fair-both-s12-n50.json
