{"start":true,"freeze":"v91","chall":"p_mbnest_fl_t3","live":{"id":"v9.1-probe-mbnest_fl_t3","stamped":"2026-07-13T02:50:38Z","label":"Grandmaster v9.1-probe mbnest_fl_t3"},"freezeBuild":{"id":"v9.1","stamped":"2026-07-13T02:50:38Z","label":"Grandmaster v9.1 (ladder freeze)"},"games":25,"seed0":20260712,"protocol":"fair-hidden-gm-BR-both-equal","opts":{"difficulty":"grandmaster","useSearch":true,"perfectInfo":false,"hiddenInfo":true,"timeMs":150,"iterations":60,"maxSims":120,"brTrials":12,"bestResponse":true,"exactExploit":false,"exploit":true,"softSamples":4,"maxBranch":12,"mode":"auto","strongSelf":false}}
{"g":0,"seed":20260712,"liveWin":true,"liveSeat":0,"steps":16,"ms":356,"liveWins":1,"games":1,"wr":1}
{"g":1,"seed":20260712,"liveWin":false,"liveSeat":1,"steps":16,"ms":386,"liveWins":1,"games":2,"wr":0.5}
{"g":2,"seed":20270685,"liveWin":true,"liveSeat":0,"steps":13,"ms":516,"liveWins":2,"games":3,"wr":0.6666666666666666}
{"g":3,"seed":20270685,"liveWin":false,"liveSeat":1,"steps":13,"ms":314,"liveWins":2,"games":4,"wr":0.5}
{"g":4,"seed":20280658,"liveWin":true,"liveSeat":0,"steps":17,"ms":542,"liveWins":3,"games":5,"wr":0.6}
{"g":5,"seed":20280658,"liveWin":true,"liveSeat":1,"steps":20,"ms":333,"liveWins":4,"games":6,"wr":0.6666666666666666}
{"g":6,"seed":20290631,"liveWin":true,"liveSeat":0,"steps":27,"ms":488,"liveWins":5,"games":7,"wr":0.7142857142857143}
{"g":7,"seed":20290631,"liveWin":false,"liveSeat":1,"steps":19,"ms":586,"liveWins":5,"games":8,"wr":0.625}
{"g":8,"seed":20300604,"liveWin":true,"liveSeat":0,"steps":20,"ms":146,"liveWins":6,"games":9,"wr":0.6666666666666666}
{"g":9,"seed":20300604,"liveWin":true,"liveSeat":1,"steps":19,"ms":572,"liveWins":7,"games":10,"wr":0.7}
{"g":10,"seed":20310577,"liveWin":false,"liveSeat":0,"steps":25,"ms":1021,"liveWins":7,"games":11,"wr":0.6363636363636364}
{"g":11,"seed":20310577,"liveWin":false,"liveSeat":1,"steps":18,"ms":372,"liveWins":7,"games":12,"wr":0.5833333333333334}
{"g":12,"seed":20320550,"liveWin":true,"liveSeat":0,"steps":18,"ms":604,"liveWins":8,"games":13,"wr":0.6153846153846154}
{"g":13,"seed":20320550,"liveWin":true,"liveSeat":1,"steps":25,"ms":658,"liveWins":9,"games":14,"wr":0.6428571428571429}
{"g":14,"seed":20330523,"liveWin":true,"liveSeat":0,"steps":25,"ms":476,"liveWins":10,"games":15,"wr":0.6666666666666666}
{"g":15,"seed":20330523,"liveWin":false,"liveSeat":1,"steps":21,"ms":476,"liveWins":10,"games":16,"wr":0.625}
{"g":16,"seed":20340496,"liveWin":true,"liveSeat":0,"steps":25,"ms":308,"liveWins":11,"games":17,"wr":0.6470588235294118}
{"g":17,"seed":20340496,"liveWin":false,"liveSeat":1,"steps":23,"ms":462,"liveWins":11,"games":18,"wr":0.6111111111111112}
{"g":18,"seed":20350469,"liveWin":true,"liveSeat":0,"steps":19,"ms":443,"liveWins":12,"games":19,"wr":0.631578947368421}
{"g":19,"seed":20350469,"liveWin":false,"liveSeat":1,"steps":27,"ms":971,"liveWins":12,"games":20,"wr":0.6}
{"g":20,"seed":20360442,"liveWin":true,"liveSeat":0,"steps":24,"ms":307,"liveWins":13,"games":21,"wr":0.6190476190476191}
{"g":21,"seed":20360442,"liveWin":true,"liveSeat":1,"steps":23,"ms":349,"liveWins":14,"games":22,"wr":0.6363636363636364}
{"g":22,"seed":20370415,"liveWin":true,"liveSeat":0,"steps":18,"ms":476,"liveWins":15,"games":23,"wr":0.6521739130434783}
{"g":23,"seed":20370415,"liveWin":false,"liveSeat":1,"steps":24,"ms":283,"liveWins":15,"games":24,"wr":0.625}
{"g":24,"seed":20380388,"liveWin":true,"liveSeat":0,"steps":14,"ms":493,"liveWins":16,"games":25,"wr":0.64}
{"g":25,"seed":20380388,"liveWin":false,"liveSeat":1,"steps":18,"ms":279,"liveWins":16,"games":26,"wr":0.6153846153846154}
{"g":26,"seed":20390361,"liveWin":false,"liveSeat":0,"steps":26,"ms":392,"liveWins":16,"games":27,"wr":0.5925925925925926}
{"g":27,"seed":20390361,"liveWin":true,"liveSeat":1,"steps":26,"ms":617,"liveWins":17,"games":28,"wr":0.6071428571428571}
{"g":28,"seed":20400334,"liveWin":true,"liveSeat":0,"steps":18,"ms":95,"liveWins":18,"games":29,"wr":0.6206896551724138}
{"g":29,"seed":20400334,"liveWin":true,"liveSeat":1,"steps":21,"ms":141,"liveWins":19,"games":30,"wr":0.6333333333333333}
{"g":30,"seed":20410307,"liveWin":false,"liveSeat":0,"steps":16,"ms":473,"liveWins":19,"games":31,"wr":0.6129032258064516}
{"g":31,"seed":20410307,"liveWin":true,"liveSeat":1,"steps":16,"ms":618,"liveWins":20,"games":32,"wr":0.625}
{"g":32,"seed":20420280,"liveWin":true,"liveSeat":0,"steps":22,"ms":918,"liveWins":21,"games":33,"wr":0.6363636363636364}
{"g":33,"seed":20420280,"liveWin":false,"liveSeat":1,"steps":22,"ms":606,"liveWins":21,"games":34,"wr":0.6176470588235294}
{"g":34,"seed":20430253,"liveWin":false,"liveSeat":0,"steps":23,"ms":505,"liveWins":21,"games":35,"wr":0.6}
{"g":35,"seed":20430253,"liveWin":true,"liveSeat":1,"steps":23,"ms":697,"liveWins":22,"games":36,"wr":0.6111111111111112}
{"g":36,"seed":20440226,"liveWin":true,"liveSeat":0,"steps":23,"ms":1227,"liveWins":23,"games":37,"wr":0.6216216216216216}
{"g":37,"seed":20440226,"liveWin":false,"liveSeat":1,"steps":17,"ms":985,"liveWins":23,"games":38,"wr":0.6052631578947368}
{"g":38,"seed":20450199,"liveWin":true,"liveSeat":0,"steps":21,"ms":295,"liveWins":24,"games":39,"wr":0.6153846153846154}
{"g":39,"seed":20450199,"liveWin":false,"liveSeat":1,"steps":21,"ms":276,"liveWins":24,"games":40,"wr":0.6}
{"g":40,"seed":20460172,"liveWin":true,"liveSeat":0,"steps":21,"ms":459,"liveWins":25,"games":41,"wr":0.6097560975609756}
{"g":41,"seed":20460172,"liveWin":false,"liveSeat":1,"steps":15,"ms":305,"liveWins":25,"games":42,"wr":0.5952380952380952}
{"g":42,"seed":20470145,"liveWin":true,"liveSeat":0,"steps":13,"ms":552,"liveWins":26,"games":43,"wr":0.6046511627906976}
{"g":43,"seed":20470145,"liveWin":false,"liveSeat":1,"steps":15,"ms":436,"liveWins":26,"games":44,"wr":0.5909090909090909}
{"g":44,"seed":20480118,"liveWin":false,"liveSeat":0,"steps":15,"ms":297,"liveWins":26,"games":45,"wr":0.5777777777777777}
{"g":45,"seed":20480118,"liveWin":true,"liveSeat":1,"steps":15,"ms":316,"liveWins":27,"games":46,"wr":0.5869565217391305}
{"g":46,"seed":20490091,"liveWin":false,"liveSeat":0,"steps":24,"ms":268,"liveWins":27,"games":47,"wr":0.574468085106383}
{"g":47,"seed":20490091,"liveWin":false,"liveSeat":1,"steps":25,"ms":181,"liveWins":27,"games":48,"wr":0.5625}
{"g":48,"seed":20500064,"liveWin":true,"liveSeat":0,"steps":19,"ms":1174,"liveWins":28,"games":49,"wr":0.5714285714285714}
{"g":49,"seed":20500064,"liveWin":false,"liveSeat":1,"steps":15,"ms":996,"liveWins":28,"games":50,"wr":0.56}
=== FINAL ===
{
  "protocol": "fair-hidden-gm-BR-both-equal",
  "infoModel": "hidden",
  "perfectInfo": false,
  "hiddenInfo": true,
  "brBoth": true,
  "equalBudget": true,
  "games": 50,
  "liveWins": 28,
  "freezeWins": 22,
  "liveWinRate": 0.56,
  "seed0": 20260712,
  "ms": 25071,
  "live": {
    "id": "v9.1-probe-mbnest_fl_t3",
    "stamped": "2026-07-13T02:50:38Z",
    "label": "Grandmaster v9.1-probe mbnest_fl_t3"
  },
  "freeze": {
    "id": "v9.1",
    "stamped": "2026-07-13T02:50:38Z",
    "label": "Grandmaster v9.1 (ladder freeze)"
  },
  "freezeTag": "v91",
  "challTag": "p_mbnest_fl_t3",
  "opts": {
    "difficulty": "grandmaster",
    "useSearch": true,
    "perfectInfo": false,
    "hiddenInfo": true,
    "timeMs": 150,
    "iterations": 60,
    "maxSims": 120,
    "brTrials": 12,
    "bestResponse": true,
    "exactExploit": false,
    "exploit": true,
    "softSamples": 4,
    "maxBranch": 12,
    "mode": "auto",
    "strongSelf": false
  },
  "perGame": [
    {
      "seed": 20260712,
      "liveWin": true,
      "liveSeat": 0,
      "steps": 16,
      "ms": 356
    },
    {
      "seed": 20260712,
      "liveWin": false,
      "liveSeat": 1,
      "steps": 16,
      "ms": 386
    },
    {
      "seed": 20270685,
      "liveWin": true,
      "liveSeat": 0,
      "steps": 13,
      "ms": 516
    },
    {
      "seed": 20270685,
      "liveWin": false,
      "liveSeat": 1,
      "steps": 13,
      "ms": 314
    },
    {
      "seed": 20280658,
      "liveWin": true,
      "liveSeat": 0,
      "steps": 17,
      "ms": 542
    },
    {
      "seed": 20280658,
      "liveWin": true,
      "liveSeat": 1,
      "steps": 20,
      "ms": 333
    },
    {
      "seed": 20290631,
      "liveWin": true,
      "liveSeat": 0,
      "steps": 27,
      "ms": 488
    },
    {
      "seed": 20290631,
      "liveWin": false,
      "liveSeat": 1,
      "steps": 19,
      "ms": 586
    },
    {
      "seed": 20300604,
      "liveWin": true,
      "liveSeat": 0,
      "steps": 20,
      "ms": 146
    },
    {
      "seed": 20300604,
      "liveWin": true,
      "liveSeat": 1,
      "steps": 19,
      "ms": 572
    },
    {
      "seed": 20310577,
      "liveWin": false,
      "liveSeat": 0,
      "steps": 25,
      "ms": 1021
    },
    {
      "seed": 20310577,
      "liveWin": false,
      "liveSeat": 1,
      "steps": 18,
      "ms": 372
    },
    {
      "seed": 20320550,
      "liveWin": true,
      "liveSeat": 0,
      "steps": 18,
      "ms": 604
    },
    {
      "seed": 20320550,
      "liveWin": true,
      "liveSeat": 1,
      "steps": 25,
      "ms": 658
    },
    {
      "seed": 20330523,
      "liveWin": true,
      "liveSeat": 0,
      "steps": 25,
      "ms": 476
    },
    {
      "seed": 20330523,
      "liveWin": false,
      "liveSeat": 1,
      "steps": 21,
      "ms": 476
    },
    {
      "seed": 20340496,
      "liveWin": true,
      "liveSeat": 0,
      "steps": 25,
      "ms": 308
    },
    {
      "seed": 20340496,
      "liveWin": false,
      "liveSeat": 1,
      "steps": 23,
      "ms": 462
    },
    {
      "seed": 20350469,
      "liveWin": true,
      "liveSeat": 0,
      "steps": 19,
      "ms": 443
    },
    {
      "seed": 20350469,
      "liveWin": false,
      "liveSeat": 1,
      "steps": 27,
      "ms": 971
    },
    {
      "seed": 20360442,
      "liveWin": true,
      "liveSeat": 0,
      "steps": 24,
      "ms": 307
    },
    {
      "seed": 20360442,
      "liveWin": true,
      "liveSeat": 1,
      "steps": 23,
      "ms": 349
    },
    {
      "seed": 20370415,
      "liveWin": true,
      "liveSeat": 0,
      "steps": 18,
      "ms": 476
    },
    {
      "seed": 20370415,
      "liveWin": false,
      "liveSeat": 1,
      "steps": 24,
      "ms": 283
    },
    {
      "seed": 20380388,
      "liveWin": true,
      "liveSeat": 0,
      "steps": 14,
      "ms": 493
    },
    {
      "seed": 20380388,
      "liveWin": false,
      "liveSeat": 1,
      "steps": 18,
      "ms": 279
    },
    {
      "seed": 20390361,
      "liveWin": false,
      "liveSeat": 0,
      "steps": 26,
      "ms": 392
    },
    {
      "seed": 20390361,
      "liveWin": true,
      "liveSeat": 1,
      "steps": 26,
      "ms": 617
    },
    {
      "seed": 20400334,
      "liveWin": true,
      "liveSeat": 0,
      "steps": 18,
      "ms": 95
    },
    {
      "seed": 20400334,
      "liveWin": true,
      "liveSeat": 1,
      "steps": 21,
      "ms": 141
    },
    {
      "seed": 20410307,
      "liveWin": false,
      "liveSeat": 0,
      "steps": 16,
      "ms": 473
    },
    {
      "seed": 20410307,
      "liveWin": true,
      "liveSeat": 1,
      "steps": 16,
      "ms": 618
    },
    {
      "seed": 20420280,
      "liveWin": true,
      "liveSeat": 0,
      "steps": 22,
      "ms": 918
    },
    {
      "seed": 20420280,
      "liveWin": false,
      "liveSeat": 1,
      "steps": 22,
      "ms": 606
    },
    {
      "seed": 20430253,
      "liveWin": false,
      "liveSeat": 0,
      "steps": 23,
      "ms": 505
    },
    {
      "seed": 20430253,
      "liveWin": true,
      "liveSeat": 1,
      "steps": 23,
      "ms": 697
    },
    {
      "seed": 20440226,
      "liveWin": true,
      "liveSeat": 0,
      "steps": 23,
      "ms": 1227
    },
    {
      "seed": 20440226,
      "liveWin": false,
      "liveSeat": 1,
      "steps": 17,
      "ms": 985
    },
    {
      "seed": 20450199,
      "liveWin": true,
      "liveSeat": 0,
      "steps": 21,
      "ms": 295
    },
    {
      "seed": 20450199,
      "liveWin": false,
      "liveSeat": 1,
      "steps": 21,
      "ms": 276
    },
    {
      "seed": 20460172,
      "liveWin": true,
      "liveSeat": 0,
      "steps": 21,
      "ms": 459
    },
    {
      "seed": 20460172,
      "liveWin": false,
      "liveSeat": 1,
      "steps": 15,
      "ms": 305
    },
    {
      "seed": 20470145,
      "liveWin": true,
      "liveSeat": 0,
      "steps": 13,
      "ms": 552
    },
    {
      "seed": 20470145,
      "liveWin": false,
      "liveSeat": 1,
      "steps": 15,
      "ms": 436
    },
    {
      "seed": 20480118,
      "liveWin": false,
      "liveSeat": 0,
      "steps": 15,
      "ms": 297
    },
    {
      "seed": 20480118,
      "liveWin": true,
      "liveSeat": 1,
      "steps": 15,
      "ms": 316
    },
    {
      "seed": 20490091,
      "liveWin": false,
      "liveSeat": 0,
      "steps": 24,
      "ms": 268
    },
    {
      "seed": 20490091,
      "liveWin": false,
      "liveSeat": 1,
      "steps": 25,
      "ms": 181
    },
    {
      "seed": 20500064,
      "liveWin": true,
      "liveSeat": 0,
      "steps": 19,
      "ms": 1174
    },
    {
      "seed": 20500064,
      "liveWin": false,
      "liveSeat": 1,
      "steps": 15,
      "ms": 996
    }
  ],
  "lossSeeds": [
    20260712,
    20270685,
    20290631,
    20310577,
    20310577,
    20330523,
    20340496,
    20350469,
    20370415,
    20380388,
    20390361,
    20410307,
    20420280,
    20430253,
    20440226,
    20450199,
    20460172,
    20470145,
    20480118,
    20490091,
    20490091,
    20500064
  ],
  "target": 0.7,
  "passed": false
}
wrote /Users/johnhoang/Developer/Grok/tieng-len/evolve/probe-p_mbnest_fl_t3-vs-v91-fair-both-s12-n50.json
