{"start":true,"freeze":"v91","chall":"p_minbeat","live":{"id":"v9.1-probe-minbeat","stamped":"2026-07-13T02:50:38Z","label":"Grandmaster v9.1-probe minbeat"},"freezeBuild":{"id":"v9.1","stamped":"2026-07-13T02:50:38Z","label":"Grandmaster v9.1 (ladder freeze)"},"games":40,"seed0":20260711,"protocol":"fair-hidden-gm-BR-both-equal","opts":{"difficulty":"grandmaster","useSearch":true,"perfectInfo":false,"hiddenInfo":true,"timeMs":150,"iterations":60,"maxSims":120,"brTrials":12,"bestResponse":true,"exactExploit":false,"exploit":true,"softSamples":4,"maxBranch":12,"mode":"auto","strongSelf":false}}
{"g":0,"seed":20260711,"liveWin":true,"liveSeat":0,"steps":18,"ms":466,"liveWins":1,"games":1,"wr":1}
{"g":1,"seed":20260711,"liveWin":false,"liveSeat":1,"steps":20,"ms":355,"liveWins":1,"games":2,"wr":0.5}
{"g":2,"seed":20270684,"liveWin":false,"liveSeat":0,"steps":24,"ms":318,"liveWins":1,"games":3,"wr":0.3333333333333333}
{"g":3,"seed":20270684,"liveWin":true,"liveSeat":1,"steps":22,"ms":358,"liveWins":2,"games":4,"wr":0.5}
{"g":4,"seed":20280657,"liveWin":true,"liveSeat":0,"steps":18,"ms":254,"liveWins":3,"games":5,"wr":0.6}
{"g":5,"seed":20280657,"liveWin":false,"liveSeat":1,"steps":18,"ms":257,"liveWins":3,"games":6,"wr":0.5}
{"g":6,"seed":20290630,"liveWin":true,"liveSeat":0,"steps":17,"ms":330,"liveWins":4,"games":7,"wr":0.5714285714285714}
{"g":7,"seed":20290630,"liveWin":true,"liveSeat":1,"steps":20,"ms":114,"liveWins":5,"games":8,"wr":0.625}
{"g":8,"seed":20300603,"liveWin":false,"liveSeat":0,"steps":18,"ms":337,"liveWins":5,"games":9,"wr":0.5555555555555556}
{"g":9,"seed":20300603,"liveWin":true,"liveSeat":1,"steps":24,"ms":190,"liveWins":6,"games":10,"wr":0.6}
{"g":10,"seed":20310576,"liveWin":false,"liveSeat":0,"steps":14,"ms":145,"liveWins":6,"games":11,"wr":0.5454545454545454}
{"g":11,"seed":20310576,"liveWin":true,"liveSeat":1,"steps":14,"ms":142,"liveWins":7,"games":12,"wr":0.5833333333333334}
{"g":12,"seed":20320549,"liveWin":false,"liveSeat":0,"steps":11,"ms":116,"liveWins":7,"games":13,"wr":0.5384615384615384}
{"g":13,"seed":20320549,"liveWin":true,"liveSeat":1,"steps":11,"ms":108,"liveWins":8,"games":14,"wr":0.5714285714285714}
{"g":14,"seed":20330522,"liveWin":true,"liveSeat":0,"steps":21,"ms":153,"liveWins":9,"games":15,"wr":0.6}
{"g":15,"seed":20330522,"liveWin":true,"liveSeat":1,"steps":28,"ms":365,"liveWins":10,"games":16,"wr":0.625}
{"g":16,"seed":20340495,"liveWin":false,"liveSeat":0,"steps":20,"ms":199,"liveWins":10,"games":17,"wr":0.5882352941176471}
{"g":17,"seed":20340495,"liveWin":true,"liveSeat":1,"steps":24,"ms":265,"liveWins":11,"games":18,"wr":0.6111111111111112}
{"g":18,"seed":20350468,"liveWin":false,"liveSeat":0,"steps":22,"ms":246,"liveWins":11,"games":19,"wr":0.5789473684210527}
{"g":19,"seed":20350468,"liveWin":true,"liveSeat":1,"steps":24,"ms":415,"liveWins":12,"games":20,"wr":0.6}
{"g":20,"seed":20360441,"liveWin":true,"liveSeat":0,"steps":18,"ms":318,"liveWins":13,"games":21,"wr":0.6190476190476191}
{"g":21,"seed":20360441,"liveWin":false,"liveSeat":1,"steps":18,"ms":192,"liveWins":13,"games":22,"wr":0.5909090909090909}
{"g":22,"seed":20370414,"liveWin":true,"liveSeat":0,"steps":20,"ms":154,"liveWins":14,"games":23,"wr":0.6086956521739131}
{"g":23,"seed":20370414,"liveWin":false,"liveSeat":1,"steps":20,"ms":147,"liveWins":14,"games":24,"wr":0.5833333333333334}
{"g":24,"seed":20380387,"liveWin":false,"liveSeat":0,"steps":16,"ms":164,"liveWins":14,"games":25,"wr":0.56}
{"g":25,"seed":20380387,"liveWin":true,"liveSeat":1,"steps":16,"ms":163,"liveWins":15,"games":26,"wr":0.5769230769230769}
{"g":26,"seed":20390360,"liveWin":true,"liveSeat":0,"steps":17,"ms":378,"liveWins":16,"games":27,"wr":0.5925925925925926}
{"g":27,"seed":20390360,"liveWin":false,"liveSeat":1,"steps":17,"ms":369,"liveWins":16,"games":28,"wr":0.5714285714285714}
{"g":28,"seed":20400333,"liveWin":true,"liveSeat":0,"steps":15,"ms":264,"liveWins":17,"games":29,"wr":0.5862068965517241}
{"g":29,"seed":20400333,"liveWin":false,"liveSeat":1,"steps":19,"ms":440,"liveWins":17,"games":30,"wr":0.5666666666666667}
{"g":30,"seed":20410306,"liveWin":true,"liveSeat":0,"steps":20,"ms":318,"liveWins":18,"games":31,"wr":0.5806451612903226}
{"g":31,"seed":20410306,"liveWin":true,"liveSeat":1,"steps":11,"ms":136,"liveWins":19,"games":32,"wr":0.59375}
{"g":32,"seed":20420279,"liveWin":true,"liveSeat":0,"steps":19,"ms":313,"liveWins":20,"games":33,"wr":0.6060606060606061}
{"g":33,"seed":20420279,"liveWin":true,"liveSeat":1,"steps":20,"ms":332,"liveWins":21,"games":34,"wr":0.6176470588235294}
{"g":34,"seed":20430252,"liveWin":false,"liveSeat":0,"steps":16,"ms":218,"liveWins":21,"games":35,"wr":0.6}
{"g":35,"seed":20430252,"liveWin":true,"liveSeat":1,"steps":16,"ms":217,"liveWins":22,"games":36,"wr":0.6111111111111112}
{"g":36,"seed":20440225,"liveWin":true,"liveSeat":0,"steps":17,"ms":352,"liveWins":23,"games":37,"wr":0.6216216216216216}
{"g":37,"seed":20440225,"liveWin":true,"liveSeat":1,"steps":22,"ms":387,"liveWins":24,"games":38,"wr":0.631578947368421}
{"g":38,"seed":20450198,"liveWin":true,"liveSeat":0,"steps":14,"ms":202,"liveWins":25,"games":39,"wr":0.6410256410256411}
{"g":39,"seed":20450198,"liveWin":false,"liveSeat":1,"steps":14,"ms":206,"liveWins":25,"games":40,"wr":0.625}
{"g":40,"seed":20460171,"liveWin":false,"liveSeat":0,"steps":19,"ms":73,"liveWins":25,"games":41,"wr":0.6097560975609756}
{"g":41,"seed":20460171,"liveWin":true,"liveSeat":1,"steps":19,"ms":67,"liveWins":26,"games":42,"wr":0.6190476190476191}
{"g":42,"seed":20470144,"liveWin":true,"liveSeat":0,"steps":28,"ms":476,"liveWins":27,"games":43,"wr":0.627906976744186}
{"g":43,"seed":20470144,"liveWin":false,"liveSeat":1,"steps":24,"ms":405,"liveWins":27,"games":44,"wr":0.6136363636363636}
{"g":44,"seed":20480117,"liveWin":false,"liveSeat":0,"steps":21,"ms":267,"liveWins":27,"games":45,"wr":0.6}
{"g":45,"seed":20480117,"liveWin":true,"liveSeat":1,"steps":21,"ms":256,"liveWins":28,"games":46,"wr":0.6086956521739131}
{"g":46,"seed":20490090,"liveWin":false,"liveSeat":0,"steps":19,"ms":493,"liveWins":28,"games":47,"wr":0.5957446808510638}
{"g":47,"seed":20490090,"liveWin":true,"liveSeat":1,"steps":15,"ms":273,"liveWins":29,"games":48,"wr":0.6041666666666666}
{"g":48,"seed":20500063,"liveWin":true,"liveSeat":0,"steps":17,"ms":211,"liveWins":30,"games":49,"wr":0.6122448979591837}
{"g":49,"seed":20500063,"liveWin":false,"liveSeat":1,"steps":17,"ms":203,"liveWins":30,"games":50,"wr":0.6}
{"g":50,"seed":20510036,"liveWin":true,"liveSeat":0,"steps":28,"ms":215,"liveWins":31,"games":51,"wr":0.6078431372549019}
{"g":51,"seed":20510036,"liveWin":true,"liveSeat":1,"steps":17,"ms":170,"liveWins":32,"games":52,"wr":0.6153846153846154}
{"g":52,"seed":20520009,"liveWin":false,"liveSeat":0,"steps":20,"ms":173,"liveWins":32,"games":53,"wr":0.6037735849056604}
{"g":53,"seed":20520009,"liveWin":true,"liveSeat":1,"steps":20,"ms":162,"liveWins":33,"games":54,"wr":0.6111111111111112}
{"g":54,"seed":20529982,"liveWin":true,"liveSeat":0,"steps":16,"ms":206,"liveWins":34,"games":55,"wr":0.6181818181818182}
{"g":55,"seed":20529982,"liveWin":false,"liveSeat":1,"steps":16,"ms":200,"liveWins":34,"games":56,"wr":0.6071428571428571}
{"g":56,"seed":20539955,"liveWin":true,"liveSeat":0,"steps":14,"ms":50,"liveWins":35,"games":57,"wr":0.6140350877192983}
{"g":57,"seed":20539955,"liveWin":false,"liveSeat":1,"steps":14,"ms":49,"liveWins":35,"games":58,"wr":0.603448275862069}
{"g":58,"seed":20549928,"liveWin":false,"liveSeat":0,"steps":12,"ms":118,"liveWins":35,"games":59,"wr":0.5932203389830508}
{"g":59,"seed":20549928,"liveWin":true,"liveSeat":1,"steps":12,"ms":122,"liveWins":36,"games":60,"wr":0.6}
{"g":60,"seed":20559901,"liveWin":false,"liveSeat":0,"steps":23,"ms":82,"liveWins":36,"games":61,"wr":0.5901639344262295}
{"g":61,"seed":20559901,"liveWin":true,"liveSeat":1,"steps":23,"ms":77,"liveWins":37,"games":62,"wr":0.5967741935483871}
{"g":62,"seed":20569874,"liveWin":true,"liveSeat":0,"steps":13,"ms":165,"liveWins":38,"games":63,"wr":0.6031746031746031}
{"g":63,"seed":20569874,"liveWin":false,"liveSeat":1,"steps":13,"ms":171,"liveWins":38,"games":64,"wr":0.59375}
{"g":64,"seed":20579847,"liveWin":false,"liveSeat":0,"steps":22,"ms":200,"liveWins":38,"games":65,"wr":0.5846153846153846}
{"g":65,"seed":20579847,"liveWin":false,"liveSeat":1,"steps":21,"ms":404,"liveWins":38,"games":66,"wr":0.5757575757575758}
{"g":66,"seed":20589820,"liveWin":false,"liveSeat":0,"steps":18,"ms":145,"liveWins":38,"games":67,"wr":0.5671641791044776}
{"g":67,"seed":20589820,"liveWin":true,"liveSeat":1,"steps":18,"ms":147,"liveWins":39,"games":68,"wr":0.5735294117647058}
{"g":68,"seed":20599793,"liveWin":true,"liveSeat":0,"steps":20,"ms":162,"liveWins":40,"games":69,"wr":0.5797101449275363}
{"g":69,"seed":20599793,"liveWin":false,"liveSeat":1,"steps":20,"ms":159,"liveWins":40,"games":70,"wr":0.5714285714285714}
{"g":70,"seed":20609766,"liveWin":false,"liveSeat":0,"steps":25,"ms":310,"liveWins":40,"games":71,"wr":0.5633802816901409}
{"g":71,"seed":20609766,"liveWin":true,"liveSeat":1,"steps":19,"ms":347,"liveWins":41,"games":72,"wr":0.5694444444444444}
{"g":72,"seed":20619739,"liveWin":true,"liveSeat":0,"steps":19,"ms":54,"liveWins":42,"games":73,"wr":0.5753424657534246}
{"g":73,"seed":20619739,"liveWin":false,"liveSeat":1,"steps":19,"ms":57,"liveWins":42,"games":74,"wr":0.5675675675675675}
{"g":74,"seed":20629712,"liveWin":false,"liveSeat":0,"steps":19,"ms":396,"liveWins":42,"games":75,"wr":0.56}
{"g":75,"seed":20629712,"liveWin":true,"liveSeat":1,"steps":19,"ms":231,"liveWins":43,"games":76,"wr":0.5657894736842105}
{"g":76,"seed":20639685,"liveWin":false,"liveSeat":0,"steps":18,"ms":290,"liveWins":43,"games":77,"wr":0.5584415584415584}
{"g":77,"seed":20639685,"liveWin":true,"liveSeat":1,"steps":18,"ms":280,"liveWins":44,"games":78,"wr":0.5641025641025641}
{"g":78,"seed":20649658,"liveWin":true,"liveSeat":0,"steps":25,"ms":217,"liveWins":45,"games":79,"wr":0.569620253164557}
{"g":79,"seed":20649658,"liveWin":false,"liveSeat":1,"steps":27,"ms":216,"liveWins":45,"games":80,"wr":0.5625}
=== FINAL ===
{
  "protocol": "fair-hidden-gm-BR-both-equal",
  "infoModel": "hidden",
  "perfectInfo": false,
  "hiddenInfo": true,
  "brBoth": true,
  "equalBudget": true,
  "games": 80,
  "liveWins": 45,
  "freezeWins": 35,
  "liveWinRate": 0.5625,
  "seed0": 20260711,
  "ms": 18728,
  "live": {
    "id": "v9.1-probe-minbeat",
    "stamped": "2026-07-13T02:50:38Z",
    "label": "Grandmaster v9.1-probe minbeat"
  },
  "freeze": {
    "id": "v9.1",
    "stamped": "2026-07-13T02:50:38Z",
    "label": "Grandmaster v9.1 (ladder freeze)"
  },
  "freezeTag": "v91",
  "challTag": "p_minbeat",
  "opts": {
    "difficulty": "grandmaster",
    "useSearch": true,
    "perfectInfo": false,
    "hiddenInfo": true,
    "timeMs": 150,
    "iterations": 60,
    "maxSims": 120,
    "brTrials": 12,
    "bestResponse": true,
    "exactExploit": false,
    "exploit": true,
    "softSamples": 4,
    "maxBranch": 12,
    "mode": "auto",
    "strongSelf": false
  },
  "perGame": [
    {
      "seed": 20260711,
      "liveWin": true,
      "liveSeat": 0,
      "steps": 18,
      "ms": 466
    },
    {
      "seed": 20260711,
      "liveWin": false,
      "liveSeat": 1,
      "steps": 20,
      "ms": 355
    },
    {
      "seed": 20270684,
      "liveWin": false,
      "liveSeat": 0,
      "steps": 24,
      "ms": 318
    },
    {
      "seed": 20270684,
      "liveWin": true,
      "liveSeat": 1,
      "steps": 22,
      "ms": 358
    },
    {
      "seed": 20280657,
      "liveWin": true,
      "liveSeat": 0,
      "steps": 18,
      "ms": 254
    },
    {
      "seed": 20280657,
      "liveWin": false,
      "liveSeat": 1,
      "steps": 18,
      "ms": 257
    },
    {
      "seed": 20290630,
      "liveWin": true,
      "liveSeat": 0,
      "steps": 17,
      "ms": 330
    },
    {
      "seed": 20290630,
      "liveWin": true,
      "liveSeat": 1,
      "steps": 20,
      "ms": 114
    },
    {
      "seed": 20300603,
      "liveWin": false,
      "liveSeat": 0,
      "steps": 18,
      "ms": 337
    },
    {
      "seed": 20300603,
      "liveWin": true,
      "liveSeat": 1,
      "steps": 24,
      "ms": 190
    },
    {
      "seed": 20310576,
      "liveWin": false,
      "liveSeat": 0,
      "steps": 14,
      "ms": 145
    },
    {
      "seed": 20310576,
      "liveWin": true,
      "liveSeat": 1,
      "steps": 14,
      "ms": 142
    },
    {
      "seed": 20320549,
      "liveWin": false,
      "liveSeat": 0,
      "steps": 11,
      "ms": 116
    },
    {
      "seed": 20320549,
      "liveWin": true,
      "liveSeat": 1,
      "steps": 11,
      "ms": 108
    },
    {
      "seed": 20330522,
      "liveWin": true,
      "liveSeat": 0,
      "steps": 21,
      "ms": 153
    },
    {
      "seed": 20330522,
      "liveWin": true,
      "liveSeat": 1,
      "steps": 28,
      "ms": 365
    },
    {
      "seed": 20340495,
      "liveWin": false,
      "liveSeat": 0,
      "steps": 20,
      "ms": 199
    },
    {
      "seed": 20340495,
      "liveWin": true,
      "liveSeat": 1,
      "steps": 24,
      "ms": 265
    },
    {
      "seed": 20350468,
      "liveWin": false,
      "liveSeat": 0,
      "steps": 22,
      "ms": 246
    },
    {
      "seed": 20350468,
      "liveWin": true,
      "liveSeat": 1,
      "steps": 24,
      "ms": 415
    },
    {
      "seed": 20360441,
      "liveWin": true,
      "liveSeat": 0,
      "steps": 18,
      "ms": 318
    },
    {
      "seed": 20360441,
      "liveWin": false,
      "liveSeat": 1,
      "steps": 18,
      "ms": 192
    },
    {
      "seed": 20370414,
      "liveWin": true,
      "liveSeat": 0,
      "steps": 20,
      "ms": 154
    },
    {
      "seed": 20370414,
      "liveWin": false,
      "liveSeat": 1,
      "steps": 20,
      "ms": 147
    },
    {
      "seed": 20380387,
      "liveWin": false,
      "liveSeat": 0,
      "steps": 16,
      "ms": 164
    },
    {
      "seed": 20380387,
      "liveWin": true,
      "liveSeat": 1,
      "steps": 16,
      "ms": 163
    },
    {
      "seed": 20390360,
      "liveWin": true,
      "liveSeat": 0,
      "steps": 17,
      "ms": 378
    },
    {
      "seed": 20390360,
      "liveWin": false,
      "liveSeat": 1,
      "steps": 17,
      "ms": 369
    },
    {
      "seed": 20400333,
      "liveWin": true,
      "liveSeat": 0,
      "steps": 15,
      "ms": 264
    },
    {
      "seed": 20400333,
      "liveWin": false,
      "liveSeat": 1,
      "steps": 19,
      "ms": 440
    },
    {
      "seed": 20410306,
      "liveWin": true,
      "liveSeat": 0,
      "steps": 20,
      "ms": 318
    },
    {
      "seed": 20410306,
      "liveWin": true,
      "liveSeat": 1,
      "steps": 11,
      "ms": 136
    },
    {
      "seed": 20420279,
      "liveWin": true,
      "liveSeat": 0,
      "steps": 19,
      "ms": 313
    },
    {
      "seed": 20420279,
      "liveWin": true,
      "liveSeat": 1,
      "steps": 20,
      "ms": 332
    },
    {
      "seed": 20430252,
      "liveWin": false,
      "liveSeat": 0,
      "steps": 16,
      "ms": 218
    },
    {
      "seed": 20430252,
      "liveWin": true,
      "liveSeat": 1,
      "steps": 16,
      "ms": 217
    },
    {
      "seed": 20440225,
      "liveWin": true,
      "liveSeat": 0,
      "steps": 17,
      "ms": 352
    },
    {
      "seed": 20440225,
      "liveWin": true,
      "liveSeat": 1,
      "steps": 22,
      "ms": 387
    },
    {
      "seed": 20450198,
      "liveWin": true,
      "liveSeat": 0,
      "steps": 14,
      "ms": 202
    },
    {
      "seed": 20450198,
      "liveWin": false,
      "liveSeat": 1,
      "steps": 14,
      "ms": 206
    },
    {
      "seed": 20460171,
      "liveWin": false,
      "liveSeat": 0,
      "steps": 19,
      "ms": 73
    },
    {
      "seed": 20460171,
      "liveWin": true,
      "liveSeat": 1,
      "steps": 19,
      "ms": 67
    },
    {
      "seed": 20470144,
      "liveWin": true,
      "liveSeat": 0,
      "steps": 28,
      "ms": 476
    },
    {
      "seed": 20470144,
      "liveWin": false,
      "liveSeat": 1,
      "steps": 24,
      "ms": 405
    },
    {
      "seed": 20480117,
      "liveWin": false,
      "liveSeat": 0,
      "steps": 21,
      "ms": 267
    },
    {
      "seed": 20480117,
      "liveWin": true,
      "liveSeat": 1,
      "steps": 21,
      "ms": 256
    },
    {
      "seed": 20490090,
      "liveWin": false,
      "liveSeat": 0,
      "steps": 19,
      "ms": 493
    },
    {
      "seed": 20490090,
      "liveWin": true,
      "liveSeat": 1,
      "steps": 15,
      "ms": 273
    },
    {
      "seed": 20500063,
      "liveWin": true,
      "liveSeat": 0,
      "steps": 17,
      "ms": 211
    },
    {
      "seed": 20500063,
      "liveWin": false,
      "liveSeat": 1,
      "steps": 17,
      "ms": 203
    },
    {
      "seed": 20510036,
      "liveWin": true,
      "liveSeat": 0,
      "steps": 28,
      "ms": 215
    },
    {
      "seed": 20510036,
      "liveWin": true,
      "liveSeat": 1,
      "steps": 17,
      "ms": 170
    },
    {
      "seed": 20520009,
      "liveWin": false,
      "liveSeat": 0,
      "steps": 20,
      "ms": 173
    },
    {
      "seed": 20520009,
      "liveWin": true,
      "liveSeat": 1,
      "steps": 20,
      "ms": 162
    },
    {
      "seed": 20529982,
      "liveWin": true,
      "liveSeat": 0,
      "steps": 16,
      "ms": 206
    },
    {
      "seed": 20529982,
      "liveWin": false,
      "liveSeat": 1,
      "steps": 16,
      "ms": 200
    },
    {
      "seed": 20539955,
      "liveWin": true,
      "liveSeat": 0,
      "steps": 14,
      "ms": 50
    },
    {
      "seed": 20539955,
      "liveWin": false,
      "liveSeat": 1,
      "steps": 14,
      "ms": 49
    },
    {
      "seed": 20549928,
      "liveWin": false,
      "liveSeat": 0,
      "steps": 12,
      "ms": 118
    },
    {
      "seed": 20549928,
      "liveWin": true,
      "liveSeat": 1,
      "steps": 12,
      "ms": 122
    },
    {
      "seed": 20559901,
      "liveWin": false,
      "liveSeat": 0,
      "steps": 23,
      "ms": 82
    },
    {
      "seed": 20559901,
      "liveWin": true,
      "liveSeat": 1,
      "steps": 23,
      "ms": 77
    },
    {
      "seed": 20569874,
      "liveWin": true,
      "liveSeat": 0,
      "steps": 13,
      "ms": 165
    },
    {
      "seed": 20569874,
      "liveWin": false,
      "liveSeat": 1,
      "steps": 13,
      "ms": 171
    },
    {
      "seed": 20579847,
      "liveWin": false,
      "liveSeat": 0,
      "steps": 22,
      "ms": 200
    },
    {
      "seed": 20579847,
      "liveWin": false,
      "liveSeat": 1,
      "steps": 21,
      "ms": 404
    },
    {
      "seed": 20589820,
      "liveWin": false,
      "liveSeat": 0,
      "steps": 18,
      "ms": 145
    },
    {
      "seed": 20589820,
      "liveWin": true,
      "liveSeat": 1,
      "steps": 18,
      "ms": 147
    },
    {
      "seed": 20599793,
      "liveWin": true,
      "liveSeat": 0,
      "steps": 20,
      "ms": 162
    },
    {
      "seed": 20599793,
      "liveWin": false,
      "liveSeat": 1,
      "steps": 20,
      "ms": 159
    },
    {
      "seed": 20609766,
      "liveWin": false,
      "liveSeat": 0,
      "steps": 25,
      "ms": 310
    },
    {
      "seed": 20609766,
      "liveWin": true,
      "liveSeat": 1,
      "steps": 19,
      "ms": 347
    },
    {
      "seed": 20619739,
      "liveWin": true,
      "liveSeat": 0,
      "steps": 19,
      "ms": 54
    },
    {
      "seed": 20619739,
      "liveWin": false,
      "liveSeat": 1,
      "steps": 19,
      "ms": 57
    },
    {
      "seed": 20629712,
      "liveWin": false,
      "liveSeat": 0,
      "steps": 19,
      "ms": 396
    },
    {
      "seed": 20629712,
      "liveWin": true,
      "liveSeat": 1,
      "steps": 19,
      "ms": 231
    },
    {
      "seed": 20639685,
      "liveWin": false,
      "liveSeat": 0,
      "steps": 18,
      "ms": 290
    },
    {
      "seed": 20639685,
      "liveWin": true,
      "liveSeat": 1,
      "steps": 18,
      "ms": 280
    },
    {
      "seed": 20649658,
      "liveWin": true,
      "liveSeat": 0,
      "steps": 25,
      "ms": 217
    },
    {
      "seed": 20649658,
      "liveWin": false,
      "liveSeat": 1,
      "steps": 27,
      "ms": 216
    }
  ],
  "lossSeeds": [
    20260711,
    20270684,
    20280657,
    20300603,
    20310576,
    20320549,
    20340495,
    20350468,
    20360441,
    20370414,
    20380387,
    20390360,
    20400333,
    20430252,
    20450198,
    20460171,
    20470144,
    20480117,
    20490090,
    20500063,
    20520009,
    20529982,
    20539955,
    20549928,
    20559901,
    20569874,
    20579847,
    20579847,
    20589820,
    20599793,
    20609766,
    20619739,
    20629712,
    20639685,
    20649658
  ],
  "target": 0.7,
  "passed": false
}
wrote /Users/johnhoang/Developer/Grok/tieng-len/evolve/probe-p_minbeat-vs-v91-fair-both-n80.json
