{"start":true,"freeze":"v91","chall":"p_mbntie_all","live":{"id":"v9.1-probe-mbntie_all","stamped":"2026-07-13T02:50:38Z","label":"Grandmaster v9.1-probe mbntie_all"},"freezeBuild":{"id":"v9.1","stamped":"2026-07-13T02:50:38Z","label":"Grandmaster v9.1 (ladder freeze)"},"games":25,"seed0":20260711,"protocol":"fair-hidden-gm-BR-both-equal","opts":{"difficulty":"grandmaster","useSearch":true,"perfectInfo":false,"hiddenInfo":true,"timeMs":150,"iterations":60,"maxSims":120,"brTrials":12,"bestResponse":true,"exactExploit":false,"exploit":true,"softSamples":4,"maxBranch":12,"mode":"auto","strongSelf":true}}
{"g":0,"seed":20260711,"liveWin":true,"liveSeat":0,"steps":18,"ms":1052,"liveWins":1,"games":1,"wr":1}
{"g":1,"seed":20260711,"liveWin":true,"liveSeat":1,"steps":25,"ms":851,"liveWins":2,"games":2,"wr":1}
{"g":2,"seed":20270684,"liveWin":true,"liveSeat":0,"steps":17,"ms":621,"liveWins":3,"games":3,"wr":1}
{"g":3,"seed":20270684,"liveWin":true,"liveSeat":1,"steps":24,"ms":837,"liveWins":4,"games":4,"wr":1}
{"g":4,"seed":20280657,"liveWin":true,"liveSeat":0,"steps":18,"ms":668,"liveWins":5,"games":5,"wr":1}
{"g":5,"seed":20280657,"liveWin":true,"liveSeat":1,"steps":15,"ms":650,"liveWins":6,"games":6,"wr":1}
{"g":6,"seed":20290630,"liveWin":false,"liveSeat":0,"steps":20,"ms":334,"liveWins":6,"games":7,"wr":0.8571428571428571}
{"g":7,"seed":20290630,"liveWin":true,"liveSeat":1,"steps":20,"ms":321,"liveWins":7,"games":8,"wr":0.875}
{"g":8,"seed":20300603,"liveWin":false,"liveSeat":0,"steps":18,"ms":727,"liveWins":7,"games":9,"wr":0.7777777777777778}
{"g":9,"seed":20300603,"liveWin":false,"liveSeat":1,"steps":23,"ms":731,"liveWins":7,"games":10,"wr":0.7}
{"g":10,"seed":20310576,"liveWin":true,"liveSeat":0,"steps":25,"ms":816,"liveWins":8,"games":11,"wr":0.7272727272727273}
{"g":11,"seed":20310576,"liveWin":true,"liveSeat":1,"steps":18,"ms":555,"liveWins":9,"games":12,"wr":0.75}
{"g":12,"seed":20320549,"liveWin":true,"liveSeat":0,"steps":20,"ms":615,"liveWins":10,"games":13,"wr":0.7692307692307693}
{"g":13,"seed":20320549,"liveWin":true,"liveSeat":1,"steps":27,"ms":908,"liveWins":11,"games":14,"wr":0.7857142857142857}
{"g":14,"seed":20330522,"liveWin":true,"liveSeat":0,"steps":21,"ms":458,"liveWins":12,"games":15,"wr":0.8}
{"g":15,"seed":20330522,"liveWin":true,"liveSeat":1,"steps":14,"ms":280,"liveWins":13,"games":16,"wr":0.8125}
{"g":16,"seed":20340495,"liveWin":false,"liveSeat":0,"steps":20,"ms":513,"liveWins":13,"games":17,"wr":0.7647058823529411}
{"g":17,"seed":20340495,"liveWin":true,"liveSeat":1,"steps":26,"ms":822,"liveWins":14,"games":18,"wr":0.7777777777777778}
{"g":18,"seed":20350468,"liveWin":true,"liveSeat":0,"steps":19,"ms":832,"liveWins":15,"games":19,"wr":0.7894736842105263}
{"g":19,"seed":20350468,"liveWin":true,"liveSeat":1,"steps":24,"ms":869,"liveWins":16,"games":20,"wr":0.8}
{"g":20,"seed":20360441,"liveWin":true,"liveSeat":0,"steps":18,"ms":621,"liveWins":17,"games":21,"wr":0.8095238095238095}
{"g":21,"seed":20360441,"liveWin":false,"liveSeat":1,"steps":18,"ms":660,"liveWins":17,"games":22,"wr":0.7727272727272727}
{"g":22,"seed":20370414,"liveWin":true,"liveSeat":0,"steps":22,"ms":431,"liveWins":18,"games":23,"wr":0.782608695652174}
{"g":23,"seed":20370414,"liveWin":false,"liveSeat":1,"steps":20,"ms":452,"liveWins":18,"games":24,"wr":0.75}
{"g":24,"seed":20380387,"liveWin":true,"liveSeat":0,"steps":5,"ms":175,"liveWins":19,"games":25,"wr":0.76}
{"g":25,"seed":20380387,"liveWin":false,"liveSeat":1,"steps":5,"ms":171,"liveWins":19,"games":26,"wr":0.7307692307692307}
{"g":26,"seed":20390360,"liveWin":true,"liveSeat":0,"steps":17,"ms":831,"liveWins":20,"games":27,"wr":0.7407407407407407}
{"g":27,"seed":20390360,"liveWin":true,"liveSeat":1,"steps":14,"ms":855,"liveWins":21,"games":28,"wr":0.75}
{"g":28,"seed":20400333,"liveWin":true,"liveSeat":0,"steps":15,"ms":714,"liveWins":22,"games":29,"wr":0.7586206896551724}
{"g":29,"seed":20400333,"liveWin":true,"liveSeat":1,"steps":22,"ms":394,"liveWins":23,"games":30,"wr":0.7666666666666667}
{"g":30,"seed":20410306,"liveWin":true,"liveSeat":0,"steps":20,"ms":424,"liveWins":24,"games":31,"wr":0.7741935483870968}
{"g":31,"seed":20410306,"liveWin":false,"liveSeat":1,"steps":24,"ms":820,"liveWins":24,"games":32,"wr":0.75}
{"g":32,"seed":20420279,"liveWin":true,"liveSeat":0,"steps":19,"ms":926,"liveWins":25,"games":33,"wr":0.7575757575757576}
{"g":33,"seed":20420279,"liveWin":true,"liveSeat":1,"steps":20,"ms":827,"liveWins":26,"games":34,"wr":0.7647058823529411}
{"g":34,"seed":20430252,"liveWin":true,"liveSeat":0,"steps":7,"ms":200,"liveWins":27,"games":35,"wr":0.7714285714285715}
{"g":35,"seed":20430252,"liveWin":false,"liveSeat":1,"steps":7,"ms":193,"liveWins":27,"games":36,"wr":0.75}
{"g":36,"seed":20440225,"liveWin":true,"liveSeat":0,"steps":17,"ms":940,"liveWins":28,"games":37,"wr":0.7567567567567568}
{"g":37,"seed":20440225,"liveWin":true,"liveSeat":1,"steps":22,"ms":1020,"liveWins":29,"games":38,"wr":0.7631578947368421}
{"g":38,"seed":20450198,"liveWin":true,"liveSeat":0,"steps":12,"ms":265,"liveWins":30,"games":39,"wr":0.7692307692307693}
{"g":39,"seed":20450198,"liveWin":false,"liveSeat":1,"steps":16,"ms":1435,"liveWins":30,"games":40,"wr":0.75}
{"g":40,"seed":20460171,"liveWin":false,"liveSeat":0,"steps":19,"ms":250,"liveWins":30,"games":41,"wr":0.7317073170731707}
{"g":41,"seed":20460171,"liveWin":true,"liveSeat":1,"steps":19,"ms":313,"liveWins":31,"games":42,"wr":0.7380952380952381}
{"g":42,"seed":20470144,"liveWin":false,"liveSeat":0,"steps":17,"ms":556,"liveWins":31,"games":43,"wr":0.7209302325581395}
{"g":43,"seed":20470144,"liveWin":true,"liveSeat":1,"steps":17,"ms":609,"liveWins":32,"games":44,"wr":0.7272727272727273}
{"g":44,"seed":20480117,"liveWin":true,"liveSeat":0,"steps":18,"ms":673,"liveWins":33,"games":45,"wr":0.7333333333333333}
{"g":45,"seed":20480117,"liveWin":true,"liveSeat":1,"steps":21,"ms":494,"liveWins":34,"games":46,"wr":0.7391304347826086}
{"g":46,"seed":20490090,"liveWin":false,"liveSeat":0,"steps":19,"ms":760,"liveWins":34,"games":47,"wr":0.723404255319149}
{"g":47,"seed":20490090,"liveWin":true,"liveSeat":1,"steps":21,"ms":773,"liveWins":35,"games":48,"wr":0.7291666666666666}
{"g":48,"seed":20500063,"liveWin":false,"liveSeat":0,"steps":28,"ms":805,"liveWins":35,"games":49,"wr":0.7142857142857143}
{"g":49,"seed":20500063,"liveWin":false,"liveSeat":1,"steps":29,"ms":715,"liveWins":35,"games":50,"wr":0.7}
=== FINAL ===
{
  "protocol": "fair-hidden-gm-BR-both-equal",
  "infoModel": "hidden",
  "perfectInfo": false,
  "hiddenInfo": true,
  "brBoth": true,
  "equalBudget": true,
  "games": 50,
  "liveWins": 35,
  "freezeWins": 15,
  "liveWinRate": 0.7,
  "seed0": 20260711,
  "ms": 31783,
  "live": {
    "id": "v9.1-probe-mbntie_all",
    "stamped": "2026-07-13T02:50:38Z",
    "label": "Grandmaster v9.1-probe mbntie_all"
  },
  "freeze": {
    "id": "v9.1",
    "stamped": "2026-07-13T02:50:38Z",
    "label": "Grandmaster v9.1 (ladder freeze)"
  },
  "freezeTag": "v91",
  "challTag": "p_mbntie_all",
  "opts": {
    "difficulty": "grandmaster",
    "useSearch": true,
    "perfectInfo": false,
    "hiddenInfo": true,
    "timeMs": 150,
    "iterations": 60,
    "maxSims": 120,
    "brTrials": 12,
    "bestResponse": true,
    "exactExploit": false,
    "exploit": true,
    "softSamples": 4,
    "maxBranch": 12,
    "mode": "auto",
    "strongSelf": true
  },
  "perGame": [
    {
      "seed": 20260711,
      "liveWin": true,
      "liveSeat": 0,
      "steps": 18,
      "ms": 1052
    },
    {
      "seed": 20260711,
      "liveWin": true,
      "liveSeat": 1,
      "steps": 25,
      "ms": 851
    },
    {
      "seed": 20270684,
      "liveWin": true,
      "liveSeat": 0,
      "steps": 17,
      "ms": 621
    },
    {
      "seed": 20270684,
      "liveWin": true,
      "liveSeat": 1,
      "steps": 24,
      "ms": 837
    },
    {
      "seed": 20280657,
      "liveWin": true,
      "liveSeat": 0,
      "steps": 18,
      "ms": 668
    },
    {
      "seed": 20280657,
      "liveWin": true,
      "liveSeat": 1,
      "steps": 15,
      "ms": 650
    },
    {
      "seed": 20290630,
      "liveWin": false,
      "liveSeat": 0,
      "steps": 20,
      "ms": 334
    },
    {
      "seed": 20290630,
      "liveWin": true,
      "liveSeat": 1,
      "steps": 20,
      "ms": 321
    },
    {
      "seed": 20300603,
      "liveWin": false,
      "liveSeat": 0,
      "steps": 18,
      "ms": 727
    },
    {
      "seed": 20300603,
      "liveWin": false,
      "liveSeat": 1,
      "steps": 23,
      "ms": 731
    },
    {
      "seed": 20310576,
      "liveWin": true,
      "liveSeat": 0,
      "steps": 25,
      "ms": 816
    },
    {
      "seed": 20310576,
      "liveWin": true,
      "liveSeat": 1,
      "steps": 18,
      "ms": 555
    },
    {
      "seed": 20320549,
      "liveWin": true,
      "liveSeat": 0,
      "steps": 20,
      "ms": 615
    },
    {
      "seed": 20320549,
      "liveWin": true,
      "liveSeat": 1,
      "steps": 27,
      "ms": 908
    },
    {
      "seed": 20330522,
      "liveWin": true,
      "liveSeat": 0,
      "steps": 21,
      "ms": 458
    },
    {
      "seed": 20330522,
      "liveWin": true,
      "liveSeat": 1,
      "steps": 14,
      "ms": 280
    },
    {
      "seed": 20340495,
      "liveWin": false,
      "liveSeat": 0,
      "steps": 20,
      "ms": 513
    },
    {
      "seed": 20340495,
      "liveWin": true,
      "liveSeat": 1,
      "steps": 26,
      "ms": 822
    },
    {
      "seed": 20350468,
      "liveWin": true,
      "liveSeat": 0,
      "steps": 19,
      "ms": 832
    },
    {
      "seed": 20350468,
      "liveWin": true,
      "liveSeat": 1,
      "steps": 24,
      "ms": 869
    },
    {
      "seed": 20360441,
      "liveWin": true,
      "liveSeat": 0,
      "steps": 18,
      "ms": 621
    },
    {
      "seed": 20360441,
      "liveWin": false,
      "liveSeat": 1,
      "steps": 18,
      "ms": 660
    },
    {
      "seed": 20370414,
      "liveWin": true,
      "liveSeat": 0,
      "steps": 22,
      "ms": 431
    },
    {
      "seed": 20370414,
      "liveWin": false,
      "liveSeat": 1,
      "steps": 20,
      "ms": 452
    },
    {
      "seed": 20380387,
      "liveWin": true,
      "liveSeat": 0,
      "steps": 5,
      "ms": 175
    },
    {
      "seed": 20380387,
      "liveWin": false,
      "liveSeat": 1,
      "steps": 5,
      "ms": 171
    },
    {
      "seed": 20390360,
      "liveWin": true,
      "liveSeat": 0,
      "steps": 17,
      "ms": 831
    },
    {
      "seed": 20390360,
      "liveWin": true,
      "liveSeat": 1,
      "steps": 14,
      "ms": 855
    },
    {
      "seed": 20400333,
      "liveWin": true,
      "liveSeat": 0,
      "steps": 15,
      "ms": 714
    },
    {
      "seed": 20400333,
      "liveWin": true,
      "liveSeat": 1,
      "steps": 22,
      "ms": 394
    },
    {
      "seed": 20410306,
      "liveWin": true,
      "liveSeat": 0,
      "steps": 20,
      "ms": 424
    },
    {
      "seed": 20410306,
      "liveWin": false,
      "liveSeat": 1,
      "steps": 24,
      "ms": 820
    },
    {
      "seed": 20420279,
      "liveWin": true,
      "liveSeat": 0,
      "steps": 19,
      "ms": 926
    },
    {
      "seed": 20420279,
      "liveWin": true,
      "liveSeat": 1,
      "steps": 20,
      "ms": 827
    },
    {
      "seed": 20430252,
      "liveWin": true,
      "liveSeat": 0,
      "steps": 7,
      "ms": 200
    },
    {
      "seed": 20430252,
      "liveWin": false,
      "liveSeat": 1,
      "steps": 7,
      "ms": 193
    },
    {
      "seed": 20440225,
      "liveWin": true,
      "liveSeat": 0,
      "steps": 17,
      "ms": 940
    },
    {
      "seed": 20440225,
      "liveWin": true,
      "liveSeat": 1,
      "steps": 22,
      "ms": 1020
    },
    {
      "seed": 20450198,
      "liveWin": true,
      "liveSeat": 0,
      "steps": 12,
      "ms": 265
    },
    {
      "seed": 20450198,
      "liveWin": false,
      "liveSeat": 1,
      "steps": 16,
      "ms": 1435
    },
    {
      "seed": 20460171,
      "liveWin": false,
      "liveSeat": 0,
      "steps": 19,
      "ms": 250
    },
    {
      "seed": 20460171,
      "liveWin": true,
      "liveSeat": 1,
      "steps": 19,
      "ms": 313
    },
    {
      "seed": 20470144,
      "liveWin": false,
      "liveSeat": 0,
      "steps": 17,
      "ms": 556
    },
    {
      "seed": 20470144,
      "liveWin": true,
      "liveSeat": 1,
      "steps": 17,
      "ms": 609
    },
    {
      "seed": 20480117,
      "liveWin": true,
      "liveSeat": 0,
      "steps": 18,
      "ms": 673
    },
    {
      "seed": 20480117,
      "liveWin": true,
      "liveSeat": 1,
      "steps": 21,
      "ms": 494
    },
    {
      "seed": 20490090,
      "liveWin": false,
      "liveSeat": 0,
      "steps": 19,
      "ms": 760
    },
    {
      "seed": 20490090,
      "liveWin": true,
      "liveSeat": 1,
      "steps": 21,
      "ms": 773
    },
    {
      "seed": 20500063,
      "liveWin": false,
      "liveSeat": 0,
      "steps": 28,
      "ms": 805
    },
    {
      "seed": 20500063,
      "liveWin": false,
      "liveSeat": 1,
      "steps": 29,
      "ms": 715
    }
  ],
  "lossSeeds": [
    20290630,
    20300603,
    20300603,
    20340495,
    20360441,
    20370414,
    20380387,
    20410306,
    20430252,
    20450198,
    20460171,
    20470144,
    20490090,
    20500063,
    20500063
  ],
  "target": 0.7,
  "passed": false
}
wrote /Users/johnhoang/Developer/Grok/tieng-len/evolve/probe-p_mbntie_all-strong-s11-n50.json
