{"start":true,"freeze":"v91","chall":"p_mbnest_fl","live":{"id":"v9.1-probe-mbnest_fl","stamped":"2026-07-13T02:50:38Z","label":"Grandmaster v9.1-probe mbnest_fl"},"freezeBuild":{"id":"v9.1","stamped":"2026-07-13T02:50:38Z","label":"Grandmaster v9.1 (ladder freeze)"},"games":25,"seed0":20260712,"protocol":"fair-hidden-gm-BR-both-equal","opts":{"difficulty":"grandmaster","useSearch":true,"perfectInfo":false,"hiddenInfo":true,"timeMs":280,"iterations":60,"maxSims":120,"brTrials":24,"bestResponse":true,"exactExploit":false,"exploit":true,"softSamples":6,"maxBranch":12,"mode":"auto","strongSelf":false}}
{"g":0,"seed":20260712,"liveWin":true,"liveSeat":0,"steps":16,"ms":407,"liveWins":1,"games":1,"wr":1}
{"g":1,"seed":20260712,"liveWin":false,"liveSeat":1,"steps":16,"ms":425,"liveWins":1,"games":2,"wr":0.5}
{"g":2,"seed":20270685,"liveWin":true,"liveSeat":0,"steps":13,"ms":807,"liveWins":2,"games":3,"wr":0.6666666666666666}
{"g":3,"seed":20270685,"liveWin":false,"liveSeat":1,"steps":13,"ms":502,"liveWins":2,"games":4,"wr":0.5}
{"g":4,"seed":20280658,"liveWin":true,"liveSeat":0,"steps":17,"ms":659,"liveWins":3,"games":5,"wr":0.6}
{"g":5,"seed":20280658,"liveWin":true,"liveSeat":1,"steps":20,"ms":522,"liveWins":4,"games":6,"wr":0.6666666666666666}
{"g":6,"seed":20290631,"liveWin":true,"liveSeat":0,"steps":27,"ms":804,"liveWins":5,"games":7,"wr":0.7142857142857143}
{"g":7,"seed":20290631,"liveWin":false,"liveSeat":1,"steps":19,"ms":1044,"liveWins":5,"games":8,"wr":0.625}
{"g":8,"seed":20300604,"liveWin":true,"liveSeat":0,"steps":20,"ms":223,"liveWins":6,"games":9,"wr":0.6666666666666666}
{"g":9,"seed":20300604,"liveWin":true,"liveSeat":1,"steps":19,"ms":987,"liveWins":7,"games":10,"wr":0.7}
{"g":10,"seed":20310577,"liveWin":false,"liveSeat":0,"steps":25,"ms":1844,"liveWins":7,"games":11,"wr":0.6363636363636364}
{"g":11,"seed":20310577,"liveWin":false,"liveSeat":1,"steps":18,"ms":779,"liveWins":7,"games":12,"wr":0.5833333333333334}
{"g":12,"seed":20320550,"liveWin":true,"liveSeat":0,"steps":18,"ms":1115,"liveWins":8,"games":13,"wr":0.6153846153846154}
{"g":13,"seed":20320550,"liveWin":true,"liveSeat":1,"steps":25,"ms":1162,"liveWins":9,"games":14,"wr":0.6428571428571429}
{"g":14,"seed":20330523,"liveWin":true,"liveSeat":0,"steps":25,"ms":809,"liveWins":10,"games":15,"wr":0.6666666666666666}
{"g":15,"seed":20330523,"liveWin":false,"liveSeat":1,"steps":21,"ms":813,"liveWins":10,"games":16,"wr":0.625}
{"g":16,"seed":20340496,"liveWin":true,"liveSeat":0,"steps":25,"ms":527,"liveWins":11,"games":17,"wr":0.6470588235294118}
{"g":17,"seed":20340496,"liveWin":false,"liveSeat":1,"steps":23,"ms":808,"liveWins":11,"games":18,"wr":0.6111111111111112}
{"g":18,"seed":20350469,"liveWin":true,"liveSeat":0,"steps":19,"ms":826,"liveWins":12,"games":19,"wr":0.631578947368421}
{"g":19,"seed":20350469,"liveWin":false,"liveSeat":1,"steps":27,"ms":1746,"liveWins":12,"games":20,"wr":0.6}
{"g":20,"seed":20360442,"liveWin":true,"liveSeat":0,"steps":24,"ms":522,"liveWins":13,"games":21,"wr":0.6190476190476191}
{"g":21,"seed":20360442,"liveWin":true,"liveSeat":1,"steps":23,"ms":542,"liveWins":14,"games":22,"wr":0.6363636363636364}
{"g":22,"seed":20370415,"liveWin":true,"liveSeat":0,"steps":18,"ms":785,"liveWins":15,"games":23,"wr":0.6521739130434783}
{"g":23,"seed":20370415,"liveWin":false,"liveSeat":1,"steps":24,"ms":438,"liveWins":15,"games":24,"wr":0.625}
{"g":24,"seed":20380388,"liveWin":true,"liveSeat":0,"steps":14,"ms":813,"liveWins":16,"games":25,"wr":0.64}
{"g":25,"seed":20380388,"liveWin":false,"liveSeat":1,"steps":18,"ms":450,"liveWins":16,"games":26,"wr":0.6153846153846154}
{"g":26,"seed":20390361,"liveWin":false,"liveSeat":0,"steps":26,"ms":637,"liveWins":16,"games":27,"wr":0.5925925925925926}
{"g":27,"seed":20390361,"liveWin":true,"liveSeat":1,"steps":24,"ms":1096,"liveWins":17,"games":28,"wr":0.6071428571428571}
{"g":28,"seed":20400334,"liveWin":true,"liveSeat":0,"steps":18,"ms":129,"liveWins":18,"games":29,"wr":0.6206896551724138}
{"g":29,"seed":20400334,"liveWin":true,"liveSeat":1,"steps":21,"ms":196,"liveWins":19,"games":30,"wr":0.6333333333333333}
{"g":30,"seed":20410307,"liveWin":false,"liveSeat":0,"steps":16,"ms":749,"liveWins":19,"games":31,"wr":0.6129032258064516}
{"g":31,"seed":20410307,"liveWin":true,"liveSeat":1,"steps":16,"ms":1008,"liveWins":20,"games":32,"wr":0.625}
{"g":32,"seed":20420280,"liveWin":true,"liveSeat":0,"steps":22,"ms":1576,"liveWins":21,"games":33,"wr":0.6363636363636364}
{"g":33,"seed":20420280,"liveWin":false,"liveSeat":1,"steps":22,"ms":1244,"liveWins":21,"games":34,"wr":0.6176470588235294}
{"g":34,"seed":20430253,"liveWin":false,"liveSeat":0,"steps":23,"ms":849,"liveWins":21,"games":35,"wr":0.6}
{"g":35,"seed":20430253,"liveWin":true,"liveSeat":1,"steps":23,"ms":1105,"liveWins":22,"games":36,"wr":0.6111111111111112}
{"g":36,"seed":20440226,"liveWin":true,"liveSeat":0,"steps":23,"ms":2208,"liveWins":23,"games":37,"wr":0.6216216216216216}
{"g":37,"seed":20440226,"liveWin":false,"liveSeat":1,"steps":17,"ms":1767,"liveWins":23,"games":38,"wr":0.6052631578947368}
{"g":38,"seed":20450199,"liveWin":true,"liveSeat":0,"steps":21,"ms":458,"liveWins":24,"games":39,"wr":0.6153846153846154}
{"g":39,"seed":20450199,"liveWin":false,"liveSeat":1,"steps":21,"ms":532,"liveWins":24,"games":40,"wr":0.6}
{"g":40,"seed":20460172,"liveWin":true,"liveSeat":0,"steps":21,"ms":706,"liveWins":25,"games":41,"wr":0.6097560975609756}
{"g":41,"seed":20460172,"liveWin":false,"liveSeat":1,"steps":15,"ms":511,"liveWins":25,"games":42,"wr":0.5952380952380952}
{"g":42,"seed":20470145,"liveWin":true,"liveSeat":0,"steps":13,"ms":1011,"liveWins":26,"games":43,"wr":0.6046511627906976}
{"g":43,"seed":20470145,"liveWin":false,"liveSeat":1,"steps":15,"ms":717,"liveWins":26,"games":44,"wr":0.5909090909090909}
{"g":44,"seed":20480118,"liveWin":false,"liveSeat":0,"steps":15,"ms":376,"liveWins":26,"games":45,"wr":0.5777777777777777}
{"g":45,"seed":20480118,"liveWin":true,"liveSeat":1,"steps":15,"ms":512,"liveWins":27,"games":46,"wr":0.5869565217391305}
{"g":46,"seed":20490091,"liveWin":false,"liveSeat":0,"steps":24,"ms":425,"liveWins":27,"games":47,"wr":0.574468085106383}
{"g":47,"seed":20490091,"liveWin":false,"liveSeat":1,"steps":25,"ms":262,"liveWins":27,"games":48,"wr":0.5625}
{"g":48,"seed":20500064,"liveWin":false,"liveSeat":0,"steps":24,"ms":2237,"liveWins":27,"games":49,"wr":0.5510204081632653}
{"g":49,"seed":20500064,"liveWin":false,"liveSeat":1,"steps":15,"ms":1777,"liveWins":27,"games":50,"wr":0.54}
=== FINAL ===
{
  "protocol": "fair-hidden-gm-BR-both-equal",
  "infoModel": "hidden",
  "perfectInfo": false,
  "hiddenInfo": true,
  "brBoth": true,
  "equalBudget": true,
  "games": 50,
  "liveWins": 27,
  "freezeWins": 23,
  "liveWinRate": 0.54,
  "seed0": 20260712,
  "ms": 42463,
  "live": {
    "id": "v9.1-probe-mbnest_fl",
    "stamped": "2026-07-13T02:50:38Z",
    "label": "Grandmaster v9.1-probe mbnest_fl"
  },
  "freeze": {
    "id": "v9.1",
    "stamped": "2026-07-13T02:50:38Z",
    "label": "Grandmaster v9.1 (ladder freeze)"
  },
  "freezeTag": "v91",
  "challTag": "p_mbnest_fl",
  "opts": {
    "difficulty": "grandmaster",
    "useSearch": true,
    "perfectInfo": false,
    "hiddenInfo": true,
    "timeMs": 280,
    "iterations": 60,
    "maxSims": 120,
    "brTrials": 24,
    "bestResponse": true,
    "exactExploit": false,
    "exploit": true,
    "softSamples": 6,
    "maxBranch": 12,
    "mode": "auto",
    "strongSelf": false
  },
  "perGame": [
    {
      "seed": 20260712,
      "liveWin": true,
      "liveSeat": 0,
      "steps": 16,
      "ms": 407
    },
    {
      "seed": 20260712,
      "liveWin": false,
      "liveSeat": 1,
      "steps": 16,
      "ms": 425
    },
    {
      "seed": 20270685,
      "liveWin": true,
      "liveSeat": 0,
      "steps": 13,
      "ms": 807
    },
    {
      "seed": 20270685,
      "liveWin": false,
      "liveSeat": 1,
      "steps": 13,
      "ms": 502
    },
    {
      "seed": 20280658,
      "liveWin": true,
      "liveSeat": 0,
      "steps": 17,
      "ms": 659
    },
    {
      "seed": 20280658,
      "liveWin": true,
      "liveSeat": 1,
      "steps": 20,
      "ms": 522
    },
    {
      "seed": 20290631,
      "liveWin": true,
      "liveSeat": 0,
      "steps": 27,
      "ms": 804
    },
    {
      "seed": 20290631,
      "liveWin": false,
      "liveSeat": 1,
      "steps": 19,
      "ms": 1044
    },
    {
      "seed": 20300604,
      "liveWin": true,
      "liveSeat": 0,
      "steps": 20,
      "ms": 223
    },
    {
      "seed": 20300604,
      "liveWin": true,
      "liveSeat": 1,
      "steps": 19,
      "ms": 987
    },
    {
      "seed": 20310577,
      "liveWin": false,
      "liveSeat": 0,
      "steps": 25,
      "ms": 1844
    },
    {
      "seed": 20310577,
      "liveWin": false,
      "liveSeat": 1,
      "steps": 18,
      "ms": 779
    },
    {
      "seed": 20320550,
      "liveWin": true,
      "liveSeat": 0,
      "steps": 18,
      "ms": 1115
    },
    {
      "seed": 20320550,
      "liveWin": true,
      "liveSeat": 1,
      "steps": 25,
      "ms": 1162
    },
    {
      "seed": 20330523,
      "liveWin": true,
      "liveSeat": 0,
      "steps": 25,
      "ms": 809
    },
    {
      "seed": 20330523,
      "liveWin": false,
      "liveSeat": 1,
      "steps": 21,
      "ms": 813
    },
    {
      "seed": 20340496,
      "liveWin": true,
      "liveSeat": 0,
      "steps": 25,
      "ms": 527
    },
    {
      "seed": 20340496,
      "liveWin": false,
      "liveSeat": 1,
      "steps": 23,
      "ms": 808
    },
    {
      "seed": 20350469,
      "liveWin": true,
      "liveSeat": 0,
      "steps": 19,
      "ms": 826
    },
    {
      "seed": 20350469,
      "liveWin": false,
      "liveSeat": 1,
      "steps": 27,
      "ms": 1746
    },
    {
      "seed": 20360442,
      "liveWin": true,
      "liveSeat": 0,
      "steps": 24,
      "ms": 522
    },
    {
      "seed": 20360442,
      "liveWin": true,
      "liveSeat": 1,
      "steps": 23,
      "ms": 542
    },
    {
      "seed": 20370415,
      "liveWin": true,
      "liveSeat": 0,
      "steps": 18,
      "ms": 785
    },
    {
      "seed": 20370415,
      "liveWin": false,
      "liveSeat": 1,
      "steps": 24,
      "ms": 438
    },
    {
      "seed": 20380388,
      "liveWin": true,
      "liveSeat": 0,
      "steps": 14,
      "ms": 813
    },
    {
      "seed": 20380388,
      "liveWin": false,
      "liveSeat": 1,
      "steps": 18,
      "ms": 450
    },
    {
      "seed": 20390361,
      "liveWin": false,
      "liveSeat": 0,
      "steps": 26,
      "ms": 637
    },
    {
      "seed": 20390361,
      "liveWin": true,
      "liveSeat": 1,
      "steps": 24,
      "ms": 1096
    },
    {
      "seed": 20400334,
      "liveWin": true,
      "liveSeat": 0,
      "steps": 18,
      "ms": 129
    },
    {
      "seed": 20400334,
      "liveWin": true,
      "liveSeat": 1,
      "steps": 21,
      "ms": 196
    },
    {
      "seed": 20410307,
      "liveWin": false,
      "liveSeat": 0,
      "steps": 16,
      "ms": 749
    },
    {
      "seed": 20410307,
      "liveWin": true,
      "liveSeat": 1,
      "steps": 16,
      "ms": 1008
    },
    {
      "seed": 20420280,
      "liveWin": true,
      "liveSeat": 0,
      "steps": 22,
      "ms": 1576
    },
    {
      "seed": 20420280,
      "liveWin": false,
      "liveSeat": 1,
      "steps": 22,
      "ms": 1244
    },
    {
      "seed": 20430253,
      "liveWin": false,
      "liveSeat": 0,
      "steps": 23,
      "ms": 849
    },
    {
      "seed": 20430253,
      "liveWin": true,
      "liveSeat": 1,
      "steps": 23,
      "ms": 1105
    },
    {
      "seed": 20440226,
      "liveWin": true,
      "liveSeat": 0,
      "steps": 23,
      "ms": 2208
    },
    {
      "seed": 20440226,
      "liveWin": false,
      "liveSeat": 1,
      "steps": 17,
      "ms": 1767
    },
    {
      "seed": 20450199,
      "liveWin": true,
      "liveSeat": 0,
      "steps": 21,
      "ms": 458
    },
    {
      "seed": 20450199,
      "liveWin": false,
      "liveSeat": 1,
      "steps": 21,
      "ms": 532
    },
    {
      "seed": 20460172,
      "liveWin": true,
      "liveSeat": 0,
      "steps": 21,
      "ms": 706
    },
    {
      "seed": 20460172,
      "liveWin": false,
      "liveSeat": 1,
      "steps": 15,
      "ms": 511
    },
    {
      "seed": 20470145,
      "liveWin": true,
      "liveSeat": 0,
      "steps": 13,
      "ms": 1011
    },
    {
      "seed": 20470145,
      "liveWin": false,
      "liveSeat": 1,
      "steps": 15,
      "ms": 717
    },
    {
      "seed": 20480118,
      "liveWin": false,
      "liveSeat": 0,
      "steps": 15,
      "ms": 376
    },
    {
      "seed": 20480118,
      "liveWin": true,
      "liveSeat": 1,
      "steps": 15,
      "ms": 512
    },
    {
      "seed": 20490091,
      "liveWin": false,
      "liveSeat": 0,
      "steps": 24,
      "ms": 425
    },
    {
      "seed": 20490091,
      "liveWin": false,
      "liveSeat": 1,
      "steps": 25,
      "ms": 262
    },
    {
      "seed": 20500064,
      "liveWin": false,
      "liveSeat": 0,
      "steps": 24,
      "ms": 2237
    },
    {
      "seed": 20500064,
      "liveWin": false,
      "liveSeat": 1,
      "steps": 15,
      "ms": 1777
    }
  ],
  "lossSeeds": [
    20260712,
    20270685,
    20290631,
    20310577,
    20310577,
    20330523,
    20340496,
    20350469,
    20370415,
    20380388,
    20390361,
    20410307,
    20420280,
    20430253,
    20440226,
    20450199,
    20460172,
    20470145,
    20480118,
    20490091,
    20490091,
    20500064,
    20500064
  ],
  "target": 0.7,
  "passed": false
}
wrote /Users/johnhoang/Developer/Grok/tieng-len/evolve/probe-p_mbnest_fl-ms280-s12-n50.json
