{"start":true,"freeze":"v91","chall":"p_mbntie_all","live":{"id":"v9.1-probe-mbntie_all","stamped":"2026-07-13T02:50:38Z","label":"Grandmaster v9.1-probe mbntie_all"},"freezeBuild":{"id":"v9.1","stamped":"2026-07-13T02:50:38Z","label":"Grandmaster v9.1 (ladder freeze)"},"games":25,"seed0":20260712,"protocol":"fair-hidden-gm-BR-both-equal","opts":{"difficulty":"grandmaster","useSearch":true,"perfectInfo":false,"hiddenInfo":true,"timeMs":280,"iterations":60,"maxSims":120,"brTrials":24,"bestResponse":true,"exactExploit":false,"exploit":true,"softSamples":6,"maxBranch":12,"mode":"auto","strongSelf":false}}
{"g":0,"seed":20260712,"liveWin":true,"liveSeat":0,"steps":16,"ms":255,"liveWins":1,"games":1,"wr":1}
{"g":1,"seed":20260712,"liveWin":false,"liveSeat":1,"steps":20,"ms":1075,"liveWins":1,"games":2,"wr":0.5}
{"g":2,"seed":20270685,"liveWin":true,"liveSeat":0,"steps":13,"ms":299,"liveWins":2,"games":3,"wr":0.6666666666666666}
{"g":3,"seed":20270685,"liveWin":false,"liveSeat":1,"steps":13,"ms":277,"liveWins":2,"games":4,"wr":0.5}
{"g":4,"seed":20280658,"liveWin":false,"liveSeat":0,"steps":12,"ms":332,"liveWins":2,"games":5,"wr":0.4}
{"g":5,"seed":20280658,"liveWin":true,"liveSeat":1,"steps":20,"ms":371,"liveWins":3,"games":6,"wr":0.5}
{"g":6,"seed":20290631,"liveWin":true,"liveSeat":0,"steps":27,"ms":550,"liveWins":4,"games":7,"wr":0.5714285714285714}
{"g":7,"seed":20290631,"liveWin":true,"liveSeat":1,"steps":18,"ms":572,"liveWins":5,"games":8,"wr":0.625}
{"g":8,"seed":20300604,"liveWin":true,"liveSeat":0,"steps":20,"ms":149,"liveWins":6,"games":9,"wr":0.6666666666666666}
{"g":9,"seed":20300604,"liveWin":true,"liveSeat":1,"steps":19,"ms":526,"liveWins":7,"games":10,"wr":0.7}
{"g":10,"seed":20310577,"liveWin":true,"liveSeat":0,"steps":14,"ms":920,"liveWins":8,"games":11,"wr":0.7272727272727273}
{"g":11,"seed":20310577,"liveWin":false,"liveSeat":1,"steps":18,"ms":610,"liveWins":8,"games":12,"wr":0.6666666666666666}
{"g":12,"seed":20320550,"liveWin":true,"liveSeat":0,"steps":18,"ms":896,"liveWins":9,"games":13,"wr":0.6923076923076923}
{"g":13,"seed":20320550,"liveWin":true,"liveSeat":1,"steps":25,"ms":670,"liveWins":10,"games":14,"wr":0.7142857142857143}
{"g":14,"seed":20330523,"liveWin":true,"liveSeat":0,"steps":25,"ms":538,"liveWins":11,"games":15,"wr":0.7333333333333333}
{"g":15,"seed":20330523,"liveWin":false,"liveSeat":1,"steps":21,"ms":422,"liveWins":11,"games":16,"wr":0.6875}
{"g":16,"seed":20340496,"liveWin":true,"liveSeat":0,"steps":25,"ms":702,"liveWins":12,"games":17,"wr":0.7058823529411765}
{"g":17,"seed":20340496,"liveWin":false,"liveSeat":1,"steps":23,"ms":423,"liveWins":12,"games":18,"wr":0.6666666666666666}
{"g":18,"seed":20350469,"liveWin":false,"liveSeat":0,"steps":18,"ms":1018,"liveWins":12,"games":19,"wr":0.631578947368421}
{"g":19,"seed":20350469,"liveWin":true,"liveSeat":1,"steps":20,"ms":787,"liveWins":13,"games":20,"wr":0.65}
{"g":20,"seed":20360442,"liveWin":false,"liveSeat":0,"steps":17,"ms":242,"liveWins":13,"games":21,"wr":0.6190476190476191}
{"g":21,"seed":20360442,"liveWin":true,"liveSeat":1,"steps":23,"ms":248,"liveWins":14,"games":22,"wr":0.6363636363636364}
{"g":22,"seed":20370415,"liveWin":true,"liveSeat":0,"steps":26,"ms":351,"liveWins":15,"games":23,"wr":0.6521739130434783}
{"g":23,"seed":20370415,"liveWin":false,"liveSeat":1,"steps":24,"ms":339,"liveWins":15,"games":24,"wr":0.625}
{"g":24,"seed":20380388,"liveWin":true,"liveSeat":0,"steps":14,"ms":417,"liveWins":16,"games":25,"wr":0.64}
{"g":25,"seed":20380388,"liveWin":false,"liveSeat":1,"steps":18,"ms":318,"liveWins":16,"games":26,"wr":0.6153846153846154}
{"g":26,"seed":20390361,"liveWin":false,"liveSeat":0,"steps":26,"ms":524,"liveWins":16,"games":27,"wr":0.5925925925925926}
{"g":27,"seed":20390361,"liveWin":true,"liveSeat":1,"steps":24,"ms":546,"liveWins":17,"games":28,"wr":0.6071428571428571}
{"g":28,"seed":20400334,"liveWin":true,"liveSeat":0,"steps":18,"ms":96,"liveWins":18,"games":29,"wr":0.6206896551724138}
{"g":29,"seed":20400334,"liveWin":false,"liveSeat":1,"steps":18,"ms":498,"liveWins":18,"games":30,"wr":0.6}
{"g":30,"seed":20410307,"liveWin":false,"liveSeat":0,"steps":16,"ms":493,"liveWins":18,"games":31,"wr":0.5806451612903226}
{"g":31,"seed":20410307,"liveWin":true,"liveSeat":1,"steps":16,"ms":496,"liveWins":19,"games":32,"wr":0.59375}
{"g":32,"seed":20420280,"liveWin":true,"liveSeat":0,"steps":26,"ms":864,"liveWins":20,"games":33,"wr":0.6060606060606061}
{"g":33,"seed":20420280,"liveWin":false,"liveSeat":1,"steps":14,"ms":701,"liveWins":20,"games":34,"wr":0.5882352941176471}
{"g":34,"seed":20430253,"liveWin":false,"liveSeat":0,"steps":23,"ms":646,"liveWins":20,"games":35,"wr":0.5714285714285714}
{"g":35,"seed":20430253,"liveWin":false,"liveSeat":1,"steps":26,"ms":528,"liveWins":20,"games":36,"wr":0.5555555555555556}
{"g":36,"seed":20440226,"liveWin":true,"liveSeat":0,"steps":23,"ms":1759,"liveWins":21,"games":37,"wr":0.5675675675675675}
{"g":37,"seed":20440226,"liveWin":true,"liveSeat":1,"steps":18,"ms":1702,"liveWins":22,"games":38,"wr":0.5789473684210527}
{"g":38,"seed":20450199,"liveWin":true,"liveSeat":0,"steps":21,"ms":217,"liveWins":23,"games":39,"wr":0.5897435897435898}
{"g":39,"seed":20450199,"liveWin":false,"liveSeat":1,"steps":21,"ms":218,"liveWins":23,"games":40,"wr":0.575}
{"g":40,"seed":20460172,"liveWin":true,"liveSeat":0,"steps":21,"ms":384,"liveWins":24,"games":41,"wr":0.5853658536585366}
{"g":41,"seed":20460172,"liveWin":false,"liveSeat":1,"steps":15,"ms":276,"liveWins":24,"games":42,"wr":0.5714285714285714}
{"g":42,"seed":20470145,"liveWin":true,"liveSeat":0,"steps":15,"ms":449,"liveWins":25,"games":43,"wr":0.5813953488372093}
{"g":43,"seed":20470145,"liveWin":false,"liveSeat":1,"steps":15,"ms":611,"liveWins":25,"games":44,"wr":0.5681818181818182}
{"g":44,"seed":20480118,"liveWin":false,"liveSeat":0,"steps":15,"ms":232,"liveWins":25,"games":45,"wr":0.5555555555555556}
{"g":45,"seed":20480118,"liveWin":true,"liveSeat":1,"steps":15,"ms":223,"liveWins":26,"games":46,"wr":0.5652173913043478}
{"g":46,"seed":20490091,"liveWin":true,"liveSeat":0,"steps":25,"ms":135,"liveWins":27,"games":47,"wr":0.574468085106383}
{"g":47,"seed":20490091,"liveWin":false,"liveSeat":1,"steps":25,"ms":134,"liveWins":27,"games":48,"wr":0.5625}
{"g":48,"seed":20500064,"liveWin":true,"liveSeat":0,"steps":21,"ms":1830,"liveWins":28,"games":49,"wr":0.5714285714285714}
{"g":49,"seed":20500064,"liveWin":false,"liveSeat":1,"steps":15,"ms":1586,"liveWins":28,"games":50,"wr":0.56}
=== FINAL ===
{
  "protocol": "fair-hidden-gm-BR-both-equal",
  "infoModel": "hidden",
  "perfectInfo": false,
  "hiddenInfo": true,
  "brBoth": true,
  "equalBudget": true,
  "games": 50,
  "liveWins": 28,
  "freezeWins": 22,
  "liveWinRate": 0.56,
  "seed0": 20260712,
  "ms": 28475,
  "live": {
    "id": "v9.1-probe-mbntie_all",
    "stamped": "2026-07-13T02:50:38Z",
    "label": "Grandmaster v9.1-probe mbntie_all"
  },
  "freeze": {
    "id": "v9.1",
    "stamped": "2026-07-13T02:50:38Z",
    "label": "Grandmaster v9.1 (ladder freeze)"
  },
  "freezeTag": "v91",
  "challTag": "p_mbntie_all",
  "opts": {
    "difficulty": "grandmaster",
    "useSearch": true,
    "perfectInfo": false,
    "hiddenInfo": true,
    "timeMs": 280,
    "iterations": 60,
    "maxSims": 120,
    "brTrials": 24,
    "bestResponse": true,
    "exactExploit": false,
    "exploit": true,
    "softSamples": 6,
    "maxBranch": 12,
    "mode": "auto",
    "strongSelf": false
  },
  "perGame": [
    {
      "seed": 20260712,
      "liveWin": true,
      "liveSeat": 0,
      "steps": 16,
      "ms": 255
    },
    {
      "seed": 20260712,
      "liveWin": false,
      "liveSeat": 1,
      "steps": 20,
      "ms": 1075
    },
    {
      "seed": 20270685,
      "liveWin": true,
      "liveSeat": 0,
      "steps": 13,
      "ms": 299
    },
    {
      "seed": 20270685,
      "liveWin": false,
      "liveSeat": 1,
      "steps": 13,
      "ms": 277
    },
    {
      "seed": 20280658,
      "liveWin": false,
      "liveSeat": 0,
      "steps": 12,
      "ms": 332
    },
    {
      "seed": 20280658,
      "liveWin": true,
      "liveSeat": 1,
      "steps": 20,
      "ms": 371
    },
    {
      "seed": 20290631,
      "liveWin": true,
      "liveSeat": 0,
      "steps": 27,
      "ms": 550
    },
    {
      "seed": 20290631,
      "liveWin": true,
      "liveSeat": 1,
      "steps": 18,
      "ms": 572
    },
    {
      "seed": 20300604,
      "liveWin": true,
      "liveSeat": 0,
      "steps": 20,
      "ms": 149
    },
    {
      "seed": 20300604,
      "liveWin": true,
      "liveSeat": 1,
      "steps": 19,
      "ms": 526
    },
    {
      "seed": 20310577,
      "liveWin": true,
      "liveSeat": 0,
      "steps": 14,
      "ms": 920
    },
    {
      "seed": 20310577,
      "liveWin": false,
      "liveSeat": 1,
      "steps": 18,
      "ms": 610
    },
    {
      "seed": 20320550,
      "liveWin": true,
      "liveSeat": 0,
      "steps": 18,
      "ms": 896
    },
    {
      "seed": 20320550,
      "liveWin": true,
      "liveSeat": 1,
      "steps": 25,
      "ms": 670
    },
    {
      "seed": 20330523,
      "liveWin": true,
      "liveSeat": 0,
      "steps": 25,
      "ms": 538
    },
    {
      "seed": 20330523,
      "liveWin": false,
      "liveSeat": 1,
      "steps": 21,
      "ms": 422
    },
    {
      "seed": 20340496,
      "liveWin": true,
      "liveSeat": 0,
      "steps": 25,
      "ms": 702
    },
    {
      "seed": 20340496,
      "liveWin": false,
      "liveSeat": 1,
      "steps": 23,
      "ms": 423
    },
    {
      "seed": 20350469,
      "liveWin": false,
      "liveSeat": 0,
      "steps": 18,
      "ms": 1018
    },
    {
      "seed": 20350469,
      "liveWin": true,
      "liveSeat": 1,
      "steps": 20,
      "ms": 787
    },
    {
      "seed": 20360442,
      "liveWin": false,
      "liveSeat": 0,
      "steps": 17,
      "ms": 242
    },
    {
      "seed": 20360442,
      "liveWin": true,
      "liveSeat": 1,
      "steps": 23,
      "ms": 248
    },
    {
      "seed": 20370415,
      "liveWin": true,
      "liveSeat": 0,
      "steps": 26,
      "ms": 351
    },
    {
      "seed": 20370415,
      "liveWin": false,
      "liveSeat": 1,
      "steps": 24,
      "ms": 339
    },
    {
      "seed": 20380388,
      "liveWin": true,
      "liveSeat": 0,
      "steps": 14,
      "ms": 417
    },
    {
      "seed": 20380388,
      "liveWin": false,
      "liveSeat": 1,
      "steps": 18,
      "ms": 318
    },
    {
      "seed": 20390361,
      "liveWin": false,
      "liveSeat": 0,
      "steps": 26,
      "ms": 524
    },
    {
      "seed": 20390361,
      "liveWin": true,
      "liveSeat": 1,
      "steps": 24,
      "ms": 546
    },
    {
      "seed": 20400334,
      "liveWin": true,
      "liveSeat": 0,
      "steps": 18,
      "ms": 96
    },
    {
      "seed": 20400334,
      "liveWin": false,
      "liveSeat": 1,
      "steps": 18,
      "ms": 498
    },
    {
      "seed": 20410307,
      "liveWin": false,
      "liveSeat": 0,
      "steps": 16,
      "ms": 493
    },
    {
      "seed": 20410307,
      "liveWin": true,
      "liveSeat": 1,
      "steps": 16,
      "ms": 496
    },
    {
      "seed": 20420280,
      "liveWin": true,
      "liveSeat": 0,
      "steps": 26,
      "ms": 864
    },
    {
      "seed": 20420280,
      "liveWin": false,
      "liveSeat": 1,
      "steps": 14,
      "ms": 701
    },
    {
      "seed": 20430253,
      "liveWin": false,
      "liveSeat": 0,
      "steps": 23,
      "ms": 646
    },
    {
      "seed": 20430253,
      "liveWin": false,
      "liveSeat": 1,
      "steps": 26,
      "ms": 528
    },
    {
      "seed": 20440226,
      "liveWin": true,
      "liveSeat": 0,
      "steps": 23,
      "ms": 1759
    },
    {
      "seed": 20440226,
      "liveWin": true,
      "liveSeat": 1,
      "steps": 18,
      "ms": 1702
    },
    {
      "seed": 20450199,
      "liveWin": true,
      "liveSeat": 0,
      "steps": 21,
      "ms": 217
    },
    {
      "seed": 20450199,
      "liveWin": false,
      "liveSeat": 1,
      "steps": 21,
      "ms": 218
    },
    {
      "seed": 20460172,
      "liveWin": true,
      "liveSeat": 0,
      "steps": 21,
      "ms": 384
    },
    {
      "seed": 20460172,
      "liveWin": false,
      "liveSeat": 1,
      "steps": 15,
      "ms": 276
    },
    {
      "seed": 20470145,
      "liveWin": true,
      "liveSeat": 0,
      "steps": 15,
      "ms": 449
    },
    {
      "seed": 20470145,
      "liveWin": false,
      "liveSeat": 1,
      "steps": 15,
      "ms": 611
    },
    {
      "seed": 20480118,
      "liveWin": false,
      "liveSeat": 0,
      "steps": 15,
      "ms": 232
    },
    {
      "seed": 20480118,
      "liveWin": true,
      "liveSeat": 1,
      "steps": 15,
      "ms": 223
    },
    {
      "seed": 20490091,
      "liveWin": true,
      "liveSeat": 0,
      "steps": 25,
      "ms": 135
    },
    {
      "seed": 20490091,
      "liveWin": false,
      "liveSeat": 1,
      "steps": 25,
      "ms": 134
    },
    {
      "seed": 20500064,
      "liveWin": true,
      "liveSeat": 0,
      "steps": 21,
      "ms": 1830
    },
    {
      "seed": 20500064,
      "liveWin": false,
      "liveSeat": 1,
      "steps": 15,
      "ms": 1586
    }
  ],
  "lossSeeds": [
    20260712,
    20270685,
    20280658,
    20310577,
    20330523,
    20340496,
    20350469,
    20360442,
    20370415,
    20380388,
    20390361,
    20400334,
    20410307,
    20420280,
    20430253,
    20430253,
    20450199,
    20460172,
    20470145,
    20480118,
    20490091,
    20500064
  ],
  "target": 0.7,
  "passed": false
}
wrote /Users/johnhoang/Developer/Grok/tieng-len/evolve/probe-p_mbntie_all-fair-ms280-s12-n50.json
