{"start":true,"freeze":"v91","chall":"p_mbntie_all","live":{"id":"v9.1-probe-mbntie_all","stamped":"2026-07-13T02:50:38Z","label":"Grandmaster v9.1-probe mbntie_all"},"freezeBuild":{"id":"v9.1","stamped":"2026-07-13T02:50:38Z","label":"Grandmaster v9.1 (ladder freeze)"},"games":40,"seed0":20260711,"protocol":"fair-hidden-gm-BR-both-equal","opts":{"difficulty":"grandmaster","useSearch":true,"perfectInfo":false,"hiddenInfo":true,"timeMs":150,"iterations":60,"maxSims":120,"brTrials":12,"bestResponse":true,"exactExploit":false,"exploit":true,"softSamples":4,"maxBranch":12,"mode":"auto","strongSelf":false}}
{"g":0,"seed":20260711,"liveWin":true,"liveSeat":0,"steps":18,"ms":507,"liveWins":1,"games":1,"wr":1}
{"g":1,"seed":20260711,"liveWin":false,"liveSeat":1,"steps":26,"ms":743,"liveWins":1,"games":2,"wr":0.5}
{"g":2,"seed":20270684,"liveWin":false,"liveSeat":0,"steps":22,"ms":384,"liveWins":1,"games":3,"wr":0.3333333333333333}
{"g":3,"seed":20270684,"liveWin":true,"liveSeat":1,"steps":22,"ms":464,"liveWins":2,"games":4,"wr":0.5}
{"g":4,"seed":20280657,"liveWin":true,"liveSeat":0,"steps":20,"ms":239,"liveWins":3,"games":5,"wr":0.6}
{"g":5,"seed":20280657,"liveWin":true,"liveSeat":1,"steps":19,"ms":254,"liveWins":4,"games":6,"wr":0.6666666666666666}
{"g":6,"seed":20290630,"liveWin":true,"liveSeat":0,"steps":17,"ms":143,"liveWins":5,"games":7,"wr":0.7142857142857143}
{"g":7,"seed":20290630,"liveWin":true,"liveSeat":1,"steps":20,"ms":137,"liveWins":6,"games":8,"wr":0.75}
{"g":8,"seed":20300603,"liveWin":false,"liveSeat":0,"steps":18,"ms":388,"liveWins":6,"games":9,"wr":0.6666666666666666}
{"g":9,"seed":20300603,"liveWin":true,"liveSeat":1,"steps":24,"ms":219,"liveWins":7,"games":10,"wr":0.7}
{"g":10,"seed":20310576,"liveWin":true,"liveSeat":0,"steps":25,"ms":424,"liveWins":8,"games":11,"wr":0.7272727272727273}
{"g":11,"seed":20310576,"liveWin":true,"liveSeat":1,"steps":18,"ms":209,"liveWins":9,"games":12,"wr":0.75}
{"g":12,"seed":20320549,"liveWin":false,"liveSeat":0,"steps":11,"ms":132,"liveWins":9,"games":13,"wr":0.6923076923076923}
{"g":13,"seed":20320549,"liveWin":true,"liveSeat":1,"steps":11,"ms":137,"liveWins":10,"games":14,"wr":0.7142857142857143}
{"g":14,"seed":20330522,"liveWin":true,"liveSeat":0,"steps":21,"ms":176,"liveWins":11,"games":15,"wr":0.7333333333333333}
{"g":15,"seed":20330522,"liveWin":true,"liveSeat":1,"steps":28,"ms":405,"liveWins":12,"games":16,"wr":0.75}
{"g":16,"seed":20340495,"liveWin":false,"liveSeat":0,"steps":20,"ms":224,"liveWins":12,"games":17,"wr":0.7058823529411765}
{"g":17,"seed":20340495,"liveWin":true,"liveSeat":1,"steps":26,"ms":318,"liveWins":13,"games":18,"wr":0.7222222222222222}
{"g":18,"seed":20350468,"liveWin":true,"liveSeat":0,"steps":17,"ms":408,"liveWins":14,"games":19,"wr":0.7368421052631579}
{"g":19,"seed":20350468,"liveWin":true,"liveSeat":1,"steps":24,"ms":475,"liveWins":15,"games":20,"wr":0.75}
{"g":20,"seed":20360441,"liveWin":true,"liveSeat":0,"steps":18,"ms":368,"liveWins":16,"games":21,"wr":0.7619047619047619}
{"g":21,"seed":20360441,"liveWin":false,"liveSeat":1,"steps":18,"ms":223,"liveWins":16,"games":22,"wr":0.7272727272727273}
{"g":22,"seed":20370414,"liveWin":true,"liveSeat":0,"steps":18,"ms":111,"liveWins":17,"games":23,"wr":0.7391304347826086}
{"g":23,"seed":20370414,"liveWin":false,"liveSeat":1,"steps":20,"ms":170,"liveWins":17,"games":24,"wr":0.7083333333333334}
{"g":24,"seed":20380387,"liveWin":false,"liveSeat":0,"steps":16,"ms":184,"liveWins":17,"games":25,"wr":0.68}
{"g":25,"seed":20380387,"liveWin":true,"liveSeat":1,"steps":16,"ms":181,"liveWins":18,"games":26,"wr":0.6923076923076923}
{"g":26,"seed":20390360,"liveWin":true,"liveSeat":0,"steps":17,"ms":375,"liveWins":19,"games":27,"wr":0.7037037037037037}
{"g":27,"seed":20390360,"liveWin":true,"liveSeat":1,"steps":14,"ms":392,"liveWins":20,"games":28,"wr":0.7142857142857143}
{"g":28,"seed":20400333,"liveWin":true,"liveSeat":0,"steps":15,"ms":301,"liveWins":21,"games":29,"wr":0.7241379310344828}
{"g":29,"seed":20400333,"liveWin":true,"liveSeat":1,"steps":14,"ms":652,"liveWins":22,"games":30,"wr":0.7333333333333333}
{"g":30,"seed":20410306,"liveWin":true,"liveSeat":0,"steps":22,"ms":223,"liveWins":23,"games":31,"wr":0.7419354838709677}
{"g":31,"seed":20410306,"liveWin":true,"liveSeat":1,"steps":11,"ms":156,"liveWins":24,"games":32,"wr":0.75}
{"g":32,"seed":20420279,"liveWin":true,"liveSeat":0,"steps":19,"ms":355,"liveWins":25,"games":33,"wr":0.7575757575757576}
{"g":33,"seed":20420279,"liveWin":true,"liveSeat":1,"steps":20,"ms":377,"liveWins":26,"games":34,"wr":0.7647058823529411}
{"g":34,"seed":20430252,"liveWin":false,"liveSeat":0,"steps":16,"ms":212,"liveWins":26,"games":35,"wr":0.7428571428571429}
{"g":35,"seed":20430252,"liveWin":true,"liveSeat":1,"steps":16,"ms":211,"liveWins":27,"games":36,"wr":0.75}
{"g":36,"seed":20440225,"liveWin":true,"liveSeat":0,"steps":17,"ms":398,"liveWins":28,"games":37,"wr":0.7567567567567568}
{"g":37,"seed":20440225,"liveWin":true,"liveSeat":1,"steps":26,"ms":500,"liveWins":29,"games":38,"wr":0.7631578947368421}
{"g":38,"seed":20450198,"liveWin":true,"liveSeat":0,"steps":14,"ms":232,"liveWins":30,"games":39,"wr":0.7692307692307693}
{"g":39,"seed":20450198,"liveWin":false,"liveSeat":1,"steps":16,"ms":340,"liveWins":30,"games":40,"wr":0.75}
{"g":40,"seed":20460171,"liveWin":false,"liveSeat":0,"steps":19,"ms":83,"liveWins":30,"games":41,"wr":0.7317073170731707}
{"g":41,"seed":20460171,"liveWin":true,"liveSeat":1,"steps":19,"ms":81,"liveWins":31,"games":42,"wr":0.7380952380952381}
{"g":42,"seed":20470144,"liveWin":true,"liveSeat":0,"steps":26,"ms":716,"liveWins":32,"games":43,"wr":0.7441860465116279}
{"g":43,"seed":20470144,"liveWin":true,"liveSeat":1,"steps":21,"ms":415,"liveWins":33,"games":44,"wr":0.75}
{"g":44,"seed":20480117,"liveWin":true,"liveSeat":0,"steps":20,"ms":353,"liveWins":34,"games":45,"wr":0.7555555555555555}
{"g":45,"seed":20480117,"liveWin":true,"liveSeat":1,"steps":21,"ms":252,"liveWins":35,"games":46,"wr":0.7608695652173914}
{"g":46,"seed":20490090,"liveWin":false,"liveSeat":0,"steps":19,"ms":709,"liveWins":35,"games":47,"wr":0.7446808510638298}
{"g":47,"seed":20490090,"liveWin":true,"liveSeat":1,"steps":21,"ms":526,"liveWins":36,"games":48,"wr":0.75}
{"g":48,"seed":20500063,"liveWin":true,"liveSeat":0,"steps":23,"ms":247,"liveWins":37,"games":49,"wr":0.7551020408163265}
{"g":49,"seed":20500063,"liveWin":true,"liveSeat":1,"steps":20,"ms":359,"liveWins":38,"games":50,"wr":0.76}
{"g":50,"seed":20510036,"liveWin":true,"liveSeat":0,"steps":28,"ms":238,"liveWins":39,"games":51,"wr":0.7647058823529411}
{"g":51,"seed":20510036,"liveWin":true,"liveSeat":1,"steps":17,"ms":171,"liveWins":40,"games":52,"wr":0.7692307692307693}
{"g":52,"seed":20520009,"liveWin":false,"liveSeat":0,"steps":20,"ms":173,"liveWins":40,"games":53,"wr":0.7547169811320755}
{"g":53,"seed":20520009,"liveWin":false,"liveSeat":1,"steps":13,"ms":214,"liveWins":40,"games":54,"wr":0.7407407407407407}
{"g":54,"seed":20529982,"liveWin":true,"liveSeat":0,"steps":14,"ms":222,"liveWins":41,"games":55,"wr":0.7454545454545455}
{"g":55,"seed":20529982,"liveWin":false,"liveSeat":1,"steps":16,"ms":201,"liveWins":41,"games":56,"wr":0.7321428571428571}
{"g":56,"seed":20539955,"liveWin":true,"liveSeat":0,"steps":14,"ms":50,"liveWins":42,"games":57,"wr":0.7368421052631579}
{"g":57,"seed":20539955,"liveWin":false,"liveSeat":1,"steps":22,"ms":270,"liveWins":42,"games":58,"wr":0.7241379310344828}
{"g":58,"seed":20549928,"liveWin":false,"liveSeat":0,"steps":10,"ms":106,"liveWins":42,"games":59,"wr":0.711864406779661}
{"g":59,"seed":20549928,"liveWin":true,"liveSeat":1,"steps":12,"ms":121,"liveWins":43,"games":60,"wr":0.7166666666666667}
{"g":60,"seed":20559901,"liveWin":false,"liveSeat":0,"steps":23,"ms":81,"liveWins":43,"games":61,"wr":0.7049180327868853}
{"g":61,"seed":20559901,"liveWin":true,"liveSeat":1,"steps":23,"ms":79,"liveWins":44,"games":62,"wr":0.7096774193548387}
{"g":62,"seed":20569874,"liveWin":true,"liveSeat":0,"steps":17,"ms":852,"liveWins":45,"games":63,"wr":0.7142857142857143}
{"g":63,"seed":20569874,"liveWin":false,"liveSeat":1,"steps":13,"ms":215,"liveWins":45,"games":64,"wr":0.703125}
{"g":64,"seed":20579847,"liveWin":true,"liveSeat":0,"steps":17,"ms":206,"liveWins":46,"games":65,"wr":0.7076923076923077}
{"g":65,"seed":20579847,"liveWin":false,"liveSeat":1,"steps":21,"ms":400,"liveWins":46,"games":66,"wr":0.696969696969697}
{"g":66,"seed":20589820,"liveWin":false,"liveSeat":0,"steps":18,"ms":152,"liveWins":46,"games":67,"wr":0.6865671641791045}
{"g":67,"seed":20589820,"liveWin":true,"liveSeat":1,"steps":18,"ms":148,"liveWins":47,"games":68,"wr":0.6911764705882353}
{"g":68,"seed":20599793,"liveWin":true,"liveSeat":0,"steps":20,"ms":162,"liveWins":48,"games":69,"wr":0.6956521739130435}
{"g":69,"seed":20599793,"liveWin":false,"liveSeat":1,"steps":20,"ms":161,"liveWins":48,"games":70,"wr":0.6857142857142857}
{"g":70,"seed":20609766,"liveWin":false,"liveSeat":0,"steps":25,"ms":276,"liveWins":48,"games":71,"wr":0.676056338028169}
{"g":71,"seed":20609766,"liveWin":true,"liveSeat":1,"steps":23,"ms":366,"liveWins":49,"games":72,"wr":0.6805555555555556}
{"g":72,"seed":20619739,"liveWin":true,"liveSeat":0,"steps":19,"ms":55,"liveWins":50,"games":73,"wr":0.684931506849315}
{"g":73,"seed":20619739,"liveWin":false,"liveSeat":1,"steps":19,"ms":57,"liveWins":50,"games":74,"wr":0.6756756756756757}
{"g":74,"seed":20629712,"liveWin":false,"liveSeat":0,"steps":19,"ms":387,"liveWins":50,"games":75,"wr":0.6666666666666666}
{"g":75,"seed":20629712,"liveWin":false,"liveSeat":1,"steps":28,"ms":269,"liveWins":50,"games":76,"wr":0.6578947368421053}
{"g":76,"seed":20639685,"liveWin":false,"liveSeat":0,"steps":18,"ms":290,"liveWins":50,"games":77,"wr":0.6493506493506493}
{"g":77,"seed":20639685,"liveWin":true,"liveSeat":1,"steps":18,"ms":283,"liveWins":51,"games":78,"wr":0.6538461538461539}
{"g":78,"seed":20649658,"liveWin":true,"liveSeat":0,"steps":19,"ms":219,"liveWins":52,"games":79,"wr":0.6582278481012658}
{"g":79,"seed":20649658,"liveWin":false,"liveSeat":1,"steps":25,"ms":169,"liveWins":52,"games":80,"wr":0.65}
=== FINAL ===
{
  "protocol": "fair-hidden-gm-BR-both-equal",
  "infoModel": "hidden",
  "perfectInfo": false,
  "hiddenInfo": true,
  "brBoth": true,
  "equalBudget": true,
  "games": 80,
  "liveWins": 52,
  "freezeWins": 28,
  "liveWinRate": 0.65,
  "seed0": 20260711,
  "ms": 22711,
  "live": {
    "id": "v9.1-probe-mbntie_all",
    "stamped": "2026-07-13T02:50:38Z",
    "label": "Grandmaster v9.1-probe mbntie_all"
  },
  "freeze": {
    "id": "v9.1",
    "stamped": "2026-07-13T02:50:38Z",
    "label": "Grandmaster v9.1 (ladder freeze)"
  },
  "freezeTag": "v91",
  "challTag": "p_mbntie_all",
  "opts": {
    "difficulty": "grandmaster",
    "useSearch": true,
    "perfectInfo": false,
    "hiddenInfo": true,
    "timeMs": 150,
    "iterations": 60,
    "maxSims": 120,
    "brTrials": 12,
    "bestResponse": true,
    "exactExploit": false,
    "exploit": true,
    "softSamples": 4,
    "maxBranch": 12,
    "mode": "auto",
    "strongSelf": false
  },
  "perGame": [
    {
      "seed": 20260711,
      "liveWin": true,
      "liveSeat": 0,
      "steps": 18,
      "ms": 507
    },
    {
      "seed": 20260711,
      "liveWin": false,
      "liveSeat": 1,
      "steps": 26,
      "ms": 743
    },
    {
      "seed": 20270684,
      "liveWin": false,
      "liveSeat": 0,
      "steps": 22,
      "ms": 384
    },
    {
      "seed": 20270684,
      "liveWin": true,
      "liveSeat": 1,
      "steps": 22,
      "ms": 464
    },
    {
      "seed": 20280657,
      "liveWin": true,
      "liveSeat": 0,
      "steps": 20,
      "ms": 239
    },
    {
      "seed": 20280657,
      "liveWin": true,
      "liveSeat": 1,
      "steps": 19,
      "ms": 254
    },
    {
      "seed": 20290630,
      "liveWin": true,
      "liveSeat": 0,
      "steps": 17,
      "ms": 143
    },
    {
      "seed": 20290630,
      "liveWin": true,
      "liveSeat": 1,
      "steps": 20,
      "ms": 137
    },
    {
      "seed": 20300603,
      "liveWin": false,
      "liveSeat": 0,
      "steps": 18,
      "ms": 388
    },
    {
      "seed": 20300603,
      "liveWin": true,
      "liveSeat": 1,
      "steps": 24,
      "ms": 219
    },
    {
      "seed": 20310576,
      "liveWin": true,
      "liveSeat": 0,
      "steps": 25,
      "ms": 424
    },
    {
      "seed": 20310576,
      "liveWin": true,
      "liveSeat": 1,
      "steps": 18,
      "ms": 209
    },
    {
      "seed": 20320549,
      "liveWin": false,
      "liveSeat": 0,
      "steps": 11,
      "ms": 132
    },
    {
      "seed": 20320549,
      "liveWin": true,
      "liveSeat": 1,
      "steps": 11,
      "ms": 137
    },
    {
      "seed": 20330522,
      "liveWin": true,
      "liveSeat": 0,
      "steps": 21,
      "ms": 176
    },
    {
      "seed": 20330522,
      "liveWin": true,
      "liveSeat": 1,
      "steps": 28,
      "ms": 405
    },
    {
      "seed": 20340495,
      "liveWin": false,
      "liveSeat": 0,
      "steps": 20,
      "ms": 224
    },
    {
      "seed": 20340495,
      "liveWin": true,
      "liveSeat": 1,
      "steps": 26,
      "ms": 318
    },
    {
      "seed": 20350468,
      "liveWin": true,
      "liveSeat": 0,
      "steps": 17,
      "ms": 408
    },
    {
      "seed": 20350468,
      "liveWin": true,
      "liveSeat": 1,
      "steps": 24,
      "ms": 475
    },
    {
      "seed": 20360441,
      "liveWin": true,
      "liveSeat": 0,
      "steps": 18,
      "ms": 368
    },
    {
      "seed": 20360441,
      "liveWin": false,
      "liveSeat": 1,
      "steps": 18,
      "ms": 223
    },
    {
      "seed": 20370414,
      "liveWin": true,
      "liveSeat": 0,
      "steps": 18,
      "ms": 111
    },
    {
      "seed": 20370414,
      "liveWin": false,
      "liveSeat": 1,
      "steps": 20,
      "ms": 170
    },
    {
      "seed": 20380387,
      "liveWin": false,
      "liveSeat": 0,
      "steps": 16,
      "ms": 184
    },
    {
      "seed": 20380387,
      "liveWin": true,
      "liveSeat": 1,
      "steps": 16,
      "ms": 181
    },
    {
      "seed": 20390360,
      "liveWin": true,
      "liveSeat": 0,
      "steps": 17,
      "ms": 375
    },
    {
      "seed": 20390360,
      "liveWin": true,
      "liveSeat": 1,
      "steps": 14,
      "ms": 392
    },
    {
      "seed": 20400333,
      "liveWin": true,
      "liveSeat": 0,
      "steps": 15,
      "ms": 301
    },
    {
      "seed": 20400333,
      "liveWin": true,
      "liveSeat": 1,
      "steps": 14,
      "ms": 652
    },
    {
      "seed": 20410306,
      "liveWin": true,
      "liveSeat": 0,
      "steps": 22,
      "ms": 223
    },
    {
      "seed": 20410306,
      "liveWin": true,
      "liveSeat": 1,
      "steps": 11,
      "ms": 156
    },
    {
      "seed": 20420279,
      "liveWin": true,
      "liveSeat": 0,
      "steps": 19,
      "ms": 355
    },
    {
      "seed": 20420279,
      "liveWin": true,
      "liveSeat": 1,
      "steps": 20,
      "ms": 377
    },
    {
      "seed": 20430252,
      "liveWin": false,
      "liveSeat": 0,
      "steps": 16,
      "ms": 212
    },
    {
      "seed": 20430252,
      "liveWin": true,
      "liveSeat": 1,
      "steps": 16,
      "ms": 211
    },
    {
      "seed": 20440225,
      "liveWin": true,
      "liveSeat": 0,
      "steps": 17,
      "ms": 398
    },
    {
      "seed": 20440225,
      "liveWin": true,
      "liveSeat": 1,
      "steps": 26,
      "ms": 500
    },
    {
      "seed": 20450198,
      "liveWin": true,
      "liveSeat": 0,
      "steps": 14,
      "ms": 232
    },
    {
      "seed": 20450198,
      "liveWin": false,
      "liveSeat": 1,
      "steps": 16,
      "ms": 340
    },
    {
      "seed": 20460171,
      "liveWin": false,
      "liveSeat": 0,
      "steps": 19,
      "ms": 83
    },
    {
      "seed": 20460171,
      "liveWin": true,
      "liveSeat": 1,
      "steps": 19,
      "ms": 81
    },
    {
      "seed": 20470144,
      "liveWin": true,
      "liveSeat": 0,
      "steps": 26,
      "ms": 716
    },
    {
      "seed": 20470144,
      "liveWin": true,
      "liveSeat": 1,
      "steps": 21,
      "ms": 415
    },
    {
      "seed": 20480117,
      "liveWin": true,
      "liveSeat": 0,
      "steps": 20,
      "ms": 353
    },
    {
      "seed": 20480117,
      "liveWin": true,
      "liveSeat": 1,
      "steps": 21,
      "ms": 252
    },
    {
      "seed": 20490090,
      "liveWin": false,
      "liveSeat": 0,
      "steps": 19,
      "ms": 709
    },
    {
      "seed": 20490090,
      "liveWin": true,
      "liveSeat": 1,
      "steps": 21,
      "ms": 526
    },
    {
      "seed": 20500063,
      "liveWin": true,
      "liveSeat": 0,
      "steps": 23,
      "ms": 247
    },
    {
      "seed": 20500063,
      "liveWin": true,
      "liveSeat": 1,
      "steps": 20,
      "ms": 359
    },
    {
      "seed": 20510036,
      "liveWin": true,
      "liveSeat": 0,
      "steps": 28,
      "ms": 238
    },
    {
      "seed": 20510036,
      "liveWin": true,
      "liveSeat": 1,
      "steps": 17,
      "ms": 171
    },
    {
      "seed": 20520009,
      "liveWin": false,
      "liveSeat": 0,
      "steps": 20,
      "ms": 173
    },
    {
      "seed": 20520009,
      "liveWin": false,
      "liveSeat": 1,
      "steps": 13,
      "ms": 214
    },
    {
      "seed": 20529982,
      "liveWin": true,
      "liveSeat": 0,
      "steps": 14,
      "ms": 222
    },
    {
      "seed": 20529982,
      "liveWin": false,
      "liveSeat": 1,
      "steps": 16,
      "ms": 201
    },
    {
      "seed": 20539955,
      "liveWin": true,
      "liveSeat": 0,
      "steps": 14,
      "ms": 50
    },
    {
      "seed": 20539955,
      "liveWin": false,
      "liveSeat": 1,
      "steps": 22,
      "ms": 270
    },
    {
      "seed": 20549928,
      "liveWin": false,
      "liveSeat": 0,
      "steps": 10,
      "ms": 106
    },
    {
      "seed": 20549928,
      "liveWin": true,
      "liveSeat": 1,
      "steps": 12,
      "ms": 121
    },
    {
      "seed": 20559901,
      "liveWin": false,
      "liveSeat": 0,
      "steps": 23,
      "ms": 81
    },
    {
      "seed": 20559901,
      "liveWin": true,
      "liveSeat": 1,
      "steps": 23,
      "ms": 79
    },
    {
      "seed": 20569874,
      "liveWin": true,
      "liveSeat": 0,
      "steps": 17,
      "ms": 852
    },
    {
      "seed": 20569874,
      "liveWin": false,
      "liveSeat": 1,
      "steps": 13,
      "ms": 215
    },
    {
      "seed": 20579847,
      "liveWin": true,
      "liveSeat": 0,
      "steps": 17,
      "ms": 206
    },
    {
      "seed": 20579847,
      "liveWin": false,
      "liveSeat": 1,
      "steps": 21,
      "ms": 400
    },
    {
      "seed": 20589820,
      "liveWin": false,
      "liveSeat": 0,
      "steps": 18,
      "ms": 152
    },
    {
      "seed": 20589820,
      "liveWin": true,
      "liveSeat": 1,
      "steps": 18,
      "ms": 148
    },
    {
      "seed": 20599793,
      "liveWin": true,
      "liveSeat": 0,
      "steps": 20,
      "ms": 162
    },
    {
      "seed": 20599793,
      "liveWin": false,
      "liveSeat": 1,
      "steps": 20,
      "ms": 161
    },
    {
      "seed": 20609766,
      "liveWin": false,
      "liveSeat": 0,
      "steps": 25,
      "ms": 276
    },
    {
      "seed": 20609766,
      "liveWin": true,
      "liveSeat": 1,
      "steps": 23,
      "ms": 366
    },
    {
      "seed": 20619739,
      "liveWin": true,
      "liveSeat": 0,
      "steps": 19,
      "ms": 55
    },
    {
      "seed": 20619739,
      "liveWin": false,
      "liveSeat": 1,
      "steps": 19,
      "ms": 57
    },
    {
      "seed": 20629712,
      "liveWin": false,
      "liveSeat": 0,
      "steps": 19,
      "ms": 387
    },
    {
      "seed": 20629712,
      "liveWin": false,
      "liveSeat": 1,
      "steps": 28,
      "ms": 269
    },
    {
      "seed": 20639685,
      "liveWin": false,
      "liveSeat": 0,
      "steps": 18,
      "ms": 290
    },
    {
      "seed": 20639685,
      "liveWin": true,
      "liveSeat": 1,
      "steps": 18,
      "ms": 283
    },
    {
      "seed": 20649658,
      "liveWin": true,
      "liveSeat": 0,
      "steps": 19,
      "ms": 219
    },
    {
      "seed": 20649658,
      "liveWin": false,
      "liveSeat": 1,
      "steps": 25,
      "ms": 169
    }
  ],
  "lossSeeds": [
    20260711,
    20270684,
    20300603,
    20320549,
    20340495,
    20360441,
    20370414,
    20380387,
    20430252,
    20450198,
    20460171,
    20490090,
    20520009,
    20520009,
    20529982,
    20539955,
    20549928,
    20559901,
    20569874,
    20579847,
    20589820,
    20599793,
    20609766,
    20619739,
    20629712,
    20629712,
    20639685,
    20649658
  ],
  "target": 0.7,
  "passed": false
}
wrote /Users/johnhoang/Developer/Grok/tieng-len/evolve/probe-p_mbntie_all-vs-v91-fair-both-n80.json
