{"start":true,"freeze":"v91","chall":"p_mbnest_cn","live":{"id":"v9.1-probe-mbnest_cn","stamped":"2026-07-13T02:50:38Z","label":"Grandmaster v9.1-probe mbnest_cn"},"freezeBuild":{"id":"v9.1","stamped":"2026-07-13T02:50:38Z","label":"Grandmaster v9.1 (ladder freeze)"},"games":50,"seed0":20260711,"protocol":"fair-hidden-gm-BR-both-equal","opts":{"difficulty":"grandmaster","useSearch":true,"perfectInfo":false,"hiddenInfo":true,"timeMs":150,"iterations":60,"maxSims":120,"brTrials":12,"bestResponse":true,"exactExploit":false,"exploit":true,"softSamples":4,"maxBranch":12,"mode":"auto","strongSelf":false}}
{"g":0,"seed":20260711,"liveWin":true,"liveSeat":0,"steps":18,"ms":495,"liveWins":1,"games":1,"wr":1}
{"g":1,"seed":20260711,"liveWin":false,"liveSeat":1,"steps":26,"ms":958,"liveWins":1,"games":2,"wr":0.5}
{"g":2,"seed":20270684,"liveWin":true,"liveSeat":0,"steps":17,"ms":456,"liveWins":2,"games":3,"wr":0.6666666666666666}
{"g":3,"seed":20270684,"liveWin":true,"liveSeat":1,"steps":22,"ms":507,"liveWins":3,"games":4,"wr":0.75}
{"g":4,"seed":20280657,"liveWin":true,"liveSeat":0,"steps":20,"ms":343,"liveWins":4,"games":5,"wr":0.8}
{"g":5,"seed":20280657,"liveWin":true,"liveSeat":1,"steps":19,"ms":261,"liveWins":5,"games":6,"wr":0.8333333333333334}
{"g":6,"seed":20290630,"liveWin":false,"liveSeat":0,"steps":20,"ms":193,"liveWins":5,"games":7,"wr":0.7142857142857143}
{"g":7,"seed":20290630,"liveWin":true,"liveSeat":1,"steps":20,"ms":195,"liveWins":6,"games":8,"wr":0.75}
{"g":8,"seed":20300603,"liveWin":false,"liveSeat":0,"steps":18,"ms":536,"liveWins":6,"games":9,"wr":0.6666666666666666}
{"g":9,"seed":20300603,"liveWin":true,"liveSeat":1,"steps":26,"ms":451,"liveWins":7,"games":10,"wr":0.7}
{"g":10,"seed":20310576,"liveWin":false,"liveSeat":0,"steps":16,"ms":281,"liveWins":7,"games":11,"wr":0.6363636363636364}
{"g":11,"seed":20310576,"liveWin":true,"liveSeat":1,"steps":18,"ms":249,"liveWins":8,"games":12,"wr":0.6666666666666666}
{"g":12,"seed":20320549,"liveWin":false,"liveSeat":0,"steps":11,"ms":145,"liveWins":8,"games":13,"wr":0.6153846153846154}
{"g":13,"seed":20320549,"liveWin":true,"liveSeat":1,"steps":27,"ms":513,"liveWins":9,"games":14,"wr":0.6428571428571429}
{"g":14,"seed":20330522,"liveWin":true,"liveSeat":0,"steps":21,"ms":346,"liveWins":10,"games":15,"wr":0.6666666666666666}
{"g":15,"seed":20330522,"liveWin":false,"liveSeat":1,"steps":21,"ms":498,"liveWins":10,"games":16,"wr":0.625}
{"g":16,"seed":20340495,"liveWin":false,"liveSeat":0,"steps":20,"ms":244,"liveWins":10,"games":17,"wr":0.5882352941176471}
{"g":17,"seed":20340495,"liveWin":true,"liveSeat":1,"steps":26,"ms":468,"liveWins":11,"games":18,"wr":0.6111111111111112}
{"g":18,"seed":20350468,"liveWin":false,"liveSeat":0,"steps":22,"ms":504,"liveWins":11,"games":19,"wr":0.5789473684210527}
{"g":19,"seed":20350468,"liveWin":true,"liveSeat":1,"steps":24,"ms":478,"liveWins":12,"games":20,"wr":0.6}
{"g":20,"seed":20360441,"liveWin":true,"liveSeat":0,"steps":18,"ms":500,"liveWins":13,"games":21,"wr":0.6190476190476191}
{"g":21,"seed":20360441,"liveWin":false,"liveSeat":1,"steps":18,"ms":316,"liveWins":13,"games":22,"wr":0.5909090909090909}
{"g":22,"seed":20370414,"liveWin":true,"liveSeat":0,"steps":18,"ms":194,"liveWins":14,"games":23,"wr":0.6086956521739131}
{"g":23,"seed":20370414,"liveWin":false,"liveSeat":1,"steps":20,"ms":209,"liveWins":14,"games":24,"wr":0.5833333333333334}
{"g":24,"seed":20380387,"liveWin":true,"liveSeat":0,"steps":5,"ms":157,"liveWins":15,"games":25,"wr":0.6}
{"g":25,"seed":20380387,"liveWin":true,"liveSeat":1,"steps":16,"ms":177,"liveWins":16,"games":26,"wr":0.6153846153846154}
{"g":26,"seed":20390360,"liveWin":true,"liveSeat":0,"steps":17,"ms":425,"liveWins":17,"games":27,"wr":0.6296296296296297}
{"g":27,"seed":20390360,"liveWin":true,"liveSeat":1,"steps":14,"ms":539,"liveWins":18,"games":28,"wr":0.6428571428571429}
{"g":28,"seed":20400333,"liveWin":true,"liveSeat":0,"steps":15,"ms":555,"liveWins":19,"games":29,"wr":0.6551724137931034}
{"g":29,"seed":20400333,"liveWin":true,"liveSeat":1,"steps":14,"ms":796,"liveWins":20,"games":30,"wr":0.6666666666666666}
{"g":30,"seed":20410306,"liveWin":true,"liveSeat":0,"steps":22,"ms":430,"liveWins":21,"games":31,"wr":0.6774193548387096}
{"g":31,"seed":20410306,"liveWin":true,"liveSeat":1,"steps":11,"ms":225,"liveWins":22,"games":32,"wr":0.6875}
{"g":32,"seed":20420279,"liveWin":true,"liveSeat":0,"steps":19,"ms":529,"liveWins":23,"games":33,"wr":0.696969696969697}
{"g":33,"seed":20420279,"liveWin":true,"liveSeat":1,"steps":20,"ms":462,"liveWins":24,"games":34,"wr":0.7058823529411765}
{"g":34,"seed":20430252,"liveWin":true,"liveSeat":0,"steps":7,"ms":250,"liveWins":25,"games":35,"wr":0.7142857142857143}
{"g":35,"seed":20430252,"liveWin":true,"liveSeat":1,"steps":18,"ms":253,"liveWins":26,"games":36,"wr":0.7222222222222222}
{"g":36,"seed":20440225,"liveWin":true,"liveSeat":0,"steps":17,"ms":574,"liveWins":27,"games":37,"wr":0.7297297297297297}
{"g":37,"seed":20440225,"liveWin":true,"liveSeat":1,"steps":26,"ms":703,"liveWins":28,"games":38,"wr":0.7368421052631579}
{"g":38,"seed":20450198,"liveWin":true,"liveSeat":0,"steps":14,"ms":313,"liveWins":29,"games":39,"wr":0.7435897435897436}
{"g":39,"seed":20450198,"liveWin":false,"liveSeat":1,"steps":16,"ms":825,"liveWins":29,"games":40,"wr":0.725}
{"g":40,"seed":20460171,"liveWin":false,"liveSeat":0,"steps":19,"ms":91,"liveWins":29,"games":41,"wr":0.7073170731707317}
{"g":41,"seed":20460171,"liveWin":true,"liveSeat":1,"steps":19,"ms":222,"liveWins":30,"games":42,"wr":0.7142857142857143}
{"g":42,"seed":20470144,"liveWin":true,"liveSeat":0,"steps":26,"ms":815,"liveWins":31,"games":43,"wr":0.7209302325581395}
{"g":43,"seed":20470144,"liveWin":true,"liveSeat":1,"steps":17,"ms":616,"liveWins":32,"games":44,"wr":0.7272727272727273}
{"g":44,"seed":20480117,"liveWin":true,"liveSeat":0,"steps":18,"ms":538,"liveWins":33,"games":45,"wr":0.7333333333333333}
{"g":45,"seed":20480117,"liveWin":true,"liveSeat":1,"steps":21,"ms":303,"liveWins":34,"games":46,"wr":0.7391304347826086}
{"g":46,"seed":20490090,"liveWin":false,"liveSeat":0,"steps":19,"ms":488,"liveWins":34,"games":47,"wr":0.723404255319149}
{"g":47,"seed":20490090,"liveWin":true,"liveSeat":1,"steps":15,"ms":422,"liveWins":35,"games":48,"wr":0.7291666666666666}
{"g":48,"seed":20500063,"liveWin":false,"liveSeat":0,"steps":28,"ms":698,"liveWins":35,"games":49,"wr":0.7142857142857143}
{"g":49,"seed":20500063,"liveWin":false,"liveSeat":1,"steps":17,"ms":274,"liveWins":35,"games":50,"wr":0.7}
{"g":50,"seed":20510036,"liveWin":false,"liveSeat":0,"steps":17,"ms":293,"liveWins":35,"games":51,"wr":0.6862745098039216}
{"g":51,"seed":20510036,"liveWin":true,"liveSeat":1,"steps":19,"ms":420,"liveWins":36,"games":52,"wr":0.6923076923076923}
{"g":52,"seed":20520009,"liveWin":false,"liveSeat":0,"steps":22,"ms":275,"liveWins":36,"games":53,"wr":0.6792452830188679}
{"g":53,"seed":20520009,"liveWin":false,"liveSeat":1,"steps":13,"ms":288,"liveWins":36,"games":54,"wr":0.6666666666666666}
{"g":54,"seed":20529982,"liveWin":true,"liveSeat":0,"steps":14,"ms":336,"liveWins":37,"games":55,"wr":0.6727272727272727}
{"g":55,"seed":20529982,"liveWin":false,"liveSeat":1,"steps":16,"ms":292,"liveWins":37,"games":56,"wr":0.6607142857142857}
{"g":56,"seed":20539955,"liveWin":true,"liveSeat":0,"steps":14,"ms":88,"liveWins":38,"games":57,"wr":0.6666666666666666}
{"g":57,"seed":20539955,"liveWin":false,"liveSeat":1,"steps":14,"ms":185,"liveWins":38,"games":58,"wr":0.6551724137931034}
{"g":58,"seed":20549928,"liveWin":false,"liveSeat":0,"steps":12,"ms":231,"liveWins":38,"games":59,"wr":0.6440677966101694}
{"g":59,"seed":20549928,"liveWin":true,"liveSeat":1,"steps":10,"ms":182,"liveWins":39,"games":60,"wr":0.65}
{"g":60,"seed":20559901,"liveWin":false,"liveSeat":0,"steps":23,"ms":233,"liveWins":39,"games":61,"wr":0.639344262295082}
{"g":61,"seed":20559901,"liveWin":true,"liveSeat":1,"steps":23,"ms":137,"liveWins":40,"games":62,"wr":0.6451612903225806}
{"g":62,"seed":20569874,"liveWin":true,"liveSeat":0,"steps":15,"ms":287,"liveWins":41,"games":63,"wr":0.6507936507936508}
{"g":63,"seed":20569874,"liveWin":false,"liveSeat":1,"steps":13,"ms":198,"liveWins":41,"games":64,"wr":0.640625}
{"g":64,"seed":20579847,"liveWin":false,"liveSeat":0,"steps":22,"ms":469,"liveWins":41,"games":65,"wr":0.6307692307692307}
{"g":65,"seed":20579847,"liveWin":false,"liveSeat":1,"steps":21,"ms":550,"liveWins":41,"games":66,"wr":0.6212121212121212}
{"g":66,"seed":20589820,"liveWin":false,"liveSeat":0,"steps":18,"ms":233,"liveWins":41,"games":67,"wr":0.6119402985074627}
{"g":67,"seed":20589820,"liveWin":true,"liveSeat":1,"steps":18,"ms":309,"liveWins":42,"games":68,"wr":0.6176470588235294}
{"g":68,"seed":20599793,"liveWin":true,"liveSeat":0,"steps":20,"ms":308,"liveWins":43,"games":69,"wr":0.6231884057971014}
{"g":69,"seed":20599793,"liveWin":true,"liveSeat":1,"steps":21,"ms":226,"liveWins":44,"games":70,"wr":0.6285714285714286}
{"g":70,"seed":20609766,"liveWin":false,"liveSeat":0,"steps":25,"ms":379,"liveWins":44,"games":71,"wr":0.6197183098591549}
{"g":71,"seed":20609766,"liveWin":true,"liveSeat":1,"steps":25,"ms":336,"liveWins":45,"games":72,"wr":0.625}
{"g":72,"seed":20619739,"liveWin":true,"liveSeat":0,"steps":19,"ms":165,"liveWins":46,"games":73,"wr":0.6301369863013698}
{"g":73,"seed":20619739,"liveWin":false,"liveSeat":1,"steps":19,"ms":112,"liveWins":46,"games":74,"wr":0.6216216216216216}
{"g":74,"seed":20629712,"liveWin":false,"liveSeat":0,"steps":13,"ms":336,"liveWins":46,"games":75,"wr":0.6133333333333333}
{"g":75,"seed":20629712,"liveWin":false,"liveSeat":1,"steps":28,"ms":451,"liveWins":46,"games":76,"wr":0.6052631578947368}
{"g":76,"seed":20639685,"liveWin":false,"liveSeat":0,"steps":18,"ms":461,"liveWins":46,"games":77,"wr":0.5974025974025974}
{"g":77,"seed":20639685,"liveWin":true,"liveSeat":1,"steps":18,"ms":298,"liveWins":47,"games":78,"wr":0.6025641025641025}
{"g":78,"seed":20649658,"liveWin":true,"liveSeat":0,"steps":25,"ms":465,"liveWins":48,"games":79,"wr":0.6075949367088608}
{"g":79,"seed":20649658,"liveWin":false,"liveSeat":1,"steps":25,"ms":267,"liveWins":48,"games":80,"wr":0.6}
{"g":80,"seed":20659631,"liveWin":true,"liveSeat":0,"steps":20,"ms":251,"liveWins":49,"games":81,"wr":0.6049382716049383}
{"g":81,"seed":20659631,"liveWin":false,"liveSeat":1,"steps":20,"ms":439,"liveWins":49,"games":82,"wr":0.5975609756097561}
{"g":82,"seed":20669604,"liveWin":false,"liveSeat":0,"steps":16,"ms":343,"liveWins":49,"games":83,"wr":0.5903614457831325}
{"g":83,"seed":20669604,"liveWin":true,"liveSeat":1,"steps":12,"ms":156,"liveWins":50,"games":84,"wr":0.5952380952380952}
{"g":84,"seed":20679577,"liveWin":false,"liveSeat":0,"steps":14,"ms":108,"liveWins":50,"games":85,"wr":0.5882352941176471}
{"g":85,"seed":20679577,"liveWin":true,"liveSeat":1,"steps":18,"ms":102,"liveWins":51,"games":86,"wr":0.5930232558139535}
{"g":86,"seed":20689550,"liveWin":true,"liveSeat":0,"steps":19,"ms":468,"liveWins":52,"games":87,"wr":0.5977011494252874}
{"g":87,"seed":20689550,"liveWin":true,"liveSeat":1,"steps":10,"ms":227,"liveWins":53,"games":88,"wr":0.6022727272727273}
{"g":88,"seed":20699523,"liveWin":false,"liveSeat":0,"steps":10,"ms":859,"liveWins":53,"games":89,"wr":0.5955056179775281}
{"g":89,"seed":20699523,"liveWin":true,"liveSeat":1,"steps":12,"ms":213,"liveWins":54,"games":90,"wr":0.6}
{"g":90,"seed":20709496,"liveWin":false,"liveSeat":0,"steps":12,"ms":200,"liveWins":54,"games":91,"wr":0.5934065934065934}
{"g":91,"seed":20709496,"liveWin":true,"liveSeat":1,"steps":12,"ms":86,"liveWins":55,"games":92,"wr":0.5978260869565217}
{"g":92,"seed":20719469,"liveWin":true,"liveSeat":0,"steps":24,"ms":270,"liveWins":56,"games":93,"wr":0.6021505376344086}
{"g":93,"seed":20719469,"liveWin":false,"liveSeat":1,"steps":22,"ms":293,"liveWins":56,"games":94,"wr":0.5957446808510638}
{"g":94,"seed":20729442,"liveWin":false,"liveSeat":0,"steps":16,"ms":141,"liveWins":56,"games":95,"wr":0.5894736842105263}
{"g":95,"seed":20729442,"liveWin":true,"liveSeat":1,"steps":14,"ms":84,"liveWins":57,"games":96,"wr":0.59375}
{"g":96,"seed":20739415,"liveWin":false,"liveSeat":0,"steps":21,"ms":160,"liveWins":57,"games":97,"wr":0.5876288659793815}
{"g":97,"seed":20739415,"liveWin":false,"liveSeat":1,"steps":22,"ms":260,"liveWins":57,"games":98,"wr":0.5816326530612245}
{"g":98,"seed":20749388,"liveWin":false,"liveSeat":0,"steps":19,"ms":146,"liveWins":57,"games":99,"wr":0.5757575757575758}
{"g":99,"seed":20749388,"liveWin":true,"liveSeat":1,"steps":19,"ms":305,"liveWins":58,"games":100,"wr":0.58}
=== FINAL ===
{
  "protocol": "fair-hidden-gm-BR-both-equal",
  "infoModel": "hidden",
  "perfectInfo": false,
  "hiddenInfo": true,
  "brBoth": true,
  "equalBudget": true,
  "games": 100,
  "liveWins": 58,
  "freezeWins": 42,
  "liveWinRate": 0.58,
  "seed0": 20260711,
  "ms": 34970,
  "live": {
    "id": "v9.1-probe-mbnest_cn",
    "stamped": "2026-07-13T02:50:38Z",
    "label": "Grandmaster v9.1-probe mbnest_cn"
  },
  "freeze": {
    "id": "v9.1",
    "stamped": "2026-07-13T02:50:38Z",
    "label": "Grandmaster v9.1 (ladder freeze)"
  },
  "freezeTag": "v91",
  "challTag": "p_mbnest_cn",
  "opts": {
    "difficulty": "grandmaster",
    "useSearch": true,
    "perfectInfo": false,
    "hiddenInfo": true,
    "timeMs": 150,
    "iterations": 60,
    "maxSims": 120,
    "brTrials": 12,
    "bestResponse": true,
    "exactExploit": false,
    "exploit": true,
    "softSamples": 4,
    "maxBranch": 12,
    "mode": "auto",
    "strongSelf": false
  },
  "perGame": [
    {
      "seed": 20260711,
      "liveWin": true,
      "liveSeat": 0,
      "steps": 18,
      "ms": 495
    },
    {
      "seed": 20260711,
      "liveWin": false,
      "liveSeat": 1,
      "steps": 26,
      "ms": 958
    },
    {
      "seed": 20270684,
      "liveWin": true,
      "liveSeat": 0,
      "steps": 17,
      "ms": 456
    },
    {
      "seed": 20270684,
      "liveWin": true,
      "liveSeat": 1,
      "steps": 22,
      "ms": 507
    },
    {
      "seed": 20280657,
      "liveWin": true,
      "liveSeat": 0,
      "steps": 20,
      "ms": 343
    },
    {
      "seed": 20280657,
      "liveWin": true,
      "liveSeat": 1,
      "steps": 19,
      "ms": 261
    },
    {
      "seed": 20290630,
      "liveWin": false,
      "liveSeat": 0,
      "steps": 20,
      "ms": 193
    },
    {
      "seed": 20290630,
      "liveWin": true,
      "liveSeat": 1,
      "steps": 20,
      "ms": 195
    },
    {
      "seed": 20300603,
      "liveWin": false,
      "liveSeat": 0,
      "steps": 18,
      "ms": 536
    },
    {
      "seed": 20300603,
      "liveWin": true,
      "liveSeat": 1,
      "steps": 26,
      "ms": 451
    },
    {
      "seed": 20310576,
      "liveWin": false,
      "liveSeat": 0,
      "steps": 16,
      "ms": 281
    },
    {
      "seed": 20310576,
      "liveWin": true,
      "liveSeat": 1,
      "steps": 18,
      "ms": 249
    },
    {
      "seed": 20320549,
      "liveWin": false,
      "liveSeat": 0,
      "steps": 11,
      "ms": 145
    },
    {
      "seed": 20320549,
      "liveWin": true,
      "liveSeat": 1,
      "steps": 27,
      "ms": 513
    },
    {
      "seed": 20330522,
      "liveWin": true,
      "liveSeat": 0,
      "steps": 21,
      "ms": 346
    },
    {
      "seed": 20330522,
      "liveWin": false,
      "liveSeat": 1,
      "steps": 21,
      "ms": 498
    },
    {
      "seed": 20340495,
      "liveWin": false,
      "liveSeat": 0,
      "steps": 20,
      "ms": 244
    },
    {
      "seed": 20340495,
      "liveWin": true,
      "liveSeat": 1,
      "steps": 26,
      "ms": 468
    },
    {
      "seed": 20350468,
      "liveWin": false,
      "liveSeat": 0,
      "steps": 22,
      "ms": 504
    },
    {
      "seed": 20350468,
      "liveWin": true,
      "liveSeat": 1,
      "steps": 24,
      "ms": 478
    },
    {
      "seed": 20360441,
      "liveWin": true,
      "liveSeat": 0,
      "steps": 18,
      "ms": 500
    },
    {
      "seed": 20360441,
      "liveWin": false,
      "liveSeat": 1,
      "steps": 18,
      "ms": 316
    },
    {
      "seed": 20370414,
      "liveWin": true,
      "liveSeat": 0,
      "steps": 18,
      "ms": 194
    },
    {
      "seed": 20370414,
      "liveWin": false,
      "liveSeat": 1,
      "steps": 20,
      "ms": 209
    },
    {
      "seed": 20380387,
      "liveWin": true,
      "liveSeat": 0,
      "steps": 5,
      "ms": 157
    },
    {
      "seed": 20380387,
      "liveWin": true,
      "liveSeat": 1,
      "steps": 16,
      "ms": 177
    },
    {
      "seed": 20390360,
      "liveWin": true,
      "liveSeat": 0,
      "steps": 17,
      "ms": 425
    },
    {
      "seed": 20390360,
      "liveWin": true,
      "liveSeat": 1,
      "steps": 14,
      "ms": 539
    },
    {
      "seed": 20400333,
      "liveWin": true,
      "liveSeat": 0,
      "steps": 15,
      "ms": 555
    },
    {
      "seed": 20400333,
      "liveWin": true,
      "liveSeat": 1,
      "steps": 14,
      "ms": 796
    },
    {
      "seed": 20410306,
      "liveWin": true,
      "liveSeat": 0,
      "steps": 22,
      "ms": 430
    },
    {
      "seed": 20410306,
      "liveWin": true,
      "liveSeat": 1,
      "steps": 11,
      "ms": 225
    },
    {
      "seed": 20420279,
      "liveWin": true,
      "liveSeat": 0,
      "steps": 19,
      "ms": 529
    },
    {
      "seed": 20420279,
      "liveWin": true,
      "liveSeat": 1,
      "steps": 20,
      "ms": 462
    },
    {
      "seed": 20430252,
      "liveWin": true,
      "liveSeat": 0,
      "steps": 7,
      "ms": 250
    },
    {
      "seed": 20430252,
      "liveWin": true,
      "liveSeat": 1,
      "steps": 18,
      "ms": 253
    },
    {
      "seed": 20440225,
      "liveWin": true,
      "liveSeat": 0,
      "steps": 17,
      "ms": 574
    },
    {
      "seed": 20440225,
      "liveWin": true,
      "liveSeat": 1,
      "steps": 26,
      "ms": 703
    },
    {
      "seed": 20450198,
      "liveWin": true,
      "liveSeat": 0,
      "steps": 14,
      "ms": 313
    },
    {
      "seed": 20450198,
      "liveWin": false,
      "liveSeat": 1,
      "steps": 16,
      "ms": 825
    },
    {
      "seed": 20460171,
      "liveWin": false,
      "liveSeat": 0,
      "steps": 19,
      "ms": 91
    },
    {
      "seed": 20460171,
      "liveWin": true,
      "liveSeat": 1,
      "steps": 19,
      "ms": 222
    },
    {
      "seed": 20470144,
      "liveWin": true,
      "liveSeat": 0,
      "steps": 26,
      "ms": 815
    },
    {
      "seed": 20470144,
      "liveWin": true,
      "liveSeat": 1,
      "steps": 17,
      "ms": 616
    },
    {
      "seed": 20480117,
      "liveWin": true,
      "liveSeat": 0,
      "steps": 18,
      "ms": 538
    },
    {
      "seed": 20480117,
      "liveWin": true,
      "liveSeat": 1,
      "steps": 21,
      "ms": 303
    },
    {
      "seed": 20490090,
      "liveWin": false,
      "liveSeat": 0,
      "steps": 19,
      "ms": 488
    },
    {
      "seed": 20490090,
      "liveWin": true,
      "liveSeat": 1,
      "steps": 15,
      "ms": 422
    },
    {
      "seed": 20500063,
      "liveWin": false,
      "liveSeat": 0,
      "steps": 28,
      "ms": 698
    },
    {
      "seed": 20500063,
      "liveWin": false,
      "liveSeat": 1,
      "steps": 17,
      "ms": 274
    },
    {
      "seed": 20510036,
      "liveWin": false,
      "liveSeat": 0,
      "steps": 17,
      "ms": 293
    },
    {
      "seed": 20510036,
      "liveWin": true,
      "liveSeat": 1,
      "steps": 19,
      "ms": 420
    },
    {
      "seed": 20520009,
      "liveWin": false,
      "liveSeat": 0,
      "steps": 22,
      "ms": 275
    },
    {
      "seed": 20520009,
      "liveWin": false,
      "liveSeat": 1,
      "steps": 13,
      "ms": 288
    },
    {
      "seed": 20529982,
      "liveWin": true,
      "liveSeat": 0,
      "steps": 14,
      "ms": 336
    },
    {
      "seed": 20529982,
      "liveWin": false,
      "liveSeat": 1,
      "steps": 16,
      "ms": 292
    },
    {
      "seed": 20539955,
      "liveWin": true,
      "liveSeat": 0,
      "steps": 14,
      "ms": 88
    },
    {
      "seed": 20539955,
      "liveWin": false,
      "liveSeat": 1,
      "steps": 14,
      "ms": 185
    },
    {
      "seed": 20549928,
      "liveWin": false,
      "liveSeat": 0,
      "steps": 12,
      "ms": 231
    },
    {
      "seed": 20549928,
      "liveWin": true,
      "liveSeat": 1,
      "steps": 10,
      "ms": 182
    },
    {
      "seed": 20559901,
      "liveWin": false,
      "liveSeat": 0,
      "steps": 23,
      "ms": 233
    },
    {
      "seed": 20559901,
      "liveWin": true,
      "liveSeat": 1,
      "steps": 23,
      "ms": 137
    },
    {
      "seed": 20569874,
      "liveWin": true,
      "liveSeat": 0,
      "steps": 15,
      "ms": 287
    },
    {
      "seed": 20569874,
      "liveWin": false,
      "liveSeat": 1,
      "steps": 13,
      "ms": 198
    },
    {
      "seed": 20579847,
      "liveWin": false,
      "liveSeat": 0,
      "steps": 22,
      "ms": 469
    },
    {
      "seed": 20579847,
      "liveWin": false,
      "liveSeat": 1,
      "steps": 21,
      "ms": 550
    },
    {
      "seed": 20589820,
      "liveWin": false,
      "liveSeat": 0,
      "steps": 18,
      "ms": 233
    },
    {
      "seed": 20589820,
      "liveWin": true,
      "liveSeat": 1,
      "steps": 18,
      "ms": 309
    },
    {
      "seed": 20599793,
      "liveWin": true,
      "liveSeat": 0,
      "steps": 20,
      "ms": 308
    },
    {
      "seed": 20599793,
      "liveWin": true,
      "liveSeat": 1,
      "steps": 21,
      "ms": 226
    },
    {
      "seed": 20609766,
      "liveWin": false,
      "liveSeat": 0,
      "steps": 25,
      "ms": 379
    },
    {
      "seed": 20609766,
      "liveWin": true,
      "liveSeat": 1,
      "steps": 25,
      "ms": 336
    },
    {
      "seed": 20619739,
      "liveWin": true,
      "liveSeat": 0,
      "steps": 19,
      "ms": 165
    },
    {
      "seed": 20619739,
      "liveWin": false,
      "liveSeat": 1,
      "steps": 19,
      "ms": 112
    },
    {
      "seed": 20629712,
      "liveWin": false,
      "liveSeat": 0,
      "steps": 13,
      "ms": 336
    },
    {
      "seed": 20629712,
      "liveWin": false,
      "liveSeat": 1,
      "steps": 28,
      "ms": 451
    },
    {
      "seed": 20639685,
      "liveWin": false,
      "liveSeat": 0,
      "steps": 18,
      "ms": 461
    },
    {
      "seed": 20639685,
      "liveWin": true,
      "liveSeat": 1,
      "steps": 18,
      "ms": 298
    },
    {
      "seed": 20649658,
      "liveWin": true,
      "liveSeat": 0,
      "steps": 25,
      "ms": 465
    },
    {
      "seed": 20649658,
      "liveWin": false,
      "liveSeat": 1,
      "steps": 25,
      "ms": 267
    },
    {
      "seed": 20659631,
      "liveWin": true,
      "liveSeat": 0,
      "steps": 20,
      "ms": 251
    },
    {
      "seed": 20659631,
      "liveWin": false,
      "liveSeat": 1,
      "steps": 20,
      "ms": 439
    },
    {
      "seed": 20669604,
      "liveWin": false,
      "liveSeat": 0,
      "steps": 16,
      "ms": 343
    },
    {
      "seed": 20669604,
      "liveWin": true,
      "liveSeat": 1,
      "steps": 12,
      "ms": 156
    },
    {
      "seed": 20679577,
      "liveWin": false,
      "liveSeat": 0,
      "steps": 14,
      "ms": 108
    },
    {
      "seed": 20679577,
      "liveWin": true,
      "liveSeat": 1,
      "steps": 18,
      "ms": 102
    },
    {
      "seed": 20689550,
      "liveWin": true,
      "liveSeat": 0,
      "steps": 19,
      "ms": 468
    },
    {
      "seed": 20689550,
      "liveWin": true,
      "liveSeat": 1,
      "steps": 10,
      "ms": 227
    },
    {
      "seed": 20699523,
      "liveWin": false,
      "liveSeat": 0,
      "steps": 10,
      "ms": 859
    },
    {
      "seed": 20699523,
      "liveWin": true,
      "liveSeat": 1,
      "steps": 12,
      "ms": 213
    },
    {
      "seed": 20709496,
      "liveWin": false,
      "liveSeat": 0,
      "steps": 12,
      "ms": 200
    },
    {
      "seed": 20709496,
      "liveWin": true,
      "liveSeat": 1,
      "steps": 12,
      "ms": 86
    },
    {
      "seed": 20719469,
      "liveWin": true,
      "liveSeat": 0,
      "steps": 24,
      "ms": 270
    },
    {
      "seed": 20719469,
      "liveWin": false,
      "liveSeat": 1,
      "steps": 22,
      "ms": 293
    },
    {
      "seed": 20729442,
      "liveWin": false,
      "liveSeat": 0,
      "steps": 16,
      "ms": 141
    },
    {
      "seed": 20729442,
      "liveWin": true,
      "liveSeat": 1,
      "steps": 14,
      "ms": 84
    },
    {
      "seed": 20739415,
      "liveWin": false,
      "liveSeat": 0,
      "steps": 21,
      "ms": 160
    },
    {
      "seed": 20739415,
      "liveWin": false,
      "liveSeat": 1,
      "steps": 22,
      "ms": 260
    },
    {
      "seed": 20749388,
      "liveWin": false,
      "liveSeat": 0,
      "steps": 19,
      "ms": 146
    },
    {
      "seed": 20749388,
      "liveWin": true,
      "liveSeat": 1,
      "steps": 19,
      "ms": 305
    }
  ],
  "lossSeeds": [
    20260711,
    20290630,
    20300603,
    20310576,
    20320549,
    20330522,
    20340495,
    20350468,
    20360441,
    20370414,
    20450198,
    20460171,
    20490090,
    20500063,
    20500063,
    20510036,
    20520009,
    20520009,
    20529982,
    20539955,
    20549928,
    20559901,
    20569874,
    20579847,
    20579847,
    20589820,
    20609766,
    20619739,
    20629712,
    20629712,
    20639685,
    20649658,
    20659631,
    20669604,
    20679577,
    20699523,
    20709496,
    20719469,
    20729442,
    20739415,
    20739415,
    20749388
  ],
  "target": 0.7,
  "passed": false
}
wrote /Users/johnhoang/Developer/Grok/tieng-len/evolve/probe-p_mbnest_cn-vs-v91-fair-both-n100.json
