=== live vs freeze v91 games=1 target=0 ===
live build { id: 'v9.1',
  stamped: '2026-07-13T02:50:38Z',
  label: 'Grandmaster v9.1 (ladder freeze)' }
freeze build { id: 'v9.1',
  stamped: '2026-07-13T02:50:38Z',
  label: 'Grandmaster v9.1 (ladder freeze)' }
live opts { difficulty: 'grandmaster',
  timeMs: 150,
  iterations: 80,
  maxSims: 160,
  brTrials: 16,
  bestResponse: true,
  useSearch: true,
  perfectInfo: false,
  hiddenInfo: true,
  maxBranch: 20,
  dualSelf: false,
  exactExploit: false,
  mode: 'auto',
  combatRoot: false,
  flRoot: false,
  softSamples: 4,
  exploit: true }
freeze opts { difficulty: 'grandmaster',
  useSearch: true,
  perfectInfo: false,
  hiddenInfo: true,
  timeMs: 80,
  iterations: 40,
  maxSims: 80,
  bestResponse: false,
  maxBranch: 16,
  mode: 'auto',
  combatRoot: false,
  flRoot: false,
  dualSelf: false,
  exactExploit: false,
  softSamples: 0,
  exploit: false }
opponentFreeze policies/v91-ai.js + search
protocol { freezeDifficulty: 'grandmaster',
  liveDifficulty: 'grandmaster',
  infoModel: 'HIDDEN (ship)',
  livePerfect: false,
  freezePerfect: false,
  liveHidden: true,
  freezeHidden: true,
  brModel: 'freeze-expert-cheap',
  equalBudget: false,
  identityBaseline: null,
  minDeltaWins: null }
