{"start":true,"freeze":"v91","chall":"custom","live":{"id":"v9.2-probe","stamped":"2026-07-14T02:46:00Z","label":"Grandmaster v9.2-probe (structure + FL short)"},"freezeBuild":{"id":"v9.1","stamped":"2026-07-13T02:50:38Z","label":"Grandmaster v9.1 (ladder freeze)"},"games":20,"seed0":20260711,"protocol":"fair-hidden-gm-BR-both-equal","opts":{"difficulty":"grandmaster","useSearch":true,"perfectInfo":false,"hiddenInfo":true,"timeMs":120,"iterations":60,"maxSims":120,"brTrials":12,"bestResponse":true,"exactExploit":false,"exploit":false,"softSamples":0,"maxBranch":12,"mode":"auto","strongSelf":false}}
{"g":0,"seed":20260711,"liveWin":false,"steps":18,"ms":353,"liveWins":0,"games":1,"wr":0}
{"g":1,"seed":20270684,"liveWin":false,"steps":22,"ms":430,"liveWins":0,"games":2,"wr":0}
{"g":2,"seed":20280657,"liveWin":false,"steps":20,"ms":234,"liveWins":0,"games":3,"wr":0}
{"g":3,"seed":20290630,"liveWin":true,"steps":17,"ms":132,"liveWins":1,"games":4,"wr":0.25}
{"g":4,"seed":20300603,"liveWin":true,"steps":18,"ms":385,"liveWins":2,"games":5,"wr":0.4}
{"g":5,"seed":20310576,"liveWin":false,"steps":14,"ms":163,"liveWins":2,"games":6,"wr":0.3333333333333333}
{"g":6,"seed":20320549,"liveWin":true,"steps":11,"ms":128,"liveWins":3,"games":7,"wr":0.42857142857142855}
{"g":7,"seed":20330522,"liveWin":false,"steps":14,"ms":330,"liveWins":3,"games":8,"wr":0.375}
{"g":8,"seed":20340495,"liveWin":true,"steps":20,"ms":201,"liveWins":4,"games":9,"wr":0.4444444444444444}
{"g":9,"seed":20350468,"liveWin":false,"steps":22,"ms":236,"liveWins":4,"games":10,"wr":0.4}
{"g":10,"seed":20360441,"liveWin":false,"steps":18,"ms":339,"liveWins":4,"games":11,"wr":0.36363636363636365}
{"g":11,"seed":20370414,"liveWin":true,"steps":20,"ms":163,"liveWins":5,"games":12,"wr":0.4166666666666667}
{"g":12,"seed":20380387,"liveWin":true,"steps":16,"ms":377,"liveWins":6,"games":13,"wr":0.46153846153846156}
{"g":13,"seed":20390360,"liveWin":false,"steps":12,"ms":354,"liveWins":6,"games":14,"wr":0.42857142857142855}
{"g":14,"seed":20400333,"liveWin":false,"steps":15,"ms":264,"liveWins":6,"games":15,"wr":0.4}
{"g":15,"seed":20410306,"liveWin":false,"steps":11,"ms":381,"liveWins":6,"games":16,"wr":0.375}
{"g":16,"seed":20420279,"liveWin":true,"steps":20,"ms":338,"liveWins":7,"games":17,"wr":0.4117647058823529}
{"g":17,"seed":20430252,"liveWin":false,"steps":16,"ms":198,"liveWins":7,"games":18,"wr":0.3888888888888889}
{"g":18,"seed":20440225,"liveWin":false,"steps":17,"ms":358,"liveWins":7,"games":19,"wr":0.3684210526315789}
{"g":19,"seed":20450198,"liveWin":true,"steps":14,"ms":160,"liveWins":8,"games":20,"wr":0.4}
=== FINAL ===
{
  "protocol": "fair-hidden-gm-BR-both-equal",
  "infoModel": "hidden",
  "perfectInfo": false,
  "hiddenInfo": true,
  "brBoth": true,
  "equalBudget": true,
  "games": 20,
  "liveWins": 8,
  "freezeWins": 12,
  "liveWinRate": 0.4,
  "seed0": 20260711,
  "ms": 5530,
  "live": {
    "id": "v9.2-probe",
    "stamped": "2026-07-14T02:46:00Z",
    "label": "Grandmaster v9.2-probe (structure + FL short)"
  },
  "freeze": {
    "id": "v9.1",
    "stamped": "2026-07-13T02:50:38Z",
    "label": "Grandmaster v9.1 (ladder freeze)"
  },
  "freezeTag": "v91",
  "challTag": "custom",
  "opts": {
    "difficulty": "grandmaster",
    "useSearch": true,
    "perfectInfo": false,
    "hiddenInfo": true,
    "timeMs": 120,
    "iterations": 60,
    "maxSims": 120,
    "brTrials": 12,
    "bestResponse": true,
    "exactExploit": false,
    "exploit": false,
    "softSamples": 0,
    "maxBranch": 12,
    "mode": "auto",
    "strongSelf": false
  },
  "perGame": [
    {
      "seed": 20260711,
      "liveWin": false,
      "liveSeat": 1,
      "steps": 18,
      "ms": 353
    },
    {
      "seed": 20270684,
      "liveWin": false,
      "liveSeat": 0,
      "steps": 22,
      "ms": 430
    },
    {
      "seed": 20280657,
      "liveWin": false,
      "liveSeat": 1,
      "steps": 20,
      "ms": 234
    },
    {
      "seed": 20290630,
      "liveWin": true,
      "liveSeat": 0,
      "steps": 17,
      "ms": 132
    },
    {
      "seed": 20300603,
      "liveWin": true,
      "liveSeat": 1,
      "steps": 18,
      "ms": 385
    },
    {
      "seed": 20310576,
      "liveWin": false,
      "liveSeat": 0,
      "steps": 14,
      "ms": 163
    },
    {
      "seed": 20320549,
      "liveWin": true,
      "liveSeat": 1,
      "steps": 11,
      "ms": 128
    },
    {
      "seed": 20330522,
      "liveWin": false,
      "liveSeat": 0,
      "steps": 14,
      "ms": 330
    },
    {
      "seed": 20340495,
      "liveWin": true,
      "liveSeat": 1,
      "steps": 20,
      "ms": 201
    },
    {
      "seed": 20350468,
      "liveWin": false,
      "liveSeat": 0,
      "steps": 22,
      "ms": 236
    },
    {
      "seed": 20360441,
      "liveWin": false,
      "liveSeat": 1,
      "steps": 18,
      "ms": 339
    },
    {
      "seed": 20370414,
      "liveWin": true,
      "liveSeat": 0,
      "steps": 20,
      "ms": 163
    },
    {
      "seed": 20380387,
      "liveWin": true,
      "liveSeat": 1,
      "steps": 16,
      "ms": 377
    },
    {
      "seed": 20390360,
      "liveWin": false,
      "liveSeat": 0,
      "steps": 12,
      "ms": 354
    },
    {
      "seed": 20400333,
      "liveWin": false,
      "liveSeat": 1,
      "steps": 15,
      "ms": 264
    },
    {
      "seed": 20410306,
      "liveWin": false,
      "liveSeat": 0,
      "steps": 11,
      "ms": 381
    },
    {
      "seed": 20420279,
      "liveWin": true,
      "liveSeat": 1,
      "steps": 20,
      "ms": 338
    },
    {
      "seed": 20430252,
      "liveWin": false,
      "liveSeat": 0,
      "steps": 16,
      "ms": 198
    },
    {
      "seed": 20440225,
      "liveWin": false,
      "liveSeat": 1,
      "steps": 17,
      "ms": 358
    },
    {
      "seed": 20450198,
      "liveWin": true,
      "liveSeat": 0,
      "steps": 14,
      "ms": 160
    }
  ],
  "lossSeeds": [
    20260711,
    20270684,
    20280657,
    20310576,
    20330522,
    20350468,
    20360441,
    20390360,
    20400333,
    20410306,
    20430252,
    20440225
  ],
  "target": 0.7,
  "passed": false
}
wrote /Users/johnhoang/Developer/Grok/tieng-len/evolve/struct-fltrash-vs-v91-fair-n20.json
