=== v4 vs frozen v3.0 (2p single deals) games=1000 target=0.8 ===
v4 build { id: 'v4.0-hidden-constrained',
  stamped: '2026-07-10T16:00:00-07:00',
  label: 'Grandmaster v4.0' }
v30 build { id: 'v3.0-trash-control-endgame',
  stamped: '2026-07-10T10:30:00-07:00',
  label: 'Grandmaster v3.0' }
v4 opts { difficulty: 'hard',
  timeMs: 400,
  iterations: 120,
  maxSims: 280,
  brTrials: 48,
  bestResponse: true,
  useSearch: true,
  perfectInfo: true,
  hiddenInfo: false,
  determinizations: 1,
  maxBranch: 18,
  mode: 'auto' }
v30 opts { difficulty: 'easy', iterations: 0, mode: 'expert' }
{"games":25,"v4Wins":20,"v4WinRate":0.8,"ci95":{"p":0.8,"lo":0.6086866446346176,"hi":0.9113954589934752},"ms":107395,"gps":0.2327855114297686}
{"games":50,"v4Wins":40,"v4WinRate":0.8,"ci95":{"p":0.8,"lo":0.6696262789551477,"hi":0.8875637005402611},"ms":218882,"gps":0.2284335852194333}
{"games":75,"v4Wins":60,"v4WinRate":0.8,"ci95":{"p":0.8,"lo":0.695885054488383,"hi":0.8748796179687971},"ms":297556,"gps":0.25205339499119495}
{"games":100,"v4Wins":81,"v4WinRate":0.81,"ci95":{"p":0.81,"lo":0.7222097592919214,"hi":0.8748534600729575},"ms":375135,"gps":0.26657070121422954}
{"games":125,"v4Wins":101,"v4WinRate":0.808,"ci95":{"p":0.808,"lo":0.7301875145656831,"hi":0.8674455480476344},"ms":437134,"gps":0.2859535062475122}
{"games":150,"v4Wins":122,"v4WinRate":0.8133333333333334,"ci95":{"p":0.8133333333333334,"lo":0.7434413916324496,"hi":0.8675766945029001},"ms":493291,"gps":0.30408014741805545}
{"games":175,"v4Wins":140,"v4WinRate":0.8,"ci95":{"p":0.8,"lo":0.7345778940946592,"hi":0.8525338293522347},"ms":591981,"gps":0.29561759583500147}
{"games":200,"v4Wins":161,"v4WinRate":0.805,"ci95":{"p":0.805,"lo":0.744558352034882,"hi":0.8539455843549425},"ms":654154,"gps":0.30573840410667824}
{"games":225,"v4Wins":181,"v4WinRate":0.8044444444444444,"ci95":{"p":0.8044444444444444,"lo":0.7476909950028268,"hi":0.850976380159731},"ms":715766,"gps":0.3143485440772543}
{"games":250,"v4Wins":204,"v4WinRate":0.816,"ci95":{"p":0.816,"lo":0.7633102234972703,"hi":0.8591251850409677},"ms":814169,"gps":0.3070615560160114}
{"games":275,"v4Wins":225,"v4WinRate":0.8181818181818182,"ci95":{"p":0.8181818181818182,"lo":0.7683154121057568,"hi":0.8592810440901625},"ms":866368,"gps":0.3174170791164955}
{"games":300,"v4Wins":247,"v4WinRate":0.8233333333333334,"ci95":{"p":0.8233333333333334,"lo":0.7761666509606149,"hi":0.8623239309741828},"ms":922402,"gps":0.32523780304032296}
{"games":325,"v4Wins":268,"v4WinRate":0.8246153846153846,"ci95":{"p":0.8246153846153846,"lo":0.7795445858151967,"hi":0.8621017265735035},"ms":999629,"gps":0.32512061974992723}
{"games":350,"v4Wins":290,"v4WinRate":0.8285714285714286,"ci95":{"p":0.8285714285714286,"lo":0.785572735786311,"hi":0.8644356295387384},"ms":1060244,"gps":0.3301126910409302}
{"games":375,"v4Wins":308,"v4WinRate":0.8213333333333334,"ci95":{"p":0.8213333333333334,"lo":0.7793622654103873,"hi":0.8567875132833992},"ms":1165638,"gps":0.3217122296973846}
{"games":400,"v4Wins":322,"v4WinRate":0.805,"ci95":{"p":0.805,"lo":0.7633473269466908,"hi":0.8408499622875041},"ms":1237219,"gps":0.32330573649450906}
{"games":425,"v4Wins":344,"v4WinRate":0.8094117647058824,"ci95":{"p":0.8094117647058824,"lo":0.7693627427711835,"hi":0.8439173121488617},"ms":1346357,"gps":0.31566664710771364}
{"games":450,"v4Wins":360,"v4WinRate":0.8,"ci95":{"p":0.8,"lo":0.7605717400259762,"hi":0.8343494835903693},"ms":1432413,"gps":0.3141552052375956}
{"games":475,"v4Wins":381,"v4WinRate":0.8021052631578948,"ci95":{"p":0.8021052631578948,"lo":0.7639137582450101,"hi":0.8354493714412996},"ms":1495123,"gps":0.31769961401169}
{"games":500,"v4Wins":400,"v4WinRate":0.8,"ci95":{"p":0.8,"lo":0.7627101702740526,"hi":0.8327150586074054},"ms":1585462,"gps":0.31536548968061046}
{"games":525,"v4Wins":416,"v4WinRate":0.7923809523809524,"ci95":{"p":0.7923809523809524,"lo":0.7556222992727198,"hi":0.8248917903904232},"ms":1670168,"gps":0.314339635294174}
{"games":550,"v4Wins":438,"v4WinRate":0.7963636363636364,"ci95":{"p":0.7963636363636364,"lo":0.7607063027942823,"hi":0.8279096480479803},"ms":1776981,"gps":0.30951372018046336}
{"games":575,"v4Wins":458,"v4WinRate":0.7965217391304348,"ci95":{"p":0.7965217391304348,"lo":0.7616978311971051,"hi":0.8274097934103868},"ms":1896087,"gps":0.30325612696041904}
{"games":600,"v4Wins":474,"v4WinRate":0.79,"ci95":{"p":0.79,"lo":0.7556150851399188,"hi":0.8206949935297192},"ms":1968248,"gps":0.30483963402985803}
{"games":625,"v4Wins":495,"v4WinRate":0.792,"ci95":{"p":0.792,"lo":0.7584426575542687,"hi":0.8219896802554437},"ms":2074041,"gps":0.30134409107630944}
{"games":650,"v4Wins":515,"v4WinRate":0.7923076923076923,"ci95":{"p":0.7923076923076923,"lo":0.7594488406353667,"hi":0.8217316777042433},"ms":2161154,"gps":0.3007652393119602}
{"games":675,"v4Wins":534,"v4WinRate":0.7911111111111111,"ci95":{"p":0.7911111111111111,"lo":0.7588385975707445,"hi":0.820088798746747},"ms":2237709,"gps":0.30164780138972497}
{"games":700,"v4Wins":554,"v4WinRate":0.7914285714285715,"ci95":{"p":0.7914285714285715,"lo":0.7597798893537786,"hi":0.8198959922650403},"ms":2296496,"gps":0.30481220084859717}
{"games":725,"v4Wins":575,"v4WinRate":0.7931034482758621,"ci95":{"p":0.7931034482758621,"lo":0.7621089470094445,"hi":0.8210081527828835},"ms":2351735,"gps":0.3082830335900941}
{"games":750,"v4Wins":594,"v4WinRate":0.792,"ci95":{"p":0.792,"lo":0.7614996513942742,"hi":0.8195242666277612},"ms":2426691,"gps":0.3090628349468474}
{"games":775,"v4Wins":617,"v4WinRate":0.7961290322580645,"ci95":{"p":0.7961290322580645,"lo":0.7663362849275064,"hi":0.8230004942070442},"ms":2506922,"gps":0.30914404197657525}
{"games":800,"v4Wins":634,"v4WinRate":0.7925,"ci95":{"p":0.7925,"lo":0.7630336556851534,"hi":0.8191705994815361},"ms":2615410,"gps":0.3058793841118601}
{"games":825,"v4Wins":651,"v4WinRate":0.7890909090909091,"ci95":{"p":0.7890909090909091,"lo":0.7599451435273716,"hi":0.8155568583026522},"ms":2733339,"gps":0.3018286425503752}
{"games":850,"v4Wins":667,"v4WinRate":0.7847058823529411,"ci95":{"p":0.7847058823529411,"lo":0.7558251817998157,"hi":0.8110246882463379},"ms":2849914,"gps":0.29825461399887854}
{"games":875,"v4Wins":687,"v4WinRate":0.7851428571428571,"ci95":{"p":0.7851428571428571,"lo":0.7567128352804663,"hi":0.8110800411605216},"ms":2936759,"gps":0.29794749926704917}
{"games":900,"v4Wins":706,"v4WinRate":0.7844444444444445,"ci95":{"p":0.7844444444444445,"lo":0.7563998402337919,"hi":0.8100710989219186},"ms":3032289,"gps":0.2968054825908744}
{"games":925,"v4Wins":721,"v4WinRate":0.7794594594594595,"ci95":{"p":0.7794594594594595,"lo":0.751614545984445,"hi":0.8049927377547847},"ms":3093770,"gps":0.29898796613840073}
