=== v4 vs frozen v3.0 (2p single deals) games=1000 target=0.8 ===
v4 build { id: 'v4.0-hidden-constrained',
  stamped: '2026-07-10T16:00:00-07:00',
  label: 'Grandmaster v4.0' }
v30 build { id: 'v3.0-trash-control-endgame',
  stamped: '2026-07-10T10:30:00-07:00',
  label: 'Grandmaster v3.0' }
v4 opts { difficulty: 'hard',
  timeMs: 1500,
  iterations: 120,
  maxSims: 280,
  brTrials: 48,
  bestResponse: true,
  useSearch: true,
  perfectInfo: true,
  hiddenInfo: false,
  determinizations: 1,
  maxBranch: 18,
  mode: 'auto' }
v30 opts { difficulty: 'easy', iterations: 0, mode: 'expert' }
{"games":25,"v4Wins":19,"v4WinRate":0.76,"ci95":{"p":0.76,"lo":0.5656994004476144,"hi":0.8850384226967326},"ms":97407,"gps":0.25665506585768993}
{"games":50,"v4Wins":38,"v4WinRate":0.76,"ci95":{"p":0.76,"lo":0.6258705062480764,"hi":0.8570274759812778},"ms":170433,"gps":0.29337041535383407}
{"games":75,"v4Wins":57,"v4WinRate":0.76,"ci95":{"p":0.76,"lo":0.6522102034171384,"hi":0.8424525127124176},"ms":244578,"gps":0.3066506390599318}
{"games":100,"v4Wins":79,"v4WinRate":0.79,"ci95":{"p":0.79,"lo":0.7001985069803768,"hi":0.8583445046835422},"ms":286971,"gps":0.34846726672729994}
{"games":125,"v4Wins":96,"v4WinRate":0.768,"ci95":{"p":0.768,"lo":0.6866850458237092,"hi":0.8333333333333334},"ms":325412,"gps":0.3841284279620912}
{"games":150,"v4Wins":114,"v4WinRate":0.76,"ci95":{"p":0.76,"lo":0.6857071477257107,"hi":0.8213078599185155},"ms":358627,"gps":0.4182618709690012}
{"games":175,"v4Wins":132,"v4WinRate":0.7542857142857143,"ci95":{"p":0.7542857142857143,"lo":0.6854911021719595,"hi":0.8121559777020744},"ms":386477,"gps":0.45280831718317005}
{"games":200,"v4Wins":152,"v4WinRate":0.76,"ci95":{"p":0.76,"lo":0.6962653454427199,"hi":0.8139347314797533},"ms":446826,"gps":0.44760152721641083}
{"games":225,"v4Wins":173,"v4WinRate":0.7688888888888888,"ci95":{"p":0.7688888888888888,"lo":0.7095714295587845,"hi":0.8191785879205548},"ms":482337,"gps":0.4664788311906406}
{"games":250,"v4Wins":196,"v4WinRate":0.784,"ci95":{"p":0.784,"lo":0.7288955001859428,"hi":0.8305084745762712},"ms":536437,"gps":0.46603795040237717}
{"games":275,"v4Wins":218,"v4WinRate":0.7927272727272727,"ci95":{"p":0.7927272727272727,"lo":0.7409453070654183,"hi":0.8364434326348273},"ms":571527,"gps":0.48116711896375847}
{"games":300,"v4Wins":240,"v4WinRate":0.8,"ci95":{"p":0.8,"lo":0.7510701139033205,"hi":0.8413438280980382},"ms":621484,"gps":0.4827155646806675}
{"games":325,"v4Wins":261,"v4WinRate":0.803076923076923,"ci95":{"p":0.803076923076923,"lo":0.7564084391329021,"hi":0.8426641842821401},"ms":668676,"gps":0.48603509023802255}
{"games":350,"v4Wins":282,"v4WinRate":0.8057142857142857,"ci95":{"p":0.8057142857142857,"lo":0.7610366168629162,"hi":0.8437537752221297},"ms":682662,"gps":0.5126988172770712}
{"games":375,"v4Wins":299,"v4WinRate":0.7973333333333333,"ci95":{"p":0.7973333333333333,"lo":0.753726326902336,"hi":0.8349101903122466},"ms":772003,"gps":0.4857494077095555}
{"games":400,"v4Wins":313,"v4WinRate":0.7825,"ci95":{"p":0.7825,"lo":0.7394863393745473,"hi":0.8201390186866331},"ms":830494,"gps":0.4816410473766216}
{"games":425,"v4Wins":337,"v4WinRate":0.7929411764705883,"ci95":{"p":0.7929411764705883,"lo":0.7518764593942369,"hi":0.8287575089521176},"ms":868958,"gps":0.4890915326172266}
{"games":450,"v4Wins":354,"v4WinRate":0.7866666666666666,"ci95":{"p":0.7866666666666666,"lo":0.7464718916608499,"hi":0.822008388683658},"ms":944991,"gps":0.4761950113810608}
{"games":475,"v4Wins":375,"v4WinRate":0.7894736842105263,"ci95":{"p":0.7894736842105263,"lo":0.7505616377914441,"hi":0.8237410126048456},"ms":981679,"gps":0.4838648886244893}
{"games":500,"v4Wins":396,"v4WinRate":0.792,"ci95":{"p":0.792,"lo":0.7542629655971268,"hi":0.8252842571808257},"ms":1032694,"gps":0.48417052873358424}
{"games":525,"v4Wins":413,"v4WinRate":0.7866666666666666,"ci95":{"p":0.7866666666666666,"lo":0.7496067469385174,"hi":0.819561790483652},"ms":1128702,"gps":0.4651360589420414}
{"games":550,"v4Wins":435,"v4WinRate":0.7909090909090909,"ci95":{"p":0.7909090909090909,"lo":0.7549628497325682,"hi":0.8228196787015545},"ms":1204586,"gps":0.45658840464690775}
