=== live vs freeze v91 games=50 target=0.7 ===
live build { id: 'v9.1',
  stamped: '2026-07-13T16:30:00Z',
  label: 'Grandmaster v9.1 (ultra budget probe)' }
freeze build { id: 'v9.1',
  stamped: '2026-07-13T02:50:38Z',
  label: 'Grandmaster v9.1 (ladder freeze)' }
live opts { difficulty: 'grandmaster',
  timeMs: 350,
  iterations: 240,
  maxSims: 560,
  brTrials: 128,
  bestResponse: true,
  useSearch: true,
  perfectInfo: true,
  hiddenInfo: false,
  maxBranch: 28,
  dualSelf: false,
  exactExploit: true,
  mode: 'auto',
  combatRoot: false,
  flRoot: false,
  softSamples: 0,
  exploit: true }
freeze opts { difficulty: 'grandmaster',
  useSearch: true,
  perfectInfo: true,
  hiddenInfo: false,
  timeMs: 120,
  iterations: 80,
  maxSims: 160,
  bestResponse: false,
  maxBranch: 16,
  mode: 'auto',
  combatRoot: false,
  flRoot: false,
  dualSelf: false,
  exactExploit: true,
  softSamples: 0,
  exploit: false }
opponentFreeze policies/v91-ai.js + search
protocol { freezeDifficulty: 'grandmaster',
  liveDifficulty: 'grandmaster',
  brModel: 'freeze-expert-cheap' }
{"slowGame":9,"seed":20350468,"ms":65826,"win":false}
{"games":10,"liveWins":6,"liveWinRate":0.6,"ci95":{"p":0.6,"lo":0.3126695474501863,"hi":0.8318224187964901},"ms":271534,"gps":0.036827800570094354}
{"slowGame":11,"seed":20370414,"ms":83281,"win":true}
{"games":20,"liveWins":15,"liveWinRate":0.75,"ci95":{"p":0.75,"lo":0.5312949900419365,"hi":0.888139947210597},"ms":473981,"gps":0.04219578421919866}
{"slowGame":25,"seed":20510036,"ms":68884,"win":true}
{"games":30,"liveWins":21,"liveWinRate":0.7,"ci95":{"p":0.7,"lo":0.5212387898833981,"hi":0.8333543735604106},"ms":652857,"gps":0.045951870011350114}
{"slowGame":32,"seed":20579847,"ms":98041,"win":true}
{"slowGame":38,"seed":20639685,"ms":88617,"win":true}
{"games":40,"liveWins":28,"liveWinRate":0.7,"ci95":{"p":0.7,"lo":0.545696893456796,"hi":0.819253290843047},"ms":1012162,"gps":0.0395193654770679}
{"slowGame":43,"seed":20689550,"ms":75618,"win":false}
{"slowGame":49,"seed":20749388,"ms":85478,"win":true}
{"games":50,"liveWins":34,"liveWinRate":0.68,"ci95":{"p":0.68,"lo":0.5418944286372392,"hi":0.792419559060006},"ms":1282901,"gps":0.0389741687004687}
=== FINAL ===
{
  "mode": "2p-h2h-single-deal-continuous",
  "protocol": "grandmaster-vs-grandmaster",
  "games": 50,
  "liveWins": 34,
  "freezeWins": 16,
  "liveWinRate": 0.68,
  "v80Wins": 34,
  "v80WinRate": 0.68,
  "ci95": {
    "p": 0.68,
    "lo": 0.5418944286372392,
    "hi": 0.792419559060006
  },
  "target": 0.7,
  "passed": false,
  "ms": 1282901,
  "live": {
    "id": "v9.1",
    "stamped": "2026-07-13T16:30:00Z",
    "label": "Grandmaster v9.1 (ultra budget probe)"
  },
  "freeze": {
    "id": "v9.1",
    "stamped": "2026-07-13T02:50:38Z",
    "label": "Grandmaster v9.1 (ladder freeze)"
  },
  "v80": {
    "id": "v9.1",
    "stamped": "2026-07-13T16:30:00Z",
    "label": "Grandmaster v9.1 (ultra budget probe)"
  },
  "v80Opts": {
    "difficulty": "grandmaster",
    "timeMs": 350,
    "iterations": 240,
    "maxSims": 560,
    "brTrials": 128,
    "bestResponse": true,
    "useSearch": true,
    "perfectInfo": true,
    "hiddenInfo": false,
    "maxBranch": 28,
    "dualSelf": false,
    "exactExploit": true,
    "mode": "auto",
    "combatRoot": false,
    "flRoot": false,
    "softSamples": 0,
    "exploit": true
  },
  "freezeOpts": {
    "difficulty": "grandmaster",
    "useSearch": true,
    "perfectInfo": true,
    "hiddenInfo": false,
    "timeMs": 120,
    "iterations": 80,
    "maxSims": 160,
    "bestResponse": false,
    "maxBranch": 16,
    "mode": "auto",
    "combatRoot": false,
    "flRoot": false,
    "dualSelf": false,
    "exactExploit": true,
    "softSamples": 0,
    "exploit": false
  },
  "opponentFreeze": "policies/v91-ai.js + policies/v91-search.js",
  "freezeTag": "v91",
  "seed0": 20260711,
  "checkpoints": [
    {
      "games": 10,
      "liveWins": 6,
      "liveWinRate": 0.6,
      "ci95": {
        "p": 0.6,
        "lo": 0.3126695474501863,
        "hi": 0.8318224187964901
      },
      "ms": 271534,
      "gps": 0.036827800570094354
    },
    {
      "games": 20,
      "liveWins": 15,
      "liveWinRate": 0.75,
      "ci95": {
        "p": 0.75,
        "lo": 0.5312949900419365,
        "hi": 0.888139947210597
      },
      "ms": 473981,
      "gps": 0.04219578421919866
    },
    {
      "games": 30,
      "liveWins": 21,
      "liveWinRate": 0.7,
      "ci95": {
        "p": 0.7,
        "lo": 0.5212387898833981,
        "hi": 0.8333543735604106
      },
      "ms": 652857,
      "gps": 0.045951870011350114
    },
    {
      "games": 40,
      "liveWins": 28,
      "liveWinRate": 0.7,
      "ci95": {
        "p": 0.7,
        "lo": 0.545696893456796,
        "hi": 0.819253290843047
      },
      "ms": 1012162,
      "gps": 0.0395193654770679
    },
    {
      "games": 50,
      "liveWins": 34,
      "liveWinRate": 0.68,
      "ci95": {
        "p": 0.68,
        "lo": 0.5418944286372392,
        "hi": 0.792419559060006
      },
      "ms": 1282901,
      "gps": 0.0389741687004687
    }
  ]
}
GATE FAILED: liveWinRate=0.68 need >0.7
