=== live vs freeze v90 games=50 target=0.7 ===
live build { id: 'v9.1',
  stamped: '2026-07-13T02:02:24Z',
  label: 'Grandmaster v9.1' }
freeze build { id: 'v9.0',
  stamped: '2026-07-12T20:10:01Z',
  label: 'Grandmaster v9.0 (ladder freeze)' }
live opts { difficulty: 'grandmaster',
  timeMs: 180,
  iterations: 120,
  maxSims: 320,
  brTrials: 48,
  bestResponse: true,
  useSearch: true,
  perfectInfo: true,
  hiddenInfo: false,
  maxBranch: 20,
  dualSelf: false,
  exactExploit: true,
  mode: 'auto',
  combatRoot: false,
  flRoot: false,
  softSamples: 0,
  exploit: true }
freeze opts { difficulty: 'grandmaster',
  useSearch: true,
  perfectInfo: true,
  hiddenInfo: false,
  timeMs: 100,
  iterations: 64,
  maxSims: 160,
  bestResponse: false,
  maxBranch: 16,
  mode: 'auto',
  combatRoot: false,
  flRoot: false,
  dualSelf: false,
  exactExploit: false,
  softSamples: 0,
  exploit: false }
opponentFreeze policies/v90-ai.js + search
protocol { freezeDifficulty: 'grandmaster',
  liveDifficulty: 'grandmaster',
  brModel: 'freeze-expert-cheap' }
{"g":0,"seed":20260711,"liveWin":true,"liveSeat":1,"steps":17,"ms":17461}
{"g":1,"seed":20270684,"liveWin":true,"liveSeat":0,"steps":17,"ms":17434}
{"g":2,"seed":20280657,"liveWin":true,"liveSeat":1,"steps":15,"ms":16243}
{"g":3,"seed":20290630,"liveWin":true,"liveSeat":0,"steps":17,"ms":15841}
{"g":4,"seed":20300603,"liveWin":true,"liveSeat":1,"steps":18,"ms":7566}
{"g":5,"seed":20310576,"liveWin":false,"liveSeat":0,"steps":18,"ms":17138}
{"g":6,"seed":20320549,"liveWin":false,"liveSeat":1,"steps":26,"ms":18364}
{"g":7,"seed":20330522,"liveWin":true,"liveSeat":0,"steps":21,"ms":12186}
{"g":8,"seed":20340495,"liveWin":true,"liveSeat":1,"steps":20,"ms":18630}
{"g":9,"seed":20350468,"liveWin":false,"liveSeat":0,"steps":20,"ms":43113}
{"games":10,"liveWins":7,"liveWinRate":0.7,"ci95":{"p":0.7,"lo":0.3967732199795652,"hi":0.892210712513788},"ms":183978,"gps":0.05435432497363815}
{"g":10,"seed":20360441,"liveWin":true,"liveSeat":1,"steps":23,"ms":6810}
{"g":11,"seed":20370414,"liveWin":true,"liveSeat":0,"steps":20,"ms":56526}
{"g":12,"seed":20380387,"liveWin":false,"liveSeat":1,"steps":5,"ms":2366}
{"g":13,"seed":20390360,"liveWin":true,"liveSeat":0,"steps":17,"ms":3642}
{"g":14,"seed":20400333,"liveWin":true,"liveSeat":1,"steps":20,"ms":16267}
{"g":15,"seed":20410306,"liveWin":true,"liveSeat":0,"steps":22,"ms":6595}
{"g":16,"seed":20420279,"liveWin":true,"liveSeat":1,"steps":20,"ms":19256}
{"g":17,"seed":20430252,"liveWin":true,"liveSeat":0,"steps":7,"ms":2551}
{"g":18,"seed":20440225,"liveWin":true,"liveSeat":1,"steps":26,"ms":14382}
{"g":19,"seed":20450198,"liveWin":true,"liveSeat":0,"steps":12,"ms":1993}
{"games":20,"liveWins":16,"liveWinRate":0.8,"ci95":{"p":0.8,"lo":0.5839782779742402,"hi":0.9193436467288001},"ms":314366,"gps":0.06362011158967573}
{"g":20,"seed":20460171,"liveWin":true,"liveSeat":1,"steps":21,"ms":14568}
{"g":21,"seed":20470144,"liveWin":false,"liveSeat":0,"steps":13,"ms":9567}
{"g":22,"seed":20480117,"liveWin":true,"liveSeat":1,"steps":21,"ms":4494}
{"g":23,"seed":20490090,"liveWin":false,"liveSeat":0,"steps":15,"ms":7468}
{"g":24,"seed":20500063,"liveWin":true,"liveSeat":1,"steps":22,"ms":15177}
{"g":25,"seed":20510036,"liveWin":true,"liveSeat":0,"steps":22,"ms":31309}
{"g":26,"seed":20520009,"liveWin":true,"liveSeat":1,"steps":22,"ms":17517}
{"g":27,"seed":20529982,"liveWin":true,"liveSeat":0,"steps":10,"ms":2136}
{"g":28,"seed":20539955,"liveWin":false,"liveSeat":1,"steps":22,"ms":4106}
{"g":29,"seed":20549928,"liveWin":true,"liveSeat":0,"steps":11,"ms":2177}
{"games":30,"liveWins":23,"liveWinRate":0.7666666666666667,"ci95":{"p":0.7666666666666667,"lo":0.5907132766967573,"hi":0.8820776078949878},"ms":422885,"gps":0.07094127244995685}
{"g":30,"seed":20559901,"liveWin":false,"liveSeat":1,"steps":20,"ms":21064}
{"g":31,"seed":20569874,"liveWin":true,"liveSeat":0,"steps":11,"ms":7595}
{"slowGame":32,"seed":20579847,"ms":70106,"win":true}
{"g":32,"seed":20579847,"liveWin":true,"liveSeat":1,"steps":8,"ms":70106}
{"g":33,"seed":20589820,"liveWin":true,"liveSeat":0,"steps":19,"ms":9922}
{"g":34,"seed":20599793,"liveWin":false,"liveSeat":1,"steps":16,"ms":24351}
{"g":35,"seed":20609766,"liveWin":true,"liveSeat":0,"steps":16,"ms":15422}
{"g":36,"seed":20619739,"liveWin":true,"liveSeat":1,"steps":18,"ms":5437}
{"g":37,"seed":20629712,"liveWin":true,"liveSeat":0,"steps":20,"ms":20796}
{"g":38,"seed":20639685,"liveWin":false,"liveSeat":1,"steps":19,"ms":48542}
{"g":39,"seed":20649658,"liveWin":true,"liveSeat":0,"steps":15,"ms":13129}
{"games":40,"liveWins":30,"liveWinRate":0.75,"ci95":{"p":0.75,"lo":0.5980574093302989,"hi":0.8581303210445049},"ms":659251,"gps":0.06067491744419046}
{"g":40,"seed":20659631,"liveWin":false,"liveSeat":1,"steps":18,"ms":3634}
{"g":41,"seed":20669604,"liveWin":false,"liveSeat":0,"steps":16,"ms":2081}
{"g":42,"seed":20679577,"liveWin":true,"liveSeat":1,"steps":14,"ms":12312}
{"g":43,"seed":20689550,"liveWin":false,"liveSeat":0,"steps":22,"ms":42932}
{"g":44,"seed":20699523,"liveWin":true,"liveSeat":1,"steps":12,"ms":2221}
{"g":45,"seed":20709496,"liveWin":false,"liveSeat":0,"steps":18,"ms":10182}
{"g":46,"seed":20719469,"liveWin":true,"liveSeat":1,"steps":25,"ms":7803}
{"g":47,"seed":20729442,"liveWin":true,"liveSeat":0,"steps":11,"ms":1702}
{"g":48,"seed":20739415,"liveWin":true,"liveSeat":1,"steps":23,"ms":32877}
{"g":49,"seed":20749388,"liveWin":true,"liveSeat":0,"steps":24,"ms":54392}
{"games":50,"liveWins":36,"liveWinRate":0.72,"ci95":{"p":0.72,"lo":0.5833461285401033,"hi":0.8252598564231964},"ms":829390,"gps":0.06028526989715333}
=== FINAL ===
{
  "mode": "2p-h2h-single-deal-continuous",
  "protocol": "grandmaster-vs-grandmaster",
  "games": 50,
  "liveWins": 36,
  "freezeWins": 14,
  "liveWinRate": 0.72,
  "v80Wins": 36,
  "v80WinRate": 0.72,
  "ci95": {
    "p": 0.72,
    "lo": 0.5833461285401033,
    "hi": 0.8252598564231964
  },
  "target": 0.7,
  "passed": true,
  "ms": 829391,
  "live": {
    "id": "v9.1",
    "stamped": "2026-07-13T02:02:24Z",
    "label": "Grandmaster v9.1"
  },
  "freeze": {
    "id": "v9.0",
    "stamped": "2026-07-12T20:10:01Z",
    "label": "Grandmaster v9.0 (ladder freeze)"
  },
  "v80": {
    "id": "v9.1",
    "stamped": "2026-07-13T02:02:24Z",
    "label": "Grandmaster v9.1"
  },
  "v80Opts": {
    "difficulty": "grandmaster",
    "timeMs": 180,
    "iterations": 120,
    "maxSims": 320,
    "brTrials": 48,
    "bestResponse": true,
    "useSearch": true,
    "perfectInfo": true,
    "hiddenInfo": false,
    "maxBranch": 20,
    "dualSelf": false,
    "exactExploit": true,
    "mode": "auto",
    "combatRoot": false,
    "flRoot": false,
    "softSamples": 0,
    "exploit": true
  },
  "freezeOpts": {
    "difficulty": "grandmaster",
    "useSearch": true,
    "perfectInfo": true,
    "hiddenInfo": false,
    "timeMs": 100,
    "iterations": 64,
    "maxSims": 160,
    "bestResponse": false,
    "maxBranch": 16,
    "mode": "auto",
    "combatRoot": false,
    "flRoot": false,
    "dualSelf": false,
    "exactExploit": false,
    "softSamples": 0,
    "exploit": false
  },
  "opponentFreeze": "policies/v90-ai.js + policies/v90-search.js",
  "freezeTag": "v90",
  "seed0": 20260711,
  "checkpoints": [
    {
      "games": 10,
      "liveWins": 7,
      "liveWinRate": 0.7,
      "ci95": {
        "p": 0.7,
        "lo": 0.3967732199795652,
        "hi": 0.892210712513788
      },
      "ms": 183978,
      "gps": 0.05435432497363815
    },
    {
      "games": 20,
      "liveWins": 16,
      "liveWinRate": 0.8,
      "ci95": {
        "p": 0.8,
        "lo": 0.5839782779742402,
        "hi": 0.9193436467288001
      },
      "ms": 314366,
      "gps": 0.06362011158967573
    },
    {
      "games": 30,
      "liveWins": 23,
      "liveWinRate": 0.7666666666666667,
      "ci95": {
        "p": 0.7666666666666667,
        "lo": 0.5907132766967573,
        "hi": 0.8820776078949878
      },
      "ms": 422885,
      "gps": 0.07094127244995685
    },
    {
      "games": 40,
      "liveWins": 30,
      "liveWinRate": 0.75,
      "ci95": {
        "p": 0.75,
        "lo": 0.5980574093302989,
        "hi": 0.8581303210445049
      },
      "ms": 659251,
      "gps": 0.06067491744419046
    },
    {
      "games": 50,
      "liveWins": 36,
      "liveWinRate": 0.72,
      "ci95": {
        "p": 0.72,
        "lo": 0.5833461285401033,
        "hi": 0.8252598564231964
      },
      "ms": 829390,
      "gps": 0.06028526989715333
    }
  ],
  "perGame": [
    {
      "g": 0,
      "seed": 20260711,
      "liveWin": true,
      "liveSeat": 1,
      "steps": 17,
      "ms": 17461
    },
    {
      "g": 1,
      "seed": 20270684,
      "liveWin": true,
      "liveSeat": 0,
      "steps": 17,
      "ms": 17434
    },
    {
      "g": 2,
      "seed": 20280657,
      "liveWin": true,
      "liveSeat": 1,
      "steps": 15,
      "ms": 16243
    },
    {
      "g": 3,
      "seed": 20290630,
      "liveWin": true,
      "liveSeat": 0,
      "steps": 17,
      "ms": 15841
    },
    {
      "g": 4,
      "seed": 20300603,
      "liveWin": true,
      "liveSeat": 1,
      "steps": 18,
      "ms": 7566
    },
    {
      "g": 5,
      "seed": 20310576,
      "liveWin": false,
      "liveSeat": 0,
      "steps": 18,
      "ms": 17138
    },
    {
      "g": 6,
      "seed": 20320549,
      "liveWin": false,
      "liveSeat": 1,
      "steps": 26,
      "ms": 18364
    },
    {
      "g": 7,
      "seed": 20330522,
      "liveWin": true,
      "liveSeat": 0,
      "steps": 21,
      "ms": 12186
    },
    {
      "g": 8,
      "seed": 20340495,
      "liveWin": true,
      "liveSeat": 1,
      "steps": 20,
      "ms": 18630
    },
    {
      "g": 9,
      "seed": 20350468,
      "liveWin": false,
      "liveSeat": 0,
      "steps": 20,
      "ms": 43113
    },
    {
      "g": 10,
      "seed": 20360441,
      "liveWin": true,
      "liveSeat": 1,
      "steps": 23,
      "ms": 6810
    },
    {
      "g": 11,
      "seed": 20370414,
      "liveWin": true,
      "liveSeat": 0,
      "steps": 20,
      "ms": 56526
    },
    {
      "g": 12,
      "seed": 20380387,
      "liveWin": false,
      "liveSeat": 1,
      "steps": 5,
      "ms": 2366
    },
    {
      "g": 13,
      "seed": 20390360,
      "liveWin": true,
      "liveSeat": 0,
      "steps": 17,
      "ms": 3642
    },
    {
      "g": 14,
      "seed": 20400333,
      "liveWin": true,
      "liveSeat": 1,
      "steps": 20,
      "ms": 16267
    },
    {
      "g": 15,
      "seed": 20410306,
      "liveWin": true,
      "liveSeat": 0,
      "steps": 22,
      "ms": 6595
    },
    {
      "g": 16,
      "seed": 20420279,
      "liveWin": true,
      "liveSeat": 1,
      "steps": 20,
      "ms": 19256
    },
    {
      "g": 17,
      "seed": 20430252,
      "liveWin": true,
      "liveSeat": 0,
      "steps": 7,
      "ms": 2551
    },
    {
      "g": 18,
      "seed": 20440225,
      "liveWin": true,
      "liveSeat": 1,
      "steps": 26,
      "ms": 14382
    },
    {
      "g": 19,
      "seed": 20450198,
      "liveWin": true,
      "liveSeat": 0,
      "steps": 12,
      "ms": 1993
    },
    {
      "g": 20,
      "seed": 20460171,
      "liveWin": true,
      "liveSeat": 1,
      "steps": 21,
      "ms": 14568
    },
    {
      "g": 21,
      "seed": 20470144,
      "liveWin": false,
      "liveSeat": 0,
      "steps": 13,
      "ms": 9567
    },
    {
      "g": 22,
      "seed": 20480117,
      "liveWin": true,
      "liveSeat": 1,
      "steps": 21,
      "ms": 4494
    },
    {
      "g": 23,
      "seed": 20490090,
      "liveWin": false,
      "liveSeat": 0,
      "steps": 15,
      "ms": 7468
    },
    {
      "g": 24,
      "seed": 20500063,
      "liveWin": true,
      "liveSeat": 1,
      "steps": 22,
      "ms": 15177
    },
    {
      "g": 25,
      "seed": 20510036,
      "liveWin": true,
      "liveSeat": 0,
      "steps": 22,
      "ms": 31309
    },
    {
      "g": 26,
      "seed": 20520009,
      "liveWin": true,
      "liveSeat": 1,
      "steps": 22,
      "ms": 17517
    },
    {
      "g": 27,
      "seed": 20529982,
      "liveWin": true,
      "liveSeat": 0,
      "steps": 10,
      "ms": 2136
    },
    {
      "g": 28,
      "seed": 20539955,
      "liveWin": false,
      "liveSeat": 1,
      "steps": 22,
      "ms": 4106
    },
    {
      "g": 29,
      "seed": 20549928,
      "liveWin": true,
      "liveSeat": 0,
      "steps": 11,
      "ms": 2177
    },
    {
      "g": 30,
      "seed": 20559901,
      "liveWin": false,
      "liveSeat": 1,
      "steps": 20,
      "ms": 21064
    },
    {
      "g": 31,
      "seed": 20569874,
      "liveWin": true,
      "liveSeat": 0,
      "steps": 11,
      "ms": 7595
    },
    {
      "g": 32,
      "seed": 20579847,
      "liveWin": true,
      "liveSeat": 1,
      "steps": 8,
      "ms": 70106
    },
    {
      "g": 33,
      "seed": 20589820,
      "liveWin": true,
      "liveSeat": 0,
      "steps": 19,
      "ms": 9922
    },
    {
      "g": 34,
      "seed": 20599793,
      "liveWin": false,
      "liveSeat": 1,
      "steps": 16,
      "ms": 24351
    },
    {
      "g": 35,
      "seed": 20609766,
      "liveWin": true,
      "liveSeat": 0,
      "steps": 16,
      "ms": 15422
    },
    {
      "g": 36,
      "seed": 20619739,
      "liveWin": true,
      "liveSeat": 1,
      "steps": 18,
      "ms": 5437
    },
    {
      "g": 37,
      "seed": 20629712,
      "liveWin": true,
      "liveSeat": 0,
      "steps": 20,
      "ms": 20796
    },
    {
      "g": 38,
      "seed": 20639685,
      "liveWin": false,
      "liveSeat": 1,
      "steps": 19,
      "ms": 48542
    },
    {
      "g": 39,
      "seed": 20649658,
      "liveWin": true,
      "liveSeat": 0,
      "steps": 15,
      "ms": 13129
    },
    {
      "g": 40,
      "seed": 20659631,
      "liveWin": false,
      "liveSeat": 1,
      "steps": 18,
      "ms": 3634
    },
    {
      "g": 41,
      "seed": 20669604,
      "liveWin": false,
      "liveSeat": 0,
      "steps": 16,
      "ms": 2081
    },
    {
      "g": 42,
      "seed": 20679577,
      "liveWin": true,
      "liveSeat": 1,
      "steps": 14,
      "ms": 12312
    },
    {
      "g": 43,
      "seed": 20689550,
      "liveWin": false,
      "liveSeat": 0,
      "steps": 22,
      "ms": 42932
    },
    {
      "g": 44,
      "seed": 20699523,
      "liveWin": true,
      "liveSeat": 1,
      "steps": 12,
      "ms": 2221
    },
    {
      "g": 45,
      "seed": 20709496,
      "liveWin": false,
      "liveSeat": 0,
      "steps": 18,
      "ms": 10182
    },
    {
      "g": 46,
      "seed": 20719469,
      "liveWin": true,
      "liveSeat": 1,
      "steps": 25,
      "ms": 7803
    },
    {
      "g": 47,
      "seed": 20729442,
      "liveWin": true,
      "liveSeat": 0,
      "steps": 11,
      "ms": 1702
    },
    {
      "g": 48,
      "seed": 20739415,
      "liveWin": true,
      "liveSeat": 1,
      "steps": 23,
      "ms": 32877
    },
    {
      "g": 49,
      "seed": 20749388,
      "liveWin": true,
      "liveSeat": 0,
      "steps": 24,
      "ms": 54392
    }
  ],
  "lossSeeds": [
    20310576,
    20320549,
    20350468,
    20380387,
    20470144,
    20490090,
    20539955,
    20559901,
    20599793,
    20639685,
    20659631,
    20669604,
    20689550,
    20709496
  ]
}
GATE PASSED
