=== live vs freeze v91 games=50 target=0.7 ===
live build { id: 'v9.2',
  stamped: '2026-07-13T08:19:43Z',
  label: 'Grandmaster v9.2' }
freeze build { id: 'v9.1',
  stamped: '2026-07-13T02:50:38Z',
  label: 'Grandmaster v9.1 (ladder freeze)' }
live opts { difficulty: 'grandmaster',
  timeMs: 160,
  iterations: 120,
  maxSims: 320,
  brTrials: 48,
  bestResponse: true,
  useSearch: true,
  perfectInfo: true,
  hiddenInfo: false,
  maxBranch: 20,
  dualSelf: false,
  exactExploit: true,
  mode: 'auto',
  combatRoot: false,
  flRoot: false,
  softSamples: 0,
  exploit: true }
freeze opts { difficulty: 'grandmaster',
  useSearch: true,
  perfectInfo: true,
  hiddenInfo: false,
  timeMs: 100,
  iterations: 64,
  maxSims: 160,
  bestResponse: false,
  maxBranch: 16,
  mode: 'auto',
  combatRoot: false,
  flRoot: false,
  dualSelf: false,
  exactExploit: false,
  softSamples: 0,
  exploit: false }
opponentFreeze policies/v91-ai.js + search
protocol { freezeDifficulty: 'grandmaster',
  liveDifficulty: 'grandmaster',
  brModel: 'freeze-expert-cheap' }
{"games":10,"liveWins":4,"liveWinRate":0.4,"ci95":{"p":0.4,"lo":0.16817758120350967,"hi":0.6873304525498135},"ms":216021,"gps":0.0462917957050472}
{"games":20,"liveWins":10,"liveWinRate":0.5,"ci95":{"p":0.5,"lo":0.2992949144298199,"hi":0.70070508557018},"ms":369181,"gps":0.05417396886622009}
{"games":30,"liveWins":13,"liveWinRate":0.43333333333333335,"ci95":{"p":0.43333333333333335,"lo":0.27377237430615114,"hi":0.6080299045459127},"ms":486052,"gps":0.06172179108408154}
{"slowGame":32,"seed":20579847,"ms":63607,"win":false}
{"games":40,"liveWins":18,"liveWinRate":0.45,"ci95":{"p":0.45,"lo":0.30705075280944705,"hi":0.6017117011155924},"ms":721567,"gps":0.05543490763851451}
{"games":50,"liveWins":22,"liveWinRate":0.44,"ci95":{"p":0.44,"lo":0.3116198721023535,"hi":0.5769421319985648},"ms":939925,"gps":0.05319573370215709}
=== FINAL ===
{
  "mode": "2p-h2h-single-deal-continuous",
  "protocol": "grandmaster-vs-grandmaster",
  "games": 50,
  "liveWins": 22,
  "freezeWins": 28,
  "liveWinRate": 0.44,
  "v80Wins": 22,
  "v80WinRate": 0.44,
  "ci95": {
    "p": 0.44,
    "lo": 0.3116198721023535,
    "hi": 0.5769421319985648
  },
  "target": 0.7,
  "passed": false,
  "ms": 939925,
  "live": {
    "id": "v9.2",
    "stamped": "2026-07-13T08:19:43Z",
    "label": "Grandmaster v9.2"
  },
  "freeze": {
    "id": "v9.1",
    "stamped": "2026-07-13T02:50:38Z",
    "label": "Grandmaster v9.1 (ladder freeze)"
  },
  "v80": {
    "id": "v9.2",
    "stamped": "2026-07-13T08:19:43Z",
    "label": "Grandmaster v9.2"
  },
  "v80Opts": {
    "difficulty": "grandmaster",
    "timeMs": 160,
    "iterations": 120,
    "maxSims": 320,
    "brTrials": 48,
    "bestResponse": true,
    "useSearch": true,
    "perfectInfo": true,
    "hiddenInfo": false,
    "maxBranch": 20,
    "dualSelf": false,
    "exactExploit": true,
    "mode": "auto",
    "combatRoot": false,
    "flRoot": false,
    "softSamples": 0,
    "exploit": true
  },
  "freezeOpts": {
    "difficulty": "grandmaster",
    "useSearch": true,
    "perfectInfo": true,
    "hiddenInfo": false,
    "timeMs": 100,
    "iterations": 64,
    "maxSims": 160,
    "bestResponse": false,
    "maxBranch": 16,
    "mode": "auto",
    "combatRoot": false,
    "flRoot": false,
    "dualSelf": false,
    "exactExploit": false,
    "softSamples": 0,
    "exploit": false
  },
  "opponentFreeze": "policies/v91-ai.js + policies/v91-search.js",
  "freezeTag": "v91",
  "seed0": 20260711,
  "checkpoints": [
    {
      "games": 10,
      "liveWins": 4,
      "liveWinRate": 0.4,
      "ci95": {
        "p": 0.4,
        "lo": 0.16817758120350967,
        "hi": 0.6873304525498135
      },
      "ms": 216021,
      "gps": 0.0462917957050472
    },
    {
      "games": 20,
      "liveWins": 10,
      "liveWinRate": 0.5,
      "ci95": {
        "p": 0.5,
        "lo": 0.2992949144298199,
        "hi": 0.70070508557018
      },
      "ms": 369181,
      "gps": 0.05417396886622009
    },
    {
      "games": 30,
      "liveWins": 13,
      "liveWinRate": 0.43333333333333335,
      "ci95": {
        "p": 0.43333333333333335,
        "lo": 0.27377237430615114,
        "hi": 0.6080299045459127
      },
      "ms": 486052,
      "gps": 0.06172179108408154
    },
    {
      "games": 40,
      "liveWins": 18,
      "liveWinRate": 0.45,
      "ci95": {
        "p": 0.45,
        "lo": 0.30705075280944705,
        "hi": 0.6017117011155924
      },
      "ms": 721567,
      "gps": 0.05543490763851451
    },
    {
      "games": 50,
      "liveWins": 22,
      "liveWinRate": 0.44,
      "ci95": {
        "p": 0.44,
        "lo": 0.3116198721023535,
        "hi": 0.5769421319985648
      },
      "ms": 939925,
      "gps": 0.05319573370215709
    }
  ]
}
fs.js:143
    throw err;
    ^

Error: ENOENT: no such file or directory, open '/Users/johnhoang/Developer/Grok/tieng-len/evolve/evolve/v92-s3-vs-v91-primary.json'
    at Object.fs.openSync (fs.js:577:3)
    at Object.fs.writeFileSync (fs.js:1307:33)
    at main (/Users/johnhoang/Developer/Grok/tieng-len/evolve/bench-ladder.js:376:6)
    at Object.<anonymous> (/Users/johnhoang/Developer/Grok/tieng-len/evolve/bench-ladder.js:388:1)
    at Module._compile (internal/modules/cjs/loader.js:702:30)
    at Object.Module._extensions..js (internal/modules/cjs/loader.js:713:10)
    at Module.load (internal/modules/cjs/loader.js:612:32)
    at tryModuleLoad (internal/modules/cjs/loader.js:551:12)
    at Function.Module._load (internal/modules/cjs/loader.js:543:3)
    at Function.Module.runMain (internal/modules/cjs/loader.js:744:10)
