seed-duel live { id: 'v9.2',
  stamped: '2026-07-13T08:32:27Z',
  label: 'Grandmaster v9.2' } patch COMBATV91,FLV91 freeze v91 seeds 50
liveOpts { difficulty: 'grandmaster',
  timeMs: 160,
  iterations: 120,
  maxSims: 320,
  brTrials: 48,
  bestResponse: true,
  useSearch: true,
  perfectInfo: true,
  hiddenInfo: false,
  maxBranch: 20,
  dualSelf: false,
  exactExploit: true,
  mode: 'auto',
  combatRoot: false,
  flRoot: false,
  softSamples: 0,
  exploit: true }
freezeOpts { difficulty: 'grandmaster',
  useSearch: true,
  perfectInfo: true,
  hiddenInfo: false,
  timeMs: 100,
  iterations: 64,
  maxSims: 160,
  bestResponse: false,
  maxBranch: 16,
  mode: 'auto',
  exactExploit: false,
  exploit: false }
{"seed":20260711,"liveWin":false,"liveSeat":1,"steps":22,"ms":22631}
{"seed":20270684,"liveWin":false,"liveSeat":0,"steps":24,"ms":13606}
{"seed":20280657,"liveWin":true,"liveSeat":1,"steps":15,"ms":15367}
{"seed":20290630,"liveWin":false,"liveSeat":0,"steps":16,"ms":33791}
{"seed":20300603,"liveWin":false,"liveSeat":1,"steps":15,"ms":8879}
{"seed":20310576,"liveWin":false,"liveSeat":0,"steps":12,"ms":13519}
{"seed":20320549,"liveWin":true,"liveSeat":1,"steps":23,"ms":54971}
{"seed":20330522,"liveWin":true,"liveSeat":0,"steps":19,"ms":13524}
{"seed":20340495,"liveWin":false,"liveSeat":1,"steps":23,"ms":14432}
{"seed":20350468,"liveWin":true,"liveSeat":0,"steps":15,"ms":79649}
{"seed":20360441,"liveWin":false,"liveSeat":1,"steps":18,"ms":16078}
{"seed":20370414,"liveWin":true,"liveSeat":0,"steps":20,"ms":50836}
{"seed":20380387,"liveWin":false,"liveSeat":1,"steps":5,"ms":2248}
{"seed":20390360,"liveWin":true,"liveSeat":0,"steps":17,"ms":15669}
{"seed":20400333,"liveWin":true,"liveSeat":1,"steps":20,"ms":15549}
{"seed":20410306,"liveWin":false,"liveSeat":0,"steps":15,"ms":6237}
{"seed":20420279,"liveWin":true,"liveSeat":1,"steps":12,"ms":22595}
{"seed":20430252,"liveWin":true,"liveSeat":0,"steps":7,"ms":2371}
{"seed":20440225,"liveWin":true,"liveSeat":1,"steps":22,"ms":14026}
{"seed":20450198,"liveWin":false,"liveSeat":0,"steps":15,"ms":1763}
{"seed":20460171,"liveWin":true,"liveSeat":1,"steps":21,"ms":20127}
{"seed":20470144,"liveWin":false,"liveSeat":0,"steps":13,"ms":6255}
{"seed":20480117,"liveWin":true,"liveSeat":1,"steps":21,"ms":4214}
{"seed":20490090,"liveWin":false,"liveSeat":0,"steps":19,"ms":9274}
{"seed":20500063,"liveWin":false,"liveSeat":1,"steps":21,"ms":18482}
{"seed":20510036,"liveWin":false,"liveSeat":0,"steps":21,"ms":24942}
{"seed":20520009,"liveWin":false,"liveSeat":1,"steps":13,"ms":13310}
{"seed":20529982,"liveWin":true,"liveSeat":0,"steps":10,"ms":2028}
{"seed":20539955,"liveWin":false,"liveSeat":1,"steps":16,"ms":1544}
{"seed":20549928,"liveWin":false,"liveSeat":0,"steps":16,"ms":19809}
{"seed":20559901,"liveWin":false,"liveSeat":1,"steps":20,"ms":20474}
{"seed":20569874,"liveWin":true,"liveSeat":0,"steps":11,"ms":1210}
