seed-duel live { id: 'v9.2',
  stamped: '2026-07-13T08:19:43Z',
  label: 'Grandmaster v9.2' } patch COMBATV91 freeze v91 seeds 50
liveOpts { difficulty: 'grandmaster',
  timeMs: 160,
  iterations: 120,
  maxSims: 320,
  brTrials: 48,
  bestResponse: true,
  useSearch: true,
  perfectInfo: true,
  hiddenInfo: false,
  maxBranch: 20,
  dualSelf: false,
  exactExploit: true,
  mode: 'auto',
  combatRoot: false,
  flRoot: false,
  softSamples: 0,
  exploit: true }
freezeOpts { difficulty: 'grandmaster',
  useSearch: true,
  perfectInfo: true,
  hiddenInfo: false,
  timeMs: 100,
  iterations: 64,
  maxSims: 160,
  bestResponse: false,
  maxBranch: 16,
  mode: 'auto',
  exactExploit: false,
  exploit: false }
{"seed":20260711,"liveWin":false,"liveSeat":1,"steps":22,"ms":32554}
{"seed":20270684,"liveWin":false,"liveSeat":0,"steps":24,"ms":13751}
{"seed":20280657,"liveWin":true,"liveSeat":1,"steps":15,"ms":15469}
{"seed":20290630,"liveWin":false,"liveSeat":0,"steps":16,"ms":34806}
{"seed":20300603,"liveWin":false,"liveSeat":1,"steps":15,"ms":8954}
{"seed":20310576,"liveWin":false,"liveSeat":0,"steps":12,"ms":13869}
{"seed":20320549,"liveWin":true,"liveSeat":1,"steps":23,"ms":55698}
{"seed":20330522,"liveWin":true,"liveSeat":0,"steps":19,"ms":13830}
{"seed":20340495,"liveWin":false,"liveSeat":1,"steps":23,"ms":14686}
{"seed":20350468,"liveWin":true,"liveSeat":0,"steps":15,"ms":81479}
{"seed":20360441,"liveWin":false,"liveSeat":1,"steps":18,"ms":16130}
{"seed":20370414,"liveWin":true,"liveSeat":0,"steps":20,"ms":51072}
{"seed":20380387,"liveWin":false,"liveSeat":1,"steps":5,"ms":2278}
{"seed":20390360,"liveWin":true,"liveSeat":0,"steps":17,"ms":15833}
{"seed":20400333,"liveWin":true,"liveSeat":1,"steps":20,"ms":15796}
{"seed":20410306,"liveWin":false,"liveSeat":0,"steps":15,"ms":6379}
{"seed":20420279,"liveWin":true,"liveSeat":1,"steps":12,"ms":23047}
{"seed":20430252,"liveWin":true,"liveSeat":0,"steps":7,"ms":2434}
{"seed":20440225,"liveWin":true,"liveSeat":1,"steps":22,"ms":14489}
{"seed":20450198,"liveWin":false,"liveSeat":0,"steps":15,"ms":1862}
{"seed":20460171,"liveWin":true,"liveSeat":1,"steps":21,"ms":21129}
{"seed":20470144,"liveWin":false,"liveSeat":0,"steps":13,"ms":6585}
{"seed":20480117,"liveWin":true,"liveSeat":1,"steps":21,"ms":4316}
{"seed":20490090,"liveWin":false,"liveSeat":0,"steps":19,"ms":9645}
{"seed":20500063,"liveWin":false,"liveSeat":1,"steps":21,"ms":19201}
{"seed":20510036,"liveWin":false,"liveSeat":0,"steps":21,"ms":26048}
{"seed":20520009,"liveWin":false,"liveSeat":1,"steps":13,"ms":13553}
{"seed":20529982,"liveWin":true,"liveSeat":0,"steps":10,"ms":2160}
{"seed":20539955,"liveWin":false,"liveSeat":1,"steps":16,"ms":1550}
{"seed":20549928,"liveWin":false,"liveSeat":0,"steps":16,"ms":20538}
{"seed":20559901,"liveWin":false,"liveSeat":1,"steps":20,"ms":21410}
{"seed":20569874,"liveWin":true,"liveSeat":0,"steps":11,"ms":1295}
{"seed":20579847,"liveWin":false,"liveSeat":1,"steps":19,"ms":63376}
{"seed":20589820,"liveWin":true,"liveSeat":0,"steps":19,"ms":10192}
{"seed":20599793,"liveWin":true,"liveSeat":1,"steps":21,"ms":44772}
{"seed":20609766,"liveWin":false,"liveSeat":0,"steps":21,"ms":16866}
{"seed":20619739,"liveWin":false,"liveSeat":1,"steps":21,"ms":4915}
{"seed":20629712,"liveWin":true,"liveSeat":0,"steps":16,"ms":20395}
{"seed":20639685,"liveWin":false,"liveSeat":1,"steps":19,"ms":38559}
{"seed":20649658,"liveWin":true,"liveSeat":0,"steps":11,"ms":12413}
{"seed":20659631,"liveWin":false,"liveSeat":1,"steps":20,"ms":2583}
{"seed":20669604,"liveWin":false,"liveSeat":0,"steps":14,"ms":4123}
{"seed":20679577,"liveWin":true,"liveSeat":1,"steps":14,"ms":11693}
{"seed":20689550,"liveWin":false,"liveSeat":0,"steps":22,"ms":41404}
{"seed":20699523,"liveWin":true,"liveSeat":1,"steps":10,"ms":5637}
{"seed":20709496,"liveWin":false,"liveSeat":0,"steps":12,"ms":1076}
{"seed":20719469,"liveWin":false,"liveSeat":1,"steps":22,"ms":44644}
{"seed":20729442,"liveWin":true,"liveSeat":0,"steps":11,"ms":1985}
{"seed":20739415,"liveWin":false,"liveSeat":1,"steps":24,"ms":36702}
{"seed":20749388,"liveWin":true,"liveSeat":0,"steps":20,"ms":50910}
{"liveWins":22,"n":50,"rate":0.44}
