seed-duel live { id: 'v9.2',
  stamped: '2026-07-13T06:13:02Z',
  label: 'Grandmaster v9.2' } patch TWO7 freeze v91 seeds 15
liveOpts { difficulty: 'grandmaster',
  timeMs: 140,
  iterations: 100,
  maxSims: 320,
  brTrials: 40,
  bestResponse: true,
  useSearch: true,
  perfectInfo: true,
  hiddenInfo: false,
  maxBranch: 20,
  dualSelf: false,
  exactExploit: true,
  mode: 'auto',
  combatRoot: false,
  flRoot: false,
  softSamples: 0,
  exploit: true }
freezeOpts { difficulty: 'grandmaster',
  useSearch: true,
  perfectInfo: true,
  hiddenInfo: false,
  timeMs: 100,
  iterations: 64,
  maxSims: 160,
  bestResponse: false,
  maxBranch: 16,
  mode: 'auto',
  exactExploit: false,
  exploit: false }
{"seed":20270684,"liveWin":false,"liveSeat":0,"steps":24,"ms":15647}
{"seed":20280657,"liveWin":true,"liveSeat":1,"steps":15,"ms":19269}
{"seed":20290630,"liveWin":true,"liveSeat":0,"steps":17,"ms":11976}
{"seed":20300603,"liveWin":true,"liveSeat":1,"steps":18,"ms":7174}
{"seed":20330522,"liveWin":true,"liveSeat":0,"steps":23,"ms":12983}
{"seed":20340495,"liveWin":true,"liveSeat":1,"steps":20,"ms":17538}
{"seed":20350468,"liveWin":false,"liveSeat":0,"steps":22,"ms":37371}
{"seed":20370414,"liveWin":true,"liveSeat":0,"steps":20,"ms":48300}
{"seed":20390360,"liveWin":true,"liveSeat":0,"steps":17,"ms":4696}
{"seed":20400333,"liveWin":true,"liveSeat":1,"steps":16,"ms":118138}
{"seed":20410306,"liveWin":false,"liveSeat":0,"steps":15,"ms":6091}
{"seed":20420279,"liveWin":true,"liveSeat":1,"steps":14,"ms":24001}
{"seed":20430252,"liveWin":true,"liveSeat":0,"steps":7,"ms":3109}
{"seed":20440225,"liveWin":true,"liveSeat":1,"steps":26,"ms":12939}
{"seed":20450198,"liveWin":false,"liveSeat":0,"steps":17,"ms":28147}
{"liveWins":11,"n":15,"rate":0.7333333333333333}
