=== live vs freeze v91 games=50 target=0.7 ===
live build { id: 'v9.2',
  stamped: '2026-07-13T20:00:00Z',
  label: 'Grandmaster v9.2 (COMBO exact+contest)' }
freeze build { id: 'v9.1',
  stamped: '2026-07-13T02:50:38Z',
  label: 'Grandmaster v9.1 (ladder freeze)' }
live opts { difficulty: 'grandmaster',
  timeMs: 280,
  iterations: 200,
  maxSims: 480,
  brTrials: 96,
  bestResponse: true,
  useSearch: true,
  perfectInfo: true,
  hiddenInfo: false,
  maxBranch: 24,
  dualSelf: false,
  exactExploit: true,
  mode: 'auto',
  combatRoot: false,
  flRoot: false,
  softSamples: 0,
  exploit: true }
freeze opts { difficulty: 'grandmaster',
  useSearch: true,
  perfectInfo: true,
  hiddenInfo: false,
  timeMs: 120,
  iterations: 80,
  maxSims: 160,
  bestResponse: false,
  maxBranch: 16,
  mode: 'auto',
  combatRoot: false,
  flRoot: false,
  dualSelf: false,
  exactExploit: true,
  softSamples: 0,
  exploit: false }
opponentFreeze policies/v91-ai.js + search
protocol { freezeDifficulty: 'grandmaster',
  liveDifficulty: 'grandmaster',
  brModel: 'freeze-expert-cheap' }
{"slowGame":9,"seed":20350468,"ms":61129,"win":false}
{"games":10,"liveWins":6,"liveWinRate":0.6,"ci95":{"p":0.6,"lo":0.3126695474501863,"hi":0.8318224187964901},"ms":264087,"gps":0.03786630920870774}
{"slowGame":11,"seed":20370414,"ms":62504,"win":true}
{"games":20,"liveWins":15,"liveWinRate":0.75,"ci95":{"p":0.75,"lo":0.5312949900419365,"hi":0.888139947210597},"ms":436489,"gps":0.04582016958044762}
{"games":30,"liveWins":21,"liveWinRate":0.7,"ci95":{"p":0.7,"lo":0.5212387898833981,"hi":0.8333543735604106},"ms":565428,"gps":0.05305715316538976}
{"slowGame":32,"seed":20579847,"ms":95015,"win":true}
{"slowGame":38,"seed":20639685,"ms":105286,"win":true}
{"games":40,"liveWins":28,"liveWinRate":0.7,"ci95":{"p":0.7,"lo":0.545696893456796,"hi":0.819253290843047},"ms":959238,"gps":0.04169976585581472}
{"slowGame":43,"seed":20689550,"ms":73792,"win":false}
{"slowGame":48,"seed":20739415,"ms":73617,"win":true}
{"slowGame":49,"seed":20749388,"ms":107827,"win":true}
{"games":50,"liveWins":34,"liveWinRate":0.68,"ci95":{"p":0.68,"lo":0.5418944286372392,"hi":0.792419559060006},"ms":1297139,"gps":0.038546370126871524}
=== FINAL ===
{
  "mode": "2p-h2h-single-deal-continuous",
  "protocol": "grandmaster-vs-grandmaster",
  "games": 50,
  "liveWins": 34,
  "freezeWins": 16,
  "liveWinRate": 0.68,
  "v80Wins": 34,
  "v80WinRate": 0.68,
  "ci95": {
    "p": 0.68,
    "lo": 0.5418944286372392,
    "hi": 0.792419559060006
  },
  "target": 0.7,
  "passed": false,
  "ms": 1297140,
  "live": {
    "id": "v9.2",
    "stamped": "2026-07-13T20:00:00Z",
    "label": "Grandmaster v9.2 (COMBO exact+contest)"
  },
  "freeze": {
    "id": "v9.1",
    "stamped": "2026-07-13T02:50:38Z",
    "label": "Grandmaster v9.1 (ladder freeze)"
  },
  "v80": {
    "id": "v9.2",
    "stamped": "2026-07-13T20:00:00Z",
    "label": "Grandmaster v9.2 (COMBO exact+contest)"
  },
  "v80Opts": {
    "difficulty": "grandmaster",
    "timeMs": 280,
    "iterations": 200,
    "maxSims": 480,
    "brTrials": 96,
    "bestResponse": true,
    "useSearch": true,
    "perfectInfo": true,
    "hiddenInfo": false,
    "maxBranch": 24,
    "dualSelf": false,
    "exactExploit": true,
    "mode": "auto",
    "combatRoot": false,
    "flRoot": false,
    "softSamples": 0,
    "exploit": true
  },
  "freezeOpts": {
    "difficulty": "grandmaster",
    "useSearch": true,
    "perfectInfo": true,
    "hiddenInfo": false,
    "timeMs": 120,
    "iterations": 80,
    "maxSims": 160,
    "bestResponse": false,
    "maxBranch": 16,
    "mode": "auto",
    "combatRoot": false,
    "flRoot": false,
    "dualSelf": false,
    "exactExploit": true,
    "softSamples": 0,
    "exploit": false
  },
  "opponentFreeze": "policies/v91-ai.js + policies/v91-search.js",
  "freezeTag": "v91",
  "seed0": 20260711,
  "checkpoints": [
    {
      "games": 10,
      "liveWins": 6,
      "liveWinRate": 0.6,
      "ci95": {
        "p": 0.6,
        "lo": 0.3126695474501863,
        "hi": 0.8318224187964901
      },
      "ms": 264087,
      "gps": 0.03786630920870774
    },
    {
      "games": 20,
      "liveWins": 15,
      "liveWinRate": 0.75,
      "ci95": {
        "p": 0.75,
        "lo": 0.5312949900419365,
        "hi": 0.888139947210597
      },
      "ms": 436489,
      "gps": 0.04582016958044762
    },
    {
      "games": 30,
      "liveWins": 21,
      "liveWinRate": 0.7,
      "ci95": {
        "p": 0.7,
        "lo": 0.5212387898833981,
        "hi": 0.8333543735604106
      },
      "ms": 565428,
      "gps": 0.05305715316538976
    },
    {
      "games": 40,
      "liveWins": 28,
      "liveWinRate": 0.7,
      "ci95": {
        "p": 0.7,
        "lo": 0.545696893456796,
        "hi": 0.819253290843047
      },
      "ms": 959238,
      "gps": 0.04169976585581472
    },
    {
      "games": 50,
      "liveWins": 34,
      "liveWinRate": 0.68,
      "ci95": {
        "p": 0.68,
        "lo": 0.5418944286372392,
        "hi": 0.792419559060006
      },
      "ms": 1297139,
      "gps": 0.038546370126871524
    }
  ]
}
GATE FAILED: liveWinRate=0.68 need >0.7
