=== live vs freeze v91 games=50 target=0.7 ===
live build { id: 'v9.2',
  stamped: '2026-07-13T19:38:31Z',
  label: 'Grandmaster v9.2 GOLD_SURGICAL maxBudget' }
freeze build { id: 'v9.1',
  stamped: '2026-07-13T02:50:38Z',
  label: 'Grandmaster v9.1 (ladder freeze)' }
live opts { difficulty: 'grandmaster',
  timeMs: 280,
  iterations: 200,
  maxSims: 480,
  brTrials: 96,
  bestResponse: true,
  useSearch: true,
  perfectInfo: true,
  hiddenInfo: false,
  maxBranch: 24,
  dualSelf: false,
  exactExploit: true,
  mode: 'auto',
  combatRoot: false,
  flRoot: false,
  softSamples: 0,
  exploit: true }
freeze opts { difficulty: 'grandmaster',
  useSearch: true,
  perfectInfo: true,
  hiddenInfo: false,
  timeMs: 120,
  iterations: 80,
  maxSims: 160,
  bestResponse: false,
  maxBranch: 16,
  mode: 'auto',
  combatRoot: false,
  flRoot: false,
  dualSelf: false,
  exactExploit: true,
  softSamples: 0,
  exploit: false }
opponentFreeze policies/v91-ai.js + search
protocol { freezeDifficulty: 'grandmaster',
  liveDifficulty: 'grandmaster',
  brModel: 'freeze-expert-cheap' }
{"slowGame":0,"seed":20260711,"ms":86057,"win":false}
{"slowGame":6,"seed":20320549,"ms":116042,"win":false}
{"slowGame":9,"seed":20350468,"ms":60305,"win":true}
{"games":10,"liveWins":7,"liveWinRate":0.7,"ci95":{"p":0.7,"lo":0.3967732199795652,"hi":0.892210712513788},"ms":409459,"gps":0.024422469648975844}
{"slowGame":11,"seed":20370414,"ms":79099,"win":true}
{"games":20,"liveWins":16,"liveWinRate":0.8,"ci95":{"p":0.8,"lo":0.5839782779742402,"hi":0.9193436467288001},"ms":609765,"gps":0.03279952112699155}
{"slowGame":25,"seed":20510036,"ms":63701,"win":true}
{"games":30,"liveWins":21,"liveWinRate":0.7,"ci95":{"p":0.7,"lo":0.5212387898833981,"hi":0.8333543735604106},"ms":807974,"gps":0.037129907645543046}
{"slowGame":32,"seed":20579847,"ms":85723,"win":false}
{"games":40,"liveWins":26,"liveWinRate":0.65,"ci95":{"p":0.65,"lo":0.4950559699353738,"hi":0.7786566682895085},"ms":1088904,"gps":0.03673418409703702}
{"slowGame":43,"seed":20689550,"ms":62613,"win":false}
{"slowGame":48,"seed":20739415,"ms":68983,"win":true}
{"games":50,"liveWins":31,"liveWinRate":0.62,"ci95":{"p":0.62,"lo":0.48150195022393577,"hi":0.7413740415742277},"ms":1360510,"gps":0.036750924285745785}
=== FINAL ===
{
  "mode": "2p-h2h-single-deal-continuous",
  "protocol": "grandmaster-vs-grandmaster",
  "games": 50,
  "liveWins": 31,
  "freezeWins": 19,
  "liveWinRate": 0.62,
  "v80Wins": 31,
  "v80WinRate": 0.62,
  "ci95": {
    "p": 0.62,
    "lo": 0.48150195022393577,
    "hi": 0.7413740415742277
  },
  "target": 0.7,
  "passed": false,
  "ms": 1360511,
  "live": {
    "id": "v9.2",
    "stamped": "2026-07-13T19:38:31Z",
    "label": "Grandmaster v9.2 GOLD_SURGICAL maxBudget"
  },
  "freeze": {
    "id": "v9.1",
    "stamped": "2026-07-13T02:50:38Z",
    "label": "Grandmaster v9.1 (ladder freeze)"
  },
  "v80": {
    "id": "v9.2",
    "stamped": "2026-07-13T19:38:31Z",
    "label": "Grandmaster v9.2 GOLD_SURGICAL maxBudget"
  },
  "v80Opts": {
    "difficulty": "grandmaster",
    "timeMs": 280,
    "iterations": 200,
    "maxSims": 480,
    "brTrials": 96,
    "bestResponse": true,
    "useSearch": true,
    "perfectInfo": true,
    "hiddenInfo": false,
    "maxBranch": 24,
    "dualSelf": false,
    "exactExploit": true,
    "mode": "auto",
    "combatRoot": false,
    "flRoot": false,
    "softSamples": 0,
    "exploit": true
  },
  "freezeOpts": {
    "difficulty": "grandmaster",
    "useSearch": true,
    "perfectInfo": true,
    "hiddenInfo": false,
    "timeMs": 120,
    "iterations": 80,
    "maxSims": 160,
    "bestResponse": false,
    "maxBranch": 16,
    "mode": "auto",
    "combatRoot": false,
    "flRoot": false,
    "dualSelf": false,
    "exactExploit": true,
    "softSamples": 0,
    "exploit": false
  },
  "opponentFreeze": "policies/v91-ai.js + policies/v91-search.js",
  "freezeTag": "v91",
  "seed0": 20260711,
  "checkpoints": [
    {
      "games": 10,
      "liveWins": 7,
      "liveWinRate": 0.7,
      "ci95": {
        "p": 0.7,
        "lo": 0.3967732199795652,
        "hi": 0.892210712513788
      },
      "ms": 409459,
      "gps": 0.024422469648975844
    },
    {
      "games": 20,
      "liveWins": 16,
      "liveWinRate": 0.8,
      "ci95": {
        "p": 0.8,
        "lo": 0.5839782779742402,
        "hi": 0.9193436467288001
      },
      "ms": 609765,
      "gps": 0.03279952112699155
    },
    {
      "games": 30,
      "liveWins": 21,
      "liveWinRate": 0.7,
      "ci95": {
        "p": 0.7,
        "lo": 0.5212387898833981,
        "hi": 0.8333543735604106
      },
      "ms": 807974,
      "gps": 0.037129907645543046
    },
    {
      "games": 40,
      "liveWins": 26,
      "liveWinRate": 0.65,
      "ci95": {
        "p": 0.65,
        "lo": 0.4950559699353738,
        "hi": 0.7786566682895085
      },
      "ms": 1088904,
      "gps": 0.03673418409703702
    },
    {
      "games": 50,
      "liveWins": 31,
      "liveWinRate": 0.62,
      "ci95": {
        "p": 0.62,
        "lo": 0.48150195022393577,
        "hi": 0.7413740415742277
      },
      "ms": 1360510,
      "gps": 0.036750924285745785
    }
  ]
}
GATE FAILED: liveWinRate=0.62 need >0.7
