seed-duel live { id: 'v9.2',
  stamped: '2026-07-13T23:00:00Z',
  label: 'Grandmaster v9.2 (STACK exact+softN10)' } patch  freeze v91 seeds 3
liveOpts { difficulty: 'grandmaster',
  timeMs: 280,
  iterations: 200,
  maxSims: 480,
  brTrials: 96,
  bestResponse: true,
  useSearch: true,
  perfectInfo: true,
  hiddenInfo: false,
  maxBranch: 24,
  dualSelf: false,
  exactExploit: true,
  mode: 'auto',
  combatRoot: false,
  flRoot: false,
  softSamples: 10,
  exploit: true }
freezeOpts { difficulty: 'grandmaster',
  useSearch: true,
  perfectInfo: true,
  hiddenInfo: false,
  timeMs: 120,
  iterations: 80,
  maxSims: 160,
  bestResponse: false,
  maxBranch: 16,
  mode: 'auto',
  exactExploit: true,
  exploit: false }
{"seed":20559901,"liveWin":false,"liveSeat":1,"steps":20,"ms":22452}
{"seed":20599793,"liveWin":true,"liveSeat":1,"steps":23,"ms":25914}
{"seed":20609766,"liveWin":false,"liveSeat":0,"steps":21,"ms":17584}
{"liveWins":1,"n":3,"rate":0.3333333333333333}
