seed-duel live { id: 'v9.2',
  stamped: '2026-07-13T02:50:51Z',
  label: 'Grandmaster v9.2' } patch  freeze v91 seeds 50
liveOpts { difficulty: 'grandmaster',
  timeMs: 140,
  iterations: 100,
  maxSims: 320,
  brTrials: 40,
  bestResponse: true,
  useSearch: true,
  perfectInfo: true,
  hiddenInfo: false,
  maxBranch: 20,
  dualSelf: false,
  exactExploit: true,
  mode: 'auto',
  combatRoot: false,
  flRoot: false,
  softSamples: 0,
  exploit: true }
freezeOpts { difficulty: 'grandmaster',
  useSearch: true,
  perfectInfo: true,
  hiddenInfo: false,
  timeMs: 100,
  iterations: 64,
  maxSims: 160,
  bestResponse: false,
  maxBranch: 16,
  mode: 'auto',
  exactExploit: false,
  exploit: false }
{"seed":20260711,"liveWin":true,"liveSeat":1,"steps":21,"ms":24042}
{"seed":20270684,"liveWin":true,"liveSeat":0,"steps":17,"ms":17120}
{"seed":20280657,"liveWin":true,"liveSeat":1,"steps":17,"ms":23368}
{"seed":20290630,"liveWin":false,"liveSeat":0,"steps":22,"ms":5541}
{"seed":20300603,"liveWin":true,"liveSeat":1,"steps":18,"ms":7351}
{"seed":20310576,"liveWin":false,"liveSeat":0,"steps":18,"ms":16843}
{"seed":20320549,"liveWin":false,"liveSeat":1,"steps":26,"ms":18059}
{"seed":20330522,"liveWin":true,"liveSeat":0,"steps":21,"ms":12377}
{"seed":20340495,"liveWin":true,"liveSeat":1,"steps":20,"ms":17884}
{"seed":20350468,"liveWin":false,"liveSeat":0,"steps":20,"ms":42915}
{"seed":20360441,"liveWin":true,"liveSeat":1,"steps":23,"ms":6906}
{"seed":20370414,"liveWin":true,"liveSeat":0,"steps":20,"ms":53913}
{"seed":20380387,"liveWin":false,"liveSeat":1,"steps":5,"ms":2340}
{"seed":20390360,"liveWin":true,"liveSeat":0,"steps":17,"ms":5181}
{"seed":20400333,"liveWin":true,"liveSeat":1,"steps":20,"ms":16315}
{"seed":20410306,"liveWin":true,"liveSeat":0,"steps":22,"ms":6448}
{"seed":20420279,"liveWin":true,"liveSeat":1,"steps":20,"ms":24861}
{"seed":20430252,"liveWin":true,"liveSeat":0,"steps":7,"ms":2568}
{"seed":20440225,"liveWin":true,"liveSeat":1,"steps":26,"ms":14705}
{"seed":20450198,"liveWin":true,"liveSeat":0,"steps":12,"ms":1841}
{"seed":20460171,"liveWin":true,"liveSeat":1,"steps":21,"ms":14882}
{"seed":20470144,"liveWin":false,"liveSeat":0,"steps":13,"ms":10275}
{"seed":20480117,"liveWin":true,"liveSeat":1,"steps":21,"ms":4407}
{"seed":20490090,"liveWin":false,"liveSeat":0,"steps":15,"ms":7474}
{"seed":20500063,"liveWin":true,"liveSeat":1,"steps":22,"ms":10280}
{"seed":20510036,"liveWin":true,"liveSeat":0,"steps":20,"ms":44524}
{"seed":20520009,"liveWin":true,"liveSeat":1,"steps":22,"ms":17058}
{"seed":20529982,"liveWin":true,"liveSeat":0,"steps":10,"ms":2095}
{"seed":20539955,"liveWin":false,"liveSeat":1,"steps":22,"ms":3513}
{"seed":20549928,"liveWin":false,"liveSeat":0,"steps":10,"ms":2126}
{"seed":20559901,"liveWin":false,"liveSeat":1,"steps":20,"ms":21794}
{"seed":20569874,"liveWin":true,"liveSeat":0,"steps":11,"ms":8101}
{"seed":20579847,"liveWin":true,"liveSeat":1,"steps":8,"ms":64126}
{"seed":20589820,"liveWin":true,"liveSeat":0,"steps":19,"ms":9951}
{"seed":20599793,"liveWin":false,"liveSeat":1,"steps":16,"ms":24705}
{"seed":20609766,"liveWin":false,"liveSeat":0,"steps":21,"ms":18426}
{"seed":20619739,"liveWin":true,"liveSeat":1,"steps":18,"ms":4838}
{"seed":20629712,"liveWin":true,"liveSeat":0,"steps":20,"ms":20658}
{"seed":20639685,"liveWin":true,"liveSeat":1,"steps":14,"ms":56826}
{"seed":20649658,"liveWin":true,"liveSeat":0,"steps":15,"ms":11824}
{"seed":20659631,"liveWin":false,"liveSeat":1,"steps":18,"ms":3474}
{"seed":20669604,"liveWin":false,"liveSeat":0,"steps":16,"ms":2099}
{"seed":20679577,"liveWin":true,"liveSeat":1,"steps":14,"ms":12171}
{"seed":20689550,"liveWin":false,"liveSeat":0,"steps":22,"ms":40125}
{"seed":20699523,"liveWin":true,"liveSeat":1,"steps":12,"ms":2197}
{"seed":20709496,"liveWin":false,"liveSeat":0,"steps":18,"ms":9263}
{"seed":20719469,"liveWin":true,"liveSeat":1,"steps":19,"ms":5151}
{"seed":20729442,"liveWin":true,"liveSeat":0,"steps":11,"ms":1100}
{"seed":20739415,"liveWin":true,"liveSeat":1,"steps":23,"ms":35300}
{"seed":20749388,"liveWin":true,"liveSeat":0,"steps":24,"ms":52289}
{"liveWins":34,"n":50,"rate":0.68}
