seed-duel live { id: 'v9.2',
  stamped: '2026-07-13T07:52:36Z',
  label: 'Grandmaster v9.2' } patch  freeze v91 seeds 50
liveOpts { difficulty: 'grandmaster',
  timeMs: 160,
  iterations: 120,
  maxSims: 320,
  brTrials: 48,
  bestResponse: true,
  useSearch: true,
  perfectInfo: true,
  hiddenInfo: false,
  maxBranch: 20,
  dualSelf: false,
  exactExploit: true,
  mode: 'auto',
  combatRoot: false,
  flRoot: false,
  softSamples: 0,
  exploit: true }
freezeOpts { difficulty: 'grandmaster',
  useSearch: true,
  perfectInfo: true,
  hiddenInfo: false,
  timeMs: 100,
  iterations: 64,
  maxSims: 160,
  bestResponse: false,
  maxBranch: 16,
  mode: 'auto',
  exactExploit: false,
  exploit: false }
{"seed":20260711,"liveWin":false,"liveSeat":1,"steps":24,"ms":38477}
{"seed":20270684,"liveWin":false,"liveSeat":0,"steps":24,"ms":9955}
{"seed":20280657,"liveWin":true,"liveSeat":1,"steps":15,"ms":15125}
{"seed":20290630,"liveWin":true,"liveSeat":0,"steps":17,"ms":15321}
{"seed":20300603,"liveWin":true,"liveSeat":1,"steps":18,"ms":7084}
{"seed":20310576,"liveWin":false,"liveSeat":0,"steps":12,"ms":11149}
{"seed":20320549,"liveWin":true,"liveSeat":1,"steps":23,"ms":54577}
{"seed":20330522,"liveWin":true,"liveSeat":0,"steps":23,"ms":14825}
{"seed":20340495,"liveWin":true,"liveSeat":1,"steps":20,"ms":17443}
{"seed":20350468,"liveWin":false,"liveSeat":0,"steps":22,"ms":37968}
{"seed":20360441,"liveWin":false,"liveSeat":1,"steps":22,"ms":6364}
{"seed":20370414,"liveWin":true,"liveSeat":0,"steps":20,"ms":50724}
{"seed":20380387,"liveWin":false,"liveSeat":1,"steps":5,"ms":2258}
{"seed":20390360,"liveWin":true,"liveSeat":0,"steps":17,"ms":5000}
{"seed":20400333,"liveWin":true,"liveSeat":1,"steps":20,"ms":15343}
{"seed":20410306,"liveWin":false,"liveSeat":0,"steps":15,"ms":6264}
{"seed":20420279,"liveWin":true,"liveSeat":1,"steps":14,"ms":25007}
{"seed":20430252,"liveWin":true,"liveSeat":0,"steps":7,"ms":3220}
{"seed":20440225,"liveWin":true,"liveSeat":1,"steps":26,"ms":13965}
{"seed":20450198,"liveWin":true,"liveSeat":0,"steps":12,"ms":1789}
{"seed":20460171,"liveWin":true,"liveSeat":1,"steps":19,"ms":7114}
{"seed":20470144,"liveWin":false,"liveSeat":0,"steps":13,"ms":9633}
{"seed":20480117,"liveWin":false,"liveSeat":1,"steps":18,"ms":3232}
{"seed":20490090,"liveWin":false,"liveSeat":0,"steps":15,"ms":7439}
{"seed":20500063,"liveWin":true,"liveSeat":1,"steps":28,"ms":24645}
{"seed":20510036,"liveWin":false,"liveSeat":0,"steps":21,"ms":24928}
{"seed":20520009,"liveWin":false,"liveSeat":1,"steps":21,"ms":20888}
{"seed":20529982,"liveWin":true,"liveSeat":0,"steps":16,"ms":10498}
{"seed":20539955,"liveWin":false,"liveSeat":1,"steps":22,"ms":7728}
{"seed":20549928,"liveWin":false,"liveSeat":0,"steps":20,"ms":25079}
{"seed":20559901,"liveWin":false,"liveSeat":1,"steps":20,"ms":21219}
{"seed":20569874,"liveWin":true,"liveSeat":0,"steps":17,"ms":3554}
{"seed":20579847,"liveWin":false,"liveSeat":1,"steps":19,"ms":56356}
{"seed":20589820,"liveWin":true,"liveSeat":0,"steps":19,"ms":9961}
{"seed":20599793,"liveWin":false,"liveSeat":1,"steps":16,"ms":24579}
{"seed":20609766,"liveWin":false,"liveSeat":0,"steps":21,"ms":14204}
{"seed":20619739,"liveWin":true,"liveSeat":1,"steps":16,"ms":4791}
{"seed":20629712,"liveWin":true,"liveSeat":0,"steps":16,"ms":20164}
{"seed":20639685,"liveWin":true,"liveSeat":1,"steps":14,"ms":35413}
{"seed":20649658,"liveWin":true,"liveSeat":0,"steps":21,"ms":14029}
{"seed":20659631,"liveWin":false,"liveSeat":1,"steps":18,"ms":2458}
{"seed":20669604,"liveWin":false,"liveSeat":0,"steps":16,"ms":1838}
{"seed":20679577,"liveWin":true,"liveSeat":1,"steps":14,"ms":11798}
{"seed":20689550,"liveWin":false,"liveSeat":0,"steps":22,"ms":37404}
{"seed":20699523,"liveWin":true,"liveSeat":1,"steps":10,"ms":5604}
{"seed":20709496,"liveWin":false,"liveSeat":0,"steps":18,"ms":7447}
{"seed":20719469,"liveWin":false,"liveSeat":1,"steps":24,"ms":25838}
{"seed":20729442,"liveWin":true,"liveSeat":0,"steps":11,"ms":1453}
{"seed":20739415,"liveWin":true,"liveSeat":1,"steps":23,"ms":60491}
{"seed":20749388,"liveWin":true,"liveSeat":0,"steps":20,"ms":51220}
{"liveWins":27,"n":50,"rate":0.54}
