seed-duel live { id: 'v9.2',
  stamped: '2026-07-13T07:15:52Z',
  label: 'Grandmaster v9.2' } patch NOPASS freeze v91 seeds 23
liveOpts { difficulty: 'grandmaster',
  timeMs: 160,
  iterations: 120,
  maxSims: 320,
  brTrials: 48,
  bestResponse: true,
  useSearch: true,
  perfectInfo: true,
  hiddenInfo: false,
  maxBranch: 20,
  dualSelf: false,
  exactExploit: true,
  mode: 'auto',
  combatRoot: false,
  flRoot: false,
  softSamples: 0,
  exploit: true }
freezeOpts { difficulty: 'grandmaster',
  useSearch: true,
  perfectInfo: true,
  hiddenInfo: false,
  timeMs: 100,
  iterations: 64,
  maxSims: 160,
  bestResponse: false,
  maxBranch: 16,
  mode: 'auto',
  exactExploit: false,
  exploit: false }
{"seed":20270684,"liveWin":false,"liveSeat":0,"steps":24,"ms":10892}
{"seed":20310576,"liveWin":false,"liveSeat":0,"steps":12,"ms":11595}
{"seed":20350468,"liveWin":false,"liveSeat":0,"steps":22,"ms":38442}
{"seed":20360441,"liveWin":false,"liveSeat":1,"steps":22,"ms":6489}
{"seed":20380387,"liveWin":false,"liveSeat":1,"steps":5,"ms":2353}
{"seed":20410306,"liveWin":false,"liveSeat":0,"steps":15,"ms":6364}
{"seed":20450198,"liveWin":true,"liveSeat":0,"steps":12,"ms":1821}
{"seed":20470144,"liveWin":false,"liveSeat":0,"steps":13,"ms":9983}
{"seed":20480117,"liveWin":false,"liveSeat":1,"steps":18,"ms":3281}
{"seed":20490090,"liveWin":false,"liveSeat":0,"steps":15,"ms":7737}
{"seed":20510036,"liveWin":false,"liveSeat":0,"steps":21,"ms":25284}
{"seed":20520009,"liveWin":false,"liveSeat":1,"steps":21,"ms":21502}
{"seed":20539955,"liveWin":false,"liveSeat":1,"steps":22,"ms":7752}
{"seed":20549928,"liveWin":false,"liveSeat":0,"steps":20,"ms":25184}
{"seed":20559901,"liveWin":false,"liveSeat":1,"steps":20,"ms":21208}
{"seed":20579847,"liveWin":false,"liveSeat":1,"steps":19,"ms":57551}
{"seed":20599793,"liveWin":false,"liveSeat":1,"steps":16,"ms":22782}
{"seed":20609766,"liveWin":false,"liveSeat":0,"steps":21,"ms":13631}
{"seed":20659631,"liveWin":false,"liveSeat":1,"steps":18,"ms":2478}
{"seed":20669604,"liveWin":false,"liveSeat":0,"steps":16,"ms":1833}
{"seed":20689550,"liveWin":false,"liveSeat":0,"steps":22,"ms":36988}
{"seed":20709496,"liveWin":false,"liveSeat":0,"steps":18,"ms":7257}
{"seed":20719469,"liveWin":false,"liveSeat":1,"steps":24,"ms":23996}
{"liveWins":1,"n":23,"rate":0.043478260869565216}
