seed-duel live { id: 'v9.2',
  stamped: '2026-07-13T07:15:52Z',
  label: 'Grandmaster v9.2' } patch  freeze v91 seeds 8
liveOpts { difficulty: 'grandmaster',
  timeMs: 140,
  iterations: 100,
  maxSims: 320,
  brTrials: 40,
  bestResponse: true,
  useSearch: true,
  perfectInfo: true,
  hiddenInfo: false,
  maxBranch: 20,
  dualSelf: false,
  exactExploit: true,
  mode: 'auto',
  combatRoot: false,
  flRoot: false,
  softSamples: 0,
  exploit: true }
freezeOpts { difficulty: 'grandmaster',
  useSearch: true,
  perfectInfo: true,
  hiddenInfo: false,
  timeMs: 100,
  iterations: 64,
  maxSims: 160,
  bestResponse: false,
  maxBranch: 16,
  mode: 'auto',
  exactExploit: false,
  exploit: false }
{"seed":20260711,"liveWin":false,"liveSeat":1,"steps":24,"ms":39955}
{"seed":20320549,"liveWin":true,"liveSeat":1,"steps":23,"ms":61078}
{"seed":20569874,"liveWin":true,"liveSeat":0,"steps":17,"ms":3398}
{"seed":20629712,"liveWin":true,"liveSeat":0,"steps":16,"ms":18667}
{"seed":20270684,"liveWin":false,"liveSeat":0,"steps":24,"ms":10736}
{"seed":20350468,"liveWin":false,"liveSeat":0,"steps":22,"ms":39788}
{"seed":20410306,"liveWin":false,"liveSeat":0,"steps":15,"ms":6394}
{"seed":20450198,"liveWin":true,"liveSeat":0,"steps":12,"ms":1779}
{"liveWins":4,"n":8,"rate":0.5}
