waiting for BASE pid 95262
05:42:39 BASE n=11
05:43:09 BASE n=15
05:43:40 BASE n=18
05:44:10 BASE n=21
05:44:40 BASE n=24
05:45:10 BASE n=25
05:45:40 BASE n=27
05:46:10 BASE n=30
05:46:40 BASE n=32
05:47:10 BASE n=32
05:47:40 BASE n=34
05:48:10 BASE n=36
05:48:40 BASE n=38
05:49:10 BASE n=39
05:49:40 BASE n=43
05:50:10 BASE n=44
05:50:40 BASE n=46
05:51:10 BASE n=48
05:51:40 BASE n=48
05:52:10 BASE n=49
BASE done
{"seed":20749388,"liveWin":true,"liveSeat":0,"steps":24,"ms":51490}
{"liveWins":27,"n":50,"rate":0.54}
BASE wins 27 / 50
LOSS [20260711, 20310576, 20320549, 20360441, 20380387, 20470144, 20480117, 20490090, 20510036, 20520009, 20539955, 20549928, 20559901, 20569874, 20579847, 20599793, 20609766, 20629712, 20659631, 20669604, 20689550, 20709496, 20719469]
WINS20 [20270684, 20280657, 20290630, 20300603, 20330522, 20340495, 20350468, 20370414, 20390360, 20400333, 20410306, 20420279, 20430252, 20440225, 20450198]
=== MIDGAP losses 05:52:40 ===
{"liveWins":0,"n":23,"rate":0}
=== SOFTPASS11 losses 05:59:56 ===
{"liveWins":0,"n":23,"rate":0}
=== TWO7 losses 06:07:12 ===
{"liveWins":2,"n":23,"rate":0.08695652173913043}
=== TRASHFL losses 06:14:14 ===
{"liveWins":4,"n":23,"rate":0.17391304347826086}
=== STRUCT losses 06:21:17 ===
{"liveWins":4,"n":23,"rate":0.17391304347826086}
MIDGAP flips 0 []
SOFTPASS11 flips 0 []
TWO7 flips 2 [20260711, 20569874]
TRASHFL flips 4 [20260711, 20320549, 20569874, 20629712]
STRUCT flips 4 [20260711, 20320549, 20569874, 20629712]
cands ['TWO7', 'TRASHFL', 'STRUCT']
=== TWO7 wins20 06:28:21 ===
{"liveWins":11,"n":15,"rate":0.7333333333333333}
=== TRASHFL wins20 06:34:29 ===
{"liveWins":11,"n":15,"rate":0.7333333333333333}
=== SUMMARY ===
BASE 27 50 0.54
MIDGAP: lossFlips=0 [] winFlips=0 [] candidate=False
SOFTPASS11: lossFlips=0 [] winFlips=0 [] candidate=False
TWO7: lossFlips=2 [20260711, 20569874] winFlips=4 [20270684, 20350468, 20410306, 20450198] candidate=False
TRASHFL: lossFlips=4 [20260711, 20320549, 20569874, 20629712] winFlips=4 [20270684, 20350468, 20410306, 20450198] candidate=False
STRUCT: lossFlips=4 [20260711, 20320549, 20569874, 20629712] winFlips=0 [] candidate=True
HUNT_DONE
HUNT_SCRIPT_DONE
