=== live vs freeze v91 games=50 target=0.7 ===
live build { id: 'v9.2',
  stamped: '2026-07-13T15:00:00Z',
  label: 'Grandmaster v9.2 (series-1 structure gold)' }
freeze build { id: 'v9.1',
  stamped: '2026-07-13T02:50:38Z',
  label: 'Grandmaster v9.1 (ladder freeze)' }
live opts { difficulty: 'grandmaster',
  timeMs: 150,
  iterations: 120,
  maxSims: 320,
  brTrials: 48,
  bestResponse: true,
  useSearch: true,
  perfectInfo: true,
  hiddenInfo: false,
  maxBranch: 20,
  dualSelf: false,
  exactExploit: true,
  mode: 'auto',
  combatRoot: false,
  flRoot: false,
  softSamples: 0,
  exploit: true }
freeze opts { difficulty: 'grandmaster',
  useSearch: true,
  perfectInfo: true,
  hiddenInfo: false,
  timeMs: 120,
  iterations: 80,
  maxSims: 160,
  bestResponse: false,
  maxBranch: 16,
  mode: 'auto',
  combatRoot: false,
  flRoot: false,
  dualSelf: false,
  exactExploit: true,
  softSamples: 0,
  exploit: false }
opponentFreeze policies/v91-ai.js + search
protocol { freezeDifficulty: 'grandmaster',
  liveDifficulty: 'grandmaster',
  brModel: 'freeze-expert-cheap' }
{"slowGame":0,"seed":20260711,"ms":79238,"win":false}
{"slowGame":6,"seed":20320549,"ms":110836,"win":false}
{"games":10,"liveWins":7,"liveWinRate":0.7,"ci95":{"p":0.7,"lo":0.3967732199795652,"hi":0.892210712513788},"ms":385207,"gps":0.02596006822305929}
{"slowGame":11,"seed":20370414,"ms":76229,"win":true}
{"games":20,"liveWins":15,"liveWinRate":0.75,"ci95":{"p":0.75,"lo":0.5312949900419365,"hi":0.888139947210597},"ms":575901,"gps":0.03472819113007271}
{"games":30,"liveWins":18,"liveWinRate":0.6,"ci95":{"p":0.6,"lo":0.42320052498273836,"hi":0.754096056739166},"ms":745270,"gps":0.040253867725790655}
{"slowGame":32,"seed":20579847,"ms":86567,"win":false}
{"games":40,"liveWins":23,"liveWinRate":0.575,"ci95":{"p":0.575,"lo":0.4219480043605999,"hi":0.7149083147518411},"ms":1036215,"gps":0.03860202757149819}
{"slowGame":43,"seed":20689550,"ms":60895,"win":false}
{"slowGame":48,"seed":20739415,"ms":70831,"win":true}
{"slowGame":49,"seed":20749388,"ms":69416,"win":true}
{"games":50,"liveWins":28,"liveWinRate":0.56,"ci95":{"p":0.56,"lo":0.4230578680014353,"hi":0.6883801278976466},"ms":1334995,"gps":0.03745332379522021}
=== FINAL ===
{
  "mode": "2p-h2h-single-deal-continuous",
  "protocol": "grandmaster-vs-grandmaster",
  "games": 50,
  "liveWins": 28,
  "freezeWins": 22,
  "liveWinRate": 0.56,
  "v80Wins": 28,
  "v80WinRate": 0.56,
  "ci95": {
    "p": 0.56,
    "lo": 0.4230578680014353,
    "hi": 0.6883801278976466
  },
  "target": 0.7,
  "passed": false,
  "ms": 1334995,
  "live": {
    "id": "v9.2",
    "stamped": "2026-07-13T15:00:00Z",
    "label": "Grandmaster v9.2 (series-1 structure gold)"
  },
  "freeze": {
    "id": "v9.1",
    "stamped": "2026-07-13T02:50:38Z",
    "label": "Grandmaster v9.1 (ladder freeze)"
  },
  "v80": {
    "id": "v9.2",
    "stamped": "2026-07-13T15:00:00Z",
    "label": "Grandmaster v9.2 (series-1 structure gold)"
  },
  "v80Opts": {
    "difficulty": "grandmaster",
    "timeMs": 150,
    "iterations": 120,
    "maxSims": 320,
    "brTrials": 48,
    "bestResponse": true,
    "useSearch": true,
    "perfectInfo": true,
    "hiddenInfo": false,
    "maxBranch": 20,
    "dualSelf": false,
    "exactExploit": true,
    "mode": "auto",
    "combatRoot": false,
    "flRoot": false,
    "softSamples": 0,
    "exploit": true
  },
  "freezeOpts": {
    "difficulty": "grandmaster",
    "useSearch": true,
    "perfectInfo": true,
    "hiddenInfo": false,
    "timeMs": 120,
    "iterations": 80,
    "maxSims": 160,
    "bestResponse": false,
    "maxBranch": 16,
    "mode": "auto",
    "combatRoot": false,
    "flRoot": false,
    "dualSelf": false,
    "exactExploit": true,
    "softSamples": 0,
    "exploit": false
  },
  "opponentFreeze": "policies/v91-ai.js + policies/v91-search.js",
  "freezeTag": "v91",
  "seed0": 20260711,
  "checkpoints": [
    {
      "games": 10,
      "liveWins": 7,
      "liveWinRate": 0.7,
      "ci95": {
        "p": 0.7,
        "lo": 0.3967732199795652,
        "hi": 0.892210712513788
      },
      "ms": 385207,
      "gps": 0.02596006822305929
    },
    {
      "games": 20,
      "liveWins": 15,
      "liveWinRate": 0.75,
      "ci95": {
        "p": 0.75,
        "lo": 0.5312949900419365,
        "hi": 0.888139947210597
      },
      "ms": 575901,
      "gps": 0.03472819113007271
    },
    {
      "games": 30,
      "liveWins": 18,
      "liveWinRate": 0.6,
      "ci95": {
        "p": 0.6,
        "lo": 0.42320052498273836,
        "hi": 0.754096056739166
      },
      "ms": 745270,
      "gps": 0.040253867725790655
    },
    {
      "games": 40,
      "liveWins": 23,
      "liveWinRate": 0.575,
      "ci95": {
        "p": 0.575,
        "lo": 0.4219480043605999,
        "hi": 0.7149083147518411
      },
      "ms": 1036215,
      "gps": 0.03860202757149819
    },
    {
      "games": 50,
      "liveWins": 28,
      "liveWinRate": 0.56,
      "ci95": {
        "p": 0.56,
        "lo": 0.4230578680014353,
        "hi": 0.6883801278976466
      },
      "ms": 1334995,
      "gps": 0.03745332379522021
    }
  ]
}
GATE FAILED: liveWinRate=0.56 need >0.7
