seed-duel live { id: 'v9.2',
  stamped: '2026-07-13T05:15:38Z',
  label: 'Grandmaster v9.2' } patch MIDGAP freeze v91 seeds 23
liveOpts { difficulty: 'grandmaster',
  timeMs: 140,
  iterations: 100,
  maxSims: 320,
  brTrials: 40,
  bestResponse: true,
  useSearch: true,
  perfectInfo: true,
  hiddenInfo: false,
  maxBranch: 20,
  dualSelf: false,
  exactExploit: true,
  mode: 'auto',
  combatRoot: false,
  flRoot: false,
  softSamples: 0,
  exploit: true }
freezeOpts { difficulty: 'grandmaster',
  useSearch: true,
  perfectInfo: true,
  hiddenInfo: false,
  timeMs: 100,
  iterations: 64,
  maxSims: 160,
  bestResponse: false,
  maxBranch: 16,
  mode: 'auto',
  exactExploit: false,
  exploit: false }
{"seed":20260711,"liveWin":false,"liveSeat":1,"steps":24,"ms":53333}
{"seed":20310576,"liveWin":false,"liveSeat":0,"steps":22,"ms":16627}
{"seed":20320549,"liveWin":false,"liveSeat":1,"steps":20,"ms":76891}
{"seed":20360441,"liveWin":false,"liveSeat":1,"steps":22,"ms":6163}
{"seed":20380387,"liveWin":false,"liveSeat":1,"steps":5,"ms":2189}
{"seed":20470144,"liveWin":false,"liveSeat":0,"steps":13,"ms":9619}
{"seed":20480117,"liveWin":false,"liveSeat":1,"steps":18,"ms":3185}
{"seed":20490090,"liveWin":false,"liveSeat":0,"steps":15,"ms":7500}
{"seed":20510036,"liveWin":false,"liveSeat":0,"steps":21,"ms":25004}
{"seed":20520009,"liveWin":false,"liveSeat":1,"steps":21,"ms":20969}
{"seed":20539955,"liveWin":false,"liveSeat":1,"steps":22,"ms":7413}
{"seed":20549928,"liveWin":false,"liveSeat":0,"steps":10,"ms":2067}
{"seed":20559901,"liveWin":false,"liveSeat":1,"steps":20,"ms":20927}
{"seed":20569874,"liveWin":false,"liveSeat":0,"steps":24,"ms":3815}
{"seed":20579847,"liveWin":false,"liveSeat":1,"steps":19,"ms":56221}
{"seed":20599793,"liveWin":false,"liveSeat":1,"steps":16,"ms":22205}
{"seed":20609766,"liveWin":false,"liveSeat":0,"steps":21,"ms":13256}
{"seed":20629712,"liveWin":false,"liveSeat":0,"steps":17,"ms":2968}
{"seed":20659631,"liveWin":false,"liveSeat":1,"steps":18,"ms":2409}
{"seed":20669604,"liveWin":false,"liveSeat":0,"steps":16,"ms":1804}
{"seed":20689550,"liveWin":false,"liveSeat":0,"steps":22,"ms":39853}
{"seed":20709496,"liveWin":false,"liveSeat":0,"steps":18,"ms":7034}
{"seed":20719469,"liveWin":false,"liveSeat":1,"steps":24,"ms":34564}
{"liveWins":0,"n":23,"rate":0}
