=== live vs freeze v91 games=50 target=0.7 ===
live build { id: 'v9.2',
  stamped: '2026-07-13T23:30:00Z',
  label: 'Grandmaster v9.2 (STACK softN14)' }
freeze build { id: 'v9.1',
  stamped: '2026-07-13T02:50:38Z',
  label: 'Grandmaster v9.1 (ladder freeze)' }
live opts { difficulty: 'grandmaster',
  timeMs: 280,
  iterations: 200,
  maxSims: 480,
  brTrials: 96,
  bestResponse: true,
  useSearch: true,
  perfectInfo: true,
  hiddenInfo: false,
  maxBranch: 24,
  dualSelf: false,
  exactExploit: true,
  mode: 'auto',
  combatRoot: false,
  flRoot: false,
  softSamples: 0,
  exploit: true }
freeze opts { difficulty: 'grandmaster',
  useSearch: true,
  perfectInfo: true,
  hiddenInfo: false,
  timeMs: 120,
  iterations: 80,
  maxSims: 160,
  bestResponse: false,
  maxBranch: 16,
  mode: 'auto',
  combatRoot: false,
  flRoot: false,
  dualSelf: false,
  exactExploit: true,
  softSamples: 0,
  exploit: false }
opponentFreeze policies/v91-ai.js + search
WARNING: perfectInfo enabled — NOT valid for ladder ship gate (user: always hidden)
protocol { freezeDifficulty: 'grandmaster',
  liveDifficulty: 'grandmaster',
  infoModel: 'PERFECT (debug only)',
  livePerfect: true,
  freezePerfect: true,
  liveHidden: false,
  freezeHidden: false,
  brModel: 'freeze-expert-cheap',
  equalBudget: false,
  identityBaseline: null,
  minDeltaWins: null }
