seed-duel live { id: 'v9.2',
  stamped: '2026-07-13T07:15:52Z',
  label: 'Grandmaster v9.2' } patch  freeze v91 seeds 13
liveOpts { difficulty: 'grandmaster',
  timeMs: 160,
  iterations: 120,
  maxSims: 320,
  brTrials: 48,
  bestResponse: true,
  useSearch: true,
  perfectInfo: true,
  hiddenInfo: false,
  maxBranch: 20,
  dualSelf: false,
  exactExploit: true,
  mode: 'auto',
  combatRoot: false,
  flRoot: false,
  softSamples: 0,
  exploit: true }
freezeOpts { difficulty: 'grandmaster',
  useSearch: true,
  perfectInfo: true,
  hiddenInfo: false,
  timeMs: 100,
  iterations: 64,
  maxSims: 160,
  bestResponse: false,
  maxBranch: 16,
  mode: 'auto',
  exactExploit: false,
  exploit: false }
{"seed":20260711,"liveWin":false,"liveSeat":1,"steps":24,"ms":38784}
{"seed":20280657,"liveWin":true,"liveSeat":1,"steps":15,"ms":15362}
{"seed":20290630,"liveWin":true,"liveSeat":0,"steps":17,"ms":15555}
{"seed":20300603,"liveWin":true,"liveSeat":1,"steps":18,"ms":7158}
{"seed":20320549,"liveWin":true,"liveSeat":1,"steps":23,"ms":57227}
{"seed":20330522,"liveWin":true,"liveSeat":0,"steps":23,"ms":14819}
{"seed":20340495,"liveWin":true,"liveSeat":1,"steps":20,"ms":17528}
{"seed":20370414,"liveWin":true,"liveSeat":0,"steps":20,"ms":48779}
{"seed":20390360,"liveWin":true,"liveSeat":0,"steps":17,"ms":4714}
{"seed":20400333,"liveWin":true,"liveSeat":1,"steps":20,"ms":15083}
{"seed":20420279,"liveWin":true,"liveSeat":1,"steps":14,"ms":23642}
{"seed":20430252,"liveWin":true,"liveSeat":0,"steps":7,"ms":3135}
{"seed":20440225,"liveWin":true,"liveSeat":1,"steps":26,"ms":12899}
{"liveWins":12,"n":13,"rate":0.9230769230769231}
