seed-duel live { id: 'v9.2',
  stamped: '2026-07-13T05:15:38Z',
  label: 'Grandmaster v9.2' } patch TWO7 freeze v91 seeds 23
liveOpts { difficulty: 'grandmaster',
  timeMs: 140,
  iterations: 100,
  maxSims: 320,
  brTrials: 40,
  bestResponse: true,
  useSearch: true,
  perfectInfo: true,
  hiddenInfo: false,
  maxBranch: 20,
  dualSelf: false,
  exactExploit: true,
  mode: 'auto',
  combatRoot: false,
  flRoot: false,
  softSamples: 0,
  exploit: true }
freezeOpts { difficulty: 'grandmaster',
  useSearch: true,
  perfectInfo: true,
  hiddenInfo: false,
  timeMs: 100,
  iterations: 64,
  maxSims: 160,
  bestResponse: false,
  maxBranch: 16,
  mode: 'auto',
  exactExploit: false,
  exploit: false }
{"seed":20260711,"liveWin":true,"liveSeat":1,"steps":23,"ms":39455}
{"seed":20310576,"liveWin":false,"liveSeat":0,"steps":22,"ms":14515}
{"seed":20320549,"liveWin":false,"liveSeat":1,"steps":20,"ms":76512}
{"seed":20360441,"liveWin":false,"liveSeat":1,"steps":22,"ms":5978}
{"seed":20380387,"liveWin":false,"liveSeat":1,"steps":5,"ms":5182}
{"seed":20470144,"liveWin":false,"liveSeat":0,"steps":15,"ms":10000}
{"seed":20480117,"liveWin":false,"liveSeat":1,"steps":18,"ms":3201}
{"seed":20490090,"liveWin":false,"liveSeat":0,"steps":15,"ms":7602}
{"seed":20510036,"liveWin":false,"liveSeat":0,"steps":21,"ms":27560}
{"seed":20520009,"liveWin":false,"liveSeat":1,"steps":21,"ms":21582}
{"seed":20539955,"liveWin":false,"liveSeat":1,"steps":22,"ms":7343}
{"seed":20549928,"liveWin":false,"liveSeat":0,"steps":10,"ms":2135}
{"seed":20559901,"liveWin":false,"liveSeat":1,"steps":22,"ms":22590}
{"seed":20569874,"liveWin":true,"liveSeat":0,"steps":11,"ms":6951}
{"seed":20579847,"liveWin":false,"liveSeat":1,"steps":11,"ms":41330}
{"seed":20599793,"liveWin":false,"liveSeat":1,"steps":16,"ms":23070}
{"seed":20609766,"liveWin":false,"liveSeat":0,"steps":21,"ms":20720}
{"seed":20629712,"liveWin":false,"liveSeat":0,"steps":17,"ms":2964}
{"seed":20659631,"liveWin":false,"liveSeat":1,"steps":18,"ms":2466}
{"seed":20669604,"liveWin":false,"liveSeat":0,"steps":14,"ms":6019}
{"seed":20689550,"liveWin":false,"liveSeat":0,"steps":22,"ms":40905}
{"seed":20709496,"liveWin":false,"liveSeat":0,"steps":18,"ms":7227}
{"seed":20719469,"liveWin":false,"liveSeat":1,"steps":24,"ms":26549}
{"liveWins":2,"n":23,"rate":0.08695652173913043}
