=== live vs freeze v91 games=50 target=0.7 ===
live build { id: 'v9.2',
  stamped: '2026-07-13T07:52:36Z',
  label: 'Grandmaster v9.2' }
freeze build { id: 'v9.1',
  stamped: '2026-07-13T02:50:38Z',
  label: 'Grandmaster v9.1 (ladder freeze)' }
live opts { difficulty: 'grandmaster',
  timeMs: 180,
  iterations: 140,
  maxSims: 320,
  brTrials: 56,
  bestResponse: true,
  useSearch: true,
  perfectInfo: true,
  hiddenInfo: false,
  maxBranch: 20,
  dualSelf: false,
  exactExploit: true,
  mode: 'auto',
  combatRoot: false,
  flRoot: false,
  softSamples: 0,
  exploit: true }
freeze opts { difficulty: 'grandmaster',
  useSearch: true,
  perfectInfo: true,
  hiddenInfo: false,
  timeMs: 100,
  iterations: 64,
  maxSims: 160,
  bestResponse: false,
  maxBranch: 16,
  mode: 'auto',
  combatRoot: false,
  flRoot: false,
  dualSelf: false,
  exactExploit: false,
  softSamples: 0,
  exploit: false }
opponentFreeze policies/v91-ai.js + search
protocol { freezeDifficulty: 'grandmaster',
  liveDifficulty: 'grandmaster',
  brModel: 'freeze-expert-cheap' }
{"g":0,"seed":20260711,"liveWin":false,"liveSeat":1,"steps":24,"ms":38336}
{"g":1,"seed":20270684,"liveWin":false,"liveSeat":0,"steps":24,"ms":9858}
{"g":2,"seed":20280657,"liveWin":true,"liveSeat":1,"steps":15,"ms":15366}
{"g":3,"seed":20290630,"liveWin":true,"liveSeat":0,"steps":17,"ms":15304}
{"g":4,"seed":20300603,"liveWin":true,"liveSeat":1,"steps":18,"ms":7159}
{"g":5,"seed":20310576,"liveWin":false,"liveSeat":0,"steps":12,"ms":11318}
{"g":6,"seed":20320549,"liveWin":true,"liveSeat":1,"steps":23,"ms":54328}
{"g":7,"seed":20330522,"liveWin":true,"liveSeat":0,"steps":23,"ms":14776}
{"g":8,"seed":20340495,"liveWin":true,"liveSeat":1,"steps":20,"ms":17553}
{"g":9,"seed":20350468,"liveWin":false,"liveSeat":0,"steps":22,"ms":38157}
{"games":10,"liveWins":6,"liveWinRate":0.6,"ci95":{"p":0.6,"lo":0.3126695474501863,"hi":0.8318224187964901},"ms":222157,"gps":0.0450132113775393}
{"g":10,"seed":20360441,"liveWin":false,"liveSeat":1,"steps":22,"ms":6433}
{"g":11,"seed":20370414,"liveWin":true,"liveSeat":0,"steps":20,"ms":50924}
{"g":12,"seed":20380387,"liveWin":false,"liveSeat":1,"steps":5,"ms":2255}
{"g":13,"seed":20390360,"liveWin":true,"liveSeat":0,"steps":17,"ms":5112}
{"g":14,"seed":20400333,"liveWin":true,"liveSeat":1,"steps":20,"ms":15458}
{"g":15,"seed":20410306,"liveWin":false,"liveSeat":0,"steps":15,"ms":6389}
{"g":16,"seed":20420279,"liveWin":true,"liveSeat":1,"steps":14,"ms":25469}
{"g":17,"seed":20430252,"liveWin":true,"liveSeat":0,"steps":7,"ms":3224}
{"g":18,"seed":20440225,"liveWin":true,"liveSeat":1,"steps":26,"ms":14417}
{"g":19,"seed":20450198,"liveWin":true,"liveSeat":0,"steps":12,"ms":1821}
{"games":20,"liveWins":13,"liveWinRate":0.65,"ci95":{"p":0.65,"lo":0.43285051021946475,"hi":0.8188104521320554},"ms":353663,"gps":0.05655101042517877}
{"g":20,"seed":20460171,"liveWin":true,"liveSeat":1,"steps":19,"ms":7130}
{"g":21,"seed":20470144,"liveWin":false,"liveSeat":0,"steps":13,"ms":10006}
{"g":22,"seed":20480117,"liveWin":false,"liveSeat":1,"steps":18,"ms":3255}
{"g":23,"seed":20490090,"liveWin":false,"liveSeat":0,"steps":15,"ms":7605}
{"g":24,"seed":20500063,"liveWin":true,"liveSeat":1,"steps":28,"ms":24868}
{"g":25,"seed":20510036,"liveWin":false,"liveSeat":0,"steps":21,"ms":25170}
{"g":26,"seed":20520009,"liveWin":false,"liveSeat":1,"steps":21,"ms":21096}
{"g":27,"seed":20529982,"liveWin":true,"liveSeat":0,"steps":10,"ms":2050}
{"g":28,"seed":20539955,"liveWin":false,"liveSeat":1,"steps":22,"ms":7717}
{"g":29,"seed":20549928,"liveWin":false,"liveSeat":0,"steps":20,"ms":24760}
{"games":30,"liveWins":16,"liveWinRate":0.5333333333333333,"ci95":{"p":0.5333333333333333,"lo":0.36142013281525043,"hi":0.6976787277587176},"ms":487321,"gps":0.06156106549892165}
{"g":30,"seed":20559901,"liveWin":false,"liveSeat":1,"steps":20,"ms":20682}
{"g":31,"seed":20569874,"liveWin":true,"liveSeat":0,"steps":17,"ms":3608}
{"g":32,"seed":20579847,"liveWin":false,"liveSeat":1,"steps":19,"ms":56106}
{"g":33,"seed":20589820,"liveWin":true,"liveSeat":0,"steps":19,"ms":9966}
{"g":34,"seed":20599793,"liveWin":false,"liveSeat":1,"steps":16,"ms":24109}
{"g":35,"seed":20609766,"liveWin":false,"liveSeat":0,"steps":21,"ms":9973}
{"g":36,"seed":20619739,"liveWin":true,"liveSeat":1,"steps":16,"ms":4729}
{"g":37,"seed":20629712,"liveWin":true,"liveSeat":0,"steps":16,"ms":20122}
{"g":38,"seed":20639685,"liveWin":true,"liveSeat":1,"steps":14,"ms":35272}
{"g":39,"seed":20649658,"liveWin":true,"liveSeat":0,"steps":21,"ms":13950}
{"games":40,"liveWins":22,"liveWinRate":0.55,"ci95":{"p":0.55,"lo":0.3982882988844078,"hi":0.6929492471905531},"ms":685842,"gps":0.058322470773151835}
{"g":40,"seed":20659631,"liveWin":false,"liveSeat":1,"steps":18,"ms":2439}
{"g":41,"seed":20669604,"liveWin":false,"liveSeat":0,"steps":16,"ms":1831}
{"g":42,"seed":20679577,"liveWin":true,"liveSeat":1,"steps":14,"ms":11922}
{"g":43,"seed":20689550,"liveWin":false,"liveSeat":0,"steps":22,"ms":37471}
{"g":44,"seed":20699523,"liveWin":true,"liveSeat":1,"steps":10,"ms":5651}
{"g":45,"seed":20709496,"liveWin":false,"liveSeat":0,"steps":18,"ms":7579}
{"g":46,"seed":20719469,"liveWin":false,"liveSeat":1,"steps":24,"ms":25781}
{"g":47,"seed":20729442,"liveWin":true,"liveSeat":0,"steps":11,"ms":1462}
{"slowGame":48,"seed":20739415,"ms":60034,"win":true}
{"g":48,"seed":20739415,"liveWin":true,"liveSeat":1,"steps":23,"ms":60034}
{"g":49,"seed":20749388,"liveWin":true,"liveSeat":0,"steps":20,"ms":51310}
{"games":50,"liveWins":27,"liveWinRate":0.54,"ci95":{"p":0.54,"lo":0.40398634328388083,"hi":0.6703056539821737},"ms":891323,"gps":0.056096387056095265}
=== FINAL ===
{
  "mode": "2p-h2h-single-deal-continuous",
  "protocol": "grandmaster-vs-grandmaster",
  "games": 50,
  "liveWins": 27,
  "freezeWins": 23,
  "liveWinRate": 0.54,
  "v80Wins": 27,
  "v80WinRate": 0.54,
  "ci95": {
    "p": 0.54,
    "lo": 0.40398634328388083,
    "hi": 0.6703056539821737
  },
  "target": 0.7,
  "passed": false,
  "ms": 891323,
  "live": {
    "id": "v9.2",
    "stamped": "2026-07-13T07:52:36Z",
    "label": "Grandmaster v9.2"
  },
  "freeze": {
    "id": "v9.1",
    "stamped": "2026-07-13T02:50:38Z",
    "label": "Grandmaster v9.1 (ladder freeze)"
  },
  "v80": {
    "id": "v9.2",
    "stamped": "2026-07-13T07:52:36Z",
    "label": "Grandmaster v9.2"
  },
  "v80Opts": {
    "difficulty": "grandmaster",
    "timeMs": 180,
    "iterations": 140,
    "maxSims": 320,
    "brTrials": 56,
    "bestResponse": true,
    "useSearch": true,
    "perfectInfo": true,
    "hiddenInfo": false,
    "maxBranch": 20,
    "dualSelf": false,
    "exactExploit": true,
    "mode": "auto",
    "combatRoot": false,
    "flRoot": false,
    "softSamples": 0,
    "exploit": true
  },
  "freezeOpts": {
    "difficulty": "grandmaster",
    "useSearch": true,
    "perfectInfo": true,
    "hiddenInfo": false,
    "timeMs": 100,
    "iterations": 64,
    "maxSims": 160,
    "bestResponse": false,
    "maxBranch": 16,
    "mode": "auto",
    "combatRoot": false,
    "flRoot": false,
    "dualSelf": false,
    "exactExploit": false,
    "softSamples": 0,
    "exploit": false
  },
  "opponentFreeze": "policies/v91-ai.js + policies/v91-search.js",
  "freezeTag": "v91",
  "seed0": 20260711,
  "checkpoints": [
    {
      "games": 10,
      "liveWins": 6,
      "liveWinRate": 0.6,
      "ci95": {
        "p": 0.6,
        "lo": 0.3126695474501863,
        "hi": 0.8318224187964901
      },
      "ms": 222157,
      "gps": 0.0450132113775393
    },
    {
      "games": 20,
      "liveWins": 13,
      "liveWinRate": 0.65,
      "ci95": {
        "p": 0.65,
        "lo": 0.43285051021946475,
        "hi": 0.8188104521320554
      },
      "ms": 353663,
      "gps": 0.05655101042517877
    },
    {
      "games": 30,
      "liveWins": 16,
      "liveWinRate": 0.5333333333333333,
      "ci95": {
        "p": 0.5333333333333333,
        "lo": 0.36142013281525043,
        "hi": 0.6976787277587176
      },
      "ms": 487321,
      "gps": 0.06156106549892165
    },
    {
      "games": 40,
      "liveWins": 22,
      "liveWinRate": 0.55,
      "ci95": {
        "p": 0.55,
        "lo": 0.3982882988844078,
        "hi": 0.6929492471905531
      },
      "ms": 685842,
      "gps": 0.058322470773151835
    },
    {
      "games": 50,
      "liveWins": 27,
      "liveWinRate": 0.54,
      "ci95": {
        "p": 0.54,
        "lo": 0.40398634328388083,
        "hi": 0.6703056539821737
      },
      "ms": 891323,
      "gps": 0.056096387056095265
    }
  ],
  "perGame": [
    {
      "g": 0,
      "seed": 20260711,
      "liveWin": false,
      "liveSeat": 1,
      "steps": 24,
      "ms": 38336
    },
    {
      "g": 1,
      "seed": 20270684,
      "liveWin": false,
      "liveSeat": 0,
      "steps": 24,
      "ms": 9858
    },
    {
      "g": 2,
      "seed": 20280657,
      "liveWin": true,
      "liveSeat": 1,
      "steps": 15,
      "ms": 15366
    },
    {
      "g": 3,
      "seed": 20290630,
      "liveWin": true,
      "liveSeat": 0,
      "steps": 17,
      "ms": 15304
    },
    {
      "g": 4,
      "seed": 20300603,
      "liveWin": true,
      "liveSeat": 1,
      "steps": 18,
      "ms": 7159
    },
    {
      "g": 5,
      "seed": 20310576,
      "liveWin": false,
      "liveSeat": 0,
      "steps": 12,
      "ms": 11318
    },
    {
      "g": 6,
      "seed": 20320549,
      "liveWin": true,
      "liveSeat": 1,
      "steps": 23,
      "ms": 54328
    },
    {
      "g": 7,
      "seed": 20330522,
      "liveWin": true,
      "liveSeat": 0,
      "steps": 23,
      "ms": 14776
    },
    {
      "g": 8,
      "seed": 20340495,
      "liveWin": true,
      "liveSeat": 1,
      "steps": 20,
      "ms": 17553
    },
    {
      "g": 9,
      "seed": 20350468,
      "liveWin": false,
      "liveSeat": 0,
      "steps": 22,
      "ms": 38157
    },
    {
      "g": 10,
      "seed": 20360441,
      "liveWin": false,
      "liveSeat": 1,
      "steps": 22,
      "ms": 6433
    },
    {
      "g": 11,
      "seed": 20370414,
      "liveWin": true,
      "liveSeat": 0,
      "steps": 20,
      "ms": 50924
    },
    {
      "g": 12,
      "seed": 20380387,
      "liveWin": false,
      "liveSeat": 1,
      "steps": 5,
      "ms": 2255
    },
    {
      "g": 13,
      "seed": 20390360,
      "liveWin": true,
      "liveSeat": 0,
      "steps": 17,
      "ms": 5112
    },
    {
      "g": 14,
      "seed": 20400333,
      "liveWin": true,
      "liveSeat": 1,
      "steps": 20,
      "ms": 15458
    },
    {
      "g": 15,
      "seed": 20410306,
      "liveWin": false,
      "liveSeat": 0,
      "steps": 15,
      "ms": 6389
    },
    {
      "g": 16,
      "seed": 20420279,
      "liveWin": true,
      "liveSeat": 1,
      "steps": 14,
      "ms": 25469
    },
    {
      "g": 17,
      "seed": 20430252,
      "liveWin": true,
      "liveSeat": 0,
      "steps": 7,
      "ms": 3224
    },
    {
      "g": 18,
      "seed": 20440225,
      "liveWin": true,
      "liveSeat": 1,
      "steps": 26,
      "ms": 14417
    },
    {
      "g": 19,
      "seed": 20450198,
      "liveWin": true,
      "liveSeat": 0,
      "steps": 12,
      "ms": 1821
    },
    {
      "g": 20,
      "seed": 20460171,
      "liveWin": true,
      "liveSeat": 1,
      "steps": 19,
      "ms": 7130
    },
    {
      "g": 21,
      "seed": 20470144,
      "liveWin": false,
      "liveSeat": 0,
      "steps": 13,
      "ms": 10006
    },
    {
      "g": 22,
      "seed": 20480117,
      "liveWin": false,
      "liveSeat": 1,
      "steps": 18,
      "ms": 3255
    },
    {
      "g": 23,
      "seed": 20490090,
      "liveWin": false,
      "liveSeat": 0,
      "steps": 15,
      "ms": 7605
    },
    {
      "g": 24,
      "seed": 20500063,
      "liveWin": true,
      "liveSeat": 1,
      "steps": 28,
      "ms": 24868
    },
    {
      "g": 25,
      "seed": 20510036,
      "liveWin": false,
      "liveSeat": 0,
      "steps": 21,
      "ms": 25170
    },
    {
      "g": 26,
      "seed": 20520009,
      "liveWin": false,
      "liveSeat": 1,
      "steps": 21,
      "ms": 21096
    },
    {
      "g": 27,
      "seed": 20529982,
      "liveWin": true,
      "liveSeat": 0,
      "steps": 10,
      "ms": 2050
    },
    {
      "g": 28,
      "seed": 20539955,
      "liveWin": false,
      "liveSeat": 1,
      "steps": 22,
      "ms": 7717
    },
    {
      "g": 29,
      "seed": 20549928,
      "liveWin": false,
      "liveSeat": 0,
      "steps": 20,
      "ms": 24760
    },
    {
      "g": 30,
      "seed": 20559901,
      "liveWin": false,
      "liveSeat": 1,
      "steps": 20,
      "ms": 20682
    },
    {
      "g": 31,
      "seed": 20569874,
      "liveWin": true,
      "liveSeat": 0,
      "steps": 17,
      "ms": 3608
    },
    {
      "g": 32,
      "seed": 20579847,
      "liveWin": false,
      "liveSeat": 1,
      "steps": 19,
      "ms": 56106
    },
    {
      "g": 33,
      "seed": 20589820,
      "liveWin": true,
      "liveSeat": 0,
      "steps": 19,
      "ms": 9966
    },
    {
      "g": 34,
      "seed": 20599793,
      "liveWin": false,
      "liveSeat": 1,
      "steps": 16,
      "ms": 24109
    },
    {
      "g": 35,
      "seed": 20609766,
      "liveWin": false,
      "liveSeat": 0,
      "steps": 21,
      "ms": 9973
    },
    {
      "g": 36,
      "seed": 20619739,
      "liveWin": true,
      "liveSeat": 1,
      "steps": 16,
      "ms": 4729
    },
    {
      "g": 37,
      "seed": 20629712,
      "liveWin": true,
      "liveSeat": 0,
      "steps": 16,
      "ms": 20122
    },
    {
      "g": 38,
      "seed": 20639685,
      "liveWin": true,
      "liveSeat": 1,
      "steps": 14,
      "ms": 35272
    },
    {
      "g": 39,
      "seed": 20649658,
      "liveWin": true,
      "liveSeat": 0,
      "steps": 21,
      "ms": 13950
    },
    {
      "g": 40,
      "seed": 20659631,
      "liveWin": false,
      "liveSeat": 1,
      "steps": 18,
      "ms": 2439
    },
    {
      "g": 41,
      "seed": 20669604,
      "liveWin": false,
      "liveSeat": 0,
      "steps": 16,
      "ms": 1831
    },
    {
      "g": 42,
      "seed": 20679577,
      "liveWin": true,
      "liveSeat": 1,
      "steps": 14,
      "ms": 11922
    },
    {
      "g": 43,
      "seed": 20689550,
      "liveWin": false,
      "liveSeat": 0,
      "steps": 22,
      "ms": 37471
    },
    {
      "g": 44,
      "seed": 20699523,
      "liveWin": true,
      "liveSeat": 1,
      "steps": 10,
      "ms": 5651
    },
    {
      "g": 45,
      "seed": 20709496,
      "liveWin": false,
      "liveSeat": 0,
      "steps": 18,
      "ms": 7579
    },
    {
      "g": 46,
      "seed": 20719469,
      "liveWin": false,
      "liveSeat": 1,
      "steps": 24,
      "ms": 25781
    },
    {
      "g": 47,
      "seed": 20729442,
      "liveWin": true,
      "liveSeat": 0,
      "steps": 11,
      "ms": 1462
    },
    {
      "g": 48,
      "seed": 20739415,
      "liveWin": true,
      "liveSeat": 1,
      "steps": 23,
      "ms": 60034
    },
    {
      "g": 49,
      "seed": 20749388,
      "liveWin": true,
      "liveSeat": 0,
      "steps": 20,
      "ms": 51310
    }
  ],
  "lossSeeds": [
    20260711,
    20270684,
    20310576,
    20350468,
    20360441,
    20380387,
    20410306,
    20470144,
    20480117,
    20490090,
    20510036,
    20520009,
    20539955,
    20549928,
    20559901,
    20579847,
    20599793,
    20609766,
    20659631,
    20669604,
    20689550,
    20709496,
    20719469
  ]
}
GATE FAILED: liveWinRate=0.54 need >0.7
