=== PRIMARY residual multiTie 23:24Z ===
=== live vs freeze v92 games=50 target=0.7 ===
live build { id: 'v9.3',
  stamped: '2026-07-13T22:58:30Z',
  label: 'Grandmaster v9.3 (residual multiTie BR)' }
freeze build { id: 'v9.2',
  stamped: '2026-07-13T22:46:04Z',
  label: 'Grandmaster v9.2 (ladder freeze)' }
live opts { difficulty: 'grandmaster',
  timeMs: 280,
  iterations: 200,
  maxSims: 480,
  brTrials: 96,
  bestResponse: true,
  useSearch: true,
  perfectInfo: true,
  hiddenInfo: false,
  maxBranch: 24,
  dualSelf: false,
  exactExploit: true,
  mode: 'auto',
  combatRoot: false,
  flRoot: false,
  softSamples: 10,
  exploit: true }
freeze opts { difficulty: 'grandmaster',
  useSearch: true,
  perfectInfo: true,
  hiddenInfo: false,
  timeMs: 120,
  iterations: 80,
  maxSims: 160,
  bestResponse: false,
  maxBranch: 16,
  mode: 'auto',
  combatRoot: false,
  flRoot: false,
  dualSelf: false,
  exactExploit: true,
  softSamples: 0,
  exploit: false }
opponentFreeze policies/v92-ai.js + search
protocol { freezeDifficulty: 'grandmaster',
  liveDifficulty: 'grandmaster',
  brModel: 'freeze-grandmaster-low-budget-40ms-20it' }
{"g":0,"seed":20260711,"liveWin":true,"liveSeat":1,"steps":21,"ms":32595}
{"g":1,"seed":20270684,"liveWin":true,"liveSeat":0,"steps":15,"ms":4338}
{"g":2,"seed":20280657,"liveWin":true,"liveSeat":1,"steps":17,"ms":37408}
{"g":3,"seed":20290630,"liveWin":true,"liveSeat":0,"steps":17,"ms":22223}
{"slowGame":4,"seed":20300603,"ms":77855,"win":true}
{"g":4,"seed":20300603,"liveWin":true,"liveSeat":1,"steps":18,"ms":77855}
{"g":5,"seed":20310576,"liveWin":false,"liveSeat":0,"steps":16,"ms":10545}
{"slowGame":6,"seed":20320549,"ms":129121,"win":true}
{"g":6,"seed":20320549,"liveWin":true,"liveSeat":1,"steps":11,"ms":129121}
{"g":7,"seed":20330522,"liveWin":true,"liveSeat":0,"steps":21,"ms":18731}
{"g":8,"seed":20340495,"liveWin":true,"liveSeat":1,"steps":20,"ms":52843}
{"g":9,"seed":20350468,"liveWin":true,"liveSeat":0,"steps":19,"ms":55109}
{"games":10,"liveWins":9,"liveWinRate":0.9,"ci95":{"p":0.9,"lo":0.5958436145024277,"hi":0.9821242504842789},"ms":440773,"gps":0.022687415063989854}
{"g":10,"seed":20360441,"liveWin":true,"liveSeat":1,"steps":23,"ms":32085}
{"g":11,"seed":20370414,"liveWin":true,"liveSeat":0,"steps":16,"ms":14952}
{"g":12,"seed":20380387,"liveWin":false,"liveSeat":1,"steps":5,"ms":4205}
{"g":13,"seed":20390360,"liveWin":true,"liveSeat":0,"steps":17,"ms":17743}
{"g":14,"seed":20400333,"liveWin":true,"liveSeat":1,"steps":20,"ms":19968}
{"g":15,"seed":20410306,"liveWin":true,"liveSeat":0,"steps":22,"ms":3634}
{"g":16,"seed":20420279,"liveWin":true,"liveSeat":1,"steps":20,"ms":22753}
{"g":17,"seed":20430252,"liveWin":true,"liveSeat":0,"steps":7,"ms":5429}
{"g":18,"seed":20440225,"liveWin":true,"liveSeat":1,"steps":26,"ms":14082}
{"g":19,"seed":20450198,"liveWin":true,"liveSeat":0,"steps":12,"ms":1734}
{"games":20,"liveWins":18,"liveWinRate":0.9,"ci95":{"p":0.9,"lo":0.6989617935882066,"hi":0.9721341060158467},"ms":577359,"gps":0.034640492310676715}
{"g":20,"seed":20460171,"liveWin":true,"liveSeat":1,"steps":21,"ms":17609}
{"g":21,"seed":20470144,"liveWin":false,"liveSeat":0,"steps":17,"ms":25341}
{"g":22,"seed":20480117,"liveWin":true,"liveSeat":1,"steps":21,"ms":24711}
{"slowGame":23,"seed":20490090,"ms":68948,"win":true}
{"g":23,"seed":20490090,"liveWin":true,"liveSeat":0,"steps":22,"ms":68948}
{"g":24,"seed":20500063,"liveWin":true,"liveSeat":1,"steps":22,"ms":39997}
{"g":25,"seed":20510036,"liveWin":true,"liveSeat":0,"steps":20,"ms":57660}
{"g":26,"seed":20520009,"liveWin":true,"liveSeat":1,"steps":22,"ms":55170}
{"g":27,"seed":20529982,"liveWin":true,"liveSeat":0,"steps":16,"ms":19068}
{"g":28,"seed":20539955,"liveWin":false,"liveSeat":1,"steps":20,"ms":33635}
{"g":29,"seed":20549928,"liveWin":false,"liveSeat":0,"steps":16,"ms":37721}
{"games":30,"liveWins":25,"liveWinRate":0.8333333333333334,"ci95":{"p":0.8333333333333334,"lo":0.6643529481431982,"hi":0.9266356575964831},"ms":957220,"gps":0.03134075761058064}
{"slowGame":30,"seed":20559901,"ms":69050,"win":true}
{"g":30,"seed":20559901,"liveWin":true,"liveSeat":1,"steps":21,"ms":69050}
{"g":31,"seed":20569874,"liveWin":true,"liveSeat":0,"steps":11,"ms":10792}
{"slowGame":32,"seed":20579847,"ms":65533,"win":true}
{"g":32,"seed":20579847,"liveWin":true,"liveSeat":1,"steps":8,"ms":65533}
{"g":33,"seed":20589820,"liveWin":true,"liveSeat":0,"steps":19,"ms":21503}
{"g":34,"seed":20599793,"liveWin":true,"liveSeat":1,"steps":19,"ms":46079}
{"g":35,"seed":20609766,"liveWin":false,"liveSeat":0,"steps":15,"ms":15703}
{"g":36,"seed":20619739,"liveWin":true,"liveSeat":1,"steps":18,"ms":10814}
{"g":37,"seed":20629712,"liveWin":true,"liveSeat":0,"steps":20,"ms":10095}
{"slowGame":38,"seed":20639685,"ms":66118,"win":true}
{"g":38,"seed":20639685,"liveWin":true,"liveSeat":1,"steps":14,"ms":66118}
{"g":39,"seed":20649658,"liveWin":true,"liveSeat":0,"steps":15,"ms":13133}
{"games":40,"liveWins":34,"liveWinRate":0.85,"ci95":{"p":0.85,"lo":0.7092737396097997,"hi":0.9293890829149257},"ms":1286040,"gps":0.031103231625765917}
{"g":40,"seed":20659631,"liveWin":false,"liveSeat":1,"steps":18,"ms":17631}
{"g":41,"seed":20669604,"liveWin":false,"liveSeat":0,"steps":16,"ms":37835}
{"g":42,"seed":20679577,"liveWin":true,"liveSeat":1,"steps":14,"ms":7787}
{"g":43,"seed":20689550,"liveWin":false,"liveSeat":0,"steps":22,"ms":53359}
{"g":44,"seed":20699523,"liveWin":true,"liveSeat":1,"steps":12,"ms":1822}
{"g":45,"seed":20709496,"liveWin":false,"liveSeat":0,"steps":18,"ms":42610}
{"g":46,"seed":20719469,"liveWin":true,"liveSeat":1,"steps":19,"ms":7683}
{"g":47,"seed":20729442,"liveWin":true,"liveSeat":0,"steps":11,"ms":5314}
{"g":48,"seed":20739415,"liveWin":true,"liveSeat":1,"steps":23,"ms":23269}
{"g":49,"seed":20749388,"liveWin":true,"liveSeat":0,"steps":24,"ms":11647}
{"games":50,"liveWins":40,"liveWinRate":0.8,"ci95":{"p":0.8,"lo":0.6696262789551477,"hi":0.8875637005402611},"ms":1494998,"gps":0.0334448607958004}
=== FINAL ===
{
  "mode": "2p-h2h-single-deal-continuous",
  "protocol": "grandmaster-vs-grandmaster",
  "games": 50,
  "liveWins": 40,
  "freezeWins": 10,
  "liveWinRate": 0.8,
  "v80Wins": 40,
  "v80WinRate": 0.8,
  "ci95": {
    "p": 0.8,
    "lo": 0.6696262789551477,
    "hi": 0.8875637005402611
  },
  "target": 0.7,
  "passed": true,
  "ms": 1494998,
  "live": {
    "id": "v9.3",
    "stamped": "2026-07-13T22:58:30Z",
    "label": "Grandmaster v9.3 (residual multiTie BR)"
  },
  "freeze": {
    "id": "v9.2",
    "stamped": "2026-07-13T22:46:04Z",
    "label": "Grandmaster v9.2 (ladder freeze)"
  },
  "v80": {
    "id": "v9.3",
    "stamped": "2026-07-13T22:58:30Z",
    "label": "Grandmaster v9.3 (residual multiTie BR)"
  },
  "v80Opts": {
    "difficulty": "grandmaster",
    "timeMs": 280,
    "iterations": 200,
    "maxSims": 480,
    "brTrials": 96,
    "bestResponse": true,
    "useSearch": true,
    "perfectInfo": true,
    "hiddenInfo": false,
    "maxBranch": 24,
    "dualSelf": false,
    "exactExploit": true,
    "mode": "auto",
    "combatRoot": false,
    "flRoot": false,
    "softSamples": 10,
    "exploit": true
  },
  "freezeOpts": {
    "difficulty": "grandmaster",
    "useSearch": true,
    "perfectInfo": true,
    "hiddenInfo": false,
    "timeMs": 120,
    "iterations": 80,
    "maxSims": 160,
    "bestResponse": false,
    "maxBranch": 16,
    "mode": "auto",
    "combatRoot": false,
    "flRoot": false,
    "dualSelf": false,
    "exactExploit": true,
    "softSamples": 0,
    "exploit": false
  },
  "opponentFreeze": "policies/v92-ai.js + policies/v92-search.js",
  "freezeTag": "v92",
  "seed0": 20260711,
  "checkpoints": [
    {
      "games": 10,
      "liveWins": 9,
      "liveWinRate": 0.9,
      "ci95": {
        "p": 0.9,
        "lo": 0.5958436145024277,
        "hi": 0.9821242504842789
      },
      "ms": 440773,
      "gps": 0.022687415063989854
    },
    {
      "games": 20,
      "liveWins": 18,
      "liveWinRate": 0.9,
      "ci95": {
        "p": 0.9,
        "lo": 0.6989617935882066,
        "hi": 0.9721341060158467
      },
      "ms": 577359,
      "gps": 0.034640492310676715
    },
    {
      "games": 30,
      "liveWins": 25,
      "liveWinRate": 0.8333333333333334,
      "ci95": {
        "p": 0.8333333333333334,
        "lo": 0.6643529481431982,
        "hi": 0.9266356575964831
      },
      "ms": 957220,
      "gps": 0.03134075761058064
    },
    {
      "games": 40,
      "liveWins": 34,
      "liveWinRate": 0.85,
      "ci95": {
        "p": 0.85,
        "lo": 0.7092737396097997,
        "hi": 0.9293890829149257
      },
      "ms": 1286040,
      "gps": 0.031103231625765917
    },
    {
      "games": 50,
      "liveWins": 40,
      "liveWinRate": 0.8,
      "ci95": {
        "p": 0.8,
        "lo": 0.6696262789551477,
        "hi": 0.8875637005402611
      },
      "ms": 1494998,
      "gps": 0.0334448607958004
    }
  ],
  "perGame": [
    {
      "g": 0,
      "seed": 20260711,
      "liveWin": true,
      "liveSeat": 1,
      "steps": 21,
      "ms": 32595
    },
    {
      "g": 1,
      "seed": 20270684,
      "liveWin": true,
      "liveSeat": 0,
      "steps": 15,
      "ms": 4338
    },
    {
      "g": 2,
      "seed": 20280657,
      "liveWin": true,
      "liveSeat": 1,
      "steps": 17,
      "ms": 37408
    },
    {
      "g": 3,
      "seed": 20290630,
      "liveWin": true,
      "liveSeat": 0,
      "steps": 17,
      "ms": 22223
    },
    {
      "g": 4,
      "seed": 20300603,
      "liveWin": true,
      "liveSeat": 1,
      "steps": 18,
      "ms": 77855
    },
    {
      "g": 5,
      "seed": 20310576,
      "liveWin": false,
      "liveSeat": 0,
      "steps": 16,
      "ms": 10545
    },
    {
      "g": 6,
      "seed": 20320549,
      "liveWin": true,
      "liveSeat": 1,
      "steps": 11,
      "ms": 129121
    },
    {
      "g": 7,
      "seed": 20330522,
      "liveWin": true,
      "liveSeat": 0,
      "steps": 21,
      "ms": 18731
    },
    {
      "g": 8,
      "seed": 20340495,
      "liveWin": true,
      "liveSeat": 1,
      "steps": 20,
      "ms": 52843
    },
    {
      "g": 9,
      "seed": 20350468,
      "liveWin": true,
      "liveSeat": 0,
      "steps": 19,
      "ms": 55109
    },
    {
      "g": 10,
      "seed": 20360441,
      "liveWin": true,
      "liveSeat": 1,
      "steps": 23,
      "ms": 32085
    },
    {
      "g": 11,
      "seed": 20370414,
      "liveWin": true,
      "liveSeat": 0,
      "steps": 16,
      "ms": 14952
    },
    {
      "g": 12,
      "seed": 20380387,
      "liveWin": false,
      "liveSeat": 1,
      "steps": 5,
      "ms": 4205
    },
    {
      "g": 13,
      "seed": 20390360,
      "liveWin": true,
      "liveSeat": 0,
      "steps": 17,
      "ms": 17743
    },
    {
      "g": 14,
      "seed": 20400333,
      "liveWin": true,
      "liveSeat": 1,
      "steps": 20,
      "ms": 19968
    },
    {
      "g": 15,
      "seed": 20410306,
      "liveWin": true,
      "liveSeat": 0,
      "steps": 22,
      "ms": 3634
    },
    {
      "g": 16,
      "seed": 20420279,
      "liveWin": true,
      "liveSeat": 1,
      "steps": 20,
      "ms": 22753
    },
    {
      "g": 17,
      "seed": 20430252,
      "liveWin": true,
      "liveSeat": 0,
      "steps": 7,
      "ms": 5429
    },
    {
      "g": 18,
      "seed": 20440225,
      "liveWin": true,
      "liveSeat": 1,
      "steps": 26,
      "ms": 14082
    },
    {
      "g": 19,
      "seed": 20450198,
      "liveWin": true,
      "liveSeat": 0,
      "steps": 12,
      "ms": 1734
    },
    {
      "g": 20,
      "seed": 20460171,
      "liveWin": true,
      "liveSeat": 1,
      "steps": 21,
      "ms": 17609
    },
    {
      "g": 21,
      "seed": 20470144,
      "liveWin": false,
      "liveSeat": 0,
      "steps": 17,
      "ms": 25341
    },
    {
      "g": 22,
      "seed": 20480117,
      "liveWin": true,
      "liveSeat": 1,
      "steps": 21,
      "ms": 24711
    },
    {
      "g": 23,
      "seed": 20490090,
      "liveWin": true,
      "liveSeat": 0,
      "steps": 22,
      "ms": 68948
    },
    {
      "g": 24,
      "seed": 20500063,
      "liveWin": true,
      "liveSeat": 1,
      "steps": 22,
      "ms": 39997
    },
    {
      "g": 25,
      "seed": 20510036,
      "liveWin": true,
      "liveSeat": 0,
      "steps": 20,
      "ms": 57660
    },
    {
      "g": 26,
      "seed": 20520009,
      "liveWin": true,
      "liveSeat": 1,
      "steps": 22,
      "ms": 55170
    },
    {
      "g": 27,
      "seed": 20529982,
      "liveWin": true,
      "liveSeat": 0,
      "steps": 16,
      "ms": 19068
    },
    {
      "g": 28,
      "seed": 20539955,
      "liveWin": false,
      "liveSeat": 1,
      "steps": 20,
      "ms": 33635
    },
    {
      "g": 29,
      "seed": 20549928,
      "liveWin": false,
      "liveSeat": 0,
      "steps": 16,
      "ms": 37721
    },
    {
      "g": 30,
      "seed": 20559901,
      "liveWin": true,
      "liveSeat": 1,
      "steps": 21,
      "ms": 69050
    },
    {
      "g": 31,
      "seed": 20569874,
      "liveWin": true,
      "liveSeat": 0,
      "steps": 11,
      "ms": 10792
    },
    {
      "g": 32,
      "seed": 20579847,
      "liveWin": true,
      "liveSeat": 1,
      "steps": 8,
      "ms": 65533
    },
    {
      "g": 33,
      "seed": 20589820,
      "liveWin": true,
      "liveSeat": 0,
      "steps": 19,
      "ms": 21503
    },
    {
      "g": 34,
      "seed": 20599793,
      "liveWin": true,
      "liveSeat": 1,
      "steps": 19,
      "ms": 46079
    },
    {
      "g": 35,
      "seed": 20609766,
      "liveWin": false,
      "liveSeat": 0,
      "steps": 15,
      "ms": 15703
    },
    {
      "g": 36,
      "seed": 20619739,
      "liveWin": true,
      "liveSeat": 1,
      "steps": 18,
      "ms": 10814
    },
    {
      "g": 37,
      "seed": 20629712,
      "liveWin": true,
      "liveSeat": 0,
      "steps": 20,
      "ms": 10095
    },
    {
      "g": 38,
      "seed": 20639685,
      "liveWin": true,
      "liveSeat": 1,
      "steps": 14,
      "ms": 66118
    },
    {
      "g": 39,
      "seed": 20649658,
      "liveWin": true,
      "liveSeat": 0,
      "steps": 15,
      "ms": 13133
    },
    {
      "g": 40,
      "seed": 20659631,
      "liveWin": false,
      "liveSeat": 1,
      "steps": 18,
      "ms": 17631
    },
    {
      "g": 41,
      "seed": 20669604,
      "liveWin": false,
      "liveSeat": 0,
      "steps": 16,
      "ms": 37835
    },
    {
      "g": 42,
      "seed": 20679577,
      "liveWin": true,
      "liveSeat": 1,
      "steps": 14,
      "ms": 7787
    },
    {
      "g": 43,
      "seed": 20689550,
      "liveWin": false,
      "liveSeat": 0,
      "steps": 22,
      "ms": 53359
    },
    {
      "g": 44,
      "seed": 20699523,
      "liveWin": true,
      "liveSeat": 1,
      "steps": 12,
      "ms": 1822
    },
    {
      "g": 45,
      "seed": 20709496,
      "liveWin": false,
      "liveSeat": 0,
      "steps": 18,
      "ms": 42610
    },
    {
      "g": 46,
      "seed": 20719469,
      "liveWin": true,
      "liveSeat": 1,
      "steps": 19,
      "ms": 7683
    },
    {
      "g": 47,
      "seed": 20729442,
      "liveWin": true,
      "liveSeat": 0,
      "steps": 11,
      "ms": 5314
    },
    {
      "g": 48,
      "seed": 20739415,
      "liveWin": true,
      "liveSeat": 1,
      "steps": 23,
      "ms": 23269
    },
    {
      "g": 49,
      "seed": 20749388,
      "liveWin": true,
      "liveSeat": 0,
      "steps": 24,
      "ms": 11647
    }
  ],
  "lossSeeds": [
    20310576,
    20380387,
    20470144,
    20539955,
    20549928,
    20609766,
    20659631,
    20669604,
    20689550,
    20709496
  ]
}
GATE PASSED
PRIMARY 40/50 0.8 true
=== RERUN residual multiTie 23:49Z ===
=== live vs freeze v92 games=50 target=0.7 ===
live build { id: 'v9.3',
  stamped: '2026-07-13T22:58:30Z',
  label: 'Grandmaster v9.3 (residual multiTie BR)' }
freeze build { id: 'v9.2',
  stamped: '2026-07-13T22:46:04Z',
  label: 'Grandmaster v9.2 (ladder freeze)' }
live opts { difficulty: 'grandmaster',
  timeMs: 280,
  iterations: 200,
  maxSims: 480,
  brTrials: 96,
  bestResponse: true,
  useSearch: true,
  perfectInfo: true,
  hiddenInfo: false,
  maxBranch: 24,
  dualSelf: false,
  exactExploit: true,
  mode: 'auto',
  combatRoot: false,
  flRoot: false,
  softSamples: 10,
  exploit: true }
freeze opts { difficulty: 'grandmaster',
  useSearch: true,
  perfectInfo: true,
  hiddenInfo: false,
  timeMs: 120,
  iterations: 80,
  maxSims: 160,
  bestResponse: false,
  maxBranch: 16,
  mode: 'auto',
  combatRoot: false,
  flRoot: false,
  dualSelf: false,
  exactExploit: true,
  softSamples: 0,
  exploit: false }
opponentFreeze policies/v92-ai.js + search
protocol { freezeDifficulty: 'grandmaster',
  liveDifficulty: 'grandmaster',
  brModel: 'freeze-grandmaster-low-budget-40ms-20it' }
{"g":0,"seed":20260712,"liveWin":true,"liveSeat":0,"steps":16,"ms":9035}
{"g":1,"seed":20270685,"liveWin":false,"liveSeat":1,"steps":13,"ms":7173}
{"g":2,"seed":20280658,"liveWin":true,"liveSeat":0,"steps":17,"ms":27594}
{"g":3,"seed":20290631,"liveWin":true,"liveSeat":1,"steps":18,"ms":17118}
{"g":4,"seed":20300604,"liveWin":true,"liveSeat":0,"steps":16,"ms":17395}
{"g":5,"seed":20310577,"liveWin":false,"liveSeat":1,"steps":18,"ms":27256}
{"g":6,"seed":20320550,"liveWin":true,"liveSeat":0,"steps":18,"ms":58237}
{"g":7,"seed":20330523,"liveWin":true,"liveSeat":1,"steps":20,"ms":39502}
{"g":8,"seed":20340496,"liveWin":true,"liveSeat":0,"steps":13,"ms":23560}
{"slowGame":9,"seed":20350469,"ms":146015,"win":true}
{"g":9,"seed":20350469,"liveWin":true,"liveSeat":1,"steps":22,"ms":146015}
{"games":10,"liveWins":8,"liveWinRate":0.8,"ci95":{"p":0.8,"lo":0.49015684672072346,"hi":0.9433190520193067},"ms":372889,"gps":0.026817632056724654}
{"g":10,"seed":20360442,"liveWin":false,"liveSeat":0,"steps":17,"ms":17290}
{"g":11,"seed":20370415,"liveWin":true,"liveSeat":1,"steps":23,"ms":10686}
{"g":12,"seed":20380388,"liveWin":true,"liveSeat":0,"steps":18,"ms":8435}
{"slowGame":13,"seed":20390361,"ms":166647,"win":true}
{"g":13,"seed":20390361,"liveWin":true,"liveSeat":1,"steps":24,"ms":166647}
{"slowGame":14,"seed":20400334,"ms":136622,"win":true}
{"g":14,"seed":20400334,"liveWin":true,"liveSeat":0,"steps":18,"ms":136622}
{"g":15,"seed":20410307,"liveWin":true,"liveSeat":1,"steps":10,"ms":32351}
{"g":16,"seed":20420280,"liveWin":true,"liveSeat":0,"steps":18,"ms":11167}
{"g":17,"seed":20430253,"liveWin":true,"liveSeat":1,"steps":23,"ms":6681}
{"g":18,"seed":20440226,"liveWin":true,"liveSeat":0,"steps":17,"ms":18886}
{"g":19,"seed":20450199,"liveWin":true,"liveSeat":1,"steps":24,"ms":7204}
{"games":20,"liveWins":17,"liveWinRate":0.85,"ci95":{"p":0.85,"lo":0.6395767041130426,"hi":0.9476322080405041},"ms":788861,"gps":0.025353008958485714}
{"g":20,"seed":20460172,"liveWin":true,"liveSeat":0,"steps":15,"ms":6593}
{"g":21,"seed":20470145,"liveWin":true,"liveSeat":1,"steps":22,"ms":38562}
{"g":22,"seed":20480118,"liveWin":false,"liveSeat":0,"steps":9,"ms":2613}
{"g":23,"seed":20490091,"liveWin":false,"liveSeat":1,"steps":11,"ms":17369}
{"g":24,"seed":20500064,"liveWin":true,"liveSeat":0,"steps":17,"ms":8175}
{"slowGame":25,"seed":20510037,"ms":71556,"win":false}
{"g":25,"seed":20510037,"liveWin":false,"liveSeat":1,"steps":22,"ms":71556}
{"g":26,"seed":20520010,"liveWin":false,"liveSeat":0,"steps":14,"ms":4508}
{"slowGame":27,"seed":20529983,"ms":146765,"win":true}
{"g":27,"seed":20529983,"liveWin":true,"liveSeat":1,"steps":20,"ms":146765}
{"slowGame":28,"seed":20539956,"ms":74561,"win":true}
{"g":28,"seed":20539956,"liveWin":true,"liveSeat":0,"steps":15,"ms":74561}
{"g":29,"seed":20549929,"liveWin":true,"liveSeat":1,"steps":21,"ms":10744}
{"games":30,"liveWins":23,"liveWinRate":0.7666666666666667,"ci95":{"p":0.7666666666666667,"lo":0.5907132766967573,"hi":0.8820776078949878},"ms":1170308,"gps":0.025634277472255166}
{"slowGame":30,"seed":20559902,"ms":233076,"win":true}
{"g":30,"seed":20559902,"liveWin":true,"liveSeat":0,"steps":21,"ms":233076}
{"g":31,"seed":20569875,"liveWin":false,"liveSeat":1,"steps":12,"ms":29845}
{"g":32,"seed":20579848,"liveWin":true,"liveSeat":0,"steps":18,"ms":18268}
{"g":33,"seed":20589821,"liveWin":true,"liveSeat":1,"steps":16,"ms":3266}
{"g":34,"seed":20599794,"liveWin":true,"liveSeat":0,"steps":15,"ms":30421}
{"g":35,"seed":20609767,"liveWin":true,"liveSeat":1,"steps":12,"ms":3403}
{"g":36,"seed":20619740,"liveWin":true,"liveSeat":0,"steps":12,"ms":21288}
{"slowGame":37,"seed":20629713,"ms":230967,"win":true}
{"g":37,"seed":20629713,"liveWin":true,"liveSeat":1,"steps":25,"ms":230967}
{"slowGame":38,"seed":20639686,"ms":63082,"win":true}
{"g":38,"seed":20639686,"liveWin":true,"liveSeat":0,"steps":22,"ms":63082}
{"g":39,"seed":20649659,"liveWin":true,"liveSeat":1,"steps":11,"ms":55474}
{"games":40,"liveWins":32,"liveWinRate":0.8,"ci95":{"p":0.8,"lo":0.6524239261814334,"hi":0.8950013502683313},"ms":1859398,"gps":0.0215123389398074}
{"g":40,"seed":20659632,"liveWin":false,"liveSeat":0,"steps":21,"ms":30094}
{"g":41,"seed":20669605,"liveWin":true,"liveSeat":1,"steps":24,"ms":20229}
{"g":42,"seed":20679578,"liveWin":true,"liveSeat":0,"steps":15,"ms":12606}
{"g":43,"seed":20689551,"liveWin":true,"liveSeat":1,"steps":21,"ms":48106}
{"g":44,"seed":20699524,"liveWin":true,"liveSeat":0,"steps":18,"ms":4841}
{"g":45,"seed":20709497,"liveWin":true,"liveSeat":1,"steps":17,"ms":3715}
{"g":46,"seed":20719470,"liveWin":true,"liveSeat":0,"steps":18,"ms":11958}
{"slowGame":47,"seed":20729443,"ms":97263,"win":true}
{"g":47,"seed":20729443,"liveWin":true,"liveSeat":1,"steps":21,"ms":97263}
{"slowGame":48,"seed":20739416,"ms":69985,"win":true}
{"g":48,"seed":20739416,"liveWin":true,"liveSeat":0,"steps":20,"ms":69985}
{"slowGame":49,"seed":20749389,"ms":97389,"win":true}
{"g":49,"seed":20749389,"liveWin":true,"liveSeat":1,"steps":22,"ms":97389}
{"games":50,"liveWins":41,"liveWinRate":0.82,"ci95":{"p":0.82,"lo":0.6920368054529739,"hi":0.902299172675462},"ms":2255585,"gps":0.0221671983099728}
=== FINAL ===
{
  "mode": "2p-h2h-single-deal-continuous",
  "protocol": "grandmaster-vs-grandmaster",
  "games": 50,
  "liveWins": 41,
  "freezeWins": 9,
  "liveWinRate": 0.82,
  "v80Wins": 41,
  "v80WinRate": 0.82,
  "ci95": {
    "p": 0.82,
    "lo": 0.6920368054529739,
    "hi": 0.902299172675462
  },
  "target": 0.7,
  "passed": true,
  "ms": 2255585,
  "live": {
    "id": "v9.3",
    "stamped": "2026-07-13T22:58:30Z",
    "label": "Grandmaster v9.3 (residual multiTie BR)"
  },
  "freeze": {
    "id": "v9.2",
    "stamped": "2026-07-13T22:46:04Z",
    "label": "Grandmaster v9.2 (ladder freeze)"
  },
  "v80": {
    "id": "v9.3",
    "stamped": "2026-07-13T22:58:30Z",
    "label": "Grandmaster v9.3 (residual multiTie BR)"
  },
  "v80Opts": {
    "difficulty": "grandmaster",
    "timeMs": 280,
    "iterations": 200,
    "maxSims": 480,
    "brTrials": 96,
    "bestResponse": true,
    "useSearch": true,
    "perfectInfo": true,
    "hiddenInfo": false,
    "maxBranch": 24,
    "dualSelf": false,
    "exactExploit": true,
    "mode": "auto",
    "combatRoot": false,
    "flRoot": false,
    "softSamples": 10,
    "exploit": true
  },
  "freezeOpts": {
    "difficulty": "grandmaster",
    "useSearch": true,
    "perfectInfo": true,
    "hiddenInfo": false,
    "timeMs": 120,
    "iterations": 80,
    "maxSims": 160,
    "bestResponse": false,
    "maxBranch": 16,
    "mode": "auto",
    "combatRoot": false,
    "flRoot": false,
    "dualSelf": false,
    "exactExploit": true,
    "softSamples": 0,
    "exploit": false
  },
  "opponentFreeze": "policies/v92-ai.js + policies/v92-search.js",
  "freezeTag": "v92",
  "seed0": 20260712,
  "checkpoints": [
    {
      "games": 10,
      "liveWins": 8,
      "liveWinRate": 0.8,
      "ci95": {
        "p": 0.8,
        "lo": 0.49015684672072346,
        "hi": 0.9433190520193067
      },
      "ms": 372889,
      "gps": 0.026817632056724654
    },
    {
      "games": 20,
      "liveWins": 17,
      "liveWinRate": 0.85,
      "ci95": {
        "p": 0.85,
        "lo": 0.6395767041130426,
        "hi": 0.9476322080405041
      },
      "ms": 788861,
      "gps": 0.025353008958485714
    },
    {
      "games": 30,
      "liveWins": 23,
      "liveWinRate": 0.7666666666666667,
      "ci95": {
        "p": 0.7666666666666667,
        "lo": 0.5907132766967573,
        "hi": 0.8820776078949878
      },
      "ms": 1170308,
      "gps": 0.025634277472255166
    },
    {
      "games": 40,
      "liveWins": 32,
      "liveWinRate": 0.8,
      "ci95": {
        "p": 0.8,
        "lo": 0.6524239261814334,
        "hi": 0.8950013502683313
      },
      "ms": 1859398,
      "gps": 0.0215123389398074
    },
    {
      "games": 50,
      "liveWins": 41,
      "liveWinRate": 0.82,
      "ci95": {
        "p": 0.82,
        "lo": 0.6920368054529739,
        "hi": 0.902299172675462
      },
      "ms": 2255585,
      "gps": 0.0221671983099728
    }
  ],
  "perGame": [
    {
      "g": 0,
      "seed": 20260712,
      "liveWin": true,
      "liveSeat": 0,
      "steps": 16,
      "ms": 9035
    },
    {
      "g": 1,
      "seed": 20270685,
      "liveWin": false,
      "liveSeat": 1,
      "steps": 13,
      "ms": 7173
    },
    {
      "g": 2,
      "seed": 20280658,
      "liveWin": true,
      "liveSeat": 0,
      "steps": 17,
      "ms": 27594
    },
    {
      "g": 3,
      "seed": 20290631,
      "liveWin": true,
      "liveSeat": 1,
      "steps": 18,
      "ms": 17118
    },
    {
      "g": 4,
      "seed": 20300604,
      "liveWin": true,
      "liveSeat": 0,
      "steps": 16,
      "ms": 17395
    },
    {
      "g": 5,
      "seed": 20310577,
      "liveWin": false,
      "liveSeat": 1,
      "steps": 18,
      "ms": 27256
    },
    {
      "g": 6,
      "seed": 20320550,
      "liveWin": true,
      "liveSeat": 0,
      "steps": 18,
      "ms": 58237
    },
    {
      "g": 7,
      "seed": 20330523,
      "liveWin": true,
      "liveSeat": 1,
      "steps": 20,
      "ms": 39502
    },
    {
      "g": 8,
      "seed": 20340496,
      "liveWin": true,
      "liveSeat": 0,
      "steps": 13,
      "ms": 23560
    },
    {
      "g": 9,
      "seed": 20350469,
      "liveWin": true,
      "liveSeat": 1,
      "steps": 22,
      "ms": 146015
    },
    {
      "g": 10,
      "seed": 20360442,
      "liveWin": false,
      "liveSeat": 0,
      "steps": 17,
      "ms": 17290
    },
    {
      "g": 11,
      "seed": 20370415,
      "liveWin": true,
      "liveSeat": 1,
      "steps": 23,
      "ms": 10686
    },
    {
      "g": 12,
      "seed": 20380388,
      "liveWin": true,
      "liveSeat": 0,
      "steps": 18,
      "ms": 8435
    },
    {
      "g": 13,
      "seed": 20390361,
      "liveWin": true,
      "liveSeat": 1,
      "steps": 24,
      "ms": 166647
    },
    {
      "g": 14,
      "seed": 20400334,
      "liveWin": true,
      "liveSeat": 0,
      "steps": 18,
      "ms": 136622
    },
    {
      "g": 15,
      "seed": 20410307,
      "liveWin": true,
      "liveSeat": 1,
      "steps": 10,
      "ms": 32351
    },
    {
      "g": 16,
      "seed": 20420280,
      "liveWin": true,
      "liveSeat": 0,
      "steps": 18,
      "ms": 11167
    },
    {
      "g": 17,
      "seed": 20430253,
      "liveWin": true,
      "liveSeat": 1,
      "steps": 23,
      "ms": 6681
    },
    {
      "g": 18,
      "seed": 20440226,
      "liveWin": true,
      "liveSeat": 0,
      "steps": 17,
      "ms": 18886
    },
    {
      "g": 19,
      "seed": 20450199,
      "liveWin": true,
      "liveSeat": 1,
      "steps": 24,
      "ms": 7204
    },
    {
      "g": 20,
      "seed": 20460172,
      "liveWin": true,
      "liveSeat": 0,
      "steps": 15,
      "ms": 6593
    },
    {
      "g": 21,
      "seed": 20470145,
      "liveWin": true,
      "liveSeat": 1,
      "steps": 22,
      "ms": 38562
    },
    {
      "g": 22,
      "seed": 20480118,
      "liveWin": false,
      "liveSeat": 0,
      "steps": 9,
      "ms": 2613
    },
    {
      "g": 23,
      "seed": 20490091,
      "liveWin": false,
      "liveSeat": 1,
      "steps": 11,
      "ms": 17369
    },
    {
      "g": 24,
      "seed": 20500064,
      "liveWin": true,
      "liveSeat": 0,
      "steps": 17,
      "ms": 8175
    },
    {
      "g": 25,
      "seed": 20510037,
      "liveWin": false,
      "liveSeat": 1,
      "steps": 22,
      "ms": 71556
    },
    {
      "g": 26,
      "seed": 20520010,
      "liveWin": false,
      "liveSeat": 0,
      "steps": 14,
      "ms": 4508
    },
    {
      "g": 27,
      "seed": 20529983,
      "liveWin": true,
      "liveSeat": 1,
      "steps": 20,
      "ms": 146765
    },
    {
      "g": 28,
      "seed": 20539956,
      "liveWin": true,
      "liveSeat": 0,
      "steps": 15,
      "ms": 74561
    },
    {
      "g": 29,
      "seed": 20549929,
      "liveWin": true,
      "liveSeat": 1,
      "steps": 21,
      "ms": 10744
    },
    {
      "g": 30,
      "seed": 20559902,
      "liveWin": true,
      "liveSeat": 0,
      "steps": 21,
      "ms": 233076
    },
    {
      "g": 31,
      "seed": 20569875,
      "liveWin": false,
      "liveSeat": 1,
      "steps": 12,
      "ms": 29845
    },
    {
      "g": 32,
      "seed": 20579848,
      "liveWin": true,
      "liveSeat": 0,
      "steps": 18,
      "ms": 18268
    },
    {
      "g": 33,
      "seed": 20589821,
      "liveWin": true,
      "liveSeat": 1,
      "steps": 16,
      "ms": 3266
    },
    {
      "g": 34,
      "seed": 20599794,
      "liveWin": true,
      "liveSeat": 0,
      "steps": 15,
      "ms": 30421
    },
    {
      "g": 35,
      "seed": 20609767,
      "liveWin": true,
      "liveSeat": 1,
      "steps": 12,
      "ms": 3403
    },
    {
      "g": 36,
      "seed": 20619740,
      "liveWin": true,
      "liveSeat": 0,
      "steps": 12,
      "ms": 21288
    },
    {
      "g": 37,
      "seed": 20629713,
      "liveWin": true,
      "liveSeat": 1,
      "steps": 25,
      "ms": 230967
    },
    {
      "g": 38,
      "seed": 20639686,
      "liveWin": true,
      "liveSeat": 0,
      "steps": 22,
      "ms": 63082
    },
    {
      "g": 39,
      "seed": 20649659,
      "liveWin": true,
      "liveSeat": 1,
      "steps": 11,
      "ms": 55474
    },
    {
      "g": 40,
      "seed": 20659632,
      "liveWin": false,
      "liveSeat": 0,
      "steps": 21,
      "ms": 30094
    },
    {
      "g": 41,
      "seed": 20669605,
      "liveWin": true,
      "liveSeat": 1,
      "steps": 24,
      "ms": 20229
    },
    {
      "g": 42,
      "seed": 20679578,
      "liveWin": true,
      "liveSeat": 0,
      "steps": 15,
      "ms": 12606
    },
    {
      "g": 43,
      "seed": 20689551,
      "liveWin": true,
      "liveSeat": 1,
      "steps": 21,
      "ms": 48106
    },
    {
      "g": 44,
      "seed": 20699524,
      "liveWin": true,
      "liveSeat": 0,
      "steps": 18,
      "ms": 4841
    },
    {
      "g": 45,
      "seed": 20709497,
      "liveWin": true,
      "liveSeat": 1,
      "steps": 17,
      "ms": 3715
    },
    {
      "g": 46,
      "seed": 20719470,
      "liveWin": true,
      "liveSeat": 0,
      "steps": 18,
      "ms": 11958
    },
    {
      "g": 47,
      "seed": 20729443,
      "liveWin": true,
      "liveSeat": 1,
      "steps": 21,
      "ms": 97263
    },
    {
      "g": 48,
      "seed": 20739416,
      "liveWin": true,
      "liveSeat": 0,
      "steps": 20,
      "ms": 69985
    },
    {
      "g": 49,
      "seed": 20749389,
      "liveWin": true,
      "liveSeat": 1,
      "steps": 22,
      "ms": 97389
    }
  ],
  "lossSeeds": [
    20270685,
    20310577,
    20360442,
    20480118,
    20490091,
    20510037,
    20520010,
    20569875,
    20659632
  ]
}
GATE PASSED
RERUN 41/50 0.82 true
DONE_V93_DUALS 00:26Z
