=== live vs freeze v94 games=20 target=0.5 ===
live build { id: 'v9.4',
  stamped: '2026-07-14T01:40:33Z',
  label: 'Grandmaster v9.4 (ladder freeze)' }
freeze build { id: 'v9.4',
  stamped: '2026-07-14T01:40:33Z',
  label: 'Grandmaster v9.4 (ladder freeze)' }
live opts { difficulty: 'grandmaster',
  timeMs: 200,
  iterations: 120,
  maxSims: 240,
  brTrials: 48,
  bestResponse: true,
  useSearch: true,
  perfectInfo: true,
  hiddenInfo: false,
  maxBranch: 20,
  dualSelf: false,
  exactExploit: true,
  mode: 'auto',
  combatRoot: false,
  flRoot: false,
  softSamples: 6,
  exploit: true }
freeze opts { difficulty: 'grandmaster',
  useSearch: true,
  perfectInfo: true,
  hiddenInfo: false,
  timeMs: 200,
  iterations: 120,
  maxSims: 240,
  bestResponse: false,
  maxBranch: 20,
  mode: 'auto',
  combatRoot: false,
  flRoot: false,
  dualSelf: false,
  exactExploit: true,
  softSamples: 0,
  exploit: false }
opponentFreeze policies/v94-ai.js + search
protocol { freezeDifficulty: 'grandmaster',
  liveDifficulty: 'grandmaster',
  brModel: 'freeze-grandmaster-low-budget-40ms-20it',
  equalBudget: true,
  identityBaseline: null,
  minDeltaWins: null }
