=== live vs freeze v93 games=50 target=0.7 ===
live build { id: 'v9.4',
  stamped: '2026-07-14T00:28:21Z',
  label: 'Grandmaster v9.4 (TWO_OMIN2 + residual multiTie)' }
freeze build { id: 'v9.3',
  stamped: '2026-07-14T00:27:00Z',
  label: 'Grandmaster v9.3 (ladder freeze)' }
live opts { difficulty: 'grandmaster',
  timeMs: 280,
  iterations: 200,
  maxSims: 480,
  brTrials: 96,
  bestResponse: true,
  useSearch: true,
  perfectInfo: true,
  hiddenInfo: false,
  maxBranch: 24,
  dualSelf: false,
  exactExploit: true,
  mode: 'auto',
  combatRoot: false,
  flRoot: false,
  softSamples: 10,
  exploit: true }
freeze opts { difficulty: 'grandmaster',
  useSearch: true,
  perfectInfo: true,
  hiddenInfo: false,
  timeMs: 120,
  iterations: 80,
  maxSims: 160,
  bestResponse: false,
  maxBranch: 16,
  mode: 'auto',
  combatRoot: false,
  flRoot: false,
  dualSelf: false,
  exactExploit: true,
  softSamples: 0,
  exploit: false }
opponentFreeze policies/v93-ai.js + search
protocol { freezeDifficulty: 'grandmaster',
  liveDifficulty: 'grandmaster',
  brModel: 'freeze-grandmaster-low-budget-40ms-20it' }
{"g":0,"seed":20260712,"liveWin":true,"liveSeat":0,"steps":16,"ms":8838}
{"g":1,"seed":20270685,"liveWin":false,"liveSeat":1,"steps":13,"ms":6884}
{"g":2,"seed":20280658,"liveWin":true,"liveSeat":0,"steps":17,"ms":27407}
{"g":3,"seed":20290631,"liveWin":true,"liveSeat":1,"steps":18,"ms":16792}
{"g":4,"seed":20300604,"liveWin":true,"liveSeat":0,"steps":16,"ms":17564}
{"g":5,"seed":20310577,"liveWin":false,"liveSeat":1,"steps":18,"ms":27346}
{"g":6,"seed":20320550,"liveWin":true,"liveSeat":0,"steps":18,"ms":57905}
{"g":7,"seed":20330523,"liveWin":true,"liveSeat":1,"steps":20,"ms":39848}
{"g":8,"seed":20340496,"liveWin":true,"liveSeat":0,"steps":13,"ms":22997}
{"slowGame":9,"seed":20350469,"ms":143553,"win":true}
{"g":9,"seed":20350469,"liveWin":true,"liveSeat":1,"steps":22,"ms":143553}
{"games":10,"liveWins":8,"liveWinRate":0.8,"ci95":{"p":0.8,"lo":0.49015684672072346,"hi":0.9433190520193067},"ms":369137,"gps":0.027090213118706605}
{"g":10,"seed":20360442,"liveWin":false,"liveSeat":0,"steps":17,"ms":15093}
{"g":11,"seed":20370415,"liveWin":true,"liveSeat":1,"steps":23,"ms":9503}
{"g":12,"seed":20380388,"liveWin":true,"liveSeat":0,"steps":18,"ms":8502}
{"slowGame":13,"seed":20390361,"ms":170266,"win":true}
{"g":13,"seed":20390361,"liveWin":true,"liveSeat":1,"steps":24,"ms":170266}
{"slowGame":14,"seed":20400334,"ms":135401,"win":true}
{"g":14,"seed":20400334,"liveWin":true,"liveSeat":0,"steps":18,"ms":135401}
{"g":15,"seed":20410307,"liveWin":true,"liveSeat":1,"steps":10,"ms":31781}
{"g":16,"seed":20420280,"liveWin":true,"liveSeat":0,"steps":18,"ms":11172}
{"g":17,"seed":20430253,"liveWin":true,"liveSeat":1,"steps":23,"ms":6532}
{"g":18,"seed":20440226,"liveWin":true,"liveSeat":0,"steps":17,"ms":18691}
{"g":19,"seed":20450199,"liveWin":true,"liveSeat":1,"steps":24,"ms":6976}
{"games":20,"liveWins":17,"liveWinRate":0.85,"ci95":{"p":0.85,"lo":0.6395767041130426,"hi":0.9476322080405041},"ms":783056,"gps":0.025540957479413987}
{"g":20,"seed":20460172,"liveWin":true,"liveSeat":0,"steps":15,"ms":6610}
{"g":21,"seed":20470145,"liveWin":true,"liveSeat":1,"steps":22,"ms":38745}
{"g":22,"seed":20480118,"liveWin":false,"liveSeat":0,"steps":9,"ms":2599}
{"g":23,"seed":20490091,"liveWin":true,"liveSeat":1,"steps":24,"ms":15380}
{"g":24,"seed":20500064,"liveWin":true,"liveSeat":0,"steps":17,"ms":8623}
{"slowGame":25,"seed":20510037,"ms":71541,"win":false}
{"g":25,"seed":20510037,"liveWin":false,"liveSeat":1,"steps":22,"ms":71541}
{"g":26,"seed":20520010,"liveWin":false,"liveSeat":0,"steps":14,"ms":4485}
{"slowGame":27,"seed":20529983,"ms":146553,"win":true}
{"g":27,"seed":20529983,"liveWin":true,"liveSeat":1,"steps":20,"ms":146553}
{"slowGame":28,"seed":20539956,"ms":74276,"win":true}
{"g":28,"seed":20539956,"liveWin":true,"liveSeat":0,"steps":15,"ms":74276}
{"g":29,"seed":20549929,"liveWin":true,"liveSeat":1,"steps":23,"ms":10273}
{"games":30,"liveWins":24,"liveWinRate":0.8,"ci95":{"p":0.8,"lo":0.6269395261897257,"hi":0.9049502189759876},"ms":1162142,"gps":0.025814401338218565}
{"slowGame":30,"seed":20559902,"ms":234882,"win":true}
{"g":30,"seed":20559902,"liveWin":true,"liveSeat":0,"steps":21,"ms":234882}
{"g":31,"seed":20569875,"liveWin":false,"liveSeat":1,"steps":12,"ms":29396}
{"g":32,"seed":20579848,"liveWin":true,"liveSeat":0,"steps":18,"ms":18239}
{"g":33,"seed":20589821,"liveWin":true,"liveSeat":1,"steps":16,"ms":3244}
{"g":34,"seed":20599794,"liveWin":true,"liveSeat":0,"steps":15,"ms":30120}
{"g":35,"seed":20609767,"liveWin":true,"liveSeat":1,"steps":12,"ms":3313}
{"g":36,"seed":20619740,"liveWin":true,"liveSeat":0,"steps":12,"ms":21104}
{"slowGame":37,"seed":20629713,"ms":229468,"win":true}
{"g":37,"seed":20629713,"liveWin":true,"liveSeat":1,"steps":25,"ms":229468}
{"slowGame":38,"seed":20639686,"ms":62133,"win":true}
{"g":38,"seed":20639686,"liveWin":true,"liveSeat":0,"steps":22,"ms":62133}
{"g":39,"seed":20649659,"liveWin":true,"liveSeat":1,"steps":11,"ms":54611}
{"games":40,"liveWins":33,"liveWinRate":0.825,"ci95":{"p":0.825,"lo":0.6804970794560756,"hi":0.9125469700311694},"ms":1848654,"gps":0.021637364266109287}
{"g":40,"seed":20659632,"liveWin":false,"liveSeat":0,"steps":21,"ms":29646}
{"g":41,"seed":20669605,"liveWin":true,"liveSeat":1,"steps":24,"ms":19774}
{"g":42,"seed":20679578,"liveWin":true,"liveSeat":0,"steps":15,"ms":12323}
{"g":43,"seed":20689551,"liveWin":true,"liveSeat":1,"steps":21,"ms":47709}
{"g":44,"seed":20699524,"liveWin":true,"liveSeat":0,"steps":18,"ms":4717}
{"g":45,"seed":20709497,"liveWin":true,"liveSeat":1,"steps":17,"ms":3606}
{"g":46,"seed":20719470,"liveWin":true,"liveSeat":0,"steps":18,"ms":11708}
{"slowGame":47,"seed":20729443,"ms":97897,"win":true}
{"g":47,"seed":20729443,"liveWin":true,"liveSeat":1,"steps":21,"ms":97897}
{"slowGame":48,"seed":20739416,"ms":70152,"win":true}
{"g":48,"seed":20739416,"liveWin":true,"liveSeat":0,"steps":20,"ms":70152}
{"slowGame":49,"seed":20749389,"ms":96960,"win":true}
{"g":49,"seed":20749389,"liveWin":true,"liveSeat":1,"steps":22,"ms":96960}
{"games":50,"liveWins":42,"liveWinRate":0.84,"ci95":{"p":0.84,"lo":0.7148551903823401,"hi":0.9166267863791231},"ms":2243148,"gps":0.0222901030159401}
=== FINAL ===
{
  "mode": "2p-h2h-single-deal-continuous",
  "protocol": "grandmaster-vs-grandmaster",
  "games": 50,
  "liveWins": 42,
  "freezeWins": 8,
  "liveWinRate": 0.84,
  "v80Wins": 42,
  "v80WinRate": 0.84,
  "ci95": {
    "p": 0.84,
    "lo": 0.7148551903823401,
    "hi": 0.9166267863791231
  },
  "target": 0.7,
  "passed": true,
  "ms": 2243148,
  "live": {
    "id": "v9.4",
    "stamped": "2026-07-14T00:28:21Z",
    "label": "Grandmaster v9.4 (TWO_OMIN2 + residual multiTie)"
  },
  "freeze": {
    "id": "v9.3",
    "stamped": "2026-07-14T00:27:00Z",
    "label": "Grandmaster v9.3 (ladder freeze)"
  },
  "v80": {
    "id": "v9.4",
    "stamped": "2026-07-14T00:28:21Z",
    "label": "Grandmaster v9.4 (TWO_OMIN2 + residual multiTie)"
  },
  "v80Opts": {
    "difficulty": "grandmaster",
    "timeMs": 280,
    "iterations": 200,
    "maxSims": 480,
    "brTrials": 96,
    "bestResponse": true,
    "useSearch": true,
    "perfectInfo": true,
    "hiddenInfo": false,
    "maxBranch": 24,
    "dualSelf": false,
    "exactExploit": true,
    "mode": "auto",
    "combatRoot": false,
    "flRoot": false,
    "softSamples": 10,
    "exploit": true
  },
  "freezeOpts": {
    "difficulty": "grandmaster",
    "useSearch": true,
    "perfectInfo": true,
    "hiddenInfo": false,
    "timeMs": 120,
    "iterations": 80,
    "maxSims": 160,
    "bestResponse": false,
    "maxBranch": 16,
    "mode": "auto",
    "combatRoot": false,
    "flRoot": false,
    "dualSelf": false,
    "exactExploit": true,
    "softSamples": 0,
    "exploit": false
  },
  "opponentFreeze": "policies/v93-ai.js + policies/v93-search.js",
  "freezeTag": "v93",
  "seed0": 20260712,
  "checkpoints": [
    {
      "games": 10,
      "liveWins": 8,
      "liveWinRate": 0.8,
      "ci95": {
        "p": 0.8,
        "lo": 0.49015684672072346,
        "hi": 0.9433190520193067
      },
      "ms": 369137,
      "gps": 0.027090213118706605
    },
    {
      "games": 20,
      "liveWins": 17,
      "liveWinRate": 0.85,
      "ci95": {
        "p": 0.85,
        "lo": 0.6395767041130426,
        "hi": 0.9476322080405041
      },
      "ms": 783056,
      "gps": 0.025540957479413987
    },
    {
      "games": 30,
      "liveWins": 24,
      "liveWinRate": 0.8,
      "ci95": {
        "p": 0.8,
        "lo": 0.6269395261897257,
        "hi": 0.9049502189759876
      },
      "ms": 1162142,
      "gps": 0.025814401338218565
    },
    {
      "games": 40,
      "liveWins": 33,
      "liveWinRate": 0.825,
      "ci95": {
        "p": 0.825,
        "lo": 0.6804970794560756,
        "hi": 0.9125469700311694
      },
      "ms": 1848654,
      "gps": 0.021637364266109287
    },
    {
      "games": 50,
      "liveWins": 42,
      "liveWinRate": 0.84,
      "ci95": {
        "p": 0.84,
        "lo": 0.7148551903823401,
        "hi": 0.9166267863791231
      },
      "ms": 2243148,
      "gps": 0.0222901030159401
    }
  ],
  "perGame": [
    {
      "g": 0,
      "seed": 20260712,
      "liveWin": true,
      "liveSeat": 0,
      "steps": 16,
      "ms": 8838
    },
    {
      "g": 1,
      "seed": 20270685,
      "liveWin": false,
      "liveSeat": 1,
      "steps": 13,
      "ms": 6884
    },
    {
      "g": 2,
      "seed": 20280658,
      "liveWin": true,
      "liveSeat": 0,
      "steps": 17,
      "ms": 27407
    },
    {
      "g": 3,
      "seed": 20290631,
      "liveWin": true,
      "liveSeat": 1,
      "steps": 18,
      "ms": 16792
    },
    {
      "g": 4,
      "seed": 20300604,
      "liveWin": true,
      "liveSeat": 0,
      "steps": 16,
      "ms": 17564
    },
    {
      "g": 5,
      "seed": 20310577,
      "liveWin": false,
      "liveSeat": 1,
      "steps": 18,
      "ms": 27346
    },
    {
      "g": 6,
      "seed": 20320550,
      "liveWin": true,
      "liveSeat": 0,
      "steps": 18,
      "ms": 57905
    },
    {
      "g": 7,
      "seed": 20330523,
      "liveWin": true,
      "liveSeat": 1,
      "steps": 20,
      "ms": 39848
    },
    {
      "g": 8,
      "seed": 20340496,
      "liveWin": true,
      "liveSeat": 0,
      "steps": 13,
      "ms": 22997
    },
    {
      "g": 9,
      "seed": 20350469,
      "liveWin": true,
      "liveSeat": 1,
      "steps": 22,
      "ms": 143553
    },
    {
      "g": 10,
      "seed": 20360442,
      "liveWin": false,
      "liveSeat": 0,
      "steps": 17,
      "ms": 15093
    },
    {
      "g": 11,
      "seed": 20370415,
      "liveWin": true,
      "liveSeat": 1,
      "steps": 23,
      "ms": 9503
    },
    {
      "g": 12,
      "seed": 20380388,
      "liveWin": true,
      "liveSeat": 0,
      "steps": 18,
      "ms": 8502
    },
    {
      "g": 13,
      "seed": 20390361,
      "liveWin": true,
      "liveSeat": 1,
      "steps": 24,
      "ms": 170266
    },
    {
      "g": 14,
      "seed": 20400334,
      "liveWin": true,
      "liveSeat": 0,
      "steps": 18,
      "ms": 135401
    },
    {
      "g": 15,
      "seed": 20410307,
      "liveWin": true,
      "liveSeat": 1,
      "steps": 10,
      "ms": 31781
    },
    {
      "g": 16,
      "seed": 20420280,
      "liveWin": true,
      "liveSeat": 0,
      "steps": 18,
      "ms": 11172
    },
    {
      "g": 17,
      "seed": 20430253,
      "liveWin": true,
      "liveSeat": 1,
      "steps": 23,
      "ms": 6532
    },
    {
      "g": 18,
      "seed": 20440226,
      "liveWin": true,
      "liveSeat": 0,
      "steps": 17,
      "ms": 18691
    },
    {
      "g": 19,
      "seed": 20450199,
      "liveWin": true,
      "liveSeat": 1,
      "steps": 24,
      "ms": 6976
    },
    {
      "g": 20,
      "seed": 20460172,
      "liveWin": true,
      "liveSeat": 0,
      "steps": 15,
      "ms": 6610
    },
    {
      "g": 21,
      "seed": 20470145,
      "liveWin": true,
      "liveSeat": 1,
      "steps": 22,
      "ms": 38745
    },
    {
      "g": 22,
      "seed": 20480118,
      "liveWin": false,
      "liveSeat": 0,
      "steps": 9,
      "ms": 2599
    },
    {
      "g": 23,
      "seed": 20490091,
      "liveWin": true,
      "liveSeat": 1,
      "steps": 24,
      "ms": 15380
    },
    {
      "g": 24,
      "seed": 20500064,
      "liveWin": true,
      "liveSeat": 0,
      "steps": 17,
      "ms": 8623
    },
    {
      "g": 25,
      "seed": 20510037,
      "liveWin": false,
      "liveSeat": 1,
      "steps": 22,
      "ms": 71541
    },
    {
      "g": 26,
      "seed": 20520010,
      "liveWin": false,
      "liveSeat": 0,
      "steps": 14,
      "ms": 4485
    },
    {
      "g": 27,
      "seed": 20529983,
      "liveWin": true,
      "liveSeat": 1,
      "steps": 20,
      "ms": 146553
    },
    {
      "g": 28,
      "seed": 20539956,
      "liveWin": true,
      "liveSeat": 0,
      "steps": 15,
      "ms": 74276
    },
    {
      "g": 29,
      "seed": 20549929,
      "liveWin": true,
      "liveSeat": 1,
      "steps": 23,
      "ms": 10273
    },
    {
      "g": 30,
      "seed": 20559902,
      "liveWin": true,
      "liveSeat": 0,
      "steps": 21,
      "ms": 234882
    },
    {
      "g": 31,
      "seed": 20569875,
      "liveWin": false,
      "liveSeat": 1,
      "steps": 12,
      "ms": 29396
    },
    {
      "g": 32,
      "seed": 20579848,
      "liveWin": true,
      "liveSeat": 0,
      "steps": 18,
      "ms": 18239
    },
    {
      "g": 33,
      "seed": 20589821,
      "liveWin": true,
      "liveSeat": 1,
      "steps": 16,
      "ms": 3244
    },
    {
      "g": 34,
      "seed": 20599794,
      "liveWin": true,
      "liveSeat": 0,
      "steps": 15,
      "ms": 30120
    },
    {
      "g": 35,
      "seed": 20609767,
      "liveWin": true,
      "liveSeat": 1,
      "steps": 12,
      "ms": 3313
    },
    {
      "g": 36,
      "seed": 20619740,
      "liveWin": true,
      "liveSeat": 0,
      "steps": 12,
      "ms": 21104
    },
    {
      "g": 37,
      "seed": 20629713,
      "liveWin": true,
      "liveSeat": 1,
      "steps": 25,
      "ms": 229468
    },
    {
      "g": 38,
      "seed": 20639686,
      "liveWin": true,
      "liveSeat": 0,
      "steps": 22,
      "ms": 62133
    },
    {
      "g": 39,
      "seed": 20649659,
      "liveWin": true,
      "liveSeat": 1,
      "steps": 11,
      "ms": 54611
    },
    {
      "g": 40,
      "seed": 20659632,
      "liveWin": false,
      "liveSeat": 0,
      "steps": 21,
      "ms": 29646
    },
    {
      "g": 41,
      "seed": 20669605,
      "liveWin": true,
      "liveSeat": 1,
      "steps": 24,
      "ms": 19774
    },
    {
      "g": 42,
      "seed": 20679578,
      "liveWin": true,
      "liveSeat": 0,
      "steps": 15,
      "ms": 12323
    },
    {
      "g": 43,
      "seed": 20689551,
      "liveWin": true,
      "liveSeat": 1,
      "steps": 21,
      "ms": 47709
    },
    {
      "g": 44,
      "seed": 20699524,
      "liveWin": true,
      "liveSeat": 0,
      "steps": 18,
      "ms": 4717
    },
    {
      "g": 45,
      "seed": 20709497,
      "liveWin": true,
      "liveSeat": 1,
      "steps": 17,
      "ms": 3606
    },
    {
      "g": 46,
      "seed": 20719470,
      "liveWin": true,
      "liveSeat": 0,
      "steps": 18,
      "ms": 11708
    },
    {
      "g": 47,
      "seed": 20729443,
      "liveWin": true,
      "liveSeat": 1,
      "steps": 21,
      "ms": 97897
    },
    {
      "g": 48,
      "seed": 20739416,
      "liveWin": true,
      "liveSeat": 0,
      "steps": 20,
      "ms": 70152
    },
    {
      "g": 49,
      "seed": 20749389,
      "liveWin": true,
      "liveSeat": 1,
      "steps": 22,
      "ms": 96960
    }
  ],
  "lossSeeds": [
    20270685,
    20310577,
    20360442,
    20480118,
    20510037,
    20520010,
    20569875,
    20659632
  ]
}
GATE PASSED
