=== PRIMARY 00:38Z ===
=== live vs freeze v93 games=50 target=0.7 ===
live build { id: 'v9.4',
  stamped: '2026-07-14T00:28:21Z',
  label: 'Grandmaster v9.4 (TWO_OMIN2 + residual multiTie)' }
freeze build { id: 'v9.3',
  stamped: '2026-07-14T00:27:00Z',
  label: 'Grandmaster v9.3 (ladder freeze)' }
live opts { difficulty: 'grandmaster',
  timeMs: 280,
  iterations: 200,
  maxSims: 480,
  brTrials: 96,
  bestResponse: true,
  useSearch: true,
  perfectInfo: true,
  hiddenInfo: false,
  maxBranch: 24,
  dualSelf: false,
  exactExploit: true,
  mode: 'auto',
  combatRoot: false,
  flRoot: false,
  softSamples: 10,
  exploit: true }
freeze opts { difficulty: 'grandmaster',
  useSearch: true,
  perfectInfo: true,
  hiddenInfo: false,
  timeMs: 120,
  iterations: 80,
  maxSims: 160,
  bestResponse: false,
  maxBranch: 16,
  mode: 'auto',
  combatRoot: false,
  flRoot: false,
  dualSelf: false,
  exactExploit: true,
  softSamples: 0,
  exploit: false }
opponentFreeze policies/v93-ai.js + search
protocol { freezeDifficulty: 'grandmaster',
  liveDifficulty: 'grandmaster',
  brModel: 'freeze-grandmaster-low-budget-40ms-20it' }
{"g":0,"seed":20260711,"liveWin":true,"liveSeat":1,"steps":21,"ms":32972}
{"g":1,"seed":20270684,"liveWin":true,"liveSeat":0,"steps":15,"ms":4413}
{"g":2,"seed":20280657,"liveWin":true,"liveSeat":1,"steps":17,"ms":37572}
{"g":3,"seed":20290630,"liveWin":true,"liveSeat":0,"steps":17,"ms":22530}
{"slowGame":4,"seed":20300603,"ms":78143,"win":true}
{"g":4,"seed":20300603,"liveWin":true,"liveSeat":1,"steps":18,"ms":78143}
{"g":5,"seed":20310576,"liveWin":false,"liveSeat":0,"steps":16,"ms":10564}
{"slowGame":6,"seed":20320549,"ms":130337,"win":true}
{"g":6,"seed":20320549,"liveWin":true,"liveSeat":1,"steps":11,"ms":130337}
{"g":7,"seed":20330522,"liveWin":true,"liveSeat":0,"steps":21,"ms":18986}
{"g":8,"seed":20340495,"liveWin":true,"liveSeat":1,"steps":20,"ms":53424}
{"g":9,"seed":20350468,"liveWin":true,"liveSeat":0,"steps":19,"ms":56073}
{"games":10,"liveWins":9,"liveWinRate":0.9,"ci95":{"p":0.9,"lo":0.5958436145024277,"hi":0.9821242504842789},"ms":445017,"gps":0.0224710516676891}
{"g":10,"seed":20360441,"liveWin":true,"liveSeat":1,"steps":23,"ms":32197}
{"g":11,"seed":20370414,"liveWin":true,"liveSeat":0,"steps":16,"ms":15096}
{"g":12,"seed":20380387,"liveWin":false,"liveSeat":1,"steps":5,"ms":4202}
{"g":13,"seed":20390360,"liveWin":true,"liveSeat":0,"steps":17,"ms":17799}
{"g":14,"seed":20400333,"liveWin":true,"liveSeat":1,"steps":20,"ms":20467}
{"g":15,"seed":20410306,"liveWin":true,"liveSeat":0,"steps":22,"ms":3634}
{"g":16,"seed":20420279,"liveWin":true,"liveSeat":1,"steps":20,"ms":23143}
{"g":17,"seed":20430252,"liveWin":true,"liveSeat":0,"steps":7,"ms":5448}
{"g":18,"seed":20440225,"liveWin":true,"liveSeat":1,"steps":26,"ms":14193}
{"g":19,"seed":20450198,"liveWin":true,"liveSeat":0,"steps":12,"ms":1798}
{"games":20,"liveWins":18,"liveWinRate":0.9,"ci95":{"p":0.9,"lo":0.6989617935882066,"hi":0.9721341060158467},"ms":582996,"gps":0.0343055526967595}
{"g":20,"seed":20460171,"liveWin":true,"liveSeat":1,"steps":21,"ms":18214}
{"g":21,"seed":20470144,"liveWin":false,"liveSeat":0,"steps":17,"ms":25461}
{"g":22,"seed":20480117,"liveWin":true,"liveSeat":1,"steps":21,"ms":24992}
{"slowGame":23,"seed":20490090,"ms":69040,"win":true}
{"g":23,"seed":20490090,"liveWin":true,"liveSeat":0,"steps":22,"ms":69040}
{"g":24,"seed":20500063,"liveWin":true,"liveSeat":1,"steps":22,"ms":40543}
{"g":25,"seed":20510036,"liveWin":true,"liveSeat":0,"steps":20,"ms":56226}
{"g":26,"seed":20520009,"liveWin":true,"liveSeat":1,"steps":22,"ms":55325}
{"g":27,"seed":20529982,"liveWin":true,"liveSeat":0,"steps":16,"ms":18972}
{"g":28,"seed":20539955,"liveWin":false,"liveSeat":1,"steps":20,"ms":33446}
{"g":29,"seed":20549928,"liveWin":false,"liveSeat":0,"steps":16,"ms":38457}
{"games":30,"liveWins":25,"liveWinRate":0.8333333333333334,"ci95":{"p":0.8333333333333334,"lo":0.6643529481431982,"hi":0.9266356575964831},"ms":963675,"gps":0.031130827301735546}
{"slowGame":30,"seed":20559901,"ms":70211,"win":true}
{"g":30,"seed":20559901,"liveWin":true,"liveSeat":1,"steps":21,"ms":70211}
{"g":31,"seed":20569874,"liveWin":true,"liveSeat":0,"steps":11,"ms":10846}
{"slowGame":32,"seed":20579847,"ms":64830,"win":true}
{"g":32,"seed":20579847,"liveWin":true,"liveSeat":1,"steps":8,"ms":64830}
{"g":33,"seed":20589820,"liveWin":true,"liveSeat":0,"steps":19,"ms":20871}
{"g":34,"seed":20599793,"liveWin":true,"liveSeat":1,"steps":19,"ms":43824}
{"g":35,"seed":20609766,"liveWin":false,"liveSeat":0,"steps":15,"ms":15069}
{"g":36,"seed":20619739,"liveWin":true,"liveSeat":1,"steps":18,"ms":10304}
{"g":37,"seed":20629712,"liveWin":true,"liveSeat":0,"steps":20,"ms":9717}
{"slowGame":38,"seed":20639685,"ms":63637,"win":true}
{"g":38,"seed":20639685,"liveWin":true,"liveSeat":1,"steps":14,"ms":63637}
{"g":39,"seed":20649658,"liveWin":true,"liveSeat":0,"steps":15,"ms":12682}
{"games":40,"liveWins":34,"liveWinRate":0.85,"ci95":{"p":0.85,"lo":0.7092737396097997,"hi":0.9293890829149257},"ms":1285667,"gps":0.031112255350724566}
{"g":40,"seed":20659631,"liveWin":false,"liveSeat":1,"steps":18,"ms":17486}
{"g":41,"seed":20669604,"liveWin":false,"liveSeat":0,"steps":16,"ms":35091}
{"g":42,"seed":20679577,"liveWin":true,"liveSeat":1,"steps":14,"ms":7079}
{"g":43,"seed":20689550,"liveWin":false,"liveSeat":0,"steps":22,"ms":52950}
{"g":44,"seed":20699523,"liveWin":true,"liveSeat":1,"steps":12,"ms":1774}
{"g":45,"seed":20709496,"liveWin":false,"liveSeat":0,"steps":18,"ms":42363}
{"g":46,"seed":20719469,"liveWin":true,"liveSeat":1,"steps":19,"ms":7637}
{"g":47,"seed":20729442,"liveWin":true,"liveSeat":0,"steps":11,"ms":5291}
{"g":48,"seed":20739415,"liveWin":true,"liveSeat":1,"steps":23,"ms":23275}
{"g":49,"seed":20749388,"liveWin":true,"liveSeat":0,"steps":24,"ms":11645}
{"games":50,"liveWins":40,"liveWinRate":0.8,"ci95":{"p":0.8,"lo":0.6696262789551477,"hi":0.8875637005402611},"ms":1490262,"gps":0.03355114738213818}
=== FINAL ===
{
  "mode": "2p-h2h-single-deal-continuous",
  "protocol": "grandmaster-vs-grandmaster",
  "games": 50,
  "liveWins": 40,
  "freezeWins": 10,
  "liveWinRate": 0.8,
  "v80Wins": 40,
  "v80WinRate": 0.8,
  "ci95": {
    "p": 0.8,
    "lo": 0.6696262789551477,
    "hi": 0.8875637005402611
  },
  "target": 0.7,
  "passed": true,
  "ms": 1490262,
  "live": {
    "id": "v9.4",
    "stamped": "2026-07-14T00:28:21Z",
    "label": "Grandmaster v9.4 (TWO_OMIN2 + residual multiTie)"
  },
  "freeze": {
    "id": "v9.3",
    "stamped": "2026-07-14T00:27:00Z",
    "label": "Grandmaster v9.3 (ladder freeze)"
  },
  "v80": {
    "id": "v9.4",
    "stamped": "2026-07-14T00:28:21Z",
    "label": "Grandmaster v9.4 (TWO_OMIN2 + residual multiTie)"
  },
  "v80Opts": {
    "difficulty": "grandmaster",
    "timeMs": 280,
    "iterations": 200,
    "maxSims": 480,
    "brTrials": 96,
    "bestResponse": true,
    "useSearch": true,
    "perfectInfo": true,
    "hiddenInfo": false,
    "maxBranch": 24,
    "dualSelf": false,
    "exactExploit": true,
    "mode": "auto",
    "combatRoot": false,
    "flRoot": false,
    "softSamples": 10,
    "exploit": true
  },
  "freezeOpts": {
    "difficulty": "grandmaster",
    "useSearch": true,
    "perfectInfo": true,
    "hiddenInfo": false,
    "timeMs": 120,
    "iterations": 80,
    "maxSims": 160,
    "bestResponse": false,
    "maxBranch": 16,
    "mode": "auto",
    "combatRoot": false,
    "flRoot": false,
    "dualSelf": false,
    "exactExploit": true,
    "softSamples": 0,
    "exploit": false
  },
  "opponentFreeze": "policies/v93-ai.js + policies/v93-search.js",
  "freezeTag": "v93",
  "seed0": 20260711,
  "checkpoints": [
    {
      "games": 10,
      "liveWins": 9,
      "liveWinRate": 0.9,
      "ci95": {
        "p": 0.9,
        "lo": 0.5958436145024277,
        "hi": 0.9821242504842789
      },
      "ms": 445017,
      "gps": 0.0224710516676891
    },
    {
      "games": 20,
      "liveWins": 18,
      "liveWinRate": 0.9,
      "ci95": {
        "p": 0.9,
        "lo": 0.6989617935882066,
        "hi": 0.9721341060158467
      },
      "ms": 582996,
      "gps": 0.0343055526967595
    },
    {
      "games": 30,
      "liveWins": 25,
      "liveWinRate": 0.8333333333333334,
      "ci95": {
        "p": 0.8333333333333334,
        "lo": 0.6643529481431982,
        "hi": 0.9266356575964831
      },
      "ms": 963675,
      "gps": 0.031130827301735546
    },
    {
      "games": 40,
      "liveWins": 34,
      "liveWinRate": 0.85,
      "ci95": {
        "p": 0.85,
        "lo": 0.7092737396097997,
        "hi": 0.9293890829149257
      },
      "ms": 1285667,
      "gps": 0.031112255350724566
    },
    {
      "games": 50,
      "liveWins": 40,
      "liveWinRate": 0.8,
      "ci95": {
        "p": 0.8,
        "lo": 0.6696262789551477,
        "hi": 0.8875637005402611
      },
      "ms": 1490262,
      "gps": 0.03355114738213818
    }
  ],
  "perGame": [
    {
      "g": 0,
      "seed": 20260711,
      "liveWin": true,
      "liveSeat": 1,
      "steps": 21,
      "ms": 32972
    },
    {
      "g": 1,
      "seed": 20270684,
      "liveWin": true,
      "liveSeat": 0,
      "steps": 15,
      "ms": 4413
    },
    {
      "g": 2,
      "seed": 20280657,
      "liveWin": true,
      "liveSeat": 1,
      "steps": 17,
      "ms": 37572
    },
    {
      "g": 3,
      "seed": 20290630,
      "liveWin": true,
      "liveSeat": 0,
      "steps": 17,
      "ms": 22530
    },
    {
      "g": 4,
      "seed": 20300603,
      "liveWin": true,
      "liveSeat": 1,
      "steps": 18,
      "ms": 78143
    },
    {
      "g": 5,
      "seed": 20310576,
      "liveWin": false,
      "liveSeat": 0,
      "steps": 16,
      "ms": 10564
    },
    {
      "g": 6,
      "seed": 20320549,
      "liveWin": true,
      "liveSeat": 1,
      "steps": 11,
      "ms": 130337
    },
    {
      "g": 7,
      "seed": 20330522,
      "liveWin": true,
      "liveSeat": 0,
      "steps": 21,
      "ms": 18986
    },
    {
      "g": 8,
      "seed": 20340495,
      "liveWin": true,
      "liveSeat": 1,
      "steps": 20,
      "ms": 53424
    },
    {
      "g": 9,
      "seed": 20350468,
      "liveWin": true,
      "liveSeat": 0,
      "steps": 19,
      "ms": 56073
    },
    {
      "g": 10,
      "seed": 20360441,
      "liveWin": true,
      "liveSeat": 1,
      "steps": 23,
      "ms": 32197
    },
    {
      "g": 11,
      "seed": 20370414,
      "liveWin": true,
      "liveSeat": 0,
      "steps": 16,
      "ms": 15096
    },
    {
      "g": 12,
      "seed": 20380387,
      "liveWin": false,
      "liveSeat": 1,
      "steps": 5,
      "ms": 4202
    },
    {
      "g": 13,
      "seed": 20390360,
      "liveWin": true,
      "liveSeat": 0,
      "steps": 17,
      "ms": 17799
    },
    {
      "g": 14,
      "seed": 20400333,
      "liveWin": true,
      "liveSeat": 1,
      "steps": 20,
      "ms": 20467
    },
    {
      "g": 15,
      "seed": 20410306,
      "liveWin": true,
      "liveSeat": 0,
      "steps": 22,
      "ms": 3634
    },
    {
      "g": 16,
      "seed": 20420279,
      "liveWin": true,
      "liveSeat": 1,
      "steps": 20,
      "ms": 23143
    },
    {
      "g": 17,
      "seed": 20430252,
      "liveWin": true,
      "liveSeat": 0,
      "steps": 7,
      "ms": 5448
    },
    {
      "g": 18,
      "seed": 20440225,
      "liveWin": true,
      "liveSeat": 1,
      "steps": 26,
      "ms": 14193
    },
    {
      "g": 19,
      "seed": 20450198,
      "liveWin": true,
      "liveSeat": 0,
      "steps": 12,
      "ms": 1798
    },
    {
      "g": 20,
      "seed": 20460171,
      "liveWin": true,
      "liveSeat": 1,
      "steps": 21,
      "ms": 18214
    },
    {
      "g": 21,
      "seed": 20470144,
      "liveWin": false,
      "liveSeat": 0,
      "steps": 17,
      "ms": 25461
    },
    {
      "g": 22,
      "seed": 20480117,
      "liveWin": true,
      "liveSeat": 1,
      "steps": 21,
      "ms": 24992
    },
    {
      "g": 23,
      "seed": 20490090,
      "liveWin": true,
      "liveSeat": 0,
      "steps": 22,
      "ms": 69040
    },
    {
      "g": 24,
      "seed": 20500063,
      "liveWin": true,
      "liveSeat": 1,
      "steps": 22,
      "ms": 40543
    },
    {
      "g": 25,
      "seed": 20510036,
      "liveWin": true,
      "liveSeat": 0,
      "steps": 20,
      "ms": 56226
    },
    {
      "g": 26,
      "seed": 20520009,
      "liveWin": true,
      "liveSeat": 1,
      "steps": 22,
      "ms": 55325
    },
    {
      "g": 27,
      "seed": 20529982,
      "liveWin": true,
      "liveSeat": 0,
      "steps": 16,
      "ms": 18972
    },
    {
      "g": 28,
      "seed": 20539955,
      "liveWin": false,
      "liveSeat": 1,
      "steps": 20,
      "ms": 33446
    },
    {
      "g": 29,
      "seed": 20549928,
      "liveWin": false,
      "liveSeat": 0,
      "steps": 16,
      "ms": 38457
    },
    {
      "g": 30,
      "seed": 20559901,
      "liveWin": true,
      "liveSeat": 1,
      "steps": 21,
      "ms": 70211
    },
    {
      "g": 31,
      "seed": 20569874,
      "liveWin": true,
      "liveSeat": 0,
      "steps": 11,
      "ms": 10846
    },
    {
      "g": 32,
      "seed": 20579847,
      "liveWin": true,
      "liveSeat": 1,
      "steps": 8,
      "ms": 64830
    },
    {
      "g": 33,
      "seed": 20589820,
      "liveWin": true,
      "liveSeat": 0,
      "steps": 19,
      "ms": 20871
    },
    {
      "g": 34,
      "seed": 20599793,
      "liveWin": true,
      "liveSeat": 1,
      "steps": 19,
      "ms": 43824
    },
    {
      "g": 35,
      "seed": 20609766,
      "liveWin": false,
      "liveSeat": 0,
      "steps": 15,
      "ms": 15069
    },
    {
      "g": 36,
      "seed": 20619739,
      "liveWin": true,
      "liveSeat": 1,
      "steps": 18,
      "ms": 10304
    },
    {
      "g": 37,
      "seed": 20629712,
      "liveWin": true,
      "liveSeat": 0,
      "steps": 20,
      "ms": 9717
    },
    {
      "g": 38,
      "seed": 20639685,
      "liveWin": true,
      "liveSeat": 1,
      "steps": 14,
      "ms": 63637
    },
    {
      "g": 39,
      "seed": 20649658,
      "liveWin": true,
      "liveSeat": 0,
      "steps": 15,
      "ms": 12682
    },
    {
      "g": 40,
      "seed": 20659631,
      "liveWin": false,
      "liveSeat": 1,
      "steps": 18,
      "ms": 17486
    },
    {
      "g": 41,
      "seed": 20669604,
      "liveWin": false,
      "liveSeat": 0,
      "steps": 16,
      "ms": 35091
    },
    {
      "g": 42,
      "seed": 20679577,
      "liveWin": true,
      "liveSeat": 1,
      "steps": 14,
      "ms": 7079
    },
    {
      "g": 43,
      "seed": 20689550,
      "liveWin": false,
      "liveSeat": 0,
      "steps": 22,
      "ms": 52950
    },
    {
      "g": 44,
      "seed": 20699523,
      "liveWin": true,
      "liveSeat": 1,
      "steps": 12,
      "ms": 1774
    },
    {
      "g": 45,
      "seed": 20709496,
      "liveWin": false,
      "liveSeat": 0,
      "steps": 18,
      "ms": 42363
    },
    {
      "g": 46,
      "seed": 20719469,
      "liveWin": true,
      "liveSeat": 1,
      "steps": 19,
      "ms": 7637
    },
    {
      "g": 47,
      "seed": 20729442,
      "liveWin": true,
      "liveSeat": 0,
      "steps": 11,
      "ms": 5291
    },
    {
      "g": 48,
      "seed": 20739415,
      "liveWin": true,
      "liveSeat": 1,
      "steps": 23,
      "ms": 23275
    },
    {
      "g": 49,
      "seed": 20749388,
      "liveWin": true,
      "liveSeat": 0,
      "steps": 24,
      "ms": 11645
    }
  ],
  "lossSeeds": [
    20310576,
    20380387,
    20470144,
    20539955,
    20549928,
    20609766,
    20659631,
    20669604,
    20689550,
    20709496
  ]
}
GATE PASSED
PRIMARY 40/50 0.8 true
=== RERUN 01:02Z ===
=== live vs freeze v93 games=50 target=0.7 ===
live build { id: 'v9.4',
  stamped: '2026-07-14T00:28:21Z',
  label: 'Grandmaster v9.4 (TWO_OMIN2 + residual multiTie)' }
freeze build { id: 'v9.3',
  stamped: '2026-07-14T00:27:00Z',
  label: 'Grandmaster v9.3 (ladder freeze)' }
live opts { difficulty: 'grandmaster',
  timeMs: 280,
  iterations: 200,
  maxSims: 480,
  brTrials: 96,
  bestResponse: true,
  useSearch: true,
  perfectInfo: true,
  hiddenInfo: false,
  maxBranch: 24,
  dualSelf: false,
  exactExploit: true,
  mode: 'auto',
  combatRoot: false,
  flRoot: false,
  softSamples: 10,
  exploit: true }
freeze opts { difficulty: 'grandmaster',
  useSearch: true,
  perfectInfo: true,
  hiddenInfo: false,
  timeMs: 120,
  iterations: 80,
  maxSims: 160,
  bestResponse: false,
  maxBranch: 16,
  mode: 'auto',
  combatRoot: false,
  flRoot: false,
  dualSelf: false,
  exactExploit: true,
  softSamples: 0,
  exploit: false }
opponentFreeze policies/v93-ai.js + search
protocol { freezeDifficulty: 'grandmaster',
  liveDifficulty: 'grandmaster',
  brModel: 'freeze-grandmaster-low-budget-40ms-20it' }
{"g":0,"seed":20260712,"liveWin":true,"liveSeat":0,"steps":16,"ms":8838}
{"g":1,"seed":20270685,"liveWin":false,"liveSeat":1,"steps":13,"ms":6884}
{"g":2,"seed":20280658,"liveWin":true,"liveSeat":0,"steps":17,"ms":27407}
{"g":3,"seed":20290631,"liveWin":true,"liveSeat":1,"steps":18,"ms":16792}
{"g":4,"seed":20300604,"liveWin":true,"liveSeat":0,"steps":16,"ms":17564}
{"g":5,"seed":20310577,"liveWin":false,"liveSeat":1,"steps":18,"ms":27346}
{"g":6,"seed":20320550,"liveWin":true,"liveSeat":0,"steps":18,"ms":57905}
{"g":7,"seed":20330523,"liveWin":true,"liveSeat":1,"steps":20,"ms":39848}
{"g":8,"seed":20340496,"liveWin":true,"liveSeat":0,"steps":13,"ms":22997}
{"slowGame":9,"seed":20350469,"ms":143553,"win":true}
{"g":9,"seed":20350469,"liveWin":true,"liveSeat":1,"steps":22,"ms":143553}
{"games":10,"liveWins":8,"liveWinRate":0.8,"ci95":{"p":0.8,"lo":0.49015684672072346,"hi":0.9433190520193067},"ms":369137,"gps":0.027090213118706605}
{"g":10,"seed":20360442,"liveWin":false,"liveSeat":0,"steps":17,"ms":15093}
{"g":11,"seed":20370415,"liveWin":true,"liveSeat":1,"steps":23,"ms":9503}
{"g":12,"seed":20380388,"liveWin":true,"liveSeat":0,"steps":18,"ms":8502}
{"slowGame":13,"seed":20390361,"ms":170266,"win":true}
{"g":13,"seed":20390361,"liveWin":true,"liveSeat":1,"steps":24,"ms":170266}
{"slowGame":14,"seed":20400334,"ms":135401,"win":true}
{"g":14,"seed":20400334,"liveWin":true,"liveSeat":0,"steps":18,"ms":135401}
{"g":15,"seed":20410307,"liveWin":true,"liveSeat":1,"steps":10,"ms":31781}
{"g":16,"seed":20420280,"liveWin":true,"liveSeat":0,"steps":18,"ms":11172}
{"g":17,"seed":20430253,"liveWin":true,"liveSeat":1,"steps":23,"ms":6532}
{"g":18,"seed":20440226,"liveWin":true,"liveSeat":0,"steps":17,"ms":18691}
{"g":19,"seed":20450199,"liveWin":true,"liveSeat":1,"steps":24,"ms":6976}
{"games":20,"liveWins":17,"liveWinRate":0.85,"ci95":{"p":0.85,"lo":0.6395767041130426,"hi":0.9476322080405041},"ms":783056,"gps":0.025540957479413987}
{"g":20,"seed":20460172,"liveWin":true,"liveSeat":0,"steps":15,"ms":6610}
{"g":21,"seed":20470145,"liveWin":true,"liveSeat":1,"steps":22,"ms":38745}
{"g":22,"seed":20480118,"liveWin":false,"liveSeat":0,"steps":9,"ms":2599}
{"g":23,"seed":20490091,"liveWin":true,"liveSeat":1,"steps":24,"ms":15380}
{"g":24,"seed":20500064,"liveWin":true,"liveSeat":0,"steps":17,"ms":8623}
{"slowGame":25,"seed":20510037,"ms":71541,"win":false}
{"g":25,"seed":20510037,"liveWin":false,"liveSeat":1,"steps":22,"ms":71541}
{"g":26,"seed":20520010,"liveWin":false,"liveSeat":0,"steps":14,"ms":4485}
{"slowGame":27,"seed":20529983,"ms":146553,"win":true}
{"g":27,"seed":20529983,"liveWin":true,"liveSeat":1,"steps":20,"ms":146553}
{"slowGame":28,"seed":20539956,"ms":74276,"win":true}
{"g":28,"seed":20539956,"liveWin":true,"liveSeat":0,"steps":15,"ms":74276}
{"g":29,"seed":20549929,"liveWin":true,"liveSeat":1,"steps":23,"ms":10273}
{"games":30,"liveWins":24,"liveWinRate":0.8,"ci95":{"p":0.8,"lo":0.6269395261897257,"hi":0.9049502189759876},"ms":1162142,"gps":0.025814401338218565}
{"slowGame":30,"seed":20559902,"ms":234882,"win":true}
{"g":30,"seed":20559902,"liveWin":true,"liveSeat":0,"steps":21,"ms":234882}
{"g":31,"seed":20569875,"liveWin":false,"liveSeat":1,"steps":12,"ms":29396}
{"g":32,"seed":20579848,"liveWin":true,"liveSeat":0,"steps":18,"ms":18239}
{"g":33,"seed":20589821,"liveWin":true,"liveSeat":1,"steps":16,"ms":3244}
{"g":34,"seed":20599794,"liveWin":true,"liveSeat":0,"steps":15,"ms":30120}
{"g":35,"seed":20609767,"liveWin":true,"liveSeat":1,"steps":12,"ms":3313}
{"g":36,"seed":20619740,"liveWin":true,"liveSeat":0,"steps":12,"ms":21104}
{"slowGame":37,"seed":20629713,"ms":229468,"win":true}
{"g":37,"seed":20629713,"liveWin":true,"liveSeat":1,"steps":25,"ms":229468}
{"slowGame":38,"seed":20639686,"ms":62133,"win":true}
{"g":38,"seed":20639686,"liveWin":true,"liveSeat":0,"steps":22,"ms":62133}
{"g":39,"seed":20649659,"liveWin":true,"liveSeat":1,"steps":11,"ms":54611}
{"games":40,"liveWins":33,"liveWinRate":0.825,"ci95":{"p":0.825,"lo":0.6804970794560756,"hi":0.9125469700311694},"ms":1848654,"gps":0.021637364266109287}
{"g":40,"seed":20659632,"liveWin":false,"liveSeat":0,"steps":21,"ms":29646}
{"g":41,"seed":20669605,"liveWin":true,"liveSeat":1,"steps":24,"ms":19774}
{"g":42,"seed":20679578,"liveWin":true,"liveSeat":0,"steps":15,"ms":12323}
{"g":43,"seed":20689551,"liveWin":true,"liveSeat":1,"steps":21,"ms":47709}
{"g":44,"seed":20699524,"liveWin":true,"liveSeat":0,"steps":18,"ms":4717}
{"g":45,"seed":20709497,"liveWin":true,"liveSeat":1,"steps":17,"ms":3606}
{"g":46,"seed":20719470,"liveWin":true,"liveSeat":0,"steps":18,"ms":11708}
{"slowGame":47,"seed":20729443,"ms":97897,"win":true}
{"g":47,"seed":20729443,"liveWin":true,"liveSeat":1,"steps":21,"ms":97897}
{"slowGame":48,"seed":20739416,"ms":70152,"win":true}
{"g":48,"seed":20739416,"liveWin":true,"liveSeat":0,"steps":20,"ms":70152}
{"slowGame":49,"seed":20749389,"ms":96960,"win":true}
{"g":49,"seed":20749389,"liveWin":true,"liveSeat":1,"steps":22,"ms":96960}
{"games":50,"liveWins":42,"liveWinRate":0.84,"ci95":{"p":0.84,"lo":0.7148551903823401,"hi":0.9166267863791231},"ms":2243148,"gps":0.0222901030159401}
=== FINAL ===
{
  "mode": "2p-h2h-single-deal-continuous",
  "protocol": "grandmaster-vs-grandmaster",
  "games": 50,
  "liveWins": 42,
  "freezeWins": 8,
  "liveWinRate": 0.84,
  "v80Wins": 42,
  "v80WinRate": 0.84,
  "ci95": {
    "p": 0.84,
    "lo": 0.7148551903823401,
    "hi": 0.9166267863791231
  },
  "target": 0.7,
  "passed": true,
  "ms": 2243148,
  "live": {
    "id": "v9.4",
    "stamped": "2026-07-14T00:28:21Z",
    "label": "Grandmaster v9.4 (TWO_OMIN2 + residual multiTie)"
  },
  "freeze": {
    "id": "v9.3",
    "stamped": "2026-07-14T00:27:00Z",
    "label": "Grandmaster v9.3 (ladder freeze)"
  },
  "v80": {
    "id": "v9.4",
    "stamped": "2026-07-14T00:28:21Z",
    "label": "Grandmaster v9.4 (TWO_OMIN2 + residual multiTie)"
  },
  "v80Opts": {
    "difficulty": "grandmaster",
    "timeMs": 280,
    "iterations": 200,
    "maxSims": 480,
    "brTrials": 96,
    "bestResponse": true,
    "useSearch": true,
    "perfectInfo": true,
    "hiddenInfo": false,
    "maxBranch": 24,
    "dualSelf": false,
    "exactExploit": true,
    "mode": "auto",
    "combatRoot": false,
    "flRoot": false,
    "softSamples": 10,
    "exploit": true
  },
  "freezeOpts": {
    "difficulty": "grandmaster",
    "useSearch": true,
    "perfectInfo": true,
    "hiddenInfo": false,
    "timeMs": 120,
    "iterations": 80,
    "maxSims": 160,
    "bestResponse": false,
    "maxBranch": 16,
    "mode": "auto",
    "combatRoot": false,
    "flRoot": false,
    "dualSelf": false,
    "exactExploit": true,
    "softSamples": 0,
    "exploit": false
  },
  "opponentFreeze": "policies/v93-ai.js + policies/v93-search.js",
  "freezeTag": "v93",
  "seed0": 20260712,
  "checkpoints": [
    {
      "games": 10,
      "liveWins": 8,
      "liveWinRate": 0.8,
      "ci95": {
        "p": 0.8,
        "lo": 0.49015684672072346,
        "hi": 0.9433190520193067
      },
      "ms": 369137,
      "gps": 0.027090213118706605
    },
    {
      "games": 20,
      "liveWins": 17,
      "liveWinRate": 0.85,
      "ci95": {
        "p": 0.85,
        "lo": 0.6395767041130426,
        "hi": 0.9476322080405041
      },
      "ms": 783056,
      "gps": 0.025540957479413987
    },
    {
      "games": 30,
      "liveWins": 24,
      "liveWinRate": 0.8,
      "ci95": {
        "p": 0.8,
        "lo": 0.6269395261897257,
        "hi": 0.9049502189759876
      },
      "ms": 1162142,
      "gps": 0.025814401338218565
    },
    {
      "games": 40,
      "liveWins": 33,
      "liveWinRate": 0.825,
      "ci95": {
        "p": 0.825,
        "lo": 0.6804970794560756,
        "hi": 0.9125469700311694
      },
      "ms": 1848654,
      "gps": 0.021637364266109287
    },
    {
      "games": 50,
      "liveWins": 42,
      "liveWinRate": 0.84,
      "ci95": {
        "p": 0.84,
        "lo": 0.7148551903823401,
        "hi": 0.9166267863791231
      },
      "ms": 2243148,
      "gps": 0.0222901030159401
    }
  ],
  "perGame": [
    {
      "g": 0,
      "seed": 20260712,
      "liveWin": true,
      "liveSeat": 0,
      "steps": 16,
      "ms": 8838
    },
    {
      "g": 1,
      "seed": 20270685,
      "liveWin": false,
      "liveSeat": 1,
      "steps": 13,
      "ms": 6884
    },
    {
      "g": 2,
      "seed": 20280658,
      "liveWin": true,
      "liveSeat": 0,
      "steps": 17,
      "ms": 27407
    },
    {
      "g": 3,
      "seed": 20290631,
      "liveWin": true,
      "liveSeat": 1,
      "steps": 18,
      "ms": 16792
    },
    {
      "g": 4,
      "seed": 20300604,
      "liveWin": true,
      "liveSeat": 0,
      "steps": 16,
      "ms": 17564
    },
    {
      "g": 5,
      "seed": 20310577,
      "liveWin": false,
      "liveSeat": 1,
      "steps": 18,
      "ms": 27346
    },
    {
      "g": 6,
      "seed": 20320550,
      "liveWin": true,
      "liveSeat": 0,
      "steps": 18,
      "ms": 57905
    },
    {
      "g": 7,
      "seed": 20330523,
      "liveWin": true,
      "liveSeat": 1,
      "steps": 20,
      "ms": 39848
    },
    {
      "g": 8,
      "seed": 20340496,
      "liveWin": true,
      "liveSeat": 0,
      "steps": 13,
      "ms": 22997
    },
    {
      "g": 9,
      "seed": 20350469,
      "liveWin": true,
      "liveSeat": 1,
      "steps": 22,
      "ms": 143553
    },
    {
      "g": 10,
      "seed": 20360442,
      "liveWin": false,
      "liveSeat": 0,
      "steps": 17,
      "ms": 15093
    },
    {
      "g": 11,
      "seed": 20370415,
      "liveWin": true,
      "liveSeat": 1,
      "steps": 23,
      "ms": 9503
    },
    {
      "g": 12,
      "seed": 20380388,
      "liveWin": true,
      "liveSeat": 0,
      "steps": 18,
      "ms": 8502
    },
    {
      "g": 13,
      "seed": 20390361,
      "liveWin": true,
      "liveSeat": 1,
      "steps": 24,
      "ms": 170266
    },
    {
      "g": 14,
      "seed": 20400334,
      "liveWin": true,
      "liveSeat": 0,
      "steps": 18,
      "ms": 135401
    },
    {
      "g": 15,
      "seed": 20410307,
      "liveWin": true,
      "liveSeat": 1,
      "steps": 10,
      "ms": 31781
    },
    {
      "g": 16,
      "seed": 20420280,
      "liveWin": true,
      "liveSeat": 0,
      "steps": 18,
      "ms": 11172
    },
    {
      "g": 17,
      "seed": 20430253,
      "liveWin": true,
      "liveSeat": 1,
      "steps": 23,
      "ms": 6532
    },
    {
      "g": 18,
      "seed": 20440226,
      "liveWin": true,
      "liveSeat": 0,
      "steps": 17,
      "ms": 18691
    },
    {
      "g": 19,
      "seed": 20450199,
      "liveWin": true,
      "liveSeat": 1,
      "steps": 24,
      "ms": 6976
    },
    {
      "g": 20,
      "seed": 20460172,
      "liveWin": true,
      "liveSeat": 0,
      "steps": 15,
      "ms": 6610
    },
    {
      "g": 21,
      "seed": 20470145,
      "liveWin": true,
      "liveSeat": 1,
      "steps": 22,
      "ms": 38745
    },
    {
      "g": 22,
      "seed": 20480118,
      "liveWin": false,
      "liveSeat": 0,
      "steps": 9,
      "ms": 2599
    },
    {
      "g": 23,
      "seed": 20490091,
      "liveWin": true,
      "liveSeat": 1,
      "steps": 24,
      "ms": 15380
    },
    {
      "g": 24,
      "seed": 20500064,
      "liveWin": true,
      "liveSeat": 0,
      "steps": 17,
      "ms": 8623
    },
    {
      "g": 25,
      "seed": 20510037,
      "liveWin": false,
      "liveSeat": 1,
      "steps": 22,
      "ms": 71541
    },
    {
      "g": 26,
      "seed": 20520010,
      "liveWin": false,
      "liveSeat": 0,
      "steps": 14,
      "ms": 4485
    },
    {
      "g": 27,
      "seed": 20529983,
      "liveWin": true,
      "liveSeat": 1,
      "steps": 20,
      "ms": 146553
    },
    {
      "g": 28,
      "seed": 20539956,
      "liveWin": true,
      "liveSeat": 0,
      "steps": 15,
      "ms": 74276
    },
    {
      "g": 29,
      "seed": 20549929,
      "liveWin": true,
      "liveSeat": 1,
      "steps": 23,
      "ms": 10273
    },
    {
      "g": 30,
      "seed": 20559902,
      "liveWin": true,
      "liveSeat": 0,
      "steps": 21,
      "ms": 234882
    },
    {
      "g": 31,
      "seed": 20569875,
      "liveWin": false,
      "liveSeat": 1,
      "steps": 12,
      "ms": 29396
    },
    {
      "g": 32,
      "seed": 20579848,
      "liveWin": true,
      "liveSeat": 0,
      "steps": 18,
      "ms": 18239
    },
    {
      "g": 33,
      "seed": 20589821,
      "liveWin": true,
      "liveSeat": 1,
      "steps": 16,
      "ms": 3244
    },
    {
      "g": 34,
      "seed": 20599794,
      "liveWin": true,
      "liveSeat": 0,
      "steps": 15,
      "ms": 30120
    },
    {
      "g": 35,
      "seed": 20609767,
      "liveWin": true,
      "liveSeat": 1,
      "steps": 12,
      "ms": 3313
    },
    {
      "g": 36,
      "seed": 20619740,
      "liveWin": true,
      "liveSeat": 0,
      "steps": 12,
      "ms": 21104
    },
    {
      "g": 37,
      "seed": 20629713,
      "liveWin": true,
      "liveSeat": 1,
      "steps": 25,
      "ms": 229468
    },
    {
      "g": 38,
      "seed": 20639686,
      "liveWin": true,
      "liveSeat": 0,
      "steps": 22,
      "ms": 62133
    },
    {
      "g": 39,
      "seed": 20649659,
      "liveWin": true,
      "liveSeat": 1,
      "steps": 11,
      "ms": 54611
    },
    {
      "g": 40,
      "seed": 20659632,
      "liveWin": false,
      "liveSeat": 0,
      "steps": 21,
      "ms": 29646
    },
    {
      "g": 41,
      "seed": 20669605,
      "liveWin": true,
      "liveSeat": 1,
      "steps": 24,
      "ms": 19774
    },
    {
      "g": 42,
      "seed": 20679578,
      "liveWin": true,
      "liveSeat": 0,
      "steps": 15,
      "ms": 12323
    },
    {
      "g": 43,
      "seed": 20689551,
      "liveWin": true,
      "liveSeat": 1,
      "steps": 21,
      "ms": 47709
    },
    {
      "g": 44,
      "seed": 20699524,
      "liveWin": true,
      "liveSeat": 0,
      "steps": 18,
      "ms": 4717
    },
    {
      "g": 45,
      "seed": 20709497,
      "liveWin": true,
      "liveSeat": 1,
      "steps": 17,
      "ms": 3606
    },
    {
      "g": 46,
      "seed": 20719470,
      "liveWin": true,
      "liveSeat": 0,
      "steps": 18,
      "ms": 11708
    },
    {
      "g": 47,
      "seed": 20729443,
      "liveWin": true,
      "liveSeat": 1,
      "steps": 21,
      "ms": 97897
    },
    {
      "g": 48,
      "seed": 20739416,
      "liveWin": true,
      "liveSeat": 0,
      "steps": 20,
      "ms": 70152
    },
    {
      "g": 49,
      "seed": 20749389,
      "liveWin": true,
      "liveSeat": 1,
      "steps": 22,
      "ms": 96960
    }
  ],
  "lossSeeds": [
    20270685,
    20310577,
    20360442,
    20480118,
    20510037,
    20520010,
    20569875,
    20659632
  ]
}
GATE PASSED
RERUN 42/50 0.84 true
