=== live vs freeze v94 games=50 target=0.7 ===
live build { id: 'v9.5',
  stamped: '2026-07-14T01:42:21Z',
  label: 'Grandmaster v9.5 (combat BR denser + multi-chain)' }
freeze build { id: 'v9.4',
  stamped: '2026-07-14T01:40:33Z',
  label: 'Grandmaster v9.4 (ladder freeze)' }
live opts { difficulty: 'grandmaster',
  timeMs: 280,
  iterations: 200,
  maxSims: 480,
  brTrials: 96,
  bestResponse: true,
  useSearch: true,
  perfectInfo: true,
  hiddenInfo: false,
  maxBranch: 24,
  dualSelf: false,
  exactExploit: true,
  mode: 'auto',
  combatRoot: false,
  flRoot: false,
  softSamples: 10,
  exploit: true }
freeze opts { difficulty: 'grandmaster',
  useSearch: true,
  perfectInfo: true,
  hiddenInfo: false,
  timeMs: 120,
  iterations: 80,
  maxSims: 160,
  bestResponse: false,
  maxBranch: 16,
  mode: 'auto',
  combatRoot: false,
  flRoot: false,
  dualSelf: false,
  exactExploit: true,
  softSamples: 0,
  exploit: false }
opponentFreeze policies/v94-ai.js + search
protocol { freezeDifficulty: 'grandmaster',
  liveDifficulty: 'grandmaster',
  brModel: 'freeze-grandmaster-low-budget-40ms-20it' }
{"g":0,"seed":20260712,"liveWin":true,"liveSeat":0,"steps":16,"ms":8909}
{"g":1,"seed":20270685,"liveWin":false,"liveSeat":1,"steps":13,"ms":6874}
{"g":2,"seed":20280658,"liveWin":true,"liveSeat":0,"steps":17,"ms":27262}
{"g":3,"seed":20290631,"liveWin":true,"liveSeat":1,"steps":18,"ms":16818}
{"g":4,"seed":20300604,"liveWin":true,"liveSeat":0,"steps":16,"ms":17251}
{"g":5,"seed":20310577,"liveWin":false,"liveSeat":1,"steps":18,"ms":26996}
{"g":6,"seed":20320550,"liveWin":true,"liveSeat":0,"steps":18,"ms":58486}
