=== PRIMARY 01:42Z ===
=== live vs freeze v94 games=50 target=0.7 ===
live build { id: 'v9.5',
  stamped: '2026-07-14T01:42:21Z',
  label: 'Grandmaster v9.5 (combat BR denser + multi-chain)' }
freeze build { id: 'v9.4',
  stamped: '2026-07-14T01:40:33Z',
  label: 'Grandmaster v9.4 (ladder freeze)' }
live opts { difficulty: 'grandmaster',
  timeMs: 280,
  iterations: 200,
  maxSims: 480,
  brTrials: 96,
  bestResponse: true,
  useSearch: true,
  perfectInfo: true,
  hiddenInfo: false,
  maxBranch: 24,
  dualSelf: false,
  exactExploit: true,
  mode: 'auto',
  combatRoot: false,
  flRoot: false,
  softSamples: 10,
  exploit: true }
freeze opts { difficulty: 'grandmaster',
  useSearch: true,
  perfectInfo: true,
  hiddenInfo: false,
  timeMs: 120,
  iterations: 80,
  maxSims: 160,
  bestResponse: false,
  maxBranch: 16,
  mode: 'auto',
  combatRoot: false,
  flRoot: false,
  dualSelf: false,
  exactExploit: true,
  softSamples: 0,
  exploit: false }
opponentFreeze policies/v94-ai.js + search
protocol { freezeDifficulty: 'grandmaster',
  liveDifficulty: 'grandmaster',
  brModel: 'freeze-grandmaster-low-budget-40ms-20it' }
{"g":0,"seed":20260711,"liveWin":true,"liveSeat":1,"steps":21,"ms":32306}
{"g":1,"seed":20270684,"liveWin":true,"liveSeat":0,"steps":15,"ms":4383}
{"g":2,"seed":20280657,"liveWin":true,"liveSeat":1,"steps":17,"ms":37190}
{"g":3,"seed":20290630,"liveWin":true,"liveSeat":0,"steps":17,"ms":22142}
{"slowGame":4,"seed":20300603,"ms":78044,"win":true}
{"g":4,"seed":20300603,"liveWin":true,"liveSeat":1,"steps":18,"ms":78044}
{"g":5,"seed":20310576,"liveWin":false,"liveSeat":0,"steps":16,"ms":10286}
{"slowGame":6,"seed":20320549,"ms":127669,"win":true}
{"g":6,"seed":20320549,"liveWin":true,"liveSeat":1,"steps":11,"ms":127669}
{"g":7,"seed":20330522,"liveWin":true,"liveSeat":0,"steps":21,"ms":18552}
{"g":8,"seed":20340495,"liveWin":true,"liveSeat":1,"steps":20,"ms":52824}
{"g":9,"seed":20350468,"liveWin":true,"liveSeat":0,"steps":19,"ms":54680}
{"games":10,"liveWins":9,"liveWinRate":0.9,"ci95":{"p":0.9,"lo":0.5958436145024277,"hi":0.9821242504842789},"ms":438080,"gps":0.022826880934989045}
{"g":10,"seed":20360441,"liveWin":true,"liveSeat":1,"steps":23,"ms":33644}
{"g":11,"seed":20370414,"liveWin":true,"liveSeat":0,"steps":16,"ms":15136}
{"g":12,"seed":20380387,"liveWin":false,"liveSeat":1,"steps":5,"ms":4184}
{"g":13,"seed":20390360,"liveWin":true,"liveSeat":0,"steps":17,"ms":17640}
{"g":14,"seed":20400333,"liveWin":true,"liveSeat":1,"steps":20,"ms":19906}
{"g":15,"seed":20410306,"liveWin":true,"liveSeat":0,"steps":22,"ms":3629}
{"g":16,"seed":20420279,"liveWin":true,"liveSeat":1,"steps":20,"ms":22844}
{"g":17,"seed":20430252,"liveWin":true,"liveSeat":0,"steps":7,"ms":5395}
{"g":18,"seed":20440225,"liveWin":true,"liveSeat":1,"steps":26,"ms":13904}
{"g":19,"seed":20450198,"liveWin":true,"liveSeat":0,"steps":12,"ms":1722}
{"games":20,"liveWins":18,"liveWinRate":0.9,"ci95":{"p":0.9,"lo":0.6989617935882066,"hi":0.9721341060158467},"ms":576084,"gps":0.034717159303157184}
{"g":20,"seed":20460171,"liveWin":true,"liveSeat":1,"steps":21,"ms":17583}
{"g":21,"seed":20470144,"liveWin":false,"liveSeat":0,"steps":17,"ms":25070}
{"g":22,"seed":20480117,"liveWin":true,"liveSeat":1,"steps":21,"ms":24779}
{"slowGame":23,"seed":20490090,"ms":68393,"win":true}
{"g":23,"seed":20490090,"liveWin":true,"liveSeat":0,"steps":22,"ms":68393}
{"g":24,"seed":20500063,"liveWin":true,"liveSeat":1,"steps":22,"ms":40061}
{"g":25,"seed":20510036,"liveWin":true,"liveSeat":0,"steps":22,"ms":56987}
{"g":26,"seed":20520009,"liveWin":true,"liveSeat":1,"steps":22,"ms":55165}
{"g":27,"seed":20529982,"liveWin":true,"liveSeat":0,"steps":16,"ms":18910}
{"g":28,"seed":20539955,"liveWin":false,"liveSeat":1,"steps":20,"ms":33239}
{"g":29,"seed":20549928,"liveWin":false,"liveSeat":0,"steps":16,"ms":37140}
{"games":30,"liveWins":25,"liveWinRate":0.8333333333333334,"ci95":{"p":0.8333333333333334,"lo":0.6643529481431982,"hi":0.9266356575964831},"ms":953412,"gps":0.03146593497879196}
{"slowGame":30,"seed":20559901,"ms":68675,"win":true}
{"g":30,"seed":20559901,"liveWin":true,"liveSeat":1,"steps":21,"ms":68675}
{"g":31,"seed":20569874,"liveWin":true,"liveSeat":0,"steps":11,"ms":10712}
{"slowGame":32,"seed":20579847,"ms":63508,"win":true}
{"g":32,"seed":20579847,"liveWin":true,"liveSeat":1,"steps":8,"ms":63508}
{"g":33,"seed":20589820,"liveWin":true,"liveSeat":0,"steps":19,"ms":20636}
{"g":34,"seed":20599793,"liveWin":true,"liveSeat":1,"steps":19,"ms":43277}
{"g":35,"seed":20609766,"liveWin":false,"liveSeat":0,"steps":15,"ms":14954}
{"g":36,"seed":20619739,"liveWin":true,"liveSeat":1,"steps":18,"ms":10081}
{"g":37,"seed":20629712,"liveWin":true,"liveSeat":0,"steps":20,"ms":9546}
{"slowGame":38,"seed":20639685,"ms":62786,"win":true}
{"g":38,"seed":20639685,"liveWin":true,"liveSeat":1,"steps":14,"ms":62786}
{"g":39,"seed":20649658,"liveWin":true,"liveSeat":0,"steps":15,"ms":12434}
{"games":40,"liveWins":34,"liveWinRate":0.85,"ci95":{"p":0.85,"lo":0.7092737396097997,"hi":0.9293890829149257},"ms":1270024,"gps":0.03149544300309049}
{"g":40,"seed":20659631,"liveWin":false,"liveSeat":1,"steps":18,"ms":17446}
{"g":41,"seed":20669604,"liveWin":false,"liveSeat":0,"steps":16,"ms":34735}
{"g":42,"seed":20679577,"liveWin":true,"liveSeat":1,"steps":14,"ms":6923}
{"g":43,"seed":20689550,"liveWin":false,"liveSeat":0,"steps":22,"ms":52106}
{"g":44,"seed":20699523,"liveWin":true,"liveSeat":1,"steps":12,"ms":1760}
{"g":45,"seed":20709496,"liveWin":false,"liveSeat":0,"steps":18,"ms":42618}
{"g":46,"seed":20719469,"liveWin":true,"liveSeat":1,"steps":19,"ms":7662}
{"g":47,"seed":20729442,"liveWin":true,"liveSeat":0,"steps":11,"ms":5300}
{"g":48,"seed":20739415,"liveWin":true,"liveSeat":1,"steps":23,"ms":23168}
{"g":49,"seed":20749388,"liveWin":true,"liveSeat":0,"steps":24,"ms":11528}
{"games":50,"liveWins":40,"liveWinRate":0.8,"ci95":{"p":0.8,"lo":0.6696262789551477,"hi":0.8875637005402611},"ms":1473276,"gps":0.033937972246883816}
=== FINAL ===
{
  "mode": "2p-h2h-single-deal-continuous",
  "protocol": "grandmaster-vs-grandmaster",
  "games": 50,
  "liveWins": 40,
  "freezeWins": 10,
  "liveWinRate": 0.8,
  "v80Wins": 40,
  "v80WinRate": 0.8,
  "ci95": {
    "p": 0.8,
    "lo": 0.6696262789551477,
    "hi": 0.8875637005402611
  },
  "target": 0.7,
  "passed": true,
  "ms": 1473276,
  "live": {
    "id": "v9.5",
    "stamped": "2026-07-14T01:42:21Z",
    "label": "Grandmaster v9.5 (combat BR denser + multi-chain)"
  },
  "freeze": {
    "id": "v9.4",
    "stamped": "2026-07-14T01:40:33Z",
    "label": "Grandmaster v9.4 (ladder freeze)"
  },
  "v80": {
    "id": "v9.5",
    "stamped": "2026-07-14T01:42:21Z",
    "label": "Grandmaster v9.5 (combat BR denser + multi-chain)"
  },
  "v80Opts": {
    "difficulty": "grandmaster",
    "timeMs": 280,
    "iterations": 200,
    "maxSims": 480,
    "brTrials": 96,
    "bestResponse": true,
    "useSearch": true,
    "perfectInfo": true,
    "hiddenInfo": false,
    "maxBranch": 24,
    "dualSelf": false,
    "exactExploit": true,
    "mode": "auto",
    "combatRoot": false,
    "flRoot": false,
    "softSamples": 10,
    "exploit": true
  },
  "freezeOpts": {
    "difficulty": "grandmaster",
    "useSearch": true,
    "perfectInfo": true,
    "hiddenInfo": false,
    "timeMs": 120,
    "iterations": 80,
    "maxSims": 160,
    "bestResponse": false,
    "maxBranch": 16,
    "mode": "auto",
    "combatRoot": false,
    "flRoot": false,
    "dualSelf": false,
    "exactExploit": true,
    "softSamples": 0,
    "exploit": false
  },
  "opponentFreeze": "policies/v94-ai.js + policies/v94-search.js",
  "freezeTag": "v94",
  "seed0": 20260711,
  "checkpoints": [
    {
      "games": 10,
      "liveWins": 9,
      "liveWinRate": 0.9,
      "ci95": {
        "p": 0.9,
        "lo": 0.5958436145024277,
        "hi": 0.9821242504842789
      },
      "ms": 438080,
      "gps": 0.022826880934989045
    },
    {
      "games": 20,
      "liveWins": 18,
      "liveWinRate": 0.9,
      "ci95": {
        "p": 0.9,
        "lo": 0.6989617935882066,
        "hi": 0.9721341060158467
      },
      "ms": 576084,
      "gps": 0.034717159303157184
    },
    {
      "games": 30,
      "liveWins": 25,
      "liveWinRate": 0.8333333333333334,
      "ci95": {
        "p": 0.8333333333333334,
        "lo": 0.6643529481431982,
        "hi": 0.9266356575964831
      },
      "ms": 953412,
      "gps": 0.03146593497879196
    },
    {
      "games": 40,
      "liveWins": 34,
      "liveWinRate": 0.85,
      "ci95": {
        "p": 0.85,
        "lo": 0.7092737396097997,
        "hi": 0.9293890829149257
      },
      "ms": 1270024,
      "gps": 0.03149544300309049
    },
    {
      "games": 50,
      "liveWins": 40,
      "liveWinRate": 0.8,
      "ci95": {
        "p": 0.8,
        "lo": 0.6696262789551477,
        "hi": 0.8875637005402611
      },
      "ms": 1473276,
      "gps": 0.033937972246883816
    }
  ],
  "perGame": [
    {
      "g": 0,
      "seed": 20260711,
      "liveWin": true,
      "liveSeat": 1,
      "steps": 21,
      "ms": 32306
    },
    {
      "g": 1,
      "seed": 20270684,
      "liveWin": true,
      "liveSeat": 0,
      "steps": 15,
      "ms": 4383
    },
    {
      "g": 2,
      "seed": 20280657,
      "liveWin": true,
      "liveSeat": 1,
      "steps": 17,
      "ms": 37190
    },
    {
      "g": 3,
      "seed": 20290630,
      "liveWin": true,
      "liveSeat": 0,
      "steps": 17,
      "ms": 22142
    },
    {
      "g": 4,
      "seed": 20300603,
      "liveWin": true,
      "liveSeat": 1,
      "steps": 18,
      "ms": 78044
    },
    {
      "g": 5,
      "seed": 20310576,
      "liveWin": false,
      "liveSeat": 0,
      "steps": 16,
      "ms": 10286
    },
    {
      "g": 6,
      "seed": 20320549,
      "liveWin": true,
      "liveSeat": 1,
      "steps": 11,
      "ms": 127669
    },
    {
      "g": 7,
      "seed": 20330522,
      "liveWin": true,
      "liveSeat": 0,
      "steps": 21,
      "ms": 18552
    },
    {
      "g": 8,
      "seed": 20340495,
      "liveWin": true,
      "liveSeat": 1,
      "steps": 20,
      "ms": 52824
    },
    {
      "g": 9,
      "seed": 20350468,
      "liveWin": true,
      "liveSeat": 0,
      "steps": 19,
      "ms": 54680
    },
    {
      "g": 10,
      "seed": 20360441,
      "liveWin": true,
      "liveSeat": 1,
      "steps": 23,
      "ms": 33644
    },
    {
      "g": 11,
      "seed": 20370414,
      "liveWin": true,
      "liveSeat": 0,
      "steps": 16,
      "ms": 15136
    },
    {
      "g": 12,
      "seed": 20380387,
      "liveWin": false,
      "liveSeat": 1,
      "steps": 5,
      "ms": 4184
    },
    {
      "g": 13,
      "seed": 20390360,
      "liveWin": true,
      "liveSeat": 0,
      "steps": 17,
      "ms": 17640
    },
    {
      "g": 14,
      "seed": 20400333,
      "liveWin": true,
      "liveSeat": 1,
      "steps": 20,
      "ms": 19906
    },
    {
      "g": 15,
      "seed": 20410306,
      "liveWin": true,
      "liveSeat": 0,
      "steps": 22,
      "ms": 3629
    },
    {
      "g": 16,
      "seed": 20420279,
      "liveWin": true,
      "liveSeat": 1,
      "steps": 20,
      "ms": 22844
    },
    {
      "g": 17,
      "seed": 20430252,
      "liveWin": true,
      "liveSeat": 0,
      "steps": 7,
      "ms": 5395
    },
    {
      "g": 18,
      "seed": 20440225,
      "liveWin": true,
      "liveSeat": 1,
      "steps": 26,
      "ms": 13904
    },
    {
      "g": 19,
      "seed": 20450198,
      "liveWin": true,
      "liveSeat": 0,
      "steps": 12,
      "ms": 1722
    },
    {
      "g": 20,
      "seed": 20460171,
      "liveWin": true,
      "liveSeat": 1,
      "steps": 21,
      "ms": 17583
    },
    {
      "g": 21,
      "seed": 20470144,
      "liveWin": false,
      "liveSeat": 0,
      "steps": 17,
      "ms": 25070
    },
    {
      "g": 22,
      "seed": 20480117,
      "liveWin": true,
      "liveSeat": 1,
      "steps": 21,
      "ms": 24779
    },
    {
      "g": 23,
      "seed": 20490090,
      "liveWin": true,
      "liveSeat": 0,
      "steps": 22,
      "ms": 68393
    },
    {
      "g": 24,
      "seed": 20500063,
      "liveWin": true,
      "liveSeat": 1,
      "steps": 22,
      "ms": 40061
    },
    {
      "g": 25,
      "seed": 20510036,
      "liveWin": true,
      "liveSeat": 0,
      "steps": 22,
      "ms": 56987
    },
    {
      "g": 26,
      "seed": 20520009,
      "liveWin": true,
      "liveSeat": 1,
      "steps": 22,
      "ms": 55165
    },
    {
      "g": 27,
      "seed": 20529982,
      "liveWin": true,
      "liveSeat": 0,
      "steps": 16,
      "ms": 18910
    },
    {
      "g": 28,
      "seed": 20539955,
      "liveWin": false,
      "liveSeat": 1,
      "steps": 20,
      "ms": 33239
    },
    {
      "g": 29,
      "seed": 20549928,
      "liveWin": false,
      "liveSeat": 0,
      "steps": 16,
      "ms": 37140
    },
    {
      "g": 30,
      "seed": 20559901,
      "liveWin": true,
      "liveSeat": 1,
      "steps": 21,
      "ms": 68675
    },
    {
      "g": 31,
      "seed": 20569874,
      "liveWin": true,
      "liveSeat": 0,
      "steps": 11,
      "ms": 10712
    },
    {
      "g": 32,
      "seed": 20579847,
      "liveWin": true,
      "liveSeat": 1,
      "steps": 8,
      "ms": 63508
    },
    {
      "g": 33,
      "seed": 20589820,
      "liveWin": true,
      "liveSeat": 0,
      "steps": 19,
      "ms": 20636
    },
    {
      "g": 34,
      "seed": 20599793,
      "liveWin": true,
      "liveSeat": 1,
      "steps": 19,
      "ms": 43277
    },
    {
      "g": 35,
      "seed": 20609766,
      "liveWin": false,
      "liveSeat": 0,
      "steps": 15,
      "ms": 14954
    },
    {
      "g": 36,
      "seed": 20619739,
      "liveWin": true,
      "liveSeat": 1,
      "steps": 18,
      "ms": 10081
    },
    {
      "g": 37,
      "seed": 20629712,
      "liveWin": true,
      "liveSeat": 0,
      "steps": 20,
      "ms": 9546
    },
    {
      "g": 38,
      "seed": 20639685,
      "liveWin": true,
      "liveSeat": 1,
      "steps": 14,
      "ms": 62786
    },
    {
      "g": 39,
      "seed": 20649658,
      "liveWin": true,
      "liveSeat": 0,
      "steps": 15,
      "ms": 12434
    },
    {
      "g": 40,
      "seed": 20659631,
      "liveWin": false,
      "liveSeat": 1,
      "steps": 18,
      "ms": 17446
    },
    {
      "g": 41,
      "seed": 20669604,
      "liveWin": false,
      "liveSeat": 0,
      "steps": 16,
      "ms": 34735
    },
    {
      "g": 42,
      "seed": 20679577,
      "liveWin": true,
      "liveSeat": 1,
      "steps": 14,
      "ms": 6923
    },
    {
      "g": 43,
      "seed": 20689550,
      "liveWin": false,
      "liveSeat": 0,
      "steps": 22,
      "ms": 52106
    },
    {
      "g": 44,
      "seed": 20699523,
      "liveWin": true,
      "liveSeat": 1,
      "steps": 12,
      "ms": 1760
    },
    {
      "g": 45,
      "seed": 20709496,
      "liveWin": false,
      "liveSeat": 0,
      "steps": 18,
      "ms": 42618
    },
    {
      "g": 46,
      "seed": 20719469,
      "liveWin": true,
      "liveSeat": 1,
      "steps": 19,
      "ms": 7662
    },
    {
      "g": 47,
      "seed": 20729442,
      "liveWin": true,
      "liveSeat": 0,
      "steps": 11,
      "ms": 5300
    },
    {
      "g": 48,
      "seed": 20739415,
      "liveWin": true,
      "liveSeat": 1,
      "steps": 23,
      "ms": 23168
    },
    {
      "g": 49,
      "seed": 20749388,
      "liveWin": true,
      "liveSeat": 0,
      "steps": 24,
      "ms": 11528
    }
  ],
  "lossSeeds": [
    20310576,
    20380387,
    20470144,
    20539955,
    20549928,
    20609766,
    20659631,
    20669604,
    20689550,
    20709496
  ]
}
GATE PASSED
PRIMARY 40/50 0.8 true
=== RERUN 02:07Z ===
=== live vs freeze v94 games=50 target=0.7 ===
live build { id: 'v9.5',
  stamped: '2026-07-14T01:42:21Z',
  label: 'Grandmaster v9.5 (combat BR denser + multi-chain)' }
freeze build { id: 'v9.4',
  stamped: '2026-07-14T01:40:33Z',
  label: 'Grandmaster v9.4 (ladder freeze)' }
live opts { difficulty: 'grandmaster',
  timeMs: 280,
  iterations: 200,
  maxSims: 480,
  brTrials: 96,
  bestResponse: true,
  useSearch: true,
  perfectInfo: true,
  hiddenInfo: false,
  maxBranch: 24,
  dualSelf: false,
  exactExploit: true,
  mode: 'auto',
  combatRoot: false,
  flRoot: false,
  softSamples: 10,
  exploit: true }
freeze opts { difficulty: 'grandmaster',
  useSearch: true,
  perfectInfo: true,
  hiddenInfo: false,
  timeMs: 120,
  iterations: 80,
  maxSims: 160,
  bestResponse: false,
  maxBranch: 16,
  mode: 'auto',
  combatRoot: false,
  flRoot: false,
  dualSelf: false,
  exactExploit: true,
  softSamples: 0,
  exploit: false }
opponentFreeze policies/v94-ai.js + search
protocol { freezeDifficulty: 'grandmaster',
  liveDifficulty: 'grandmaster',
  brModel: 'freeze-grandmaster-low-budget-40ms-20it' }
{"g":0,"seed":20260712,"liveWin":true,"liveSeat":0,"steps":16,"ms":8909}
{"g":1,"seed":20270685,"liveWin":false,"liveSeat":1,"steps":13,"ms":6874}
{"g":2,"seed":20280658,"liveWin":true,"liveSeat":0,"steps":17,"ms":27262}
{"g":3,"seed":20290631,"liveWin":true,"liveSeat":1,"steps":18,"ms":16818}
{"g":4,"seed":20300604,"liveWin":true,"liveSeat":0,"steps":16,"ms":17251}
{"g":5,"seed":20310577,"liveWin":false,"liveSeat":1,"steps":18,"ms":26996}
{"g":6,"seed":20320550,"liveWin":true,"liveSeat":0,"steps":18,"ms":58486}
